2024-04-22 13:03:27 INFO     Saving logs in: ./logs\CHI\04_22\TransE_13_03_27
2024-04-22 13:03:28 INFO     	 (140602, 26, 140602)
2024-04-22 13:03:28 INFO     Total number of parameters 4781300
2024-04-22 13:03:28 INFO     	 Start training
2024-04-22 13:03:37 INFO     	 Epoch 0 | average train loss: 0.2263
2024-04-22 13:03:38 INFO     	 Epoch 0 | average valid loss: 0.0907
2024-04-22 13:03:46 INFO     	 Epoch 1 | average train loss: 0.0851
2024-04-22 13:03:46 INFO     	 Epoch 1 | average valid loss: 0.0652
2024-04-22 13:03:54 INFO     	 Epoch 2 | average train loss: 0.0747
2024-04-22 13:03:55 INFO     	 Epoch 2 | average valid loss: 0.0518
2024-04-22 13:04:31 INFO     	 valid MR: 47753.17 | MRR: 0.170 | H@1: 0.119 | H@3: 0.193 | H@10: 0.279
2024-04-22 13:04:32 INFO     	 Saving model at epoch 2 in ./logs\CHI\04_22\TransE_13_03_27
2024-04-22 13:04:40 INFO     	 Epoch 3 | average train loss: 0.0677
2024-04-22 13:04:40 INFO     	 Epoch 3 | average valid loss: 0.0434
2024-04-22 13:04:49 INFO     	 Epoch 4 | average train loss: 0.0628
2024-04-22 13:04:49 INFO     	 Epoch 4 | average valid loss: 0.0392
2024-04-22 13:04:58 INFO     	 Epoch 5 | average train loss: 0.0594
2024-04-22 13:04:58 INFO     	 Epoch 5 | average valid loss: 0.0374
2024-04-22 13:05:37 INFO     	 valid MR: 26858.76 | MRR: 0.169 | H@1: 0.109 | H@3: 0.195 | H@10: 0.294
2024-04-22 13:05:46 INFO     	 Epoch 6 | average train loss: 0.0570
2024-04-22 13:05:46 INFO     	 Epoch 6 | average valid loss: 0.0365
2024-04-22 13:05:54 INFO     	 Epoch 7 | average train loss: 0.0555
2024-04-22 13:05:54 INFO     	 Epoch 7 | average valid loss: 0.0360
2024-04-22 13:06:03 INFO     	 Epoch 8 | average train loss: 0.0546
2024-04-22 13:06:03 INFO     	 Epoch 8 | average valid loss: 0.0358
2024-04-22 13:06:42 INFO     	 valid MR: 24027.92 | MRR: 0.203 | H@1: 0.147 | H@3: 0.230 | H@10: 0.314
2024-04-22 13:06:42 INFO     	 Saving model at epoch 8 in ./logs\CHI\04_22\TransE_13_03_27
2024-04-22 13:06:50 INFO     	 Epoch 9 | average train loss: 0.0538
2024-04-22 13:06:50 INFO     	 Epoch 9 | average valid loss: 0.0359
2024-04-22 13:06:59 INFO     	 Epoch 10 | average train loss: 0.0530
2024-04-22 13:06:59 INFO     	 Epoch 10 | average valid loss: 0.0360
2024-04-22 13:07:07 INFO     	 Epoch 11 | average train loss: 0.0521
2024-04-22 13:07:08 INFO     	 Epoch 11 | average valid loss: 0.0362
2024-04-22 13:07:48 INFO     	 valid MR: 19995.75 | MRR: 0.230 | H@1: 0.182 | H@3: 0.251 | H@10: 0.336
2024-04-22 13:07:48 INFO     	 Saving model at epoch 11 in ./logs\CHI\04_22\TransE_13_03_27
2024-04-22 13:07:56 INFO     	 Epoch 12 | average train loss: 0.0508
2024-04-22 13:07:56 INFO     	 Epoch 12 | average valid loss: 0.0364
2024-04-22 13:08:05 INFO     	 Epoch 13 | average train loss: 0.0492
2024-04-22 13:08:05 INFO     	 Epoch 13 | average valid loss: 0.0366
2024-04-22 13:08:13 INFO     	 Epoch 14 | average train loss: 0.0475
2024-04-22 13:08:13 INFO     	 Epoch 14 | average valid loss: 0.0368
2024-04-22 13:08:56 INFO     	 valid MR: 8535.74 | MRR: 0.263 | H@1: 0.216 | H@3: 0.285 | H@10: 0.364
2024-04-22 13:08:56 INFO     	 Saving model at epoch 14 in ./logs\CHI\04_22\TransE_13_03_27
2024-04-22 13:09:04 INFO     	 Epoch 15 | average train loss: 0.0457
2024-04-22 13:09:04 INFO     	 Epoch 15 | average valid loss: 0.0371
2024-04-22 13:09:14 INFO     	 Epoch 16 | average train loss: 0.0441
2024-04-22 13:09:14 INFO     	 Epoch 16 | average valid loss: 0.0374
2024-04-22 13:09:23 INFO     	 Epoch 17 | average train loss: 0.0426
2024-04-22 13:09:23 INFO     	 Epoch 17 | average valid loss: 0.0379
2024-04-22 13:10:09 INFO     	 valid MR: 5583.13 | MRR: 0.314 | H@1: 0.267 | H@3: 0.340 | H@10: 0.411
2024-04-22 13:10:09 INFO     	 Saving model at epoch 17 in ./logs\CHI\04_22\TransE_13_03_27
2024-04-22 13:10:19 INFO     	 Epoch 18 | average train loss: 0.0414
2024-04-22 13:10:19 INFO     	 Epoch 18 | average valid loss: 0.0386
2024-04-22 13:10:27 INFO     	 Epoch 19 | average train loss: 0.0404
2024-04-22 13:10:27 INFO     	 Epoch 19 | average valid loss: 0.0392
2024-04-22 13:10:36 INFO     	 Epoch 20 | average train loss: 0.0395
2024-04-22 13:10:36 INFO     	 Epoch 20 | average valid loss: 0.0400
2024-04-22 13:11:21 INFO     	 valid MR: 4190.31 | MRR: 0.351 | H@1: 0.304 | H@3: 0.378 | H@10: 0.442
2024-04-22 13:11:21 INFO     	 Saving model at epoch 20 in ./logs\CHI\04_22\TransE_13_03_27
2024-04-22 13:11:30 INFO     	 Epoch 21 | average train loss: 0.0388
2024-04-22 13:11:30 INFO     	 Epoch 21 | average valid loss: 0.0407
2024-04-22 13:11:38 INFO     	 Epoch 22 | average train loss: 0.0381
2024-04-22 13:11:38 INFO     	 Epoch 22 | average valid loss: 0.0414
2024-04-22 13:11:47 INFO     	 Epoch 23 | average train loss: 0.0376
2024-04-22 13:11:47 INFO     	 Epoch 23 | average valid loss: 0.0419
2024-04-22 13:12:33 INFO     	 valid MR: 3391.51 | MRR: 0.381 | H@1: 0.334 | H@3: 0.407 | H@10: 0.466
2024-04-22 13:12:33 INFO     	 Saving model at epoch 23 in ./logs\CHI\04_22\TransE_13_03_27
2024-04-22 13:12:42 INFO     	 Epoch 24 | average train loss: 0.0372
2024-04-22 13:12:42 INFO     	 Epoch 24 | average valid loss: 0.0425
2024-04-22 13:12:50 INFO     	 Epoch 25 | average train loss: 0.0369
2024-04-22 13:12:50 INFO     	 Epoch 25 | average valid loss: 0.0429
2024-04-22 13:12:59 INFO     	 Epoch 26 | average train loss: 0.0366
2024-04-22 13:12:59 INFO     	 Epoch 26 | average valid loss: 0.0432
2024-04-22 13:13:45 INFO     	 valid MR: 3037.36 | MRR: 0.415 | H@1: 0.368 | H@3: 0.441 | H@10: 0.500
2024-04-22 13:13:45 INFO     	 Saving model at epoch 26 in ./logs\CHI\04_22\TransE_13_03_27
2024-04-22 13:13:55 INFO     	 Epoch 27 | average train loss: 0.0364
2024-04-22 13:13:55 INFO     	 Epoch 27 | average valid loss: 0.0435
2024-04-22 13:14:04 INFO     	 Epoch 28 | average train loss: 0.0362
2024-04-22 13:14:04 INFO     	 Epoch 28 | average valid loss: 0.0437
2024-04-22 13:14:12 INFO     	 Epoch 29 | average train loss: 0.0361
2024-04-22 13:14:12 INFO     	 Epoch 29 | average valid loss: 0.0439
2024-04-22 13:15:03 INFO     	 valid MR: 2844.82 | MRR: 0.445 | H@1: 0.399 | H@3: 0.469 | H@10: 0.525
2024-04-22 13:15:03 INFO     	 Saving model at epoch 29 in ./logs\CHI\04_22\TransE_13_03_27
2024-04-22 13:15:12 INFO     	 Epoch 30 | average train loss: 0.0359
2024-04-22 13:15:12 INFO     	 Epoch 30 | average valid loss: 0.0440
2024-04-22 13:15:20 INFO     	 Epoch 31 | average train loss: 0.0358
2024-04-22 13:15:20 INFO     	 Epoch 31 | average valid loss: 0.0440
2024-04-22 13:15:28 INFO     	 Epoch 32 | average train loss: 0.0357
2024-04-22 13:15:28 INFO     	 Epoch 32 | average valid loss: 0.0442
2024-04-22 13:16:16 INFO     	 valid MR: 2709.99 | MRR: 0.459 | H@1: 0.412 | H@3: 0.484 | H@10: 0.541
2024-04-22 13:16:16 INFO     	 Saving model at epoch 32 in ./logs\CHI\04_22\TransE_13_03_27
2024-04-22 13:16:25 INFO     	 Epoch 33 | average train loss: 0.0357
2024-04-22 13:16:25 INFO     	 Epoch 33 | average valid loss: 0.0442
2024-04-22 13:16:34 INFO     	 Epoch 34 | average train loss: 0.0356
2024-04-22 13:16:34 INFO     	 Epoch 34 | average valid loss: 0.0442
2024-04-22 13:16:42 INFO     	 Epoch 35 | average train loss: 0.0355
2024-04-22 13:16:42 INFO     	 Epoch 35 | average valid loss: 0.0443
2024-04-22 13:17:36 INFO     	 valid MR: 2614.82 | MRR: 0.473 | H@1: 0.429 | H@3: 0.494 | H@10: 0.551
2024-04-22 13:17:36 INFO     	 Saving model at epoch 35 in ./logs\CHI\04_22\TransE_13_03_27
2024-04-22 13:17:45 INFO     	 Epoch 36 | average train loss: 0.0355
2024-04-22 13:17:45 INFO     	 Epoch 36 | average valid loss: 0.0442
2024-04-22 13:17:54 INFO     	 Epoch 37 | average train loss: 0.0354
2024-04-22 13:17:54 INFO     	 Epoch 37 | average valid loss: 0.0443
2024-04-22 13:18:02 INFO     	 Epoch 38 | average train loss: 0.0354
2024-04-22 13:18:02 INFO     	 Epoch 38 | average valid loss: 0.0443
2024-04-22 13:18:56 INFO     	 valid MR: 2555.37 | MRR: 0.479 | H@1: 0.437 | H@3: 0.499 | H@10: 0.556
2024-04-22 13:18:56 INFO     	 Saving model at epoch 38 in ./logs\CHI\04_22\TransE_13_03_27
2024-04-22 13:19:05 INFO     	 Epoch 39 | average train loss: 0.0354
2024-04-22 13:19:05 INFO     	 Epoch 39 | average valid loss: 0.0443
2024-04-22 13:19:13 INFO     	 Epoch 40 | average train loss: 0.0353
2024-04-22 13:19:13 INFO     	 Epoch 40 | average valid loss: 0.0442
2024-04-22 13:19:22 INFO     	 Epoch 41 | average train loss: 0.0353
2024-04-22 13:19:22 INFO     	 Epoch 41 | average valid loss: 0.0442
2024-04-22 13:20:14 INFO     	 valid MR: 2506.41 | MRR: 0.483 | H@1: 0.442 | H@3: 0.503 | H@10: 0.559
2024-04-22 13:20:14 INFO     	 Saving model at epoch 41 in ./logs\CHI\04_22\TransE_13_03_27
2024-04-22 13:20:23 INFO     	 Epoch 42 | average train loss: 0.0353
2024-04-22 13:20:23 INFO     	 Epoch 42 | average valid loss: 0.0442
2024-04-22 13:20:32 INFO     	 Epoch 43 | average train loss: 0.0353
2024-04-22 13:20:32 INFO     	 Epoch 43 | average valid loss: 0.0442
2024-04-22 13:20:40 INFO     	 Epoch 44 | average train loss: 0.0352
2024-04-22 13:20:40 INFO     	 Epoch 44 | average valid loss: 0.0442
2024-04-22 13:21:36 INFO     	 valid MR: 2453.45 | MRR: 0.484 | H@1: 0.441 | H@3: 0.506 | H@10: 0.560
2024-04-22 13:21:36 INFO     	 Saving model at epoch 44 in ./logs\CHI\04_22\TransE_13_03_27
2024-04-22 13:21:45 INFO     	 Epoch 45 | average train loss: 0.0352
2024-04-22 13:21:45 INFO     	 Epoch 45 | average valid loss: 0.0442
2024-04-22 13:21:53 INFO     	 Epoch 46 | average train loss: 0.0352
2024-04-22 13:21:53 INFO     	 Epoch 46 | average valid loss: 0.0441
2024-04-22 13:22:02 INFO     	 Epoch 47 | average train loss: 0.0352
2024-04-22 13:22:02 INFO     	 Epoch 47 | average valid loss: 0.0441
2024-04-22 13:22:59 INFO     	 valid MR: 2431.77 | MRR: 0.486 | H@1: 0.444 | H@3: 0.508 | H@10: 0.562
2024-04-22 13:22:59 INFO     	 Saving model at epoch 47 in ./logs\CHI\04_22\TransE_13_03_27
2024-04-22 13:23:07 INFO     	 Epoch 48 | average train loss: 0.0352
2024-04-22 13:23:07 INFO     	 Epoch 48 | average valid loss: 0.0441
2024-04-22 13:23:16 INFO     	 Epoch 49 | average train loss: 0.0351
2024-04-22 13:23:16 INFO     	 Epoch 49 | average valid loss: 0.0441
2024-04-22 13:23:24 INFO     	 Epoch 50 | average train loss: 0.0351
2024-04-22 13:23:24 INFO     	 Epoch 50 | average valid loss: 0.0441
2024-04-22 13:24:24 INFO     	 valid MR: 2402.45 | MRR: 0.485 | H@1: 0.443 | H@3: 0.507 | H@10: 0.562
2024-04-22 13:24:32 INFO     	 Epoch 51 | average train loss: 0.0351
2024-04-22 13:24:32 INFO     	 Epoch 51 | average valid loss: 0.0441
2024-04-22 13:24:40 INFO     	 Epoch 52 | average train loss: 0.0351
2024-04-22 13:24:41 INFO     	 Epoch 52 | average valid loss: 0.0441
2024-04-22 13:24:49 INFO     	 Epoch 53 | average train loss: 0.0351
2024-04-22 13:24:49 INFO     	 Epoch 53 | average valid loss: 0.0441
2024-04-22 13:25:48 INFO     	 valid MR: 2383.05 | MRR: 0.490 | H@1: 0.450 | H@3: 0.510 | H@10: 0.563
2024-04-22 13:25:48 INFO     	 Saving model at epoch 53 in ./logs\CHI\04_22\TransE_13_03_27
2024-04-22 13:25:57 INFO     	 Epoch 54 | average train loss: 0.0351
2024-04-22 13:25:57 INFO     	 Epoch 54 | average valid loss: 0.0440
2024-04-22 13:26:05 INFO     	 Epoch 55 | average train loss: 0.0351
2024-04-22 13:26:05 INFO     	 Epoch 55 | average valid loss: 0.0441
2024-04-22 13:26:14 INFO     	 Epoch 56 | average train loss: 0.0350
2024-04-22 13:26:14 INFO     	 Epoch 56 | average valid loss: 0.0440
2024-04-22 13:27:14 INFO     	 valid MR: 2368.70 | MRR: 0.489 | H@1: 0.449 | H@3: 0.508 | H@10: 0.562
2024-04-22 13:27:23 INFO     	 Epoch 57 | average train loss: 0.0351
2024-04-22 13:27:23 INFO     	 Epoch 57 | average valid loss: 0.0440
2024-04-22 13:27:31 INFO     	 Epoch 58 | average train loss: 0.0350
2024-04-22 13:27:32 INFO     	 Epoch 58 | average valid loss: 0.0440
2024-04-22 13:27:40 INFO     	 Epoch 59 | average train loss: 0.0350
2024-04-22 13:27:40 INFO     	 Epoch 59 | average valid loss: 0.0440
2024-04-22 13:28:42 INFO     	 valid MR: 2350.69 | MRR: 0.485 | H@1: 0.444 | H@3: 0.505 | H@10: 0.561
2024-04-22 13:28:51 INFO     	 Epoch 60 | average train loss: 0.0350
2024-04-22 13:28:51 INFO     	 Epoch 60 | average valid loss: 0.0439
2024-04-22 13:28:59 INFO     	 Epoch 61 | average train loss: 0.0350
2024-04-22 13:28:59 INFO     	 Epoch 61 | average valid loss: 0.0439
2024-04-22 13:29:08 INFO     	 Epoch 62 | average train loss: 0.0350
2024-04-22 13:29:08 INFO     	 Epoch 62 | average valid loss: 0.0439
2024-04-22 13:30:13 INFO     	 valid MR: 2346.82 | MRR: 0.490 | H@1: 0.451 | H@3: 0.510 | H@10: 0.561
2024-04-22 13:30:21 INFO     	 Epoch 63 | average train loss: 0.0350
2024-04-22 13:30:22 INFO     	 Epoch 63 | average valid loss: 0.0439
2024-04-22 13:30:30 INFO     	 Epoch 64 | average train loss: 0.0350
2024-04-22 13:30:30 INFO     	 Epoch 64 | average valid loss: 0.0439
2024-04-22 13:30:38 INFO     	 Epoch 65 | average train loss: 0.0350
2024-04-22 13:30:39 INFO     	 Epoch 65 | average valid loss: 0.0439
2024-04-22 13:31:44 INFO     	 valid MR: 2336.52 | MRR: 0.490 | H@1: 0.450 | H@3: 0.509 | H@10: 0.561
2024-04-22 13:31:53 INFO     	 Epoch 66 | average train loss: 0.0350
2024-04-22 13:31:53 INFO     	 Epoch 66 | average valid loss: 0.0439
2024-04-22 13:32:02 INFO     	 Epoch 67 | average train loss: 0.0350
2024-04-22 13:32:02 INFO     	 Epoch 67 | average valid loss: 0.0439
2024-04-22 13:32:10 INFO     	 Epoch 68 | average train loss: 0.0350
2024-04-22 13:32:10 INFO     	 Epoch 68 | average valid loss: 0.0439
2024-04-22 13:33:18 INFO     	 valid MR: 2333.86 | MRR: 0.488 | H@1: 0.448 | H@3: 0.509 | H@10: 0.560
2024-04-22 13:33:26 INFO     	 Epoch 69 | average train loss: 0.0350
2024-04-22 13:33:26 INFO     	 Epoch 69 | average valid loss: 0.0439
2024-04-22 13:33:35 INFO     	 Epoch 70 | average train loss: 0.0350
2024-04-22 13:33:35 INFO     	 Epoch 70 | average valid loss: 0.0439
2024-04-22 13:33:43 INFO     	 Epoch 71 | average train loss: 0.0350
2024-04-22 13:33:44 INFO     	 Epoch 71 | average valid loss: 0.0439
2024-04-22 13:34:54 INFO     	 valid MR: 2324.02 | MRR: 0.487 | H@1: 0.446 | H@3: 0.506 | H@10: 0.560
2024-04-22 13:35:02 INFO     	 Epoch 72 | average train loss: 0.0350
2024-04-22 13:35:03 INFO     	 Epoch 72 | average valid loss: 0.0439
2024-04-22 13:35:11 INFO     	 Epoch 73 | average train loss: 0.0350
2024-04-22 13:35:11 INFO     	 Epoch 73 | average valid loss: 0.0439
2024-04-22 13:35:20 INFO     	 Epoch 74 | average train loss: 0.0349
2024-04-22 13:35:20 INFO     	 Epoch 74 | average valid loss: 0.0438
2024-04-22 13:36:31 INFO     	 valid MR: 2335.47 | MRR: 0.486 | H@1: 0.446 | H@3: 0.506 | H@10: 0.557
2024-04-22 13:36:40 INFO     	 Epoch 75 | average train loss: 0.0349
2024-04-22 13:36:40 INFO     	 Epoch 75 | average valid loss: 0.0438
2024-04-22 13:36:48 INFO     	 Epoch 76 | average train loss: 0.0349
2024-04-22 13:36:48 INFO     	 Epoch 76 | average valid loss: 0.0438
2024-04-22 13:36:57 INFO     	 Epoch 77 | average train loss: 0.0349
2024-04-22 13:36:57 INFO     	 Epoch 77 | average valid loss: 0.0438
2024-04-22 13:38:09 INFO     	 valid MR: 2309.33 | MRR: 0.486 | H@1: 0.445 | H@3: 0.506 | H@10: 0.559
2024-04-22 13:38:18 INFO     	 Epoch 78 | average train loss: 0.0349
2024-04-22 13:38:18 INFO     	 Epoch 78 | average valid loss: 0.0438
2024-04-22 13:38:27 INFO     	 Epoch 79 | average train loss: 0.0349
2024-04-22 13:38:27 INFO     	 Epoch 79 | average valid loss: 0.0438
2024-04-22 13:38:35 INFO     	 Epoch 80 | average train loss: 0.0349
2024-04-22 13:38:35 INFO     	 Epoch 80 | average valid loss: 0.0438
2024-04-22 13:39:49 INFO     	 valid MR: 2320.45 | MRR: 0.489 | H@1: 0.450 | H@3: 0.507 | H@10: 0.560
2024-04-22 13:39:58 INFO     	 Epoch 81 | average train loss: 0.0349
2024-04-22 13:39:58 INFO     	 Epoch 81 | average valid loss: 0.0438
2024-04-22 13:40:07 INFO     	 Epoch 82 | average train loss: 0.0349
2024-04-22 13:40:07 INFO     	 Epoch 82 | average valid loss: 0.0438
2024-04-22 13:40:15 INFO     	 Epoch 83 | average train loss: 0.0349
2024-04-22 13:40:15 INFO     	 Epoch 83 | average valid loss: 0.0438
2024-04-22 13:41:32 INFO     	 valid MR: 2312.84 | MRR: 0.488 | H@1: 0.449 | H@3: 0.508 | H@10: 0.559
2024-04-22 13:41:32 INFO     	 Early stopping
2024-04-22 13:41:32 INFO     	 Optimization finished
2024-04-22 13:41:32 INFO     	 Loading best model saved at epoch 53
2024-04-22 13:42:52 INFO     	 valid MR: 2383.05 | MRR: 0.490 | H@1: 0.450 | H@3: 0.510 | H@10: 0.563
2024-04-22 13:44:11 INFO     	 test MR: 2408.64 | MRR: 0.484 | H@1: 0.444 | H@3: 0.504 | H@10: 0.556
