2024-04-30 09:10:12 INFO     Saving logs in: ./logs/CHI/04_30/GIE_09_10_12
2024-04-30 09:10:14 INFO     	 (140602, 26, 140602)
2024-04-30 09:10:16 INFO     Total number of parameters 4786370
2024-04-30 09:10:16 INFO     	 Start training
2024-04-30 09:11:31 INFO     	 Epoch 0 | average train loss: 0.2090
2024-04-30 09:11:31 INFO     	 Epoch 0 | average valid loss: 0.0715
2024-04-30 09:12:47 INFO     	 Epoch 1 | average train loss: 0.0774
2024-04-30 09:12:47 INFO     	 Epoch 1 | average valid loss: 0.0550
2024-04-30 09:14:03 INFO     	 Epoch 2 | average train loss: 0.0681
2024-04-30 09:14:03 INFO     	 Epoch 2 | average valid loss: 0.0453
2024-04-30 09:14:49 INFO     	 valid MR: 31281.12 | MRR: 0.133 | H@1: 0.072 | H@3: 0.152 | H@10: 0.274
2024-04-30 09:14:49 INFO     	 Saving model at epoch 2 in ./logs/CHI/04_30/GIE_09_10_12
2024-04-30 09:16:04 INFO     	 Epoch 3 | average train loss: 0.0615
2024-04-30 09:16:05 INFO     	 Epoch 3 | average valid loss: 0.0405
2024-04-30 09:17:20 INFO     	 Epoch 4 | average train loss: 0.0576
2024-04-30 09:17:21 INFO     	 Epoch 4 | average valid loss: 0.0382
2024-04-30 09:18:36 INFO     	 Epoch 5 | average train loss: 0.0557
2024-04-30 09:18:37 INFO     	 Epoch 5 | average valid loss: 0.0371
2024-04-30 09:19:24 INFO     	 valid MR: 24411.86 | MRR: 0.129 | H@1: 0.063 | H@3: 0.160 | H@10: 0.271
2024-04-30 09:20:39 INFO     	 Epoch 6 | average train loss: 0.0545
2024-04-30 09:20:40 INFO     	 Epoch 6 | average valid loss: 0.0364
2024-04-30 09:21:55 INFO     	 Epoch 7 | average train loss: 0.0530
2024-04-30 09:21:56 INFO     	 Epoch 7 | average valid loss: 0.0358
2024-04-30 09:23:11 INFO     	 Epoch 8 | average train loss: 0.0506
2024-04-30 09:23:12 INFO     	 Epoch 8 | average valid loss: 0.0343
2024-04-30 09:24:02 INFO     	 valid MR: 20650.64 | MRR: 0.147 | H@1: 0.082 | H@3: 0.181 | H@10: 0.273
2024-04-30 09:24:02 INFO     	 Saving model at epoch 8 in ./logs/CHI/04_30/GIE_09_10_12
2024-04-30 09:25:17 INFO     	 Epoch 9 | average train loss: 0.0475
2024-04-30 09:25:18 INFO     	 Epoch 9 | average valid loss: 0.0326
2024-04-30 09:26:33 INFO     	 Epoch 10 | average train loss: 0.0453
2024-04-30 09:26:33 INFO     	 Epoch 10 | average valid loss: 0.0319
2024-04-30 09:27:49 INFO     	 Epoch 11 | average train loss: 0.0438
2024-04-30 09:27:50 INFO     	 Epoch 11 | average valid loss: 0.0314
2024-04-30 09:28:39 INFO     	 valid MR: 17370.18 | MRR: 0.167 | H@1: 0.100 | H@3: 0.205 | H@10: 0.294
2024-04-30 09:28:39 INFO     	 Saving model at epoch 11 in ./logs/CHI/04_30/GIE_09_10_12
2024-04-30 09:29:55 INFO     	 Epoch 12 | average train loss: 0.0426
2024-04-30 09:29:56 INFO     	 Epoch 12 | average valid loss: 0.0312
2024-04-30 09:31:11 INFO     	 Epoch 13 | average train loss: 0.0416
2024-04-30 09:31:11 INFO     	 Epoch 13 | average valid loss: 0.0309
2024-04-30 09:32:27 INFO     	 Epoch 14 | average train loss: 0.0405
2024-04-30 09:32:28 INFO     	 Epoch 14 | average valid loss: 0.0308
2024-04-30 09:33:20 INFO     	 valid MR: 13497.12 | MRR: 0.202 | H@1: 0.125 | H@3: 0.253 | H@10: 0.342
2024-04-30 09:33:20 INFO     	 Saving model at epoch 14 in ./logs/CHI/04_30/GIE_09_10_12
2024-04-30 09:34:35 INFO     	 Epoch 15 | average train loss: 0.0394
2024-04-30 09:34:36 INFO     	 Epoch 15 | average valid loss: 0.0307
2024-04-30 09:35:51 INFO     	 Epoch 16 | average train loss: 0.0379
2024-04-30 09:35:51 INFO     	 Epoch 16 | average valid loss: 0.0300
2024-04-30 09:37:06 INFO     	 Epoch 17 | average train loss: 0.0364
2024-04-30 09:37:07 INFO     	 Epoch 17 | average valid loss: 0.0290
2024-04-30 09:37:59 INFO     	 valid MR: 5813.82 | MRR: 0.288 | H@1: 0.220 | H@3: 0.332 | H@10: 0.416
2024-04-30 09:37:59 INFO     	 Saving model at epoch 17 in ./logs/CHI/04_30/GIE_09_10_12
2024-04-30 09:39:15 INFO     	 Epoch 18 | average train loss: 0.0350
2024-04-30 09:39:16 INFO     	 Epoch 18 | average valid loss: 0.0281
2024-04-30 09:40:31 INFO     	 Epoch 19 | average train loss: 0.0340
2024-04-30 09:40:32 INFO     	 Epoch 19 | average valid loss: 0.0272
2024-04-30 09:41:47 INFO     	 Epoch 20 | average train loss: 0.0331
2024-04-30 09:41:48 INFO     	 Epoch 20 | average valid loss: 0.0264
2024-04-30 09:42:51 INFO     	 valid MR: 3614.61 | MRR: 0.345 | H@1: 0.280 | H@3: 0.383 | H@10: 0.473
2024-04-30 09:42:51 INFO     	 Saving model at epoch 20 in ./logs/CHI/04_30/GIE_09_10_12
2024-04-30 09:44:06 INFO     	 Epoch 21 | average train loss: 0.0323
2024-04-30 09:44:07 INFO     	 Epoch 21 | average valid loss: 0.0257
2024-04-30 09:45:22 INFO     	 Epoch 22 | average train loss: 0.0317
2024-04-30 09:45:23 INFO     	 Epoch 22 | average valid loss: 0.0250
2024-04-30 09:46:38 INFO     	 Epoch 23 | average train loss: 0.0311
2024-04-30 09:46:39 INFO     	 Epoch 23 | average valid loss: 0.0244
2024-04-30 09:47:35 INFO     	 valid MR: 2721.80 | MRR: 0.408 | H@1: 0.338 | H@3: 0.444 | H@10: 0.543
2024-04-30 09:47:35 INFO     	 Saving model at epoch 23 in ./logs/CHI/04_30/GIE_09_10_12
2024-04-30 09:48:50 INFO     	 Epoch 24 | average train loss: 0.0306
2024-04-30 09:48:51 INFO     	 Epoch 24 | average valid loss: 0.0238
2024-04-30 09:50:06 INFO     	 Epoch 25 | average train loss: 0.0302
2024-04-30 09:50:07 INFO     	 Epoch 25 | average valid loss: 0.0232
2024-04-30 09:51:22 INFO     	 Epoch 26 | average train loss: 0.0299
2024-04-30 09:51:23 INFO     	 Epoch 26 | average valid loss: 0.0227
2024-04-30 09:52:25 INFO     	 valid MR: 2257.28 | MRR: 0.458 | H@1: 0.390 | H@3: 0.494 | H@10: 0.590
2024-04-30 09:52:25 INFO     	 Saving model at epoch 26 in ./logs/CHI/04_30/GIE_09_10_12
2024-04-30 09:53:40 INFO     	 Epoch 27 | average train loss: 0.0295
2024-04-30 09:53:41 INFO     	 Epoch 27 | average valid loss: 0.0223
2024-04-30 09:54:56 INFO     	 Epoch 28 | average train loss: 0.0293
2024-04-30 09:54:56 INFO     	 Epoch 28 | average valid loss: 0.0218
2024-04-30 09:56:12 INFO     	 Epoch 29 | average train loss: 0.0290
2024-04-30 09:56:13 INFO     	 Epoch 29 | average valid loss: 0.0213
2024-04-30 09:57:18 INFO     	 valid MR: 2046.18 | MRR: 0.495 | H@1: 0.430 | H@3: 0.530 | H@10: 0.625
2024-04-30 09:57:18 INFO     	 Saving model at epoch 29 in ./logs/CHI/04_30/GIE_09_10_12
2024-04-30 09:58:33 INFO     	 Epoch 30 | average train loss: 0.0288
2024-04-30 09:58:34 INFO     	 Epoch 30 | average valid loss: 0.0209
2024-04-30 09:59:49 INFO     	 Epoch 31 | average train loss: 0.0286
2024-04-30 09:59:50 INFO     	 Epoch 31 | average valid loss: 0.0206
2024-04-30 10:01:05 INFO     	 Epoch 32 | average train loss: 0.0284
2024-04-30 10:01:06 INFO     	 Epoch 32 | average valid loss: 0.0203
2024-04-30 10:02:07 INFO     	 valid MR: 1903.73 | MRR: 0.527 | H@1: 0.464 | H@3: 0.560 | H@10: 0.652
2024-04-30 10:02:07 INFO     	 Saving model at epoch 32 in ./logs/CHI/04_30/GIE_09_10_12
2024-04-30 10:03:22 INFO     	 Epoch 33 | average train loss: 0.0283
2024-04-30 10:03:23 INFO     	 Epoch 33 | average valid loss: 0.0199
2024-04-30 10:04:39 INFO     	 Epoch 34 | average train loss: 0.0282
2024-04-30 10:04:39 INFO     	 Epoch 34 | average valid loss: 0.0196
2024-04-30 10:05:55 INFO     	 Epoch 35 | average train loss: 0.0280
2024-04-30 10:05:55 INFO     	 Epoch 35 | average valid loss: 0.0194
2024-04-30 10:06:57 INFO     	 valid MR: 1819.04 | MRR: 0.541 | H@1: 0.482 | H@3: 0.571 | H@10: 0.662
2024-04-30 10:06:57 INFO     	 Saving model at epoch 35 in ./logs/CHI/04_30/GIE_09_10_12
2024-04-30 10:08:13 INFO     	 Epoch 36 | average train loss: 0.0279
2024-04-30 10:08:14 INFO     	 Epoch 36 | average valid loss: 0.0192
2024-04-30 10:09:29 INFO     	 Epoch 37 | average train loss: 0.0279
2024-04-30 10:09:29 INFO     	 Epoch 37 | average valid loss: 0.0190
2024-04-30 10:10:45 INFO     	 Epoch 38 | average train loss: 0.0278
2024-04-30 10:10:45 INFO     	 Epoch 38 | average valid loss: 0.0188
2024-04-30 10:11:48 INFO     	 valid MR: 1758.41 | MRR: 0.548 | H@1: 0.490 | H@3: 0.577 | H@10: 0.663
2024-04-30 10:11:48 INFO     	 Saving model at epoch 38 in ./logs/CHI/04_30/GIE_09_10_12
2024-04-30 10:13:03 INFO     	 Epoch 39 | average train loss: 0.0277
2024-04-30 10:13:04 INFO     	 Epoch 39 | average valid loss: 0.0186
2024-04-30 10:14:19 INFO     	 Epoch 40 | average train loss: 0.0277
2024-04-30 10:14:20 INFO     	 Epoch 40 | average valid loss: 0.0185
2024-04-30 10:15:35 INFO     	 Epoch 41 | average train loss: 0.0276
2024-04-30 10:15:36 INFO     	 Epoch 41 | average valid loss: 0.0183
2024-04-30 10:16:43 INFO     	 valid MR: 1702.11 | MRR: 0.550 | H@1: 0.490 | H@3: 0.580 | H@10: 0.669
2024-04-30 10:16:43 INFO     	 Saving model at epoch 41 in ./logs/CHI/04_30/GIE_09_10_12
2024-04-30 10:17:58 INFO     	 Epoch 42 | average train loss: 0.0276
2024-04-30 10:17:59 INFO     	 Epoch 42 | average valid loss: 0.0182
2024-04-30 10:19:13 INFO     	 Epoch 43 | average train loss: 0.0275
2024-04-30 10:19:14 INFO     	 Epoch 43 | average valid loss: 0.0181
2024-04-30 10:20:30 INFO     	 Epoch 44 | average train loss: 0.0275
2024-04-30 10:20:30 INFO     	 Epoch 44 | average valid loss: 0.0181
2024-04-30 10:21:39 INFO     	 valid MR: 1685.27 | MRR: 0.553 | H@1: 0.496 | H@3: 0.580 | H@10: 0.670
2024-04-30 10:21:39 INFO     	 Saving model at epoch 44 in ./logs/CHI/04_30/GIE_09_10_12
2024-04-30 10:22:54 INFO     	 Epoch 45 | average train loss: 0.0275
2024-04-30 10:22:55 INFO     	 Epoch 45 | average valid loss: 0.0180
2024-04-30 10:24:11 INFO     	 Epoch 46 | average train loss: 0.0274
2024-04-30 10:24:11 INFO     	 Epoch 46 | average valid loss: 0.0179
2024-04-30 10:25:27 INFO     	 Epoch 47 | average train loss: 0.0274
2024-04-30 10:25:28 INFO     	 Epoch 47 | average valid loss: 0.0178
2024-04-30 10:26:46 INFO     	 valid MR: 1646.40 | MRR: 0.551 | H@1: 0.494 | H@3: 0.577 | H@10: 0.666
2024-04-30 10:28:01 INFO     	 Epoch 48 | average train loss: 0.0274
2024-04-30 10:28:01 INFO     	 Epoch 48 | average valid loss: 0.0178
2024-04-30 10:29:17 INFO     	 Epoch 49 | average train loss: 0.0274
2024-04-30 10:29:17 INFO     	 Epoch 49 | average valid loss: 0.0178
2024-04-30 10:30:33 INFO     	 Epoch 50 | average train loss: 0.0273
2024-04-30 10:30:34 INFO     	 Epoch 50 | average valid loss: 0.0177
2024-04-30 10:31:56 INFO     	 valid MR: 1624.40 | MRR: 0.550 | H@1: 0.494 | H@3: 0.577 | H@10: 0.665
2024-04-30 10:33:11 INFO     	 Epoch 51 | average train loss: 0.0273
2024-04-30 10:33:11 INFO     	 Epoch 51 | average valid loss: 0.0177
2024-04-30 10:34:27 INFO     	 Epoch 52 | average train loss: 0.0273
2024-04-30 10:34:27 INFO     	 Epoch 52 | average valid loss: 0.0177
2024-04-30 10:35:43 INFO     	 Epoch 53 | average train loss: 0.0273
2024-04-30 10:35:43 INFO     	 Epoch 53 | average valid loss: 0.0176
2024-04-30 10:36:52 INFO     	 valid MR: 1603.59 | MRR: 0.548 | H@1: 0.493 | H@3: 0.574 | H@10: 0.663
2024-04-30 10:38:07 INFO     	 Epoch 54 | average train loss: 0.0273
2024-04-30 10:38:08 INFO     	 Epoch 54 | average valid loss: 0.0176
2024-04-30 10:39:23 INFO     	 Epoch 55 | average train loss: 0.0273
2024-04-30 10:39:24 INFO     	 Epoch 55 | average valid loss: 0.0176
2024-04-30 10:40:39 INFO     	 Epoch 56 | average train loss: 0.0272
2024-04-30 10:40:40 INFO     	 Epoch 56 | average valid loss: 0.0176
2024-04-30 10:41:55 INFO     	 valid MR: 1590.19 | MRR: 0.552 | H@1: 0.496 | H@3: 0.578 | H@10: 0.665
2024-04-30 10:43:10 INFO     	 Epoch 57 | average train loss: 0.0272
2024-04-30 10:43:11 INFO     	 Epoch 57 | average valid loss: 0.0176
2024-04-30 10:44:26 INFO     	 Epoch 58 | average train loss: 0.0272
2024-04-30 10:44:27 INFO     	 Epoch 58 | average valid loss: 0.0175
2024-04-30 10:45:42 INFO     	 Epoch 59 | average train loss: 0.0272
2024-04-30 10:45:43 INFO     	 Epoch 59 | average valid loss: 0.0175
2024-04-30 10:47:00 INFO     	 valid MR: 1572.28 | MRR: 0.549 | H@1: 0.494 | H@3: 0.571 | H@10: 0.663
2024-04-30 10:48:15 INFO     	 Epoch 60 | average train loss: 0.0272
2024-04-30 10:48:16 INFO     	 Epoch 60 | average valid loss: 0.0175
2024-04-30 10:49:31 INFO     	 Epoch 61 | average train loss: 0.0272
2024-04-30 10:49:31 INFO     	 Epoch 61 | average valid loss: 0.0175
2024-04-30 10:50:47 INFO     	 Epoch 62 | average train loss: 0.0272
2024-04-30 10:50:48 INFO     	 Epoch 62 | average valid loss: 0.0175
2024-04-30 10:52:05 INFO     	 valid MR: 1603.55 | MRR: 0.546 | H@1: 0.490 | H@3: 0.571 | H@10: 0.657
2024-04-30 10:53:20 INFO     	 Epoch 63 | average train loss: 0.0272
2024-04-30 10:53:21 INFO     	 Epoch 63 | average valid loss: 0.0175
2024-04-30 10:54:36 INFO     	 Epoch 64 | average train loss: 0.0272
2024-04-30 10:54:37 INFO     	 Epoch 64 | average valid loss: 0.0175
2024-04-30 10:55:52 INFO     	 Epoch 65 | average train loss: 0.0272
2024-04-30 10:55:53 INFO     	 Epoch 65 | average valid loss: 0.0175
2024-04-30 10:57:28 INFO     	 valid MR: 1602.53 | MRR: 0.546 | H@1: 0.491 | H@3: 0.570 | H@10: 0.657
2024-04-30 10:58:42 INFO     	 Epoch 66 | average train loss: 0.0271
2024-04-30 10:58:43 INFO     	 Epoch 66 | average valid loss: 0.0175
2024-04-30 10:59:59 INFO     	 Epoch 67 | average train loss: 0.0271
2024-04-30 11:00:00 INFO     	 Epoch 67 | average valid loss: 0.0175
2024-04-30 11:01:15 INFO     	 Epoch 68 | average train loss: 0.0271
2024-04-30 11:01:16 INFO     	 Epoch 68 | average valid loss: 0.0175
2024-04-30 11:02:36 INFO     	 valid MR: 1570.84 | MRR: 0.547 | H@1: 0.493 | H@3: 0.570 | H@10: 0.658
2024-04-30 11:03:51 INFO     	 Epoch 69 | average train loss: 0.0271
2024-04-30 11:03:52 INFO     	 Epoch 69 | average valid loss: 0.0175
2024-04-30 11:05:07 INFO     	 Epoch 70 | average train loss: 0.0271
2024-04-30 11:05:08 INFO     	 Epoch 70 | average valid loss: 0.0174
2024-04-30 11:06:23 INFO     	 Epoch 71 | average train loss: 0.0271
2024-04-30 11:06:24 INFO     	 Epoch 71 | average valid loss: 0.0174
2024-04-30 11:08:06 INFO     	 valid MR: 1610.62 | MRR: 0.547 | H@1: 0.493 | H@3: 0.571 | H@10: 0.658
2024-04-30 11:09:21 INFO     	 Epoch 72 | average train loss: 0.0271
2024-04-30 11:09:22 INFO     	 Epoch 72 | average valid loss: 0.0174
2024-04-30 11:10:37 INFO     	 Epoch 73 | average train loss: 0.0271
2024-04-30 11:10:38 INFO     	 Epoch 73 | average valid loss: 0.0174
2024-04-30 11:11:53 INFO     	 Epoch 74 | average train loss: 0.0271
2024-04-30 11:11:54 INFO     	 Epoch 74 | average valid loss: 0.0174
2024-04-30 11:13:21 INFO     	 valid MR: 1600.76 | MRR: 0.547 | H@1: 0.492 | H@3: 0.570 | H@10: 0.658
2024-04-30 11:13:21 INFO     	 Early stopping
2024-04-30 11:13:21 INFO     	 Optimization finished
2024-04-30 11:13:21 INFO     	 Loading best model saved at epoch 44
2024-04-30 11:14:49 INFO     	 valid MR: 1685.27 | MRR: 0.553 | H@1: 0.496 | H@3: 0.580 | H@10: 0.670
2024-04-30 11:16:15 INFO     	 test MR: 1701.65 | MRR: 0.548 | H@1: 0.490 | H@3: 0.575 | H@10: 0.667
