2024-09-02 14:07:58 INFO     Saving logs in: ./logs\CHI\09_02\RotatE_14_07_58
2024-09-02 14:07:59 INFO     	 (140602, 26, 140602)
2024-09-02 14:07:59 INFO     Total number of parameters 9281396
2024-09-02 14:08:00 INFO     	 Start training
2024-09-02 14:08:15 INFO     	 Epoch 0 | average train loss: 0.1096
2024-09-02 14:08:15 INFO     	 Epoch 0 | average valid loss: 0.0363
2024-09-02 14:08:29 INFO     	 Epoch 1 | average train loss: 0.0617
2024-09-02 14:08:29 INFO     	 Epoch 1 | average valid loss: 0.0301
2024-09-02 14:08:44 INFO     	 Epoch 2 | average train loss: 0.0564
2024-09-02 14:08:44 INFO     	 Epoch 2 | average valid loss: 0.0278
2024-09-02 14:09:02 INFO     	 valid MR: 21180.30 | MRR: 0.136 | H@1: 0.077 | H@3: 0.165 | H@10: 0.255
2024-09-02 14:09:02 INFO     	 Saving model at epoch 2 in ./logs\CHI\09_02\RotatE_14_07_58
2024-09-02 14:09:18 INFO     	 Epoch 3 | average train loss: 0.0539
2024-09-02 14:09:18 INFO     	 Epoch 3 | average valid loss: 0.0268
2024-09-02 14:09:34 INFO     	 Epoch 4 | average train loss: 0.0524
2024-09-02 14:09:34 INFO     	 Epoch 4 | average valid loss: 0.0260
2024-09-02 14:09:49 INFO     	 Epoch 5 | average train loss: 0.0513
2024-09-02 14:09:49 INFO     	 Epoch 5 | average valid loss: 0.0254
2024-09-02 14:10:07 INFO     	 valid MR: 20572.11 | MRR: 0.154 | H@1: 0.103 | H@3: 0.174 | H@10: 0.264
2024-09-02 14:10:07 INFO     	 Saving model at epoch 5 in ./logs\CHI\09_02\RotatE_14_07_58
2024-09-02 14:10:22 INFO     	 Epoch 6 | average train loss: 0.0502
2024-09-02 14:10:22 INFO     	 Epoch 6 | average valid loss: 0.0252
2024-09-02 14:10:37 INFO     	 Epoch 7 | average train loss: 0.0491
2024-09-02 14:10:37 INFO     	 Epoch 7 | average valid loss: 0.0249
2024-09-02 14:10:52 INFO     	 Epoch 8 | average train loss: 0.0479
2024-09-02 14:10:52 INFO     	 Epoch 8 | average valid loss: 0.0248
2024-09-02 14:11:10 INFO     	 valid MR: 16975.32 | MRR: 0.157 | H@1: 0.106 | H@3: 0.174 | H@10: 0.268
2024-09-02 14:11:10 INFO     	 Saving model at epoch 8 in ./logs\CHI\09_02\RotatE_14_07_58
2024-09-02 14:11:25 INFO     	 Epoch 9 | average train loss: 0.0467
2024-09-02 14:11:25 INFO     	 Epoch 9 | average valid loss: 0.0247
2024-09-02 14:11:41 INFO     	 Epoch 10 | average train loss: 0.0454
2024-09-02 14:11:41 INFO     	 Epoch 10 | average valid loss: 0.0245
2024-09-02 14:11:56 INFO     	 Epoch 11 | average train loss: 0.0442
2024-09-02 14:11:56 INFO     	 Epoch 11 | average valid loss: 0.0245
2024-09-02 14:12:14 INFO     	 valid MR: 13411.12 | MRR: 0.150 | H@1: 0.096 | H@3: 0.171 | H@10: 0.269
2024-09-02 14:12:29 INFO     	 Epoch 12 | average train loss: 0.0431
2024-09-02 14:12:30 INFO     	 Epoch 12 | average valid loss: 0.0244
2024-09-02 14:12:45 INFO     	 Epoch 13 | average train loss: 0.0420
2024-09-02 14:12:45 INFO     	 Epoch 13 | average valid loss: 0.0243
2024-09-02 14:13:00 INFO     	 Epoch 14 | average train loss: 0.0411
2024-09-02 14:13:00 INFO     	 Epoch 14 | average valid loss: 0.0241
2024-09-02 14:13:19 INFO     	 valid MR: 11428.57 | MRR: 0.143 | H@1: 0.085 | H@3: 0.167 | H@10: 0.269
2024-09-02 14:13:34 INFO     	 Epoch 15 | average train loss: 0.0403
2024-09-02 14:13:34 INFO     	 Epoch 15 | average valid loss: 0.0242
2024-09-02 14:13:50 INFO     	 Epoch 16 | average train loss: 0.0395
2024-09-02 14:13:50 INFO     	 Epoch 16 | average valid loss: 0.0241
2024-09-02 14:14:05 INFO     	 Epoch 17 | average train loss: 0.0389
2024-09-02 14:14:05 INFO     	 Epoch 17 | average valid loss: 0.0240
2024-09-02 14:14:24 INFO     	 valid MR: 10175.50 | MRR: 0.143 | H@1: 0.083 | H@3: 0.165 | H@10: 0.270
2024-09-02 14:14:39 INFO     	 Epoch 18 | average train loss: 0.0383
2024-09-02 14:14:39 INFO     	 Epoch 18 | average valid loss: 0.0241
2024-09-02 14:14:54 INFO     	 Epoch 19 | average train loss: 0.0377
2024-09-02 14:14:54 INFO     	 Epoch 19 | average valid loss: 0.0241
2024-09-02 14:15:09 INFO     	 Epoch 20 | average train loss: 0.0372
2024-09-02 14:15:09 INFO     	 Epoch 20 | average valid loss: 0.0240
2024-09-02 14:15:28 INFO     	 valid MR: 9190.84 | MRR: 0.142 | H@1: 0.080 | H@3: 0.165 | H@10: 0.272
2024-09-02 14:15:43 INFO     	 Epoch 21 | average train loss: 0.0366
2024-09-02 14:15:43 INFO     	 Epoch 21 | average valid loss: 0.0238
2024-09-02 14:15:59 INFO     	 Epoch 22 | average train loss: 0.0361
2024-09-02 14:15:59 INFO     	 Epoch 22 | average valid loss: 0.0239
2024-09-02 14:16:13 INFO     	 Epoch 23 | average train loss: 0.0357
2024-09-02 14:16:14 INFO     	 Epoch 23 | average valid loss: 0.0237
2024-09-02 14:16:33 INFO     	 valid MR: 8400.97 | MRR: 0.143 | H@1: 0.080 | H@3: 0.166 | H@10: 0.275
2024-09-02 14:16:48 INFO     	 Epoch 24 | average train loss: 0.0353
2024-09-02 14:16:48 INFO     	 Epoch 24 | average valid loss: 0.0237
2024-09-02 14:17:03 INFO     	 Epoch 25 | average train loss: 0.0348
2024-09-02 14:17:03 INFO     	 Epoch 25 | average valid loss: 0.0237
2024-09-02 14:17:18 INFO     	 Epoch 26 | average train loss: 0.0344
2024-09-02 14:17:18 INFO     	 Epoch 26 | average valid loss: 0.0236
2024-09-02 14:17:39 INFO     	 valid MR: 7764.31 | MRR: 0.143 | H@1: 0.080 | H@3: 0.165 | H@10: 0.279
2024-09-02 14:17:54 INFO     	 Epoch 27 | average train loss: 0.0340
2024-09-02 14:17:54 INFO     	 Epoch 27 | average valid loss: 0.0236
2024-09-02 14:18:09 INFO     	 Epoch 28 | average train loss: 0.0337
2024-09-02 14:18:09 INFO     	 Epoch 28 | average valid loss: 0.0235
2024-09-02 14:18:24 INFO     	 Epoch 29 | average train loss: 0.0333
2024-09-02 14:18:24 INFO     	 Epoch 29 | average valid loss: 0.0235
2024-09-02 14:18:44 INFO     	 valid MR: 7202.96 | MRR: 0.144 | H@1: 0.080 | H@3: 0.166 | H@10: 0.281
2024-09-02 14:18:59 INFO     	 Epoch 30 | average train loss: 0.0329
2024-09-02 14:18:59 INFO     	 Epoch 30 | average valid loss: 0.0234
2024-09-02 14:19:15 INFO     	 Epoch 31 | average train loss: 0.0326
2024-09-02 14:19:15 INFO     	 Epoch 31 | average valid loss: 0.0234
2024-09-02 14:19:30 INFO     	 Epoch 32 | average train loss: 0.0322
2024-09-02 14:19:30 INFO     	 Epoch 32 | average valid loss: 0.0234
2024-09-02 14:19:51 INFO     	 valid MR: 6747.09 | MRR: 0.144 | H@1: 0.079 | H@3: 0.167 | H@10: 0.281
2024-09-02 14:20:07 INFO     	 Epoch 33 | average train loss: 0.0319
2024-09-02 14:20:07 INFO     	 Epoch 33 | average valid loss: 0.0233
2024-09-02 14:20:23 INFO     	 Epoch 34 | average train loss: 0.0316
2024-09-02 14:20:23 INFO     	 Epoch 34 | average valid loss: 0.0233
2024-09-02 14:20:38 INFO     	 Epoch 35 | average train loss: 0.0313
2024-09-02 14:20:39 INFO     	 Epoch 35 | average valid loss: 0.0233
2024-09-02 14:21:00 INFO     	 valid MR: 6331.89 | MRR: 0.145 | H@1: 0.080 | H@3: 0.168 | H@10: 0.281
2024-09-02 14:21:15 INFO     	 Epoch 36 | average train loss: 0.0310
2024-09-02 14:21:15 INFO     	 Epoch 36 | average valid loss: 0.0232
2024-09-02 14:21:31 INFO     	 Epoch 37 | average train loss: 0.0307
2024-09-02 14:21:31 INFO     	 Epoch 37 | average valid loss: 0.0232
2024-09-02 14:21:47 INFO     	 Epoch 38 | average train loss: 0.0304
2024-09-02 14:21:48 INFO     	 Epoch 38 | average valid loss: 0.0232
2024-09-02 14:22:10 INFO     	 valid MR: 5986.32 | MRR: 0.146 | H@1: 0.080 | H@3: 0.170 | H@10: 0.281
2024-09-02 14:22:10 INFO     	 Early stopping
2024-09-02 14:22:10 INFO     	 Optimization finished
2024-09-02 14:22:10 INFO     	 Loading best model saved at epoch 8
2024-09-02 14:22:32 INFO     	 valid MR: 16975.32 | MRR: 0.157 | H@1: 0.106 | H@3: 0.174 | H@10: 0.268
2024-09-02 14:22:56 INFO     	 test MR: 17092.21 | MRR: 0.156 | H@1: 0.105 | H@3: 0.175 | H@10: 0.267
