2024-04-25 23:59:10 INFO     Saving logs in: ./logs/CHI/04_25/MuRE_23_59_09
2024-04-25 23:59:12 INFO     	 (140602, 26, 140602)
2024-04-25 23:59:13 INFO     Total number of parameters 4782132
2024-04-25 23:59:14 INFO     	 Start training
2024-04-25 23:59:45 INFO     	 Epoch 0 | average train loss: 0.3306
2024-04-25 23:59:46 INFO     	 Epoch 0 | average valid loss: 0.1117
2024-04-26 00:00:17 INFO     	 Epoch 1 | average train loss: 0.0915
2024-04-26 00:00:18 INFO     	 Epoch 1 | average valid loss: 0.0726
2024-04-26 00:00:50 INFO     	 Epoch 2 | average train loss: 0.0786
2024-04-26 00:00:50 INFO     	 Epoch 2 | average valid loss: 0.0578
2024-04-26 00:01:30 INFO     	 valid MR: 40764.93 | MRR: 0.173 | H@1: 0.126 | H@3: 0.195 | H@10: 0.275
2024-04-26 00:01:30 INFO     	 Saving model at epoch 2 in ./logs/CHI/04_25/MuRE_23_59_09
2024-04-26 00:02:02 INFO     	 Epoch 3 | average train loss: 0.0717
2024-04-26 00:02:02 INFO     	 Epoch 3 | average valid loss: 0.0491
2024-04-26 00:02:34 INFO     	 Epoch 4 | average train loss: 0.0666
2024-04-26 00:02:34 INFO     	 Epoch 4 | average valid loss: 0.0433
2024-04-26 00:03:05 INFO     	 Epoch 5 | average train loss: 0.0627
2024-04-26 00:03:06 INFO     	 Epoch 5 | average valid loss: 0.0397
2024-04-26 00:03:46 INFO     	 valid MR: 27950.34 | MRR: 0.168 | H@1: 0.114 | H@3: 0.195 | H@10: 0.278
2024-04-26 00:04:17 INFO     	 Epoch 6 | average train loss: 0.0597
2024-04-26 00:04:17 INFO     	 Epoch 6 | average valid loss: 0.0375
2024-04-26 00:04:49 INFO     	 Epoch 7 | average train loss: 0.0576
2024-04-26 00:04:49 INFO     	 Epoch 7 | average valid loss: 0.0362
2024-04-26 00:05:20 INFO     	 Epoch 8 | average train loss: 0.0562
2024-04-26 00:05:21 INFO     	 Epoch 8 | average valid loss: 0.0355
2024-04-26 00:06:03 INFO     	 valid MR: 24575.88 | MRR: 0.151 | H@1: 0.093 | H@3: 0.175 | H@10: 0.277
2024-04-26 00:06:34 INFO     	 Epoch 9 | average train loss: 0.0552
2024-04-26 00:06:34 INFO     	 Epoch 9 | average valid loss: 0.0350
2024-04-26 00:07:05 INFO     	 Epoch 10 | average train loss: 0.0547
2024-04-26 00:07:06 INFO     	 Epoch 10 | average valid loss: 0.0348
2024-04-26 00:07:37 INFO     	 Epoch 11 | average train loss: 0.0542
2024-04-26 00:07:38 INFO     	 Epoch 11 | average valid loss: 0.0347
2024-04-26 00:08:22 INFO     	 valid MR: 24663.34 | MRR: 0.139 | H@1: 0.077 | H@3: 0.164 | H@10: 0.274
2024-04-26 00:08:53 INFO     	 Epoch 12 | average train loss: 0.0539
2024-04-26 00:08:53 INFO     	 Epoch 12 | average valid loss: 0.0346
2024-04-26 00:09:24 INFO     	 Epoch 13 | average train loss: 0.0536
2024-04-26 00:09:25 INFO     	 Epoch 13 | average valid loss: 0.0345
2024-04-26 00:09:56 INFO     	 Epoch 14 | average train loss: 0.0534
2024-04-26 00:09:56 INFO     	 Epoch 14 | average valid loss: 0.0345
2024-04-26 00:10:45 INFO     	 valid MR: 24489.22 | MRR: 0.137 | H@1: 0.071 | H@3: 0.168 | H@10: 0.272
2024-04-26 00:11:16 INFO     	 Epoch 15 | average train loss: 0.0530
2024-04-26 00:11:17 INFO     	 Epoch 15 | average valid loss: 0.0344
2024-04-26 00:11:48 INFO     	 Epoch 16 | average train loss: 0.0526
2024-04-26 00:11:49 INFO     	 Epoch 16 | average valid loss: 0.0343
2024-04-26 00:12:20 INFO     	 Epoch 17 | average train loss: 0.0521
2024-04-26 00:12:20 INFO     	 Epoch 17 | average valid loss: 0.0343
2024-04-26 00:13:08 INFO     	 valid MR: 22908.06 | MRR: 0.141 | H@1: 0.074 | H@3: 0.178 | H@10: 0.271
2024-04-26 00:13:39 INFO     	 Epoch 18 | average train loss: 0.0515
2024-04-26 00:13:39 INFO     	 Epoch 18 | average valid loss: 0.0341
2024-04-26 00:14:10 INFO     	 Epoch 19 | average train loss: 0.0507
2024-04-26 00:14:11 INFO     	 Epoch 19 | average valid loss: 0.0339
2024-04-26 00:14:42 INFO     	 Epoch 20 | average train loss: 0.0498
2024-04-26 00:14:43 INFO     	 Epoch 20 | average valid loss: 0.0337
2024-04-26 00:15:33 INFO     	 valid MR: 20849.09 | MRR: 0.151 | H@1: 0.084 | H@3: 0.196 | H@10: 0.272
2024-04-26 00:16:04 INFO     	 Epoch 21 | average train loss: 0.0487
2024-04-26 00:16:04 INFO     	 Epoch 21 | average valid loss: 0.0334
2024-04-26 00:16:36 INFO     	 Epoch 22 | average train loss: 0.0476
2024-04-26 00:16:36 INFO     	 Epoch 22 | average valid loss: 0.0331
2024-04-26 00:17:07 INFO     	 Epoch 23 | average train loss: 0.0465
2024-04-26 00:17:08 INFO     	 Epoch 23 | average valid loss: 0.0328
2024-04-26 00:18:01 INFO     	 valid MR: 17294.63 | MRR: 0.172 | H@1: 0.106 | H@3: 0.218 | H@10: 0.288
2024-04-26 00:18:32 INFO     	 Epoch 24 | average train loss: 0.0453
2024-04-26 00:18:32 INFO     	 Epoch 24 | average valid loss: 0.0323
2024-04-26 00:19:03 INFO     	 Epoch 25 | average train loss: 0.0442
2024-04-26 00:19:03 INFO     	 Epoch 25 | average valid loss: 0.0318
2024-04-26 00:19:34 INFO     	 Epoch 26 | average train loss: 0.0432
2024-04-26 00:19:35 INFO     	 Epoch 26 | average valid loss: 0.0312
2024-04-26 00:20:26 INFO     	 valid MR: 12152.34 | MRR: 0.202 | H@1: 0.140 | H@3: 0.248 | H@10: 0.310
2024-04-26 00:20:26 INFO     	 Saving model at epoch 26 in ./logs/CHI/04_25/MuRE_23_59_09
2024-04-26 00:20:58 INFO     	 Epoch 27 | average train loss: 0.0422
2024-04-26 00:20:58 INFO     	 Epoch 27 | average valid loss: 0.0308
2024-04-26 00:21:29 INFO     	 Epoch 28 | average train loss: 0.0414
2024-04-26 00:21:30 INFO     	 Epoch 28 | average valid loss: 0.0304
2024-04-26 00:22:01 INFO     	 Epoch 29 | average train loss: 0.0406
2024-04-26 00:22:02 INFO     	 Epoch 29 | average valid loss: 0.0301
2024-04-26 00:22:55 INFO     	 valid MR: 10069.06 | MRR: 0.216 | H@1: 0.155 | H@3: 0.261 | H@10: 0.324
2024-04-26 00:22:55 INFO     	 Saving model at epoch 29 in ./logs/CHI/04_25/MuRE_23_59_09
2024-04-26 00:23:27 INFO     	 Epoch 30 | average train loss: 0.0398
2024-04-26 00:23:27 INFO     	 Epoch 30 | average valid loss: 0.0297
2024-04-26 00:23:58 INFO     	 Epoch 31 | average train loss: 0.0391
2024-04-26 00:23:59 INFO     	 Epoch 31 | average valid loss: 0.0294
2024-04-26 00:24:30 INFO     	 Epoch 32 | average train loss: 0.0384
2024-04-26 00:24:30 INFO     	 Epoch 32 | average valid loss: 0.0290
2024-04-26 00:25:26 INFO     	 valid MR: 8500.35 | MRR: 0.227 | H@1: 0.165 | H@3: 0.272 | H@10: 0.337
2024-04-26 00:25:26 INFO     	 Saving model at epoch 32 in ./logs/CHI/04_25/MuRE_23_59_09
2024-04-26 00:25:58 INFO     	 Epoch 33 | average train loss: 0.0378
2024-04-26 00:25:58 INFO     	 Epoch 33 | average valid loss: 0.0287
2024-04-26 00:26:30 INFO     	 Epoch 34 | average train loss: 0.0372
2024-04-26 00:26:30 INFO     	 Epoch 34 | average valid loss: 0.0284
2024-04-26 00:27:02 INFO     	 Epoch 35 | average train loss: 0.0365
2024-04-26 00:27:02 INFO     	 Epoch 35 | average valid loss: 0.0281
2024-04-26 00:28:01 INFO     	 valid MR: 7009.45 | MRR: 0.238 | H@1: 0.177 | H@3: 0.281 | H@10: 0.350
2024-04-26 00:28:01 INFO     	 Saving model at epoch 35 in ./logs/CHI/04_25/MuRE_23_59_09
2024-04-26 00:28:33 INFO     	 Epoch 36 | average train loss: 0.0359
2024-04-26 00:28:33 INFO     	 Epoch 36 | average valid loss: 0.0277
2024-04-26 00:29:04 INFO     	 Epoch 37 | average train loss: 0.0354
2024-04-26 00:29:04 INFO     	 Epoch 37 | average valid loss: 0.0274
2024-04-26 00:29:35 INFO     	 Epoch 38 | average train loss: 0.0348
2024-04-26 00:29:36 INFO     	 Epoch 38 | average valid loss: 0.0271
2024-04-26 00:30:35 INFO     	 valid MR: 5620.10 | MRR: 0.253 | H@1: 0.194 | H@3: 0.293 | H@10: 0.361
2024-04-26 00:30:35 INFO     	 Saving model at epoch 38 in ./logs/CHI/04_25/MuRE_23_59_09
2024-04-26 00:31:07 INFO     	 Epoch 39 | average train loss: 0.0343
2024-04-26 00:31:08 INFO     	 Epoch 39 | average valid loss: 0.0267
2024-04-26 00:31:39 INFO     	 Epoch 40 | average train loss: 0.0338
2024-04-26 00:31:40 INFO     	 Epoch 40 | average valid loss: 0.0263
2024-04-26 00:32:11 INFO     	 Epoch 41 | average train loss: 0.0334
2024-04-26 00:32:11 INFO     	 Epoch 41 | average valid loss: 0.0260
2024-04-26 00:33:19 INFO     	 valid MR: 4509.16 | MRR: 0.272 | H@1: 0.214 | H@3: 0.307 | H@10: 0.379
2024-04-26 00:33:19 INFO     	 Saving model at epoch 41 in ./logs/CHI/04_25/MuRE_23_59_09
2024-04-26 00:33:52 INFO     	 Epoch 42 | average train loss: 0.0329
2024-04-26 00:33:52 INFO     	 Epoch 42 | average valid loss: 0.0256
2024-04-26 00:34:23 INFO     	 Epoch 43 | average train loss: 0.0325
2024-04-26 00:34:24 INFO     	 Epoch 43 | average valid loss: 0.0253
2024-04-26 00:34:55 INFO     	 Epoch 44 | average train loss: 0.0322
2024-04-26 00:34:55 INFO     	 Epoch 44 | average valid loss: 0.0250
2024-04-26 00:36:03 INFO     	 valid MR: 3754.32 | MRR: 0.292 | H@1: 0.234 | H@3: 0.325 | H@10: 0.398
2024-04-26 00:36:03 INFO     	 Saving model at epoch 44 in ./logs/CHI/04_25/MuRE_23_59_09
2024-04-26 00:36:35 INFO     	 Epoch 45 | average train loss: 0.0319
2024-04-26 00:36:35 INFO     	 Epoch 45 | average valid loss: 0.0247
2024-04-26 00:37:07 INFO     	 Epoch 46 | average train loss: 0.0316
2024-04-26 00:37:07 INFO     	 Epoch 46 | average valid loss: 0.0244
2024-04-26 00:37:38 INFO     	 Epoch 47 | average train loss: 0.0313
2024-04-26 00:37:39 INFO     	 Epoch 47 | average valid loss: 0.0242
2024-04-26 00:38:45 INFO     	 valid MR: 3272.54 | MRR: 0.312 | H@1: 0.252 | H@3: 0.345 | H@10: 0.422
2024-04-26 00:38:45 INFO     	 Saving model at epoch 47 in ./logs/CHI/04_25/MuRE_23_59_09
2024-04-26 00:39:17 INFO     	 Epoch 48 | average train loss: 0.0311
2024-04-26 00:39:17 INFO     	 Epoch 48 | average valid loss: 0.0239
2024-04-26 00:39:48 INFO     	 Epoch 49 | average train loss: 0.0308
2024-04-26 00:39:49 INFO     	 Epoch 49 | average valid loss: 0.0237
2024-04-26 00:40:20 INFO     	 Epoch 50 | average train loss: 0.0306
2024-04-26 00:40:21 INFO     	 Epoch 50 | average valid loss: 0.0234
2024-04-26 00:41:34 INFO     	 valid MR: 2914.27 | MRR: 0.334 | H@1: 0.271 | H@3: 0.367 | H@10: 0.448
2024-04-26 00:41:34 INFO     	 Saving model at epoch 50 in ./logs/CHI/04_25/MuRE_23_59_09
2024-04-26 00:42:06 INFO     	 Epoch 51 | average train loss: 0.0304
2024-04-26 00:42:07 INFO     	 Epoch 51 | average valid loss: 0.0232
2024-04-26 00:42:38 INFO     	 Epoch 52 | average train loss: 0.0302
2024-04-26 00:42:38 INFO     	 Epoch 52 | average valid loss: 0.0230
2024-04-26 00:43:09 INFO     	 Epoch 53 | average train loss: 0.0301
2024-04-26 00:43:10 INFO     	 Epoch 53 | average valid loss: 0.0228
2024-04-26 00:44:28 INFO     	 valid MR: 2674.74 | MRR: 0.358 | H@1: 0.295 | H@3: 0.393 | H@10: 0.473
2024-04-26 00:44:28 INFO     	 Saving model at epoch 53 in ./logs/CHI/04_25/MuRE_23_59_09
2024-04-26 00:45:00 INFO     	 Epoch 54 | average train loss: 0.0299
2024-04-26 00:45:00 INFO     	 Epoch 54 | average valid loss: 0.0226
2024-04-26 00:45:32 INFO     	 Epoch 55 | average train loss: 0.0298
2024-04-26 00:45:32 INFO     	 Epoch 55 | average valid loss: 0.0223
2024-04-26 00:46:04 INFO     	 Epoch 56 | average train loss: 0.0296
2024-04-26 00:46:04 INFO     	 Epoch 56 | average valid loss: 0.0221
2024-04-26 00:47:15 INFO     	 valid MR: 2526.76 | MRR: 0.379 | H@1: 0.316 | H@3: 0.412 | H@10: 0.496
2024-04-26 00:47:15 INFO     	 Saving model at epoch 56 in ./logs/CHI/04_25/MuRE_23_59_09
2024-04-26 00:47:47 INFO     	 Epoch 57 | average train loss: 0.0295
2024-04-26 00:47:47 INFO     	 Epoch 57 | average valid loss: 0.0219
2024-04-26 00:48:19 INFO     	 Epoch 58 | average train loss: 0.0294
2024-04-26 00:48:19 INFO     	 Epoch 58 | average valid loss: 0.0217
2024-04-26 00:48:50 INFO     	 Epoch 59 | average train loss: 0.0293
2024-04-26 00:48:51 INFO     	 Epoch 59 | average valid loss: 0.0215
2024-04-26 00:50:06 INFO     	 valid MR: 2403.21 | MRR: 0.402 | H@1: 0.340 | H@3: 0.436 | H@10: 0.516
2024-04-26 00:50:06 INFO     	 Saving model at epoch 59 in ./logs/CHI/04_25/MuRE_23_59_09
2024-04-26 00:50:38 INFO     	 Epoch 60 | average train loss: 0.0292
2024-04-26 00:50:38 INFO     	 Epoch 60 | average valid loss: 0.0214
2024-04-26 00:51:09 INFO     	 Epoch 61 | average train loss: 0.0291
2024-04-26 00:51:10 INFO     	 Epoch 61 | average valid loss: 0.0212
2024-04-26 00:51:41 INFO     	 Epoch 62 | average train loss: 0.0290
2024-04-26 00:51:41 INFO     	 Epoch 62 | average valid loss: 0.0210
2024-04-26 00:53:06 INFO     	 valid MR: 2290.39 | MRR: 0.424 | H@1: 0.364 | H@3: 0.456 | H@10: 0.537
2024-04-26 00:53:06 INFO     	 Saving model at epoch 62 in ./logs/CHI/04_25/MuRE_23_59_09
2024-04-26 00:53:38 INFO     	 Epoch 63 | average train loss: 0.0289
2024-04-26 00:53:38 INFO     	 Epoch 63 | average valid loss: 0.0208
2024-04-26 00:54:09 INFO     	 Epoch 64 | average train loss: 0.0288
2024-04-26 00:54:10 INFO     	 Epoch 64 | average valid loss: 0.0207
2024-04-26 00:54:41 INFO     	 Epoch 65 | average train loss: 0.0288
2024-04-26 00:54:41 INFO     	 Epoch 65 | average valid loss: 0.0205
2024-04-26 00:56:11 INFO     	 valid MR: 2239.98 | MRR: 0.440 | H@1: 0.378 | H@3: 0.473 | H@10: 0.552
2024-04-26 00:56:11 INFO     	 Saving model at epoch 65 in ./logs/CHI/04_25/MuRE_23_59_09
2024-04-26 00:56:43 INFO     	 Epoch 66 | average train loss: 0.0287
2024-04-26 00:56:44 INFO     	 Epoch 66 | average valid loss: 0.0204
2024-04-26 00:57:15 INFO     	 Epoch 67 | average train loss: 0.0286
2024-04-26 00:57:16 INFO     	 Epoch 67 | average valid loss: 0.0202
2024-04-26 00:57:47 INFO     	 Epoch 68 | average train loss: 0.0286
2024-04-26 00:57:47 INFO     	 Epoch 68 | average valid loss: 0.0201
2024-04-26 00:59:07 INFO     	 valid MR: 2146.45 | MRR: 0.455 | H@1: 0.394 | H@3: 0.489 | H@10: 0.571
2024-04-26 00:59:07 INFO     	 Saving model at epoch 68 in ./logs/CHI/04_25/MuRE_23_59_09
2024-04-26 00:59:40 INFO     	 Epoch 69 | average train loss: 0.0285
2024-04-26 00:59:40 INFO     	 Epoch 69 | average valid loss: 0.0200
2024-04-26 01:00:11 INFO     	 Epoch 70 | average train loss: 0.0285
2024-04-26 01:00:12 INFO     	 Epoch 70 | average valid loss: 0.0198
2024-04-26 01:00:43 INFO     	 Epoch 71 | average train loss: 0.0284
2024-04-26 01:00:44 INFO     	 Epoch 71 | average valid loss: 0.0197
2024-04-26 01:02:18 INFO     	 valid MR: 2123.59 | MRR: 0.472 | H@1: 0.412 | H@3: 0.503 | H@10: 0.585
2024-04-26 01:02:18 INFO     	 Saving model at epoch 71 in ./logs/CHI/04_25/MuRE_23_59_09
2024-04-26 01:02:50 INFO     	 Epoch 72 | average train loss: 0.0284
2024-04-26 01:02:50 INFO     	 Epoch 72 | average valid loss: 0.0196
2024-04-26 01:03:21 INFO     	 Epoch 73 | average train loss: 0.0283
2024-04-26 01:03:22 INFO     	 Epoch 73 | average valid loss: 0.0195
2024-04-26 01:03:53 INFO     	 Epoch 74 | average train loss: 0.0283
2024-04-26 01:03:53 INFO     	 Epoch 74 | average valid loss: 0.0194
2024-04-26 01:05:18 INFO     	 valid MR: 2072.08 | MRR: 0.484 | H@1: 0.424 | H@3: 0.513 | H@10: 0.598
2024-04-26 01:05:18 INFO     	 Saving model at epoch 74 in ./logs/CHI/04_25/MuRE_23_59_09
2024-04-26 01:05:49 INFO     	 Epoch 75 | average train loss: 0.0282
2024-04-26 01:05:50 INFO     	 Epoch 75 | average valid loss: 0.0193
2024-04-26 01:06:20 INFO     	 Epoch 76 | average train loss: 0.0282
2024-04-26 01:06:21 INFO     	 Epoch 76 | average valid loss: 0.0192
2024-04-26 01:06:52 INFO     	 Epoch 77 | average train loss: 0.0282
2024-04-26 01:06:52 INFO     	 Epoch 77 | average valid loss: 0.0190
2024-04-26 01:08:33 INFO     	 valid MR: 2017.31 | MRR: 0.496 | H@1: 0.437 | H@3: 0.526 | H@10: 0.612
2024-04-26 01:08:33 INFO     	 Saving model at epoch 77 in ./logs/CHI/04_25/MuRE_23_59_09
2024-04-26 01:09:05 INFO     	 Epoch 78 | average train loss: 0.0281
2024-04-26 01:09:05 INFO     	 Epoch 78 | average valid loss: 0.0190
2024-04-26 01:09:36 INFO     	 Epoch 79 | average train loss: 0.0281
2024-04-26 01:09:37 INFO     	 Epoch 79 | average valid loss: 0.0189
2024-04-26 01:10:08 INFO     	 Epoch 80 | average train loss: 0.0280
2024-04-26 01:10:08 INFO     	 Epoch 80 | average valid loss: 0.0188
2024-04-26 01:11:52 INFO     	 valid MR: 1996.79 | MRR: 0.506 | H@1: 0.447 | H@3: 0.536 | H@10: 0.619
2024-04-26 01:11:52 INFO     	 Saving model at epoch 80 in ./logs/CHI/04_25/MuRE_23_59_09
2024-04-26 01:12:25 INFO     	 Epoch 81 | average train loss: 0.0280
2024-04-26 01:12:25 INFO     	 Epoch 81 | average valid loss: 0.0187
2024-04-26 01:12:56 INFO     	 Epoch 82 | average train loss: 0.0280
2024-04-26 01:12:57 INFO     	 Epoch 82 | average valid loss: 0.0186
2024-04-26 01:13:28 INFO     	 Epoch 83 | average train loss: 0.0280
2024-04-26 01:13:28 INFO     	 Epoch 83 | average valid loss: 0.0185
2024-04-26 01:15:17 INFO     	 valid MR: 1966.78 | MRR: 0.515 | H@1: 0.456 | H@3: 0.545 | H@10: 0.628
2024-04-26 01:15:17 INFO     	 Saving model at epoch 83 in ./logs/CHI/04_25/MuRE_23_59_09
2024-04-26 01:15:49 INFO     	 Epoch 84 | average train loss: 0.0279
2024-04-26 01:15:50 INFO     	 Epoch 84 | average valid loss: 0.0185
2024-04-26 01:16:21 INFO     	 Epoch 85 | average train loss: 0.0279
2024-04-26 01:16:21 INFO     	 Epoch 85 | average valid loss: 0.0184
2024-04-26 01:16:53 INFO     	 Epoch 86 | average train loss: 0.0279
2024-04-26 01:16:53 INFO     	 Epoch 86 | average valid loss: 0.0183
2024-04-26 01:18:46 INFO     	 valid MR: 1927.85 | MRR: 0.526 | H@1: 0.468 | H@3: 0.555 | H@10: 0.636
2024-04-26 01:18:46 INFO     	 Saving model at epoch 86 in ./logs/CHI/04_25/MuRE_23_59_09
2024-04-26 01:19:18 INFO     	 Epoch 87 | average train loss: 0.0279
2024-04-26 01:19:18 INFO     	 Epoch 87 | average valid loss: 0.0183
2024-04-26 01:19:49 INFO     	 Epoch 88 | average train loss: 0.0278
2024-04-26 01:19:50 INFO     	 Epoch 88 | average valid loss: 0.0182
2024-04-26 01:20:21 INFO     	 Epoch 89 | average train loss: 0.0278
2024-04-26 01:20:21 INFO     	 Epoch 89 | average valid loss: 0.0182
2024-04-26 01:22:14 INFO     	 valid MR: 1897.69 | MRR: 0.531 | H@1: 0.474 | H@3: 0.559 | H@10: 0.643
2024-04-26 01:22:14 INFO     	 Saving model at epoch 89 in ./logs/CHI/04_25/MuRE_23_59_09
2024-04-26 01:22:46 INFO     	 Epoch 90 | average train loss: 0.0278
2024-04-26 01:22:46 INFO     	 Epoch 90 | average valid loss: 0.0181
2024-04-26 01:23:18 INFO     	 Epoch 91 | average train loss: 0.0278
2024-04-26 01:23:18 INFO     	 Epoch 91 | average valid loss: 0.0180
2024-04-26 01:23:50 INFO     	 Epoch 92 | average train loss: 0.0278
2024-04-26 01:23:50 INFO     	 Epoch 92 | average valid loss: 0.0180
2024-04-26 01:25:28 INFO     	 valid MR: 1881.64 | MRR: 0.535 | H@1: 0.477 | H@3: 0.566 | H@10: 0.646
2024-04-26 01:25:28 INFO     	 Saving model at epoch 92 in ./logs/CHI/04_25/MuRE_23_59_09
2024-04-26 01:26:00 INFO     	 Epoch 93 | average train loss: 0.0278
2024-04-26 01:26:00 INFO     	 Epoch 93 | average valid loss: 0.0180
2024-04-26 01:26:32 INFO     	 Epoch 94 | average train loss: 0.0277
2024-04-26 01:26:32 INFO     	 Epoch 94 | average valid loss: 0.0179
2024-04-26 01:27:04 INFO     	 Epoch 95 | average train loss: 0.0277
2024-04-26 01:27:04 INFO     	 Epoch 95 | average valid loss: 0.0179
2024-04-26 01:28:44 INFO     	 valid MR: 1861.99 | MRR: 0.540 | H@1: 0.483 | H@3: 0.569 | H@10: 0.651
2024-04-26 01:28:44 INFO     	 Saving model at epoch 95 in ./logs/CHI/04_25/MuRE_23_59_09
2024-04-26 01:29:16 INFO     	 Epoch 96 | average train loss: 0.0277
2024-04-26 01:29:17 INFO     	 Epoch 96 | average valid loss: 0.0178
2024-04-26 01:29:48 INFO     	 Epoch 97 | average train loss: 0.0277
2024-04-26 01:29:48 INFO     	 Epoch 97 | average valid loss: 0.0178
2024-04-26 01:30:19 INFO     	 Epoch 98 | average train loss: 0.0277
2024-04-26 01:30:20 INFO     	 Epoch 98 | average valid loss: 0.0177
2024-04-26 01:32:26 INFO     	 valid MR: 1841.73 | MRR: 0.542 | H@1: 0.486 | H@3: 0.570 | H@10: 0.653
2024-04-26 01:32:26 INFO     	 Saving model at epoch 98 in ./logs/CHI/04_25/MuRE_23_59_09
2024-04-26 01:32:58 INFO     	 Epoch 99 | average train loss: 0.0277
2024-04-26 01:32:58 INFO     	 Epoch 99 | average valid loss: 0.0177
2024-04-26 01:33:29 INFO     	 Epoch 100 | average train loss: 0.0276
2024-04-26 01:33:30 INFO     	 Epoch 100 | average valid loss: 0.0177
2024-04-26 01:34:01 INFO     	 Epoch 101 | average train loss: 0.0276
2024-04-26 01:34:01 INFO     	 Epoch 101 | average valid loss: 0.0176
2024-04-26 01:35:47 INFO     	 valid MR: 1824.37 | MRR: 0.544 | H@1: 0.488 | H@3: 0.570 | H@10: 0.653
2024-04-26 01:35:47 INFO     	 Saving model at epoch 101 in ./logs/CHI/04_25/MuRE_23_59_09
2024-04-26 01:36:19 INFO     	 Epoch 102 | average train loss: 0.0276
2024-04-26 01:36:19 INFO     	 Epoch 102 | average valid loss: 0.0176
2024-04-26 01:36:50 INFO     	 Epoch 103 | average train loss: 0.0276
2024-04-26 01:36:51 INFO     	 Epoch 103 | average valid loss: 0.0176
2024-04-26 01:37:22 INFO     	 Epoch 104 | average train loss: 0.0276
2024-04-26 01:37:23 INFO     	 Epoch 104 | average valid loss: 0.0176
2024-04-26 01:39:34 INFO     	 valid MR: 1796.95 | MRR: 0.547 | H@1: 0.492 | H@3: 0.575 | H@10: 0.655
2024-04-26 01:39:34 INFO     	 Saving model at epoch 104 in ./logs/CHI/04_25/MuRE_23_59_09
2024-04-26 01:40:06 INFO     	 Epoch 105 | average train loss: 0.0276
2024-04-26 01:40:06 INFO     	 Epoch 105 | average valid loss: 0.0175
2024-04-26 01:40:37 INFO     	 Epoch 106 | average train loss: 0.0276
2024-04-26 01:40:38 INFO     	 Epoch 106 | average valid loss: 0.0175
2024-04-26 01:41:09 INFO     	 Epoch 107 | average train loss: 0.0276
2024-04-26 01:41:09 INFO     	 Epoch 107 | average valid loss: 0.0175
2024-04-26 01:43:25 INFO     	 valid MR: 1784.45 | MRR: 0.551 | H@1: 0.497 | H@3: 0.576 | H@10: 0.656
2024-04-26 01:43:25 INFO     	 Saving model at epoch 107 in ./logs/CHI/04_25/MuRE_23_59_09
2024-04-26 01:43:57 INFO     	 Epoch 108 | average train loss: 0.0276
2024-04-26 01:43:57 INFO     	 Epoch 108 | average valid loss: 0.0174
2024-04-26 01:44:28 INFO     	 Epoch 109 | average train loss: 0.0276
2024-04-26 01:44:29 INFO     	 Epoch 109 | average valid loss: 0.0174
2024-04-26 01:45:00 INFO     	 Epoch 110 | average train loss: 0.0275
2024-04-26 01:45:00 INFO     	 Epoch 110 | average valid loss: 0.0174
2024-04-26 01:47:19 INFO     	 valid MR: 1760.84 | MRR: 0.549 | H@1: 0.495 | H@3: 0.575 | H@10: 0.655
2024-04-26 01:47:50 INFO     	 Epoch 111 | average train loss: 0.0275
2024-04-26 01:47:51 INFO     	 Epoch 111 | average valid loss: 0.0174
2024-04-26 01:48:22 INFO     	 Epoch 112 | average train loss: 0.0275
2024-04-26 01:48:22 INFO     	 Epoch 112 | average valid loss: 0.0174
2024-04-26 01:48:53 INFO     	 Epoch 113 | average train loss: 0.0275
2024-04-26 01:48:54 INFO     	 Epoch 113 | average valid loss: 0.0174
2024-04-26 01:50:48 INFO     	 valid MR: 1747.96 | MRR: 0.548 | H@1: 0.494 | H@3: 0.574 | H@10: 0.654
2024-04-26 01:51:20 INFO     	 Epoch 114 | average train loss: 0.0275
2024-04-26 01:51:20 INFO     	 Epoch 114 | average valid loss: 0.0173
2024-04-26 01:51:51 INFO     	 Epoch 115 | average train loss: 0.0275
2024-04-26 01:51:52 INFO     	 Epoch 115 | average valid loss: 0.0173
2024-04-26 01:52:23 INFO     	 Epoch 116 | average train loss: 0.0275
2024-04-26 01:52:23 INFO     	 Epoch 116 | average valid loss: 0.0173
2024-04-26 01:54:20 INFO     	 valid MR: 1751.57 | MRR: 0.550 | H@1: 0.497 | H@3: 0.573 | H@10: 0.655
2024-04-26 01:54:51 INFO     	 Epoch 117 | average train loss: 0.0275
2024-04-26 01:54:51 INFO     	 Epoch 117 | average valid loss: 0.0173
2024-04-26 01:55:22 INFO     	 Epoch 118 | average train loss: 0.0275
2024-04-26 01:55:23 INFO     	 Epoch 118 | average valid loss: 0.0173
2024-04-26 01:55:54 INFO     	 Epoch 119 | average train loss: 0.0275
2024-04-26 01:55:54 INFO     	 Epoch 119 | average valid loss: 0.0173
2024-04-26 01:58:20 INFO     	 valid MR: 1724.51 | MRR: 0.551 | H@1: 0.499 | H@3: 0.575 | H@10: 0.656
2024-04-26 01:58:20 INFO     	 Saving model at epoch 119 in ./logs/CHI/04_25/MuRE_23_59_09
2024-04-26 01:58:52 INFO     	 Epoch 120 | average train loss: 0.0275
2024-04-26 01:58:52 INFO     	 Epoch 120 | average valid loss: 0.0172
2024-04-26 01:59:24 INFO     	 Epoch 121 | average train loss: 0.0275
2024-04-26 01:59:24 INFO     	 Epoch 121 | average valid loss: 0.0172
2024-04-26 01:59:55 INFO     	 Epoch 122 | average train loss: 0.0275
2024-04-26 01:59:56 INFO     	 Epoch 122 | average valid loss: 0.0172
2024-04-26 02:01:58 INFO     	 valid MR: 1710.48 | MRR: 0.550 | H@1: 0.497 | H@3: 0.575 | H@10: 0.655
2024-04-26 02:02:29 INFO     	 Epoch 123 | average train loss: 0.0275
2024-04-26 02:02:30 INFO     	 Epoch 123 | average valid loss: 0.0172
2024-04-26 02:03:01 INFO     	 Epoch 124 | average train loss: 0.0275
2024-04-26 02:03:02 INFO     	 Epoch 124 | average valid loss: 0.0172
2024-04-26 02:03:33 INFO     	 Epoch 125 | average train loss: 0.0275
2024-04-26 02:03:34 INFO     	 Epoch 125 | average valid loss: 0.0172
2024-04-26 02:05:48 INFO     	 valid MR: 1719.11 | MRR: 0.552 | H@1: 0.501 | H@3: 0.575 | H@10: 0.655
2024-04-26 02:05:48 INFO     	 Saving model at epoch 125 in ./logs/CHI/04_25/MuRE_23_59_09
2024-04-26 02:06:20 INFO     	 Epoch 126 | average train loss: 0.0274
2024-04-26 02:06:20 INFO     	 Epoch 126 | average valid loss: 0.0172
2024-04-26 02:06:51 INFO     	 Epoch 127 | average train loss: 0.0274
2024-04-26 02:06:51 INFO     	 Epoch 127 | average valid loss: 0.0171
2024-04-26 02:07:23 INFO     	 Epoch 128 | average train loss: 0.0274
2024-04-26 02:07:23 INFO     	 Epoch 128 | average valid loss: 0.0171
2024-04-26 02:09:31 INFO     	 valid MR: 1705.68 | MRR: 0.551 | H@1: 0.499 | H@3: 0.574 | H@10: 0.653
2024-04-26 02:10:02 INFO     	 Epoch 129 | average train loss: 0.0274
2024-04-26 02:10:02 INFO     	 Epoch 129 | average valid loss: 0.0171
2024-04-26 02:10:34 INFO     	 Epoch 130 | average train loss: 0.0274
2024-04-26 02:10:34 INFO     	 Epoch 130 | average valid loss: 0.0171
2024-04-26 02:11:05 INFO     	 Epoch 131 | average train loss: 0.0274
2024-04-26 02:11:06 INFO     	 Epoch 131 | average valid loss: 0.0171
2024-04-26 02:13:49 INFO     	 valid MR: 1677.95 | MRR: 0.552 | H@1: 0.500 | H@3: 0.575 | H@10: 0.653
2024-04-26 02:14:20 INFO     	 Epoch 132 | average train loss: 0.0274
2024-04-26 02:14:21 INFO     	 Epoch 132 | average valid loss: 0.0171
2024-04-26 02:14:52 INFO     	 Epoch 133 | average train loss: 0.0274
2024-04-26 02:14:52 INFO     	 Epoch 133 | average valid loss: 0.0171
2024-04-26 02:15:24 INFO     	 Epoch 134 | average train loss: 0.0274
2024-04-26 02:15:24 INFO     	 Epoch 134 | average valid loss: 0.0171
2024-04-26 02:17:36 INFO     	 valid MR: 1669.24 | MRR: 0.551 | H@1: 0.500 | H@3: 0.572 | H@10: 0.651
2024-04-26 02:18:06 INFO     	 Epoch 135 | average train loss: 0.0274
2024-04-26 02:18:07 INFO     	 Epoch 135 | average valid loss: 0.0171
2024-04-26 02:18:38 INFO     	 Epoch 136 | average train loss: 0.0274
2024-04-26 02:18:38 INFO     	 Epoch 136 | average valid loss: 0.0171
2024-04-26 02:19:10 INFO     	 Epoch 137 | average train loss: 0.0274
2024-04-26 02:19:10 INFO     	 Epoch 137 | average valid loss: 0.0171
2024-04-26 02:21:23 INFO     	 valid MR: 1662.50 | MRR: 0.552 | H@1: 0.501 | H@3: 0.574 | H@10: 0.653
2024-04-26 02:21:54 INFO     	 Epoch 138 | average train loss: 0.0274
2024-04-26 02:21:55 INFO     	 Epoch 138 | average valid loss: 0.0171
2024-04-26 02:22:26 INFO     	 Epoch 139 | average train loss: 0.0274
2024-04-26 02:22:26 INFO     	 Epoch 139 | average valid loss: 0.0171
2024-04-26 02:22:57 INFO     	 Epoch 140 | average train loss: 0.0274
2024-04-26 02:22:58 INFO     	 Epoch 140 | average valid loss: 0.0171
2024-04-26 02:25:48 INFO     	 valid MR: 1642.50 | MRR: 0.552 | H@1: 0.501 | H@3: 0.572 | H@10: 0.652
2024-04-26 02:26:18 INFO     	 Epoch 141 | average train loss: 0.0274
2024-04-26 02:26:19 INFO     	 Epoch 141 | average valid loss: 0.0171
2024-04-26 02:26:50 INFO     	 Epoch 142 | average train loss: 0.0274
2024-04-26 02:26:50 INFO     	 Epoch 142 | average valid loss: 0.0170
2024-04-26 02:27:22 INFO     	 Epoch 143 | average train loss: 0.0274
2024-04-26 02:27:22 INFO     	 Epoch 143 | average valid loss: 0.0170
2024-04-26 02:29:41 INFO     	 valid MR: 1630.19 | MRR: 0.552 | H@1: 0.502 | H@3: 0.572 | H@10: 0.651
2024-04-26 02:30:12 INFO     	 Epoch 144 | average train loss: 0.0274
2024-04-26 02:30:12 INFO     	 Epoch 144 | average valid loss: 0.0170
2024-04-26 02:30:43 INFO     	 Epoch 145 | average train loss: 0.0274
2024-04-26 02:30:44 INFO     	 Epoch 145 | average valid loss: 0.0170
2024-04-26 02:31:15 INFO     	 Epoch 146 | average train loss: 0.0274
2024-04-26 02:31:15 INFO     	 Epoch 146 | average valid loss: 0.0170
2024-04-26 02:33:40 INFO     	 valid MR: 1635.06 | MRR: 0.553 | H@1: 0.504 | H@3: 0.571 | H@10: 0.651
2024-04-26 02:33:40 INFO     	 Saving model at epoch 146 in ./logs/CHI/04_25/MuRE_23_59_09
2024-04-26 02:34:12 INFO     	 Epoch 147 | average train loss: 0.0274
2024-04-26 02:34:13 INFO     	 Epoch 147 | average valid loss: 0.0170
2024-04-26 02:34:44 INFO     	 Epoch 148 | average train loss: 0.0274
2024-04-26 02:34:45 INFO     	 Epoch 148 | average valid loss: 0.0170
2024-04-26 02:35:16 INFO     	 Epoch 149 | average train loss: 0.0274
2024-04-26 02:35:16 INFO     	 Epoch 149 | average valid loss: 0.0170
2024-04-26 02:38:20 INFO     	 valid MR: 1620.39 | MRR: 0.552 | H@1: 0.503 | H@3: 0.572 | H@10: 0.649
2024-04-26 02:38:51 INFO     	 Epoch 150 | average train loss: 0.0273
2024-04-26 02:38:51 INFO     	 Epoch 150 | average valid loss: 0.0170
2024-04-26 02:39:23 INFO     	 Epoch 151 | average train loss: 0.0273
2024-04-26 02:39:23 INFO     	 Epoch 151 | average valid loss: 0.0170
2024-04-26 02:39:54 INFO     	 Epoch 152 | average train loss: 0.0273
2024-04-26 02:39:55 INFO     	 Epoch 152 | average valid loss: 0.0170
2024-04-26 02:42:20 INFO     	 valid MR: 1618.27 | MRR: 0.550 | H@1: 0.501 | H@3: 0.569 | H@10: 0.647
2024-04-26 02:42:51 INFO     	 Epoch 153 | average train loss: 0.0273
2024-04-26 02:42:51 INFO     	 Epoch 153 | average valid loss: 0.0170
2024-04-26 02:43:22 INFO     	 Epoch 154 | average train loss: 0.0273
2024-04-26 02:43:23 INFO     	 Epoch 154 | average valid loss: 0.0170
2024-04-26 02:43:54 INFO     	 Epoch 155 | average train loss: 0.0273
2024-04-26 02:43:54 INFO     	 Epoch 155 | average valid loss: 0.0170
2024-04-26 02:46:24 INFO     	 valid MR: 1625.06 | MRR: 0.550 | H@1: 0.502 | H@3: 0.569 | H@10: 0.646
2024-04-26 02:46:55 INFO     	 Epoch 156 | average train loss: 0.0273
2024-04-26 02:46:55 INFO     	 Epoch 156 | average valid loss: 0.0170
2024-04-26 02:47:27 INFO     	 Epoch 157 | average train loss: 0.0273
2024-04-26 02:47:27 INFO     	 Epoch 157 | average valid loss: 0.0170
2024-04-26 02:47:58 INFO     	 Epoch 158 | average train loss: 0.0273
2024-04-26 02:47:59 INFO     	 Epoch 158 | average valid loss: 0.0170
2024-04-26 02:50:30 INFO     	 valid MR: 1621.27 | MRR: 0.550 | H@1: 0.502 | H@3: 0.569 | H@10: 0.644
2024-04-26 02:51:01 INFO     	 Epoch 159 | average train loss: 0.0273
2024-04-26 02:51:01 INFO     	 Epoch 159 | average valid loss: 0.0170
2024-04-26 02:51:32 INFO     	 Epoch 160 | average train loss: 0.0273
2024-04-26 02:51:33 INFO     	 Epoch 160 | average valid loss: 0.0170
2024-04-26 02:52:04 INFO     	 Epoch 161 | average train loss: 0.0273
2024-04-26 02:52:04 INFO     	 Epoch 161 | average valid loss: 0.0170
2024-04-26 02:55:20 INFO     	 valid MR: 1606.61 | MRR: 0.548 | H@1: 0.500 | H@3: 0.568 | H@10: 0.644
2024-04-26 02:55:51 INFO     	 Epoch 162 | average train loss: 0.0273
2024-04-26 02:55:52 INFO     	 Epoch 162 | average valid loss: 0.0170
2024-04-26 02:56:23 INFO     	 Epoch 163 | average train loss: 0.0273
2024-04-26 02:56:23 INFO     	 Epoch 163 | average valid loss: 0.0170
2024-04-26 02:56:54 INFO     	 Epoch 164 | average train loss: 0.0273
2024-04-26 02:56:55 INFO     	 Epoch 164 | average valid loss: 0.0170
2024-04-26 03:00:13 INFO     	 valid MR: 1610.58 | MRR: 0.548 | H@1: 0.500 | H@3: 0.567 | H@10: 0.644
2024-04-26 03:00:45 INFO     	 Epoch 165 | average train loss: 0.0273
2024-04-26 03:00:45 INFO     	 Epoch 165 | average valid loss: 0.0170
2024-04-26 03:01:17 INFO     	 Epoch 166 | average train loss: 0.0273
2024-04-26 03:01:17 INFO     	 Epoch 166 | average valid loss: 0.0170
2024-04-26 03:01:49 INFO     	 Epoch 167 | average train loss: 0.0273
2024-04-26 03:01:49 INFO     	 Epoch 167 | average valid loss: 0.0170
2024-04-26 03:04:31 INFO     	 valid MR: 1604.38 | MRR: 0.546 | H@1: 0.497 | H@3: 0.565 | H@10: 0.641
2024-04-26 03:05:02 INFO     	 Epoch 168 | average train loss: 0.0273
2024-04-26 03:05:03 INFO     	 Epoch 168 | average valid loss: 0.0170
2024-04-26 03:05:35 INFO     	 Epoch 169 | average train loss: 0.0273
2024-04-26 03:05:35 INFO     	 Epoch 169 | average valid loss: 0.0170
2024-04-26 03:06:07 INFO     	 Epoch 170 | average train loss: 0.0273
2024-04-26 03:06:07 INFO     	 Epoch 170 | average valid loss: 0.0170
2024-04-26 03:09:32 INFO     	 valid MR: 1605.59 | MRR: 0.549 | H@1: 0.502 | H@3: 0.566 | H@10: 0.641
2024-04-26 03:10:03 INFO     	 Epoch 171 | average train loss: 0.0273
2024-04-26 03:10:03 INFO     	 Epoch 171 | average valid loss: 0.0170
2024-04-26 03:10:34 INFO     	 Epoch 172 | average train loss: 0.0273
2024-04-26 03:10:35 INFO     	 Epoch 172 | average valid loss: 0.0170
2024-04-26 03:11:06 INFO     	 Epoch 173 | average train loss: 0.0273
2024-04-26 03:11:07 INFO     	 Epoch 173 | average valid loss: 0.0170
2024-04-26 03:13:47 INFO     	 valid MR: 1588.14 | MRR: 0.548 | H@1: 0.502 | H@3: 0.566 | H@10: 0.642
2024-04-26 03:14:18 INFO     	 Epoch 174 | average train loss: 0.0273
2024-04-26 03:14:18 INFO     	 Epoch 174 | average valid loss: 0.0169
2024-04-26 03:14:49 INFO     	 Epoch 175 | average train loss: 0.0273
2024-04-26 03:14:50 INFO     	 Epoch 175 | average valid loss: 0.0170
2024-04-26 03:15:21 INFO     	 Epoch 176 | average train loss: 0.0273
2024-04-26 03:15:21 INFO     	 Epoch 176 | average valid loss: 0.0170
2024-04-26 03:18:53 INFO     	 valid MR: 1586.67 | MRR: 0.548 | H@1: 0.501 | H@3: 0.566 | H@10: 0.642
2024-04-26 03:18:53 INFO     	 Early stopping
2024-04-26 03:18:53 INFO     	 Optimization finished
2024-04-26 03:18:53 INFO     	 Loading best model saved at epoch 146
2024-04-26 03:21:41 INFO     	 valid MR: 1635.06 | MRR: 0.553 | H@1: 0.504 | H@3: 0.571 | H@10: 0.651
2024-04-26 03:24:29 INFO     	 test MR: 1636.10 | MRR: 0.547 | H@1: 0.497 | H@3: 0.566 | H@10: 0.644
