2024-04-28 08:57:40 INFO     Saving logs in: ./logs/CHI/04_28/RefE_08_57_40
2024-04-28 08:57:42 INFO     	 (140602, 26, 140602)
2024-04-28 08:57:43 INFO     Total number of parameters 4782132
2024-04-28 08:57:44 INFO     	 Start training
2024-04-28 08:58:15 INFO     	 Epoch 0 | average train loss: 0.0814
2024-04-28 08:58:16 INFO     	 Epoch 0 | average valid loss: 0.0429
2024-04-28 08:58:47 INFO     	 Epoch 1 | average train loss: 0.0598
2024-04-28 08:58:47 INFO     	 Epoch 1 | average valid loss: 0.0407
2024-04-28 08:59:19 INFO     	 Epoch 2 | average train loss: 0.0566
2024-04-28 08:59:19 INFO     	 Epoch 2 | average valid loss: 0.0399
2024-04-28 08:59:56 INFO     	 valid MR: 21562.70 | MRR: 0.121 | H@1: 0.053 | H@3: 0.151 | H@10: 0.266
2024-04-28 08:59:56 INFO     	 Saving model at epoch 2 in ./logs/CHI/04_28/RefE_08_57_40
2024-04-28 09:00:28 INFO     	 Epoch 3 | average train loss: 0.0551
2024-04-28 09:00:28 INFO     	 Epoch 3 | average valid loss: 0.0396
2024-04-28 09:01:00 INFO     	 Epoch 4 | average train loss: 0.0542
2024-04-28 09:01:00 INFO     	 Epoch 4 | average valid loss: 0.0395
2024-04-28 09:01:32 INFO     	 Epoch 5 | average train loss: 0.0534
2024-04-28 09:01:32 INFO     	 Epoch 5 | average valid loss: 0.0396
2024-04-28 09:02:10 INFO     	 valid MR: 21409.62 | MRR: 0.131 | H@1: 0.064 | H@3: 0.161 | H@10: 0.270
2024-04-28 09:02:10 INFO     	 Saving model at epoch 5 in ./logs/CHI/04_28/RefE_08_57_40
2024-04-28 09:02:42 INFO     	 Epoch 6 | average train loss: 0.0528
2024-04-28 09:02:43 INFO     	 Epoch 6 | average valid loss: 0.0397
2024-04-28 09:03:14 INFO     	 Epoch 7 | average train loss: 0.0523
2024-04-28 09:03:14 INFO     	 Epoch 7 | average valid loss: 0.0399
2024-04-28 09:03:46 INFO     	 Epoch 8 | average train loss: 0.0518
2024-04-28 09:03:47 INFO     	 Epoch 8 | average valid loss: 0.0402
2024-04-28 09:04:27 INFO     	 valid MR: 20362.72 | MRR: 0.147 | H@1: 0.080 | H@3: 0.183 | H@10: 0.279
2024-04-28 09:04:27 INFO     	 Saving model at epoch 8 in ./logs/CHI/04_28/RefE_08_57_40
2024-04-28 09:04:59 INFO     	 Epoch 9 | average train loss: 0.0513
2024-04-28 09:04:59 INFO     	 Epoch 9 | average valid loss: 0.0404
2024-04-28 09:05:31 INFO     	 Epoch 10 | average train loss: 0.0508
2024-04-28 09:05:31 INFO     	 Epoch 10 | average valid loss: 0.0407
2024-04-28 09:06:03 INFO     	 Epoch 11 | average train loss: 0.0504
2024-04-28 09:06:03 INFO     	 Epoch 11 | average valid loss: 0.0410
2024-04-28 09:06:45 INFO     	 valid MR: 18224.12 | MRR: 0.167 | H@1: 0.102 | H@3: 0.207 | H@10: 0.290
2024-04-28 09:06:45 INFO     	 Saving model at epoch 11 in ./logs/CHI/04_28/RefE_08_57_40
2024-04-28 09:07:17 INFO     	 Epoch 12 | average train loss: 0.0499
2024-04-28 09:07:17 INFO     	 Epoch 12 | average valid loss: 0.0413
2024-04-28 09:07:49 INFO     	 Epoch 13 | average train loss: 0.0493
2024-04-28 09:07:49 INFO     	 Epoch 13 | average valid loss: 0.0417
2024-04-28 09:08:21 INFO     	 Epoch 14 | average train loss: 0.0487
2024-04-28 09:08:21 INFO     	 Epoch 14 | average valid loss: 0.0420
2024-04-28 09:09:03 INFO     	 valid MR: 14528.71 | MRR: 0.188 | H@1: 0.125 | H@3: 0.227 | H@10: 0.303
2024-04-28 09:09:03 INFO     	 Saving model at epoch 14 in ./logs/CHI/04_28/RefE_08_57_40
2024-04-28 09:09:35 INFO     	 Epoch 15 | average train loss: 0.0481
2024-04-28 09:09:35 INFO     	 Epoch 15 | average valid loss: 0.0423
2024-04-28 09:10:07 INFO     	 Epoch 16 | average train loss: 0.0475
2024-04-28 09:10:07 INFO     	 Epoch 16 | average valid loss: 0.0426
2024-04-28 09:10:39 INFO     	 Epoch 17 | average train loss: 0.0469
2024-04-28 09:10:39 INFO     	 Epoch 17 | average valid loss: 0.0428
2024-04-28 09:11:23 INFO     	 valid MR: 10840.57 | MRR: 0.205 | H@1: 0.145 | H@3: 0.240 | H@10: 0.317
2024-04-28 09:11:23 INFO     	 Saving model at epoch 17 in ./logs/CHI/04_28/RefE_08_57_40
2024-04-28 09:11:55 INFO     	 Epoch 18 | average train loss: 0.0463
2024-04-28 09:11:56 INFO     	 Epoch 18 | average valid loss: 0.0431
2024-04-28 09:12:27 INFO     	 Epoch 19 | average train loss: 0.0458
2024-04-28 09:12:28 INFO     	 Epoch 19 | average valid loss: 0.0433
2024-04-28 09:12:59 INFO     	 Epoch 20 | average train loss: 0.0452
2024-04-28 09:13:00 INFO     	 Epoch 20 | average valid loss: 0.0435
2024-04-28 09:13:47 INFO     	 valid MR: 8334.68 | MRR: 0.218 | H@1: 0.161 | H@3: 0.250 | H@10: 0.328
2024-04-28 09:13:47 INFO     	 Saving model at epoch 20 in ./logs/CHI/04_28/RefE_08_57_40
2024-04-28 09:14:19 INFO     	 Epoch 21 | average train loss: 0.0447
2024-04-28 09:14:20 INFO     	 Epoch 21 | average valid loss: 0.0437
2024-04-28 09:14:51 INFO     	 Epoch 22 | average train loss: 0.0442
2024-04-28 09:14:52 INFO     	 Epoch 22 | average valid loss: 0.0438
2024-04-28 09:15:23 INFO     	 Epoch 23 | average train loss: 0.0437
2024-04-28 09:15:24 INFO     	 Epoch 23 | average valid loss: 0.0439
2024-04-28 09:16:10 INFO     	 valid MR: 6850.26 | MRR: 0.229 | H@1: 0.174 | H@3: 0.259 | H@10: 0.339
2024-04-28 09:16:10 INFO     	 Saving model at epoch 23 in ./logs/CHI/04_28/RefE_08_57_40
2024-04-28 09:16:42 INFO     	 Epoch 24 | average train loss: 0.0433
2024-04-28 09:16:42 INFO     	 Epoch 24 | average valid loss: 0.0441
2024-04-28 09:17:14 INFO     	 Epoch 25 | average train loss: 0.0429
2024-04-28 09:17:14 INFO     	 Epoch 25 | average valid loss: 0.0442
2024-04-28 09:17:46 INFO     	 Epoch 26 | average train loss: 0.0425
2024-04-28 09:17:46 INFO     	 Epoch 26 | average valid loss: 0.0443
2024-04-28 09:18:34 INFO     	 valid MR: 5872.66 | MRR: 0.240 | H@1: 0.186 | H@3: 0.267 | H@10: 0.351
2024-04-28 09:18:34 INFO     	 Saving model at epoch 26 in ./logs/CHI/04_28/RefE_08_57_40
2024-04-28 09:19:06 INFO     	 Epoch 27 | average train loss: 0.0422
2024-04-28 09:19:06 INFO     	 Epoch 27 | average valid loss: 0.0444
2024-04-28 09:19:38 INFO     	 Epoch 28 | average train loss: 0.0418
2024-04-28 09:19:38 INFO     	 Epoch 28 | average valid loss: 0.0445
2024-04-28 09:20:10 INFO     	 Epoch 29 | average train loss: 0.0415
2024-04-28 09:20:10 INFO     	 Epoch 29 | average valid loss: 0.0445
2024-04-28 09:21:02 INFO     	 valid MR: 5202.20 | MRR: 0.251 | H@1: 0.196 | H@3: 0.277 | H@10: 0.365
2024-04-28 09:21:02 INFO     	 Saving model at epoch 29 in ./logs/CHI/04_28/RefE_08_57_40
2024-04-28 09:21:34 INFO     	 Epoch 30 | average train loss: 0.0412
2024-04-28 09:21:35 INFO     	 Epoch 30 | average valid loss: 0.0446
2024-04-28 09:22:06 INFO     	 Epoch 31 | average train loss: 0.0410
2024-04-28 09:22:06 INFO     	 Epoch 31 | average valid loss: 0.0447
2024-04-28 09:22:38 INFO     	 Epoch 32 | average train loss: 0.0407
2024-04-28 09:22:38 INFO     	 Epoch 32 | average valid loss: 0.0448
2024-04-28 09:23:31 INFO     	 valid MR: 4722.36 | MRR: 0.264 | H@1: 0.208 | H@3: 0.291 | H@10: 0.381
2024-04-28 09:23:31 INFO     	 Saving model at epoch 32 in ./logs/CHI/04_28/RefE_08_57_40
2024-04-28 09:24:03 INFO     	 Epoch 33 | average train loss: 0.0405
2024-04-28 09:24:03 INFO     	 Epoch 33 | average valid loss: 0.0448
2024-04-28 09:24:35 INFO     	 Epoch 34 | average train loss: 0.0402
2024-04-28 09:24:35 INFO     	 Epoch 34 | average valid loss: 0.0448
2024-04-28 09:25:07 INFO     	 Epoch 35 | average train loss: 0.0400
2024-04-28 09:25:07 INFO     	 Epoch 35 | average valid loss: 0.0449
2024-04-28 09:26:01 INFO     	 valid MR: 4407.25 | MRR: 0.279 | H@1: 0.219 | H@3: 0.308 | H@10: 0.399
2024-04-28 09:26:01 INFO     	 Saving model at epoch 35 in ./logs/CHI/04_28/RefE_08_57_40
2024-04-28 09:26:33 INFO     	 Epoch 36 | average train loss: 0.0398
2024-04-28 09:26:34 INFO     	 Epoch 36 | average valid loss: 0.0449
2024-04-28 09:27:05 INFO     	 Epoch 37 | average train loss: 0.0397
2024-04-28 09:27:06 INFO     	 Epoch 37 | average valid loss: 0.0450
2024-04-28 09:27:37 INFO     	 Epoch 38 | average train loss: 0.0395
2024-04-28 09:27:37 INFO     	 Epoch 38 | average valid loss: 0.0450
2024-04-28 09:28:39 INFO     	 valid MR: 4172.20 | MRR: 0.294 | H@1: 0.233 | H@3: 0.323 | H@10: 0.419
2024-04-28 09:28:39 INFO     	 Saving model at epoch 38 in ./logs/CHI/04_28/RefE_08_57_40
2024-04-28 09:29:11 INFO     	 Epoch 39 | average train loss: 0.0393
2024-04-28 09:29:11 INFO     	 Epoch 39 | average valid loss: 0.0451
2024-04-28 09:29:43 INFO     	 Epoch 40 | average train loss: 0.0392
2024-04-28 09:29:43 INFO     	 Epoch 40 | average valid loss: 0.0451
2024-04-28 09:30:15 INFO     	 Epoch 41 | average train loss: 0.0391
2024-04-28 09:30:15 INFO     	 Epoch 41 | average valid loss: 0.0452
2024-04-28 09:31:10 INFO     	 valid MR: 3994.09 | MRR: 0.309 | H@1: 0.245 | H@3: 0.341 | H@10: 0.437
2024-04-28 09:31:10 INFO     	 Saving model at epoch 41 in ./logs/CHI/04_28/RefE_08_57_40
2024-04-28 09:31:42 INFO     	 Epoch 42 | average train loss: 0.0389
2024-04-28 09:31:43 INFO     	 Epoch 42 | average valid loss: 0.0452
2024-04-28 09:32:14 INFO     	 Epoch 43 | average train loss: 0.0388
2024-04-28 09:32:15 INFO     	 Epoch 43 | average valid loss: 0.0452
2024-04-28 09:32:46 INFO     	 Epoch 44 | average train loss: 0.0387
2024-04-28 09:32:46 INFO     	 Epoch 44 | average valid loss: 0.0453
2024-04-28 09:33:45 INFO     	 valid MR: 3854.26 | MRR: 0.323 | H@1: 0.257 | H@3: 0.359 | H@10: 0.452
2024-04-28 09:33:45 INFO     	 Saving model at epoch 44 in ./logs/CHI/04_28/RefE_08_57_40
2024-04-28 09:34:17 INFO     	 Epoch 45 | average train loss: 0.0386
2024-04-28 09:34:18 INFO     	 Epoch 45 | average valid loss: 0.0453
2024-04-28 09:34:49 INFO     	 Epoch 46 | average train loss: 0.0385
2024-04-28 09:34:50 INFO     	 Epoch 46 | average valid loss: 0.0454
2024-04-28 09:35:21 INFO     	 Epoch 47 | average train loss: 0.0383
2024-04-28 09:35:22 INFO     	 Epoch 47 | average valid loss: 0.0454
2024-04-28 09:36:22 INFO     	 valid MR: 3744.36 | MRR: 0.333 | H@1: 0.268 | H@3: 0.368 | H@10: 0.461
2024-04-28 09:36:22 INFO     	 Saving model at epoch 47 in ./logs/CHI/04_28/RefE_08_57_40
2024-04-28 09:36:54 INFO     	 Epoch 48 | average train loss: 0.0382
2024-04-28 09:36:55 INFO     	 Epoch 48 | average valid loss: 0.0454
2024-04-28 09:37:26 INFO     	 Epoch 49 | average train loss: 0.0382
2024-04-28 09:37:26 INFO     	 Epoch 49 | average valid loss: 0.0454
2024-04-28 09:37:58 INFO     	 Epoch 50 | average train loss: 0.0381
2024-04-28 09:37:58 INFO     	 Epoch 50 | average valid loss: 0.0455
2024-04-28 09:38:59 INFO     	 valid MR: 3632.01 | MRR: 0.341 | H@1: 0.275 | H@3: 0.377 | H@10: 0.470
2024-04-28 09:38:59 INFO     	 Saving model at epoch 50 in ./logs/CHI/04_28/RefE_08_57_40
2024-04-28 09:39:31 INFO     	 Epoch 51 | average train loss: 0.0380
2024-04-28 09:39:31 INFO     	 Epoch 51 | average valid loss: 0.0455
2024-04-28 09:40:03 INFO     	 Epoch 52 | average train loss: 0.0379
2024-04-28 09:40:04 INFO     	 Epoch 52 | average valid loss: 0.0455
2024-04-28 09:40:35 INFO     	 Epoch 53 | average train loss: 0.0378
2024-04-28 09:40:36 INFO     	 Epoch 53 | average valid loss: 0.0456
2024-04-28 09:41:38 INFO     	 valid MR: 3531.58 | MRR: 0.348 | H@1: 0.282 | H@3: 0.385 | H@10: 0.477
2024-04-28 09:41:38 INFO     	 Saving model at epoch 53 in ./logs/CHI/04_28/RefE_08_57_40
2024-04-28 09:42:10 INFO     	 Epoch 54 | average train loss: 0.0378
2024-04-28 09:42:10 INFO     	 Epoch 54 | average valid loss: 0.0456
2024-04-28 09:42:42 INFO     	 Epoch 55 | average train loss: 0.0377
2024-04-28 09:42:42 INFO     	 Epoch 55 | average valid loss: 0.0456
2024-04-28 09:43:14 INFO     	 Epoch 56 | average train loss: 0.0376
2024-04-28 09:43:15 INFO     	 Epoch 56 | average valid loss: 0.0456
2024-04-28 09:44:17 INFO     	 valid MR: 3438.20 | MRR: 0.357 | H@1: 0.291 | H@3: 0.392 | H@10: 0.482
2024-04-28 09:44:17 INFO     	 Saving model at epoch 56 in ./logs/CHI/04_28/RefE_08_57_40
2024-04-28 09:44:49 INFO     	 Epoch 57 | average train loss: 0.0376
2024-04-28 09:44:50 INFO     	 Epoch 57 | average valid loss: 0.0456
2024-04-28 09:45:21 INFO     	 Epoch 58 | average train loss: 0.0375
2024-04-28 09:45:22 INFO     	 Epoch 58 | average valid loss: 0.0456
2024-04-28 09:45:53 INFO     	 Epoch 59 | average train loss: 0.0374
2024-04-28 09:45:54 INFO     	 Epoch 59 | average valid loss: 0.0457
2024-04-28 09:46:58 INFO     	 valid MR: 3372.14 | MRR: 0.363 | H@1: 0.298 | H@3: 0.400 | H@10: 0.489
2024-04-28 09:46:58 INFO     	 Saving model at epoch 59 in ./logs/CHI/04_28/RefE_08_57_40
2024-04-28 09:47:30 INFO     	 Epoch 60 | average train loss: 0.0374
2024-04-28 09:47:31 INFO     	 Epoch 60 | average valid loss: 0.0457
2024-04-28 09:48:02 INFO     	 Epoch 61 | average train loss: 0.0373
2024-04-28 09:48:03 INFO     	 Epoch 61 | average valid loss: 0.0458
2024-04-28 09:48:34 INFO     	 Epoch 62 | average train loss: 0.0373
2024-04-28 09:48:35 INFO     	 Epoch 62 | average valid loss: 0.0457
2024-04-28 09:49:40 INFO     	 valid MR: 3302.52 | MRR: 0.367 | H@1: 0.302 | H@3: 0.403 | H@10: 0.490
2024-04-28 09:49:40 INFO     	 Saving model at epoch 62 in ./logs/CHI/04_28/RefE_08_57_40
2024-04-28 09:50:12 INFO     	 Epoch 63 | average train loss: 0.0372
2024-04-28 09:50:13 INFO     	 Epoch 63 | average valid loss: 0.0458
2024-04-28 09:50:44 INFO     	 Epoch 64 | average train loss: 0.0371
2024-04-28 09:50:45 INFO     	 Epoch 64 | average valid loss: 0.0457
2024-04-28 09:51:16 INFO     	 Epoch 65 | average train loss: 0.0371
2024-04-28 09:51:17 INFO     	 Epoch 65 | average valid loss: 0.0458
2024-04-28 09:52:24 INFO     	 valid MR: 3248.91 | MRR: 0.373 | H@1: 0.309 | H@3: 0.408 | H@10: 0.495
2024-04-28 09:52:24 INFO     	 Saving model at epoch 65 in ./logs/CHI/04_28/RefE_08_57_40
2024-04-28 09:52:56 INFO     	 Epoch 66 | average train loss: 0.0371
2024-04-28 09:52:57 INFO     	 Epoch 66 | average valid loss: 0.0458
2024-04-28 09:53:28 INFO     	 Epoch 67 | average train loss: 0.0370
2024-04-28 09:53:29 INFO     	 Epoch 67 | average valid loss: 0.0458
2024-04-28 09:54:00 INFO     	 Epoch 68 | average train loss: 0.0370
2024-04-28 09:54:01 INFO     	 Epoch 68 | average valid loss: 0.0458
2024-04-28 09:55:23 INFO     	 valid MR: 3189.10 | MRR: 0.376 | H@1: 0.312 | H@3: 0.412 | H@10: 0.497
2024-04-28 09:55:23 INFO     	 Saving model at epoch 68 in ./logs/CHI/04_28/RefE_08_57_40
2024-04-28 09:55:55 INFO     	 Epoch 69 | average train loss: 0.0369
2024-04-28 09:55:56 INFO     	 Epoch 69 | average valid loss: 0.0458
2024-04-28 09:56:27 INFO     	 Epoch 70 | average train loss: 0.0369
2024-04-28 09:56:27 INFO     	 Epoch 70 | average valid loss: 0.0458
2024-04-28 09:56:59 INFO     	 Epoch 71 | average train loss: 0.0368
2024-04-28 09:56:59 INFO     	 Epoch 71 | average valid loss: 0.0458
2024-04-28 09:58:21 INFO     	 valid MR: 3123.96 | MRR: 0.381 | H@1: 0.317 | H@3: 0.416 | H@10: 0.502
2024-04-28 09:58:21 INFO     	 Saving model at epoch 71 in ./logs/CHI/04_28/RefE_08_57_40
2024-04-28 09:58:53 INFO     	 Epoch 72 | average train loss: 0.0368
2024-04-28 09:58:53 INFO     	 Epoch 72 | average valid loss: 0.0458
2024-04-28 09:59:25 INFO     	 Epoch 73 | average train loss: 0.0367
2024-04-28 09:59:26 INFO     	 Epoch 73 | average valid loss: 0.0458
2024-04-28 09:59:57 INFO     	 Epoch 74 | average train loss: 0.0367
2024-04-28 09:59:58 INFO     	 Epoch 74 | average valid loss: 0.0458
2024-04-28 10:01:24 INFO     	 valid MR: 3093.07 | MRR: 0.384 | H@1: 0.321 | H@3: 0.419 | H@10: 0.504
2024-04-28 10:01:24 INFO     	 Saving model at epoch 74 in ./logs/CHI/04_28/RefE_08_57_40
2024-04-28 10:01:56 INFO     	 Epoch 75 | average train loss: 0.0367
2024-04-28 10:01:57 INFO     	 Epoch 75 | average valid loss: 0.0458
2024-04-28 10:02:28 INFO     	 Epoch 76 | average train loss: 0.0366
2024-04-28 10:02:29 INFO     	 Epoch 76 | average valid loss: 0.0458
2024-04-28 10:03:00 INFO     	 Epoch 77 | average train loss: 0.0366
2024-04-28 10:03:01 INFO     	 Epoch 77 | average valid loss: 0.0458
2024-04-28 10:04:31 INFO     	 valid MR: 3050.90 | MRR: 0.390 | H@1: 0.328 | H@3: 0.424 | H@10: 0.507
2024-04-28 10:04:31 INFO     	 Saving model at epoch 77 in ./logs/CHI/04_28/RefE_08_57_40
2024-04-28 10:05:03 INFO     	 Epoch 78 | average train loss: 0.0365
2024-04-28 10:05:04 INFO     	 Epoch 78 | average valid loss: 0.0458
2024-04-28 10:05:35 INFO     	 Epoch 79 | average train loss: 0.0365
2024-04-28 10:05:36 INFO     	 Epoch 79 | average valid loss: 0.0459
2024-04-28 10:06:08 INFO     	 Epoch 80 | average train loss: 0.0365
2024-04-28 10:06:08 INFO     	 Epoch 80 | average valid loss: 0.0458
2024-04-28 10:07:42 INFO     	 valid MR: 3016.15 | MRR: 0.393 | H@1: 0.331 | H@3: 0.426 | H@10: 0.510
2024-04-28 10:07:42 INFO     	 Saving model at epoch 80 in ./logs/CHI/04_28/RefE_08_57_40
2024-04-28 10:08:14 INFO     	 Epoch 81 | average train loss: 0.0364
2024-04-28 10:08:15 INFO     	 Epoch 81 | average valid loss: 0.0459
2024-04-28 10:08:46 INFO     	 Epoch 82 | average train loss: 0.0364
2024-04-28 10:08:47 INFO     	 Epoch 82 | average valid loss: 0.0458
2024-04-28 10:09:18 INFO     	 Epoch 83 | average train loss: 0.0364
2024-04-28 10:09:19 INFO     	 Epoch 83 | average valid loss: 0.0458
2024-04-28 10:10:57 INFO     	 valid MR: 2993.12 | MRR: 0.395 | H@1: 0.333 | H@3: 0.429 | H@10: 0.513
2024-04-28 10:10:57 INFO     	 Saving model at epoch 83 in ./logs/CHI/04_28/RefE_08_57_40
2024-04-28 10:11:30 INFO     	 Epoch 84 | average train loss: 0.0363
2024-04-28 10:11:30 INFO     	 Epoch 84 | average valid loss: 0.0459
2024-04-28 10:12:02 INFO     	 Epoch 85 | average train loss: 0.0363
2024-04-28 10:12:02 INFO     	 Epoch 85 | average valid loss: 0.0458
2024-04-28 10:12:33 INFO     	 Epoch 86 | average train loss: 0.0363
2024-04-28 10:12:34 INFO     	 Epoch 86 | average valid loss: 0.0458
2024-04-28 10:14:14 INFO     	 valid MR: 2947.67 | MRR: 0.401 | H@1: 0.340 | H@3: 0.433 | H@10: 0.516
2024-04-28 10:14:14 INFO     	 Saving model at epoch 86 in ./logs/CHI/04_28/RefE_08_57_40
2024-04-28 10:14:46 INFO     	 Epoch 87 | average train loss: 0.0363
2024-04-28 10:14:47 INFO     	 Epoch 87 | average valid loss: 0.0459
2024-04-28 10:15:18 INFO     	 Epoch 88 | average train loss: 0.0362
2024-04-28 10:15:19 INFO     	 Epoch 88 | average valid loss: 0.0458
2024-04-28 10:15:50 INFO     	 Epoch 89 | average train loss: 0.0362
2024-04-28 10:15:51 INFO     	 Epoch 89 | average valid loss: 0.0458
2024-04-28 10:17:34 INFO     	 valid MR: 2917.29 | MRR: 0.405 | H@1: 0.344 | H@3: 0.436 | H@10: 0.519
2024-04-28 10:17:34 INFO     	 Saving model at epoch 89 in ./logs/CHI/04_28/RefE_08_57_40
2024-04-28 10:18:06 INFO     	 Epoch 90 | average train loss: 0.0362
2024-04-28 10:18:06 INFO     	 Epoch 90 | average valid loss: 0.0458
2024-04-28 10:18:38 INFO     	 Epoch 91 | average train loss: 0.0362
2024-04-28 10:18:38 INFO     	 Epoch 91 | average valid loss: 0.0458
2024-04-28 10:19:10 INFO     	 Epoch 92 | average train loss: 0.0361
2024-04-28 10:19:10 INFO     	 Epoch 92 | average valid loss: 0.0458
2024-04-28 10:20:40 INFO     	 valid MR: 2896.84 | MRR: 0.408 | H@1: 0.347 | H@3: 0.439 | H@10: 0.521
2024-04-28 10:20:40 INFO     	 Saving model at epoch 92 in ./logs/CHI/04_28/RefE_08_57_40
2024-04-28 10:21:11 INFO     	 Epoch 93 | average train loss: 0.0361
2024-04-28 10:21:12 INFO     	 Epoch 93 | average valid loss: 0.0458
2024-04-28 10:21:43 INFO     	 Epoch 94 | average train loss: 0.0361
2024-04-28 10:21:44 INFO     	 Epoch 94 | average valid loss: 0.0458
2024-04-28 10:22:15 INFO     	 Epoch 95 | average train loss: 0.0361
2024-04-28 10:22:16 INFO     	 Epoch 95 | average valid loss: 0.0458
2024-04-28 10:23:47 INFO     	 valid MR: 2876.31 | MRR: 0.410 | H@1: 0.350 | H@3: 0.442 | H@10: 0.523
2024-04-28 10:23:47 INFO     	 Saving model at epoch 95 in ./logs/CHI/04_28/RefE_08_57_40
2024-04-28 10:24:19 INFO     	 Epoch 96 | average train loss: 0.0360
2024-04-28 10:24:19 INFO     	 Epoch 96 | average valid loss: 0.0458
2024-04-28 10:24:51 INFO     	 Epoch 97 | average train loss: 0.0360
2024-04-28 10:24:51 INFO     	 Epoch 97 | average valid loss: 0.0458
2024-04-28 10:25:23 INFO     	 Epoch 98 | average train loss: 0.0360
2024-04-28 10:25:23 INFO     	 Epoch 98 | average valid loss: 0.0458
2024-04-28 10:26:55 INFO     	 valid MR: 2850.74 | MRR: 0.415 | H@1: 0.355 | H@3: 0.444 | H@10: 0.526
2024-04-28 10:26:55 INFO     	 Saving model at epoch 98 in ./logs/CHI/04_28/RefE_08_57_40
2024-04-28 10:27:27 INFO     	 Epoch 99 | average train loss: 0.0360
2024-04-28 10:27:28 INFO     	 Epoch 99 | average valid loss: 0.0458
2024-04-28 10:27:59 INFO     	 Epoch 100 | average train loss: 0.0360
2024-04-28 10:28:00 INFO     	 Epoch 100 | average valid loss: 0.0458
2024-04-28 10:28:31 INFO     	 Epoch 101 | average train loss: 0.0359
2024-04-28 10:28:32 INFO     	 Epoch 101 | average valid loss: 0.0457
2024-04-28 10:30:05 INFO     	 valid MR: 2838.46 | MRR: 0.418 | H@1: 0.358 | H@3: 0.447 | H@10: 0.529
2024-04-28 10:30:05 INFO     	 Saving model at epoch 101 in ./logs/CHI/04_28/RefE_08_57_40
2024-04-28 10:30:37 INFO     	 Epoch 102 | average train loss: 0.0359
2024-04-28 10:30:37 INFO     	 Epoch 102 | average valid loss: 0.0458
2024-04-28 10:31:08 INFO     	 Epoch 103 | average train loss: 0.0359
2024-04-28 10:31:09 INFO     	 Epoch 103 | average valid loss: 0.0458
2024-04-28 10:31:40 INFO     	 Epoch 104 | average train loss: 0.0359
2024-04-28 10:31:41 INFO     	 Epoch 104 | average valid loss: 0.0457
2024-04-28 10:33:40 INFO     	 valid MR: 2813.87 | MRR: 0.421 | H@1: 0.362 | H@3: 0.450 | H@10: 0.532
2024-04-28 10:33:40 INFO     	 Saving model at epoch 104 in ./logs/CHI/04_28/RefE_08_57_40
2024-04-28 10:34:12 INFO     	 Epoch 105 | average train loss: 0.0359
2024-04-28 10:34:12 INFO     	 Epoch 105 | average valid loss: 0.0458
2024-04-28 10:34:44 INFO     	 Epoch 106 | average train loss: 0.0358
2024-04-28 10:34:45 INFO     	 Epoch 106 | average valid loss: 0.0457
2024-04-28 10:35:16 INFO     	 Epoch 107 | average train loss: 0.0358
2024-04-28 10:35:17 INFO     	 Epoch 107 | average valid loss: 0.0457
2024-04-28 10:37:13 INFO     	 valid MR: 2793.63 | MRR: 0.424 | H@1: 0.366 | H@3: 0.454 | H@10: 0.534
2024-04-28 10:37:13 INFO     	 Saving model at epoch 107 in ./logs/CHI/04_28/RefE_08_57_40
2024-04-28 10:37:45 INFO     	 Epoch 108 | average train loss: 0.0358
2024-04-28 10:37:46 INFO     	 Epoch 108 | average valid loss: 0.0457
2024-04-28 10:38:17 INFO     	 Epoch 109 | average train loss: 0.0358
2024-04-28 10:38:18 INFO     	 Epoch 109 | average valid loss: 0.0457
2024-04-28 10:38:49 INFO     	 Epoch 110 | average train loss: 0.0358
2024-04-28 10:38:50 INFO     	 Epoch 110 | average valid loss: 0.0457
2024-04-28 10:40:49 INFO     	 valid MR: 2777.56 | MRR: 0.428 | H@1: 0.370 | H@3: 0.457 | H@10: 0.537
2024-04-28 10:40:49 INFO     	 Saving model at epoch 110 in ./logs/CHI/04_28/RefE_08_57_40
2024-04-28 10:41:20 INFO     	 Epoch 111 | average train loss: 0.0358
2024-04-28 10:41:21 INFO     	 Epoch 111 | average valid loss: 0.0457
2024-04-28 10:41:52 INFO     	 Epoch 112 | average train loss: 0.0357
2024-04-28 10:41:53 INFO     	 Epoch 112 | average valid loss: 0.0457
2024-04-28 10:42:25 INFO     	 Epoch 113 | average train loss: 0.0357
2024-04-28 10:42:25 INFO     	 Epoch 113 | average valid loss: 0.0457
2024-04-28 10:44:26 INFO     	 valid MR: 2776.84 | MRR: 0.431 | H@1: 0.374 | H@3: 0.458 | H@10: 0.539
2024-04-28 10:44:26 INFO     	 Saving model at epoch 113 in ./logs/CHI/04_28/RefE_08_57_40
2024-04-28 10:44:58 INFO     	 Epoch 114 | average train loss: 0.0357
2024-04-28 10:44:59 INFO     	 Epoch 114 | average valid loss: 0.0457
2024-04-28 10:45:30 INFO     	 Epoch 115 | average train loss: 0.0357
2024-04-28 10:45:31 INFO     	 Epoch 115 | average valid loss: 0.0456
2024-04-28 10:46:03 INFO     	 Epoch 116 | average train loss: 0.0357
2024-04-28 10:46:03 INFO     	 Epoch 116 | average valid loss: 0.0457
2024-04-28 10:48:06 INFO     	 valid MR: 2751.25 | MRR: 0.434 | H@1: 0.378 | H@3: 0.462 | H@10: 0.542
2024-04-28 10:48:06 INFO     	 Saving model at epoch 116 in ./logs/CHI/04_28/RefE_08_57_40
2024-04-28 10:48:38 INFO     	 Epoch 117 | average train loss: 0.0357
2024-04-28 10:48:39 INFO     	 Epoch 117 | average valid loss: 0.0456
2024-04-28 10:49:10 INFO     	 Epoch 118 | average train loss: 0.0357
2024-04-28 10:49:11 INFO     	 Epoch 118 | average valid loss: 0.0456
2024-04-28 10:49:42 INFO     	 Epoch 119 | average train loss: 0.0356
2024-04-28 10:49:43 INFO     	 Epoch 119 | average valid loss: 0.0456
2024-04-28 10:51:52 INFO     	 valid MR: 2751.22 | MRR: 0.436 | H@1: 0.380 | H@3: 0.462 | H@10: 0.544
2024-04-28 10:51:52 INFO     	 Saving model at epoch 119 in ./logs/CHI/04_28/RefE_08_57_40
2024-04-28 10:52:24 INFO     	 Epoch 120 | average train loss: 0.0356
2024-04-28 10:52:24 INFO     	 Epoch 120 | average valid loss: 0.0456
2024-04-28 10:52:56 INFO     	 Epoch 121 | average train loss: 0.0356
2024-04-28 10:52:56 INFO     	 Epoch 121 | average valid loss: 0.0456
2024-04-28 10:53:28 INFO     	 Epoch 122 | average train loss: 0.0356
2024-04-28 10:53:29 INFO     	 Epoch 122 | average valid loss: 0.0456
2024-04-28 10:55:41 INFO     	 valid MR: 2731.47 | MRR: 0.441 | H@1: 0.386 | H@3: 0.467 | H@10: 0.547
2024-04-28 10:55:41 INFO     	 Saving model at epoch 122 in ./logs/CHI/04_28/RefE_08_57_40
2024-04-28 10:56:13 INFO     	 Epoch 123 | average train loss: 0.0356
2024-04-28 10:56:14 INFO     	 Epoch 123 | average valid loss: 0.0457
2024-04-28 10:56:45 INFO     	 Epoch 124 | average train loss: 0.0356
2024-04-28 10:56:46 INFO     	 Epoch 124 | average valid loss: 0.0456
2024-04-28 10:57:18 INFO     	 Epoch 125 | average train loss: 0.0356
2024-04-28 10:57:18 INFO     	 Epoch 125 | average valid loss: 0.0456
2024-04-28 10:59:34 INFO     	 valid MR: 2724.04 | MRR: 0.444 | H@1: 0.390 | H@3: 0.470 | H@10: 0.549
2024-04-28 10:59:34 INFO     	 Saving model at epoch 125 in ./logs/CHI/04_28/RefE_08_57_40
2024-04-28 11:00:06 INFO     	 Epoch 126 | average train loss: 0.0355
2024-04-28 11:00:06 INFO     	 Epoch 126 | average valid loss: 0.0456
2024-04-28 11:00:38 INFO     	 Epoch 127 | average train loss: 0.0355
2024-04-28 11:00:38 INFO     	 Epoch 127 | average valid loss: 0.0456
2024-04-28 11:01:10 INFO     	 Epoch 128 | average train loss: 0.0355
2024-04-28 11:01:10 INFO     	 Epoch 128 | average valid loss: 0.0455
2024-04-28 11:03:28 INFO     	 valid MR: 2705.43 | MRR: 0.447 | H@1: 0.392 | H@3: 0.472 | H@10: 0.551
2024-04-28 11:03:28 INFO     	 Saving model at epoch 128 in ./logs/CHI/04_28/RefE_08_57_40
2024-04-28 11:04:00 INFO     	 Epoch 129 | average train loss: 0.0355
2024-04-28 11:04:01 INFO     	 Epoch 129 | average valid loss: 0.0455
2024-04-28 11:04:32 INFO     	 Epoch 130 | average train loss: 0.0355
2024-04-28 11:04:32 INFO     	 Epoch 130 | average valid loss: 0.0456
2024-04-28 11:05:04 INFO     	 Epoch 131 | average train loss: 0.0355
2024-04-28 11:05:04 INFO     	 Epoch 131 | average valid loss: 0.0455
2024-04-28 11:07:00 INFO     	 valid MR: 2697.01 | MRR: 0.450 | H@1: 0.396 | H@3: 0.475 | H@10: 0.552
2024-04-28 11:07:00 INFO     	 Saving model at epoch 131 in ./logs/CHI/04_28/RefE_08_57_40
2024-04-28 11:07:33 INFO     	 Epoch 132 | average train loss: 0.0355
2024-04-28 11:07:33 INFO     	 Epoch 132 | average valid loss: 0.0456
2024-04-28 11:08:05 INFO     	 Epoch 133 | average train loss: 0.0355
2024-04-28 11:08:05 INFO     	 Epoch 133 | average valid loss: 0.0455
2024-04-28 11:08:37 INFO     	 Epoch 134 | average train loss: 0.0354
2024-04-28 11:08:37 INFO     	 Epoch 134 | average valid loss: 0.0456
2024-04-28 11:10:33 INFO     	 valid MR: 2689.24 | MRR: 0.450 | H@1: 0.394 | H@3: 0.477 | H@10: 0.553
2024-04-28 11:11:04 INFO     	 Epoch 135 | average train loss: 0.0354
2024-04-28 11:11:04 INFO     	 Epoch 135 | average valid loss: 0.0455
2024-04-28 11:11:36 INFO     	 Epoch 136 | average train loss: 0.0354
2024-04-28 11:11:36 INFO     	 Epoch 136 | average valid loss: 0.0455
2024-04-28 11:12:08 INFO     	 Epoch 137 | average train loss: 0.0354
2024-04-28 11:12:08 INFO     	 Epoch 137 | average valid loss: 0.0455
2024-04-28 11:14:05 INFO     	 valid MR: 2675.31 | MRR: 0.455 | H@1: 0.401 | H@3: 0.480 | H@10: 0.556
2024-04-28 11:14:05 INFO     	 Saving model at epoch 137 in ./logs/CHI/04_28/RefE_08_57_40
2024-04-28 11:14:38 INFO     	 Epoch 138 | average train loss: 0.0354
2024-04-28 11:14:38 INFO     	 Epoch 138 | average valid loss: 0.0455
2024-04-28 11:15:10 INFO     	 Epoch 139 | average train loss: 0.0354
2024-04-28 11:15:10 INFO     	 Epoch 139 | average valid loss: 0.0455
2024-04-28 11:15:42 INFO     	 Epoch 140 | average train loss: 0.0354
2024-04-28 11:15:42 INFO     	 Epoch 140 | average valid loss: 0.0455
2024-04-28 11:18:12 INFO     	 valid MR: 2667.29 | MRR: 0.456 | H@1: 0.404 | H@3: 0.481 | H@10: 0.557
2024-04-28 11:18:12 INFO     	 Saving model at epoch 140 in ./logs/CHI/04_28/RefE_08_57_40
2024-04-28 11:18:44 INFO     	 Epoch 141 | average train loss: 0.0354
2024-04-28 11:18:45 INFO     	 Epoch 141 | average valid loss: 0.0455
2024-04-28 11:19:17 INFO     	 Epoch 142 | average train loss: 0.0354
2024-04-28 11:19:17 INFO     	 Epoch 142 | average valid loss: 0.0455
2024-04-28 11:19:50 INFO     	 Epoch 143 | average train loss: 0.0354
2024-04-28 11:19:51 INFO     	 Epoch 143 | average valid loss: 0.0454
2024-04-28 11:22:28 INFO     	 valid MR: 2656.15 | MRR: 0.459 | H@1: 0.407 | H@3: 0.483 | H@10: 0.559
2024-04-28 11:22:28 INFO     	 Saving model at epoch 143 in ./logs/CHI/04_28/RefE_08_57_40
2024-04-28 11:23:00 INFO     	 Epoch 144 | average train loss: 0.0354
2024-04-28 11:23:01 INFO     	 Epoch 144 | average valid loss: 0.0455
2024-04-28 11:23:32 INFO     	 Epoch 145 | average train loss: 0.0353
2024-04-28 11:23:33 INFO     	 Epoch 145 | average valid loss: 0.0455
2024-04-28 11:24:04 INFO     	 Epoch 146 | average train loss: 0.0353
2024-04-28 11:24:05 INFO     	 Epoch 146 | average valid loss: 0.0454
2024-04-28 11:26:47 INFO     	 valid MR: 2653.27 | MRR: 0.461 | H@1: 0.409 | H@3: 0.485 | H@10: 0.561
2024-04-28 11:26:47 INFO     	 Saving model at epoch 146 in ./logs/CHI/04_28/RefE_08_57_40
2024-04-28 11:27:19 INFO     	 Epoch 147 | average train loss: 0.0353
2024-04-28 11:27:19 INFO     	 Epoch 147 | average valid loss: 0.0454
2024-04-28 11:27:51 INFO     	 Epoch 148 | average train loss: 0.0353
2024-04-28 11:27:51 INFO     	 Epoch 148 | average valid loss: 0.0454
2024-04-28 11:28:23 INFO     	 Epoch 149 | average train loss: 0.0353
2024-04-28 11:28:23 INFO     	 Epoch 149 | average valid loss: 0.0454
2024-04-28 11:31:06 INFO     	 valid MR: 2636.64 | MRR: 0.462 | H@1: 0.410 | H@3: 0.486 | H@10: 0.562
2024-04-28 11:31:06 INFO     	 Saving model at epoch 149 in ./logs/CHI/04_28/RefE_08_57_40
2024-04-28 11:31:39 INFO     	 Epoch 150 | average train loss: 0.0353
2024-04-28 11:31:39 INFO     	 Epoch 150 | average valid loss: 0.0454
2024-04-28 11:32:11 INFO     	 Epoch 151 | average train loss: 0.0353
2024-04-28 11:32:11 INFO     	 Epoch 151 | average valid loss: 0.0454
2024-04-28 11:32:43 INFO     	 Epoch 152 | average train loss: 0.0353
2024-04-28 11:32:43 INFO     	 Epoch 152 | average valid loss: 0.0454
2024-04-28 11:35:31 INFO     	 valid MR: 2639.93 | MRR: 0.466 | H@1: 0.414 | H@3: 0.490 | H@10: 0.564
2024-04-28 11:35:31 INFO     	 Saving model at epoch 152 in ./logs/CHI/04_28/RefE_08_57_40
2024-04-28 11:36:03 INFO     	 Epoch 153 | average train loss: 0.0353
2024-04-28 11:36:04 INFO     	 Epoch 153 | average valid loss: 0.0454
2024-04-28 11:36:35 INFO     	 Epoch 154 | average train loss: 0.0353
2024-04-28 11:36:36 INFO     	 Epoch 154 | average valid loss: 0.0454
2024-04-28 11:37:08 INFO     	 Epoch 155 | average train loss: 0.0352
2024-04-28 11:37:08 INFO     	 Epoch 155 | average valid loss: 0.0454
2024-04-28 11:40:00 INFO     	 valid MR: 2629.82 | MRR: 0.466 | H@1: 0.414 | H@3: 0.491 | H@10: 0.564
2024-04-28 11:40:00 INFO     	 Saving model at epoch 155 in ./logs/CHI/04_28/RefE_08_57_40
2024-04-28 11:40:32 INFO     	 Epoch 156 | average train loss: 0.0352
2024-04-28 11:40:32 INFO     	 Epoch 156 | average valid loss: 0.0454
2024-04-28 11:41:04 INFO     	 Epoch 157 | average train loss: 0.0352
2024-04-28 11:41:04 INFO     	 Epoch 157 | average valid loss: 0.0453
2024-04-28 11:41:36 INFO     	 Epoch 158 | average train loss: 0.0352
2024-04-28 11:41:36 INFO     	 Epoch 158 | average valid loss: 0.0453
2024-04-28 11:44:27 INFO     	 valid MR: 2627.02 | MRR: 0.465 | H@1: 0.410 | H@3: 0.492 | H@10: 0.565
2024-04-28 11:44:58 INFO     	 Epoch 159 | average train loss: 0.0352
2024-04-28 11:44:59 INFO     	 Epoch 159 | average valid loss: 0.0454
2024-04-28 11:45:31 INFO     	 Epoch 160 | average train loss: 0.0352
2024-04-28 11:45:31 INFO     	 Epoch 160 | average valid loss: 0.0453
2024-04-28 11:46:02 INFO     	 Epoch 161 | average train loss: 0.0352
2024-04-28 11:46:03 INFO     	 Epoch 161 | average valid loss: 0.0453
2024-04-28 11:48:59 INFO     	 valid MR: 2606.82 | MRR: 0.467 | H@1: 0.413 | H@3: 0.494 | H@10: 0.567
2024-04-28 11:48:59 INFO     	 Saving model at epoch 161 in ./logs/CHI/04_28/RefE_08_57_40
2024-04-28 11:49:31 INFO     	 Epoch 162 | average train loss: 0.0352
2024-04-28 11:49:32 INFO     	 Epoch 162 | average valid loss: 0.0453
2024-04-28 11:50:04 INFO     	 Epoch 163 | average train loss: 0.0352
2024-04-28 11:50:04 INFO     	 Epoch 163 | average valid loss: 0.0453
2024-04-28 11:50:36 INFO     	 Epoch 164 | average train loss: 0.0352
2024-04-28 11:50:36 INFO     	 Epoch 164 | average valid loss: 0.0453
2024-04-28 11:52:54 INFO     	 valid MR: 2618.40 | MRR: 0.469 | H@1: 0.416 | H@3: 0.495 | H@10: 0.568
2024-04-28 11:52:54 INFO     	 Saving model at epoch 164 in ./logs/CHI/04_28/RefE_08_57_40
2024-04-28 11:53:26 INFO     	 Epoch 165 | average train loss: 0.0352
2024-04-28 11:53:27 INFO     	 Epoch 165 | average valid loss: 0.0453
2024-04-28 11:53:58 INFO     	 Epoch 166 | average train loss: 0.0352
2024-04-28 11:53:59 INFO     	 Epoch 166 | average valid loss: 0.0453
2024-04-28 11:54:31 INFO     	 Epoch 167 | average train loss: 0.0352
2024-04-28 11:54:31 INFO     	 Epoch 167 | average valid loss: 0.0453
2024-04-28 11:56:54 INFO     	 valid MR: 2599.34 | MRR: 0.470 | H@1: 0.418 | H@3: 0.496 | H@10: 0.568
2024-04-28 11:56:54 INFO     	 Saving model at epoch 167 in ./logs/CHI/04_28/RefE_08_57_40
2024-04-28 11:57:26 INFO     	 Epoch 168 | average train loss: 0.0352
2024-04-28 11:57:27 INFO     	 Epoch 168 | average valid loss: 0.0453
2024-04-28 11:57:58 INFO     	 Epoch 169 | average train loss: 0.0352
2024-04-28 11:57:59 INFO     	 Epoch 169 | average valid loss: 0.0452
2024-04-28 11:58:30 INFO     	 Epoch 170 | average train loss: 0.0352
2024-04-28 11:58:30 INFO     	 Epoch 170 | average valid loss: 0.0452
2024-04-28 12:00:56 INFO     	 valid MR: 2598.86 | MRR: 0.470 | H@1: 0.417 | H@3: 0.496 | H@10: 0.568
2024-04-28 12:01:27 INFO     	 Epoch 171 | average train loss: 0.0352
2024-04-28 12:01:28 INFO     	 Epoch 171 | average valid loss: 0.0452
2024-04-28 12:01:59 INFO     	 Epoch 172 | average train loss: 0.0351
2024-04-28 12:02:00 INFO     	 Epoch 172 | average valid loss: 0.0452
2024-04-28 12:02:31 INFO     	 Epoch 173 | average train loss: 0.0351
2024-04-28 12:02:32 INFO     	 Epoch 173 | average valid loss: 0.0452
2024-04-28 12:05:55 INFO     	 valid MR: 2585.51 | MRR: 0.472 | H@1: 0.419 | H@3: 0.497 | H@10: 0.569
2024-04-28 12:05:55 INFO     	 Saving model at epoch 173 in ./logs/CHI/04_28/RefE_08_57_40
2024-04-28 12:06:27 INFO     	 Epoch 174 | average train loss: 0.0351
2024-04-28 12:06:28 INFO     	 Epoch 174 | average valid loss: 0.0452
2024-04-28 12:07:00 INFO     	 Epoch 175 | average train loss: 0.0351
2024-04-28 12:07:01 INFO     	 Epoch 175 | average valid loss: 0.0452
2024-04-28 12:07:33 INFO     	 Epoch 176 | average train loss: 0.0351
2024-04-28 12:07:33 INFO     	 Epoch 176 | average valid loss: 0.0452
2024-04-28 12:11:07 INFO     	 valid MR: 2590.86 | MRR: 0.474 | H@1: 0.422 | H@3: 0.500 | H@10: 0.570
2024-04-28 12:11:07 INFO     	 Saving model at epoch 176 in ./logs/CHI/04_28/RefE_08_57_40
2024-04-28 12:11:39 INFO     	 Epoch 177 | average train loss: 0.0351
2024-04-28 12:11:40 INFO     	 Epoch 177 | average valid loss: 0.0452
2024-04-28 12:12:12 INFO     	 Epoch 178 | average train loss: 0.0351
2024-04-28 12:12:13 INFO     	 Epoch 178 | average valid loss: 0.0452
2024-04-28 12:12:45 INFO     	 Epoch 179 | average train loss: 0.0351
2024-04-28 12:12:45 INFO     	 Epoch 179 | average valid loss: 0.0452
2024-04-28 12:16:26 INFO     	 valid MR: 2582.50 | MRR: 0.475 | H@1: 0.423 | H@3: 0.500 | H@10: 0.570
2024-04-28 12:16:26 INFO     	 Saving model at epoch 179 in ./logs/CHI/04_28/RefE_08_57_40
2024-04-28 12:16:58 INFO     	 Epoch 180 | average train loss: 0.0351
2024-04-28 12:16:59 INFO     	 Epoch 180 | average valid loss: 0.0452
2024-04-28 12:17:31 INFO     	 Epoch 181 | average train loss: 0.0351
2024-04-28 12:17:32 INFO     	 Epoch 181 | average valid loss: 0.0452
2024-04-28 12:18:04 INFO     	 Epoch 182 | average train loss: 0.0351
2024-04-28 12:18:04 INFO     	 Epoch 182 | average valid loss: 0.0451
2024-04-28 12:20:50 INFO     	 valid MR: 2579.53 | MRR: 0.476 | H@1: 0.425 | H@3: 0.500 | H@10: 0.570
2024-04-28 12:20:50 INFO     	 Saving model at epoch 182 in ./logs/CHI/04_28/RefE_08_57_40
2024-04-28 12:21:23 INFO     	 Epoch 183 | average train loss: 0.0351
2024-04-28 12:21:23 INFO     	 Epoch 183 | average valid loss: 0.0452
2024-04-28 12:21:55 INFO     	 Epoch 184 | average train loss: 0.0351
2024-04-28 12:21:56 INFO     	 Epoch 184 | average valid loss: 0.0452
2024-04-28 12:22:28 INFO     	 Epoch 185 | average train loss: 0.0351
2024-04-28 12:22:28 INFO     	 Epoch 185 | average valid loss: 0.0452
2024-04-28 12:25:15 INFO     	 valid MR: 2573.04 | MRR: 0.477 | H@1: 0.427 | H@3: 0.501 | H@10: 0.571
2024-04-28 12:25:15 INFO     	 Saving model at epoch 185 in ./logs/CHI/04_28/RefE_08_57_40
2024-04-28 12:25:48 INFO     	 Epoch 186 | average train loss: 0.0351
2024-04-28 12:25:49 INFO     	 Epoch 186 | average valid loss: 0.0452
2024-04-28 12:26:21 INFO     	 Epoch 187 | average train loss: 0.0351
2024-04-28 12:26:21 INFO     	 Epoch 187 | average valid loss: 0.0452
2024-04-28 12:26:54 INFO     	 Epoch 188 | average train loss: 0.0350
2024-04-28 12:26:54 INFO     	 Epoch 188 | average valid loss: 0.0451
2024-04-28 12:30:37 INFO     	 valid MR: 2572.68 | MRR: 0.478 | H@1: 0.428 | H@3: 0.503 | H@10: 0.571
2024-04-28 12:30:37 INFO     	 Saving model at epoch 188 in ./logs/CHI/04_28/RefE_08_57_40
2024-04-28 12:31:10 INFO     	 Epoch 189 | average train loss: 0.0351
2024-04-28 12:31:11 INFO     	 Epoch 189 | average valid loss: 0.0451
2024-04-28 12:31:43 INFO     	 Epoch 190 | average train loss: 0.0351
2024-04-28 12:31:43 INFO     	 Epoch 190 | average valid loss: 0.0451
2024-04-28 12:32:16 INFO     	 Epoch 191 | average train loss: 0.0350
2024-04-28 12:32:16 INFO     	 Epoch 191 | average valid loss: 0.0451
2024-04-28 12:36:23 INFO     	 valid MR: 2564.66 | MRR: 0.478 | H@1: 0.429 | H@3: 0.502 | H@10: 0.571
2024-04-28 12:36:55 INFO     	 Epoch 192 | average train loss: 0.0350
2024-04-28 12:36:55 INFO     	 Epoch 192 | average valid loss: 0.0451
2024-04-28 12:37:27 INFO     	 Epoch 193 | average train loss: 0.0350
2024-04-28 12:37:28 INFO     	 Epoch 193 | average valid loss: 0.0451
2024-04-28 12:38:00 INFO     	 Epoch 194 | average train loss: 0.0350
2024-04-28 12:38:00 INFO     	 Epoch 194 | average valid loss: 0.0451
2024-04-28 12:40:53 INFO     	 valid MR: 2563.04 | MRR: 0.478 | H@1: 0.427 | H@3: 0.503 | H@10: 0.572
2024-04-28 12:41:25 INFO     	 Epoch 195 | average train loss: 0.0350
2024-04-28 12:41:26 INFO     	 Epoch 195 | average valid loss: 0.0451
2024-04-28 12:41:58 INFO     	 Epoch 196 | average train loss: 0.0350
2024-04-28 12:41:59 INFO     	 Epoch 196 | average valid loss: 0.0451
2024-04-28 12:42:31 INFO     	 Epoch 197 | average train loss: 0.0350
2024-04-28 12:42:32 INFO     	 Epoch 197 | average valid loss: 0.0451
2024-04-28 12:45:31 INFO     	 valid MR: 2558.08 | MRR: 0.479 | H@1: 0.429 | H@3: 0.503 | H@10: 0.571
2024-04-28 12:45:31 INFO     	 Saving model at epoch 197 in ./logs/CHI/04_28/RefE_08_57_40
2024-04-28 12:46:03 INFO     	 Epoch 198 | average train loss: 0.0350
2024-04-28 12:46:04 INFO     	 Epoch 198 | average valid loss: 0.0451
2024-04-28 12:46:36 INFO     	 Epoch 199 | average train loss: 0.0350
2024-04-28 12:46:37 INFO     	 Epoch 199 | average valid loss: 0.0451
2024-04-28 12:47:09 INFO     	 Epoch 200 | average train loss: 0.0350
2024-04-28 12:47:09 INFO     	 Epoch 200 | average valid loss: 0.0451
2024-04-28 12:51:10 INFO     	 valid MR: 2560.04 | MRR: 0.481 | H@1: 0.432 | H@3: 0.505 | H@10: 0.572
2024-04-28 12:51:10 INFO     	 Saving model at epoch 200 in ./logs/CHI/04_28/RefE_08_57_40
2024-04-28 12:51:43 INFO     	 Epoch 201 | average train loss: 0.0350
2024-04-28 12:51:43 INFO     	 Epoch 201 | average valid loss: 0.0451
2024-04-28 12:52:15 INFO     	 Epoch 202 | average train loss: 0.0350
2024-04-28 12:52:16 INFO     	 Epoch 202 | average valid loss: 0.0450
2024-04-28 12:52:48 INFO     	 Epoch 203 | average train loss: 0.0350
2024-04-28 12:52:48 INFO     	 Epoch 203 | average valid loss: 0.0450
2024-04-28 12:55:52 INFO     	 valid MR: 2555.22 | MRR: 0.482 | H@1: 0.434 | H@3: 0.505 | H@10: 0.572
2024-04-28 12:55:52 INFO     	 Saving model at epoch 203 in ./logs/CHI/04_28/RefE_08_57_40
2024-04-28 12:56:25 INFO     	 Epoch 204 | average train loss: 0.0350
2024-04-28 12:56:26 INFO     	 Epoch 204 | average valid loss: 0.0451
2024-04-28 12:56:58 INFO     	 Epoch 205 | average train loss: 0.0350
2024-04-28 12:56:58 INFO     	 Epoch 205 | average valid loss: 0.0450
2024-04-28 12:57:30 INFO     	 Epoch 206 | average train loss: 0.0350
2024-04-28 12:57:31 INFO     	 Epoch 206 | average valid loss: 0.0450
2024-04-28 13:00:35 INFO     	 valid MR: 2547.09 | MRR: 0.483 | H@1: 0.435 | H@3: 0.505 | H@10: 0.572
2024-04-28 13:00:35 INFO     	 Saving model at epoch 206 in ./logs/CHI/04_28/RefE_08_57_40
2024-04-28 13:01:07 INFO     	 Epoch 207 | average train loss: 0.0350
2024-04-28 13:01:08 INFO     	 Epoch 207 | average valid loss: 0.0450
2024-04-28 13:01:40 INFO     	 Epoch 208 | average train loss: 0.0350
2024-04-28 13:01:41 INFO     	 Epoch 208 | average valid loss: 0.0450
2024-04-28 13:02:13 INFO     	 Epoch 209 | average train loss: 0.0350
2024-04-28 13:02:13 INFO     	 Epoch 209 | average valid loss: 0.0450
2024-04-28 13:06:21 INFO     	 valid MR: 2550.01 | MRR: 0.483 | H@1: 0.436 | H@3: 0.506 | H@10: 0.572
2024-04-28 13:06:21 INFO     	 Saving model at epoch 209 in ./logs/CHI/04_28/RefE_08_57_40
2024-04-28 13:06:54 INFO     	 Epoch 210 | average train loss: 0.0350
2024-04-28 13:06:54 INFO     	 Epoch 210 | average valid loss: 0.0450
2024-04-28 13:07:26 INFO     	 Epoch 211 | average train loss: 0.0350
2024-04-28 13:07:27 INFO     	 Epoch 211 | average valid loss: 0.0450
2024-04-28 13:07:59 INFO     	 Epoch 212 | average train loss: 0.0349
2024-04-28 13:07:59 INFO     	 Epoch 212 | average valid loss: 0.0450
2024-04-28 13:11:05 INFO     	 valid MR: 2547.10 | MRR: 0.485 | H@1: 0.438 | H@3: 0.507 | H@10: 0.572
2024-04-28 13:11:05 INFO     	 Saving model at epoch 212 in ./logs/CHI/04_28/RefE_08_57_40
2024-04-28 13:11:38 INFO     	 Epoch 213 | average train loss: 0.0349
2024-04-28 13:11:38 INFO     	 Epoch 213 | average valid loss: 0.0450
2024-04-28 13:12:10 INFO     	 Epoch 214 | average train loss: 0.0349
2024-04-28 13:12:11 INFO     	 Epoch 214 | average valid loss: 0.0450
2024-04-28 13:12:43 INFO     	 Epoch 215 | average train loss: 0.0349
2024-04-28 13:12:43 INFO     	 Epoch 215 | average valid loss: 0.0450
2024-04-28 13:17:06 INFO     	 valid MR: 2536.14 | MRR: 0.485 | H@1: 0.438 | H@3: 0.507 | H@10: 0.572
2024-04-28 13:17:06 INFO     	 Saving model at epoch 215 in ./logs/CHI/04_28/RefE_08_57_40
2024-04-28 13:17:38 INFO     	 Epoch 216 | average train loss: 0.0349
2024-04-28 13:17:39 INFO     	 Epoch 216 | average valid loss: 0.0450
2024-04-28 13:18:10 INFO     	 Epoch 217 | average train loss: 0.0349
2024-04-28 13:18:11 INFO     	 Epoch 217 | average valid loss: 0.0450
2024-04-28 13:18:43 INFO     	 Epoch 218 | average train loss: 0.0349
2024-04-28 13:18:43 INFO     	 Epoch 218 | average valid loss: 0.0450
2024-04-28 13:23:01 INFO     	 valid MR: 2538.79 | MRR: 0.486 | H@1: 0.439 | H@3: 0.507 | H@10: 0.572
2024-04-28 13:23:01 INFO     	 Saving model at epoch 218 in ./logs/CHI/04_28/RefE_08_57_40
2024-04-28 13:23:34 INFO     	 Epoch 219 | average train loss: 0.0349
2024-04-28 13:23:34 INFO     	 Epoch 219 | average valid loss: 0.0450
2024-04-28 13:24:06 INFO     	 Epoch 220 | average train loss: 0.0349
2024-04-28 13:24:07 INFO     	 Epoch 220 | average valid loss: 0.0450
2024-04-28 13:24:38 INFO     	 Epoch 221 | average train loss: 0.0349
2024-04-28 13:24:39 INFO     	 Epoch 221 | average valid loss: 0.0450
2024-04-28 13:27:57 INFO     	 valid MR: 2536.46 | MRR: 0.486 | H@1: 0.440 | H@3: 0.508 | H@10: 0.572
2024-04-28 13:27:57 INFO     	 Saving model at epoch 221 in ./logs/CHI/04_28/RefE_08_57_40
2024-04-28 13:28:30 INFO     	 Epoch 222 | average train loss: 0.0349
2024-04-28 13:28:30 INFO     	 Epoch 222 | average valid loss: 0.0450
2024-04-28 13:29:02 INFO     	 Epoch 223 | average train loss: 0.0349
2024-04-28 13:29:03 INFO     	 Epoch 223 | average valid loss: 0.0449
2024-04-28 13:29:35 INFO     	 Epoch 224 | average train loss: 0.0349
2024-04-28 13:29:36 INFO     	 Epoch 224 | average valid loss: 0.0449
2024-04-28 13:32:56 INFO     	 valid MR: 2533.25 | MRR: 0.487 | H@1: 0.441 | H@3: 0.508 | H@10: 0.572
2024-04-28 13:32:56 INFO     	 Saving model at epoch 224 in ./logs/CHI/04_28/RefE_08_57_40
2024-04-28 13:33:29 INFO     	 Epoch 225 | average train loss: 0.0349
2024-04-28 13:33:29 INFO     	 Epoch 225 | average valid loss: 0.0450
2024-04-28 13:34:01 INFO     	 Epoch 226 | average train loss: 0.0349
2024-04-28 13:34:02 INFO     	 Epoch 226 | average valid loss: 0.0449
2024-04-28 13:34:34 INFO     	 Epoch 227 | average train loss: 0.0349
2024-04-28 13:34:34 INFO     	 Epoch 227 | average valid loss: 0.0449
2024-04-28 13:39:06 INFO     	 valid MR: 2526.31 | MRR: 0.488 | H@1: 0.442 | H@3: 0.510 | H@10: 0.572
2024-04-28 13:39:06 INFO     	 Saving model at epoch 227 in ./logs/CHI/04_28/RefE_08_57_40
2024-04-28 13:39:39 INFO     	 Epoch 228 | average train loss: 0.0349
2024-04-28 13:39:39 INFO     	 Epoch 228 | average valid loss: 0.0450
2024-04-28 13:40:11 INFO     	 Epoch 229 | average train loss: 0.0349
2024-04-28 13:40:12 INFO     	 Epoch 229 | average valid loss: 0.0449
2024-04-28 13:40:44 INFO     	 Epoch 230 | average train loss: 0.0349
2024-04-28 13:40:44 INFO     	 Epoch 230 | average valid loss: 0.0449
2024-04-28 13:45:17 INFO     	 valid MR: 2526.09 | MRR: 0.488 | H@1: 0.442 | H@3: 0.509 | H@10: 0.572
2024-04-28 13:45:48 INFO     	 Epoch 231 | average train loss: 0.0349
2024-04-28 13:45:49 INFO     	 Epoch 231 | average valid loss: 0.0449
2024-04-28 13:46:21 INFO     	 Epoch 232 | average train loss: 0.0349
2024-04-28 13:46:21 INFO     	 Epoch 232 | average valid loss: 0.0449
2024-04-28 13:46:53 INFO     	 Epoch 233 | average train loss: 0.0349
2024-04-28 13:46:54 INFO     	 Epoch 233 | average valid loss: 0.0449
2024-04-28 13:50:20 INFO     	 valid MR: 2515.36 | MRR: 0.485 | H@1: 0.438 | H@3: 0.509 | H@10: 0.572
2024-04-28 13:50:52 INFO     	 Epoch 234 | average train loss: 0.0349
2024-04-28 13:50:52 INFO     	 Epoch 234 | average valid loss: 0.0449
2024-04-28 13:51:25 INFO     	 Epoch 235 | average train loss: 0.0349
2024-04-28 13:51:25 INFO     	 Epoch 235 | average valid loss: 0.0449
2024-04-28 13:51:57 INFO     	 Epoch 236 | average train loss: 0.0349
2024-04-28 13:51:58 INFO     	 Epoch 236 | average valid loss: 0.0449
2024-04-28 13:55:25 INFO     	 valid MR: 2523.24 | MRR: 0.486 | H@1: 0.438 | H@3: 0.510 | H@10: 0.573
2024-04-28 13:55:57 INFO     	 Epoch 237 | average train loss: 0.0349
2024-04-28 13:55:58 INFO     	 Epoch 237 | average valid loss: 0.0449
2024-04-28 13:56:30 INFO     	 Epoch 238 | average train loss: 0.0349
2024-04-28 13:56:31 INFO     	 Epoch 238 | average valid loss: 0.0449
2024-04-28 13:57:03 INFO     	 Epoch 239 | average train loss: 0.0349
2024-04-28 13:57:03 INFO     	 Epoch 239 | average valid loss: 0.0449
2024-04-28 14:00:35 INFO     	 valid MR: 2519.20 | MRR: 0.486 | H@1: 0.439 | H@3: 0.509 | H@10: 0.572
2024-04-28 14:01:07 INFO     	 Epoch 240 | average train loss: 0.0349
2024-04-28 14:01:07 INFO     	 Epoch 240 | average valid loss: 0.0449
2024-04-28 14:01:39 INFO     	 Epoch 241 | average train loss: 0.0348
2024-04-28 14:01:40 INFO     	 Epoch 241 | average valid loss: 0.0449
2024-04-28 14:02:12 INFO     	 Epoch 242 | average train loss: 0.0349
2024-04-28 14:02:12 INFO     	 Epoch 242 | average valid loss: 0.0449
2024-04-28 14:07:09 INFO     	 valid MR: 2520.21 | MRR: 0.487 | H@1: 0.440 | H@3: 0.510 | H@10: 0.572
2024-04-28 14:07:41 INFO     	 Epoch 243 | average train loss: 0.0348
2024-04-28 14:07:41 INFO     	 Epoch 243 | average valid loss: 0.0449
2024-04-28 14:08:13 INFO     	 Epoch 244 | average train loss: 0.0349
2024-04-28 14:08:14 INFO     	 Epoch 244 | average valid loss: 0.0449
2024-04-28 14:08:46 INFO     	 Epoch 245 | average train loss: 0.0348
2024-04-28 14:08:47 INFO     	 Epoch 245 | average valid loss: 0.0449
2024-04-28 14:13:34 INFO     	 valid MR: 2517.71 | MRR: 0.488 | H@1: 0.441 | H@3: 0.509 | H@10: 0.573
2024-04-28 14:14:06 INFO     	 Epoch 246 | average train loss: 0.0348
2024-04-28 14:14:06 INFO     	 Epoch 246 | average valid loss: 0.0449
2024-04-28 14:14:38 INFO     	 Epoch 247 | average train loss: 0.0348
2024-04-28 14:14:39 INFO     	 Epoch 247 | average valid loss: 0.0449
2024-04-28 14:15:11 INFO     	 Epoch 248 | average train loss: 0.0349
2024-04-28 14:15:12 INFO     	 Epoch 248 | average valid loss: 0.0449
2024-04-28 14:20:02 INFO     	 valid MR: 2521.37 | MRR: 0.488 | H@1: 0.442 | H@3: 0.510 | H@10: 0.573
2024-04-28 14:20:02 INFO     	 Saving model at epoch 248 in ./logs/CHI/04_28/RefE_08_57_40
2024-04-28 14:20:34 INFO     	 Epoch 249 | average train loss: 0.0348
2024-04-28 14:20:35 INFO     	 Epoch 249 | average valid loss: 0.0449
2024-04-28 14:21:06 INFO     	 Epoch 250 | average train loss: 0.0348
2024-04-28 14:21:07 INFO     	 Epoch 250 | average valid loss: 0.0449
2024-04-28 14:21:39 INFO     	 Epoch 251 | average train loss: 0.0348
2024-04-28 14:21:39 INFO     	 Epoch 251 | average valid loss: 0.0449
2024-04-28 14:25:20 INFO     	 valid MR: 2497.59 | MRR: 0.488 | H@1: 0.443 | H@3: 0.510 | H@10: 0.572
2024-04-28 14:25:20 INFO     	 Saving model at epoch 251 in ./logs/CHI/04_28/RefE_08_57_40
2024-04-28 14:25:52 INFO     	 Epoch 252 | average train loss: 0.0348
2024-04-28 14:25:53 INFO     	 Epoch 252 | average valid loss: 0.0448
2024-04-28 14:26:25 INFO     	 Epoch 253 | average train loss: 0.0348
2024-04-28 14:26:26 INFO     	 Epoch 253 | average valid loss: 0.0449
2024-04-28 14:26:58 INFO     	 Epoch 254 | average train loss: 0.0348
2024-04-28 14:26:58 INFO     	 Epoch 254 | average valid loss: 0.0448
2024-04-28 14:32:03 INFO     	 valid MR: 2510.45 | MRR: 0.488 | H@1: 0.442 | H@3: 0.510 | H@10: 0.572
2024-04-28 14:32:35 INFO     	 Epoch 255 | average train loss: 0.0348
2024-04-28 14:32:36 INFO     	 Epoch 255 | average valid loss: 0.0448
2024-04-28 14:33:08 INFO     	 Epoch 256 | average train loss: 0.0348
2024-04-28 14:33:09 INFO     	 Epoch 256 | average valid loss: 0.0448
2024-04-28 14:33:45 INFO     	 Epoch 257 | average train loss: 0.0348
2024-04-28 14:33:46 INFO     	 Epoch 257 | average valid loss: 0.0448
2024-04-28 14:37:54 INFO     	 valid MR: 2512.17 | MRR: 0.489 | H@1: 0.444 | H@3: 0.511 | H@10: 0.572
2024-04-28 14:37:54 INFO     	 Saving model at epoch 257 in ./logs/CHI/04_28/RefE_08_57_40
2024-04-28 14:38:39 INFO     	 Epoch 258 | average train loss: 0.0348
2024-04-28 14:38:40 INFO     	 Epoch 258 | average valid loss: 0.0448
2024-04-28 14:39:27 INFO     	 Epoch 259 | average train loss: 0.0348
2024-04-28 14:39:28 INFO     	 Epoch 259 | average valid loss: 0.0448
2024-04-28 14:40:16 INFO     	 Epoch 260 | average train loss: 0.0348
2024-04-28 14:40:17 INFO     	 Epoch 260 | average valid loss: 0.0448
2024-04-28 14:44:17 INFO     	 valid MR: 2508.72 | MRR: 0.489 | H@1: 0.445 | H@3: 0.510 | H@10: 0.572
2024-04-28 14:45:05 INFO     	 Epoch 261 | average train loss: 0.0348
2024-04-28 14:45:06 INFO     	 Epoch 261 | average valid loss: 0.0448
2024-04-28 14:45:57 INFO     	 Epoch 262 | average train loss: 0.0348
2024-04-28 14:45:59 INFO     	 Epoch 262 | average valid loss: 0.0448
2024-04-28 14:46:49 INFO     	 Epoch 263 | average train loss: 0.0348
2024-04-28 14:46:51 INFO     	 Epoch 263 | average valid loss: 0.0448
2024-04-28 14:52:09 INFO     	 valid MR: 2502.32 | MRR: 0.490 | H@1: 0.445 | H@3: 0.510 | H@10: 0.571
2024-04-28 14:52:09 INFO     	 Saving model at epoch 263 in ./logs/CHI/04_28/RefE_08_57_40
2024-04-28 14:53:00 INFO     	 Epoch 264 | average train loss: 0.0348
2024-04-28 14:53:02 INFO     	 Epoch 264 | average valid loss: 0.0448
2024-04-28 14:53:53 INFO     	 Epoch 265 | average train loss: 0.0348
2024-04-28 14:53:53 INFO     	 Epoch 265 | average valid loss: 0.0448
2024-04-28 14:54:43 INFO     	 Epoch 266 | average train loss: 0.0348
2024-04-28 14:54:44 INFO     	 Epoch 266 | average valid loss: 0.0448
2024-04-28 14:59:53 INFO     	 valid MR: 2504.31 | MRR: 0.490 | H@1: 0.445 | H@3: 0.510 | H@10: 0.572
2024-04-28 14:59:53 INFO     	 Saving model at epoch 266 in ./logs/CHI/04_28/RefE_08_57_40
2024-04-28 15:00:25 INFO     	 Epoch 267 | average train loss: 0.0348
2024-04-28 15:00:26 INFO     	 Epoch 267 | average valid loss: 0.0448
2024-04-28 15:00:58 INFO     	 Epoch 268 | average train loss: 0.0348
2024-04-28 15:00:58 INFO     	 Epoch 268 | average valid loss: 0.0447
2024-04-28 15:01:31 INFO     	 Epoch 269 | average train loss: 0.0348
2024-04-28 15:01:31 INFO     	 Epoch 269 | average valid loss: 0.0448
2024-04-28 15:05:30 INFO     	 valid MR: 2496.64 | MRR: 0.489 | H@1: 0.445 | H@3: 0.509 | H@10: 0.571
2024-04-28 15:06:02 INFO     	 Epoch 270 | average train loss: 0.0348
2024-04-28 15:06:02 INFO     	 Epoch 270 | average valid loss: 0.0448
2024-04-28 15:06:34 INFO     	 Epoch 271 | average train loss: 0.0348
2024-04-28 15:06:35 INFO     	 Epoch 271 | average valid loss: 0.0448
2024-04-28 15:07:07 INFO     	 Epoch 272 | average train loss: 0.0348
2024-04-28 15:07:08 INFO     	 Epoch 272 | average valid loss: 0.0447
2024-04-28 15:12:23 INFO     	 valid MR: 2501.79 | MRR: 0.490 | H@1: 0.446 | H@3: 0.510 | H@10: 0.572
2024-04-28 15:12:23 INFO     	 Saving model at epoch 272 in ./logs/CHI/04_28/RefE_08_57_40
2024-04-28 15:12:55 INFO     	 Epoch 273 | average train loss: 0.0348
2024-04-28 15:12:56 INFO     	 Epoch 273 | average valid loss: 0.0448
2024-04-28 15:13:29 INFO     	 Epoch 274 | average train loss: 0.0348
2024-04-28 15:13:29 INFO     	 Epoch 274 | average valid loss: 0.0448
2024-04-28 15:14:01 INFO     	 Epoch 275 | average train loss: 0.0348
2024-04-28 15:14:02 INFO     	 Epoch 275 | average valid loss: 0.0448
2024-04-28 15:19:22 INFO     	 valid MR: 2500.96 | MRR: 0.490 | H@1: 0.447 | H@3: 0.511 | H@10: 0.572
2024-04-28 15:19:22 INFO     	 Saving model at epoch 275 in ./logs/CHI/04_28/RefE_08_57_40
2024-04-28 15:19:55 INFO     	 Epoch 276 | average train loss: 0.0348
2024-04-28 15:19:55 INFO     	 Epoch 276 | average valid loss: 0.0448
2024-04-28 15:20:27 INFO     	 Epoch 277 | average train loss: 0.0348
2024-04-28 15:20:28 INFO     	 Epoch 277 | average valid loss: 0.0447
2024-04-28 15:21:00 INFO     	 Epoch 278 | average train loss: 0.0348
2024-04-28 15:21:00 INFO     	 Epoch 278 | average valid loss: 0.0448
2024-04-28 15:25:11 INFO     	 valid MR: 2491.40 | MRR: 0.491 | H@1: 0.448 | H@3: 0.511 | H@10: 0.572
2024-04-28 15:25:11 INFO     	 Saving model at epoch 278 in ./logs/CHI/04_28/RefE_08_57_40
2024-04-28 15:25:43 INFO     	 Epoch 279 | average train loss: 0.0348
2024-04-28 15:25:44 INFO     	 Epoch 279 | average valid loss: 0.0447
2024-04-28 15:26:16 INFO     	 Epoch 280 | average train loss: 0.0348
2024-04-28 15:26:16 INFO     	 Epoch 280 | average valid loss: 0.0448
2024-04-28 15:26:48 INFO     	 Epoch 281 | average train loss: 0.0348
2024-04-28 15:26:49 INFO     	 Epoch 281 | average valid loss: 0.0448
2024-04-28 15:32:10 INFO     	 valid MR: 2494.00 | MRR: 0.491 | H@1: 0.448 | H@3: 0.511 | H@10: 0.572
2024-04-28 15:32:10 INFO     	 Saving model at epoch 281 in ./logs/CHI/04_28/RefE_08_57_40
2024-04-28 15:32:43 INFO     	 Epoch 282 | average train loss: 0.0348
2024-04-28 15:32:43 INFO     	 Epoch 282 | average valid loss: 0.0448
2024-04-28 15:33:16 INFO     	 Epoch 283 | average train loss: 0.0348
2024-04-28 15:33:16 INFO     	 Epoch 283 | average valid loss: 0.0447
2024-04-28 15:33:52 INFO     	 Epoch 284 | average train loss: 0.0348
2024-04-28 15:33:52 INFO     	 Epoch 284 | average valid loss: 0.0447
2024-04-28 15:39:22 INFO     	 valid MR: 2485.93 | MRR: 0.490 | H@1: 0.447 | H@3: 0.510 | H@10: 0.572
2024-04-28 15:39:54 INFO     	 Epoch 285 | average train loss: 0.0348
2024-04-28 15:39:54 INFO     	 Epoch 285 | average valid loss: 0.0447
2024-04-28 15:40:27 INFO     	 Epoch 286 | average train loss: 0.0347
2024-04-28 15:40:27 INFO     	 Epoch 286 | average valid loss: 0.0447
2024-04-28 15:41:00 INFO     	 Epoch 287 | average train loss: 0.0347
2024-04-28 15:41:01 INFO     	 Epoch 287 | average valid loss: 0.0447
2024-04-28 15:46:29 INFO     	 valid MR: 2485.24 | MRR: 0.492 | H@1: 0.449 | H@3: 0.510 | H@10: 0.572
2024-04-28 15:46:29 INFO     	 Saving model at epoch 287 in ./logs/CHI/04_28/RefE_08_57_40
2024-04-28 15:47:01 INFO     	 Epoch 288 | average train loss: 0.0347
2024-04-28 15:47:02 INFO     	 Epoch 288 | average valid loss: 0.0447
2024-04-28 15:47:34 INFO     	 Epoch 289 | average train loss: 0.0347
2024-04-28 15:47:35 INFO     	 Epoch 289 | average valid loss: 0.0447
2024-04-28 15:48:07 INFO     	 Epoch 290 | average train loss: 0.0347
2024-04-28 15:48:07 INFO     	 Epoch 290 | average valid loss: 0.0447
2024-04-28 15:52:52 INFO     	 valid MR: 2497.89 | MRR: 0.492 | H@1: 0.448 | H@3: 0.511 | H@10: 0.572
2024-04-28 15:53:24 INFO     	 Epoch 291 | average train loss: 0.0348
2024-04-28 15:53:24 INFO     	 Epoch 291 | average valid loss: 0.0447
2024-04-28 15:53:57 INFO     	 Epoch 292 | average train loss: 0.0347
2024-04-28 15:53:57 INFO     	 Epoch 292 | average valid loss: 0.0447
2024-04-28 15:54:29 INFO     	 Epoch 293 | average train loss: 0.0347
2024-04-28 15:54:30 INFO     	 Epoch 293 | average valid loss: 0.0447
2024-04-28 15:58:55 INFO     	 valid MR: 2488.41 | MRR: 0.491 | H@1: 0.448 | H@3: 0.511 | H@10: 0.572
2024-04-28 15:59:27 INFO     	 Epoch 294 | average train loss: 0.0347
2024-04-28 15:59:28 INFO     	 Epoch 294 | average valid loss: 0.0447
2024-04-28 16:00:00 INFO     	 Epoch 295 | average train loss: 0.0347
2024-04-28 16:00:00 INFO     	 Epoch 295 | average valid loss: 0.0447
2024-04-28 16:00:33 INFO     	 Epoch 296 | average train loss: 0.0347
2024-04-28 16:00:33 INFO     	 Epoch 296 | average valid loss: 0.0447
2024-04-28 16:06:03 INFO     	 valid MR: 2486.54 | MRR: 0.491 | H@1: 0.448 | H@3: 0.511 | H@10: 0.572
2024-04-28 16:06:49 INFO     	 Epoch 297 | average train loss: 0.0347
2024-04-28 16:06:49 INFO     	 Epoch 297 | average valid loss: 0.0446
2024-04-28 16:07:35 INFO     	 Epoch 298 | average train loss: 0.0347
2024-04-28 16:07:36 INFO     	 Epoch 298 | average valid loss: 0.0447
2024-04-28 16:08:22 INFO     	 Epoch 299 | average train loss: 0.0347
2024-04-28 16:08:24 INFO     	 Epoch 299 | average valid loss: 0.0447
2024-04-28 16:14:17 INFO     	 valid MR: 2484.31 | MRR: 0.491 | H@1: 0.448 | H@3: 0.509 | H@10: 0.571
2024-04-28 16:14:17 INFO     	 Optimization finished
2024-04-28 16:14:17 INFO     	 Loading best model saved at epoch 287
2024-04-28 16:19:02 INFO     	 valid MR: 2485.24 | MRR: 0.492 | H@1: 0.449 | H@3: 0.510 | H@10: 0.572
2024-04-28 16:24:04 INFO     	 test MR: 2506.31 | MRR: 0.486 | H@1: 0.443 | H@3: 0.505 | H@10: 0.566
