2024-02-03 16:10:37 INFO     Saving logs in: ./logs\02_03\NYC\TransE_16_10_37
2024-02-03 16:10:38 INFO     	 (236287, 26, 236287)
2024-02-03 16:10:39 INFO     Total number of parameters 8034590
2024-02-03 16:10:40 INFO     	 Start training
2024-02-03 16:10:51 INFO     	 Epoch 0 | average train loss: 0.2541
2024-02-03 16:10:51 INFO     	 Epoch 0 | average valid loss: 0.0987
2024-02-03 16:11:02 INFO     	 Epoch 1 | average train loss: 0.0891
2024-02-03 16:11:03 INFO     	 Epoch 1 | average valid loss: 0.0717
2024-02-03 16:11:14 INFO     	 Epoch 2 | average train loss: 0.0785
2024-02-03 16:11:14 INFO     	 Epoch 2 | average valid loss: 0.0592
2024-02-03 16:11:57 INFO     	 valid MR: 80888.07 | MRR: 0.175 | H@1: 0.122 | H@3: 0.209 | H@10: 0.275
2024-02-03 16:11:57 INFO     	 Saving model at epoch 2 in ./logs\02_03\NYC\TransE_16_10_37
2024-02-03 16:12:09 INFO     	 Epoch 3 | average train loss: 0.0719
2024-02-03 16:12:09 INFO     	 Epoch 3 | average valid loss: 0.0505
2024-02-03 16:12:20 INFO     	 Epoch 4 | average train loss: 0.0664
2024-02-03 16:12:20 INFO     	 Epoch 4 | average valid loss: 0.0439
2024-02-03 16:12:31 INFO     	 Epoch 5 | average train loss: 0.0620
2024-02-03 16:12:31 INFO     	 Epoch 5 | average valid loss: 0.0398
2024-02-03 16:13:15 INFO     	 valid MR: 45944.79 | MRR: 0.172 | H@1: 0.113 | H@3: 0.215 | H@10: 0.278
2024-02-03 16:13:26 INFO     	 Epoch 6 | average train loss: 0.0587
2024-02-03 16:13:26 INFO     	 Epoch 6 | average valid loss: 0.0374
2024-02-03 16:13:37 INFO     	 Epoch 7 | average train loss: 0.0564
2024-02-03 16:13:37 INFO     	 Epoch 7 | average valid loss: 0.0361
2024-02-03 16:13:49 INFO     	 Epoch 8 | average train loss: 0.0548
2024-02-03 16:13:49 INFO     	 Epoch 8 | average valid loss: 0.0353
2024-02-03 16:14:34 INFO     	 valid MR: 37350.78 | MRR: 0.190 | H@1: 0.132 | H@3: 0.235 | H@10: 0.287
2024-02-03 16:14:34 INFO     	 Saving model at epoch 8 in ./logs\02_03\NYC\TransE_16_10_37
2024-02-03 16:14:45 INFO     	 Epoch 9 | average train loss: 0.0538
2024-02-03 16:14:46 INFO     	 Epoch 9 | average valid loss: 0.0350
2024-02-03 16:14:57 INFO     	 Epoch 10 | average train loss: 0.0530
2024-02-03 16:14:57 INFO     	 Epoch 10 | average valid loss: 0.0348
2024-02-03 16:15:08 INFO     	 Epoch 11 | average train loss: 0.0523
2024-02-03 16:15:08 INFO     	 Epoch 11 | average valid loss: 0.0349
2024-02-03 16:15:53 INFO     	 valid MR: 35208.79 | MRR: 0.205 | H@1: 0.147 | H@3: 0.249 | H@10: 0.301
2024-02-03 16:15:53 INFO     	 Saving model at epoch 11 in ./logs\02_03\NYC\TransE_16_10_37
2024-02-03 16:16:05 INFO     	 Epoch 12 | average train loss: 0.0515
2024-02-03 16:16:05 INFO     	 Epoch 12 | average valid loss: 0.0350
2024-02-03 16:16:16 INFO     	 Epoch 13 | average train loss: 0.0505
2024-02-03 16:16:16 INFO     	 Epoch 13 | average valid loss: 0.0352
2024-02-03 16:16:27 INFO     	 Epoch 14 | average train loss: 0.0493
2024-02-03 16:16:27 INFO     	 Epoch 14 | average valid loss: 0.0354
2024-02-03 16:17:13 INFO     	 valid MR: 21316.35 | MRR: 0.228 | H@1: 0.175 | H@3: 0.265 | H@10: 0.318
2024-02-03 16:17:13 INFO     	 Saving model at epoch 14 in ./logs\02_03\NYC\TransE_16_10_37
2024-02-03 16:17:25 INFO     	 Epoch 15 | average train loss: 0.0479
2024-02-03 16:17:25 INFO     	 Epoch 15 | average valid loss: 0.0356
2024-02-03 16:17:36 INFO     	 Epoch 16 | average train loss: 0.0464
2024-02-03 16:17:36 INFO     	 Epoch 16 | average valid loss: 0.0357
2024-02-03 16:17:47 INFO     	 Epoch 17 | average train loss: 0.0449
2024-02-03 16:17:47 INFO     	 Epoch 17 | average valid loss: 0.0359
2024-02-03 16:18:34 INFO     	 valid MR: 11068.24 | MRR: 0.272 | H@1: 0.221 | H@3: 0.303 | H@10: 0.363
2024-02-03 16:18:34 INFO     	 Saving model at epoch 17 in ./logs\02_03\NYC\TransE_16_10_37
2024-02-03 16:18:45 INFO     	 Epoch 18 | average train loss: 0.0436
2024-02-03 16:18:45 INFO     	 Epoch 18 | average valid loss: 0.0362
2024-02-03 16:18:56 INFO     	 Epoch 19 | average train loss: 0.0424
2024-02-03 16:18:57 INFO     	 Epoch 19 | average valid loss: 0.0365
2024-02-03 16:19:08 INFO     	 Epoch 20 | average train loss: 0.0413
2024-02-03 16:19:08 INFO     	 Epoch 20 | average valid loss: 0.0369
2024-02-03 16:19:58 INFO     	 valid MR: 7472.53 | MRR: 0.335 | H@1: 0.283 | H@3: 0.369 | H@10: 0.425
2024-02-03 16:19:58 INFO     	 Saving model at epoch 20 in ./logs\02_03\NYC\TransE_16_10_37
2024-02-03 16:20:09 INFO     	 Epoch 21 | average train loss: 0.0404
2024-02-03 16:20:09 INFO     	 Epoch 21 | average valid loss: 0.0374
2024-02-03 16:20:21 INFO     	 Epoch 22 | average train loss: 0.0397
2024-02-03 16:20:21 INFO     	 Epoch 22 | average valid loss: 0.0379
2024-02-03 16:20:32 INFO     	 Epoch 23 | average train loss: 0.0390
2024-02-03 16:20:32 INFO     	 Epoch 23 | average valid loss: 0.0385
2024-02-03 16:21:23 INFO     	 valid MR: 5649.80 | MRR: 0.382 | H@1: 0.334 | H@3: 0.416 | H@10: 0.462
2024-02-03 16:21:23 INFO     	 Saving model at epoch 23 in ./logs\02_03\NYC\TransE_16_10_37
2024-02-03 16:21:34 INFO     	 Epoch 24 | average train loss: 0.0384
2024-02-03 16:21:34 INFO     	 Epoch 24 | average valid loss: 0.0390
2024-02-03 16:21:46 INFO     	 Epoch 25 | average train loss: 0.0379
2024-02-03 16:21:46 INFO     	 Epoch 25 | average valid loss: 0.0395
2024-02-03 16:21:57 INFO     	 Epoch 26 | average train loss: 0.0375
2024-02-03 16:21:57 INFO     	 Epoch 26 | average valid loss: 0.0399
2024-02-03 16:22:50 INFO     	 valid MR: 4645.69 | MRR: 0.406 | H@1: 0.359 | H@3: 0.438 | H@10: 0.483
2024-02-03 16:22:50 INFO     	 Saving model at epoch 26 in ./logs\02_03\NYC\TransE_16_10_37
2024-02-03 16:23:02 INFO     	 Epoch 27 | average train loss: 0.0371
2024-02-03 16:23:02 INFO     	 Epoch 27 | average valid loss: 0.0403
2024-02-03 16:23:13 INFO     	 Epoch 28 | average train loss: 0.0368
2024-02-03 16:23:14 INFO     	 Epoch 28 | average valid loss: 0.0406
2024-02-03 16:23:25 INFO     	 Epoch 29 | average train loss: 0.0365
2024-02-03 16:23:25 INFO     	 Epoch 29 | average valid loss: 0.0409
2024-02-03 16:24:21 INFO     	 valid MR: 4113.04 | MRR: 0.428 | H@1: 0.382 | H@3: 0.456 | H@10: 0.503
2024-02-03 16:24:21 INFO     	 Saving model at epoch 29 in ./logs\02_03\NYC\TransE_16_10_37
2024-02-03 16:24:33 INFO     	 Epoch 30 | average train loss: 0.0363
2024-02-03 16:24:33 INFO     	 Epoch 30 | average valid loss: 0.0411
2024-02-03 16:24:44 INFO     	 Epoch 31 | average train loss: 0.0361
2024-02-03 16:24:44 INFO     	 Epoch 31 | average valid loss: 0.0413
2024-02-03 16:24:56 INFO     	 Epoch 32 | average train loss: 0.0359
2024-02-03 16:24:56 INFO     	 Epoch 32 | average valid loss: 0.0414
2024-02-03 16:25:52 INFO     	 valid MR: 3849.49 | MRR: 0.450 | H@1: 0.405 | H@3: 0.478 | H@10: 0.524
2024-02-03 16:25:52 INFO     	 Saving model at epoch 32 in ./logs\02_03\NYC\TransE_16_10_37
2024-02-03 16:26:04 INFO     	 Epoch 33 | average train loss: 0.0357
2024-02-03 16:26:04 INFO     	 Epoch 33 | average valid loss: 0.0415
2024-02-03 16:26:16 INFO     	 Epoch 34 | average train loss: 0.0356
2024-02-03 16:26:16 INFO     	 Epoch 34 | average valid loss: 0.0416
2024-02-03 16:26:27 INFO     	 Epoch 35 | average train loss: 0.0355
2024-02-03 16:26:27 INFO     	 Epoch 35 | average valid loss: 0.0417
2024-02-03 16:27:24 INFO     	 valid MR: 3655.18 | MRR: 0.469 | H@1: 0.425 | H@3: 0.495 | H@10: 0.539
2024-02-03 16:27:24 INFO     	 Saving model at epoch 35 in ./logs\02_03\NYC\TransE_16_10_37
2024-02-03 16:27:36 INFO     	 Epoch 36 | average train loss: 0.0354
2024-02-03 16:27:36 INFO     	 Epoch 36 | average valid loss: 0.0417
2024-02-03 16:27:47 INFO     	 Epoch 37 | average train loss: 0.0353
2024-02-03 16:27:47 INFO     	 Epoch 37 | average valid loss: 0.0417
2024-02-03 16:27:59 INFO     	 Epoch 38 | average train loss: 0.0352
2024-02-03 16:27:59 INFO     	 Epoch 38 | average valid loss: 0.0417
2024-02-03 16:28:57 INFO     	 valid MR: 3519.92 | MRR: 0.482 | H@1: 0.440 | H@3: 0.507 | H@10: 0.550
2024-02-03 16:28:57 INFO     	 Saving model at epoch 38 in ./logs\02_03\NYC\TransE_16_10_37
2024-02-03 16:29:08 INFO     	 Epoch 39 | average train loss: 0.0352
2024-02-03 16:29:08 INFO     	 Epoch 39 | average valid loss: 0.0417
2024-02-03 16:29:20 INFO     	 Epoch 40 | average train loss: 0.0351
2024-02-03 16:29:20 INFO     	 Epoch 40 | average valid loss: 0.0417
2024-02-03 16:29:31 INFO     	 Epoch 41 | average train loss: 0.0350
2024-02-03 16:29:31 INFO     	 Epoch 41 | average valid loss: 0.0417
2024-02-03 16:30:31 INFO     	 valid MR: 3434.84 | MRR: 0.492 | H@1: 0.451 | H@3: 0.516 | H@10: 0.557
2024-02-03 16:30:31 INFO     	 Saving model at epoch 41 in ./logs\02_03\NYC\TransE_16_10_37
2024-02-03 16:30:42 INFO     	 Epoch 42 | average train loss: 0.0350
2024-02-03 16:30:42 INFO     	 Epoch 42 | average valid loss: 0.0417
2024-02-03 16:30:54 INFO     	 Epoch 43 | average train loss: 0.0349
2024-02-03 16:30:54 INFO     	 Epoch 43 | average valid loss: 0.0416
2024-02-03 16:31:05 INFO     	 Epoch 44 | average train loss: 0.0349
2024-02-03 16:31:05 INFO     	 Epoch 44 | average valid loss: 0.0416
2024-02-03 16:32:06 INFO     	 valid MR: 3327.88 | MRR: 0.497 | H@1: 0.456 | H@3: 0.521 | H@10: 0.561
2024-02-03 16:32:06 INFO     	 Saving model at epoch 44 in ./logs\02_03\NYC\TransE_16_10_37
2024-02-03 16:32:18 INFO     	 Epoch 45 | average train loss: 0.0349
2024-02-03 16:32:18 INFO     	 Epoch 45 | average valid loss: 0.0416
2024-02-03 16:32:29 INFO     	 Epoch 46 | average train loss: 0.0348
2024-02-03 16:32:30 INFO     	 Epoch 46 | average valid loss: 0.0416
2024-02-03 16:32:41 INFO     	 Epoch 47 | average train loss: 0.0348
2024-02-03 16:32:41 INFO     	 Epoch 47 | average valid loss: 0.0415
2024-02-03 16:33:45 INFO     	 valid MR: 3249.65 | MRR: 0.500 | H@1: 0.460 | H@3: 0.524 | H@10: 0.563
2024-02-03 16:33:45 INFO     	 Saving model at epoch 47 in ./logs\02_03\NYC\TransE_16_10_37
2024-02-03 16:33:57 INFO     	 Epoch 48 | average train loss: 0.0348
2024-02-03 16:33:57 INFO     	 Epoch 48 | average valid loss: 0.0415
2024-02-03 16:34:08 INFO     	 Epoch 49 | average train loss: 0.0348
2024-02-03 16:34:08 INFO     	 Epoch 49 | average valid loss: 0.0415
2024-02-03 16:34:19 INFO     	 Epoch 50 | average train loss: 0.0347
2024-02-03 16:34:20 INFO     	 Epoch 50 | average valid loss: 0.0414
2024-02-03 16:35:22 INFO     	 valid MR: 3178.69 | MRR: 0.505 | H@1: 0.465 | H@3: 0.528 | H@10: 0.566
2024-02-03 16:35:22 INFO     	 Saving model at epoch 50 in ./logs\02_03\NYC\TransE_16_10_37
2024-02-03 16:35:34 INFO     	 Epoch 51 | average train loss: 0.0347
2024-02-03 16:35:34 INFO     	 Epoch 51 | average valid loss: 0.0414
2024-02-03 16:35:45 INFO     	 Epoch 52 | average train loss: 0.0347
2024-02-03 16:35:45 INFO     	 Epoch 52 | average valid loss: 0.0414
2024-02-03 16:35:57 INFO     	 Epoch 53 | average train loss: 0.0347
2024-02-03 16:35:57 INFO     	 Epoch 53 | average valid loss: 0.0414
2024-02-03 16:37:03 INFO     	 valid MR: 3151.21 | MRR: 0.503 | H@1: 0.465 | H@3: 0.526 | H@10: 0.564
2024-02-03 16:37:15 INFO     	 Epoch 54 | average train loss: 0.0346
2024-02-03 16:37:15 INFO     	 Epoch 54 | average valid loss: 0.0414
2024-02-03 16:37:26 INFO     	 Epoch 55 | average train loss: 0.0346
2024-02-03 16:37:26 INFO     	 Epoch 55 | average valid loss: 0.0413
2024-02-03 16:37:38 INFO     	 Epoch 56 | average train loss: 0.0346
2024-02-03 16:37:38 INFO     	 Epoch 56 | average valid loss: 0.0413
2024-02-03 16:38:48 INFO     	 valid MR: 3114.08 | MRR: 0.507 | H@1: 0.469 | H@3: 0.528 | H@10: 0.565
2024-02-03 16:38:48 INFO     	 Saving model at epoch 56 in ./logs\02_03\NYC\TransE_16_10_37
2024-02-03 16:39:00 INFO     	 Epoch 57 | average train loss: 0.0346
2024-02-03 16:39:00 INFO     	 Epoch 57 | average valid loss: 0.0413
2024-02-03 16:39:11 INFO     	 Epoch 58 | average train loss: 0.0346
2024-02-03 16:39:11 INFO     	 Epoch 58 | average valid loss: 0.0413
2024-02-03 16:39:22 INFO     	 Epoch 59 | average train loss: 0.0346
2024-02-03 16:39:22 INFO     	 Epoch 59 | average valid loss: 0.0413
2024-02-03 16:40:32 INFO     	 valid MR: 3070.97 | MRR: 0.507 | H@1: 0.469 | H@3: 0.528 | H@10: 0.567
2024-02-03 16:40:32 INFO     	 Saving model at epoch 59 in ./logs\02_03\NYC\TransE_16_10_37
2024-02-03 16:40:43 INFO     	 Epoch 60 | average train loss: 0.0346
2024-02-03 16:40:43 INFO     	 Epoch 60 | average valid loss: 0.0412
2024-02-03 16:40:55 INFO     	 Epoch 61 | average train loss: 0.0345
2024-02-03 16:40:55 INFO     	 Epoch 61 | average valid loss: 0.0412
2024-02-03 16:41:06 INFO     	 Epoch 62 | average train loss: 0.0345
2024-02-03 16:41:06 INFO     	 Epoch 62 | average valid loss: 0.0412
2024-02-03 16:42:13 INFO     	 valid MR: 3059.60 | MRR: 0.509 | H@1: 0.471 | H@3: 0.530 | H@10: 0.567
2024-02-03 16:42:13 INFO     	 Saving model at epoch 62 in ./logs\02_03\NYC\TransE_16_10_37
2024-02-03 16:42:24 INFO     	 Epoch 63 | average train loss: 0.0345
2024-02-03 16:42:24 INFO     	 Epoch 63 | average valid loss: 0.0412
2024-02-03 16:42:36 INFO     	 Epoch 64 | average train loss: 0.0345
2024-02-03 16:42:36 INFO     	 Epoch 64 | average valid loss: 0.0412
2024-02-03 16:42:48 INFO     	 Epoch 65 | average train loss: 0.0345
2024-02-03 16:42:48 INFO     	 Epoch 65 | average valid loss: 0.0411
2024-02-03 16:44:00 INFO     	 valid MR: 3043.29 | MRR: 0.509 | H@1: 0.472 | H@3: 0.531 | H@10: 0.567
2024-02-03 16:44:00 INFO     	 Saving model at epoch 65 in ./logs\02_03\NYC\TransE_16_10_37
2024-02-03 16:44:12 INFO     	 Epoch 66 | average train loss: 0.0345
2024-02-03 16:44:12 INFO     	 Epoch 66 | average valid loss: 0.0411
2024-02-03 16:44:24 INFO     	 Epoch 67 | average train loss: 0.0345
2024-02-03 16:44:24 INFO     	 Epoch 67 | average valid loss: 0.0411
2024-02-03 16:44:36 INFO     	 Epoch 68 | average train loss: 0.0345
2024-02-03 16:44:36 INFO     	 Epoch 68 | average valid loss: 0.0411
2024-02-03 16:45:51 INFO     	 valid MR: 3022.41 | MRR: 0.509 | H@1: 0.473 | H@3: 0.529 | H@10: 0.566
2024-02-03 16:46:02 INFO     	 Epoch 69 | average train loss: 0.0345
2024-02-03 16:46:02 INFO     	 Epoch 69 | average valid loss: 0.0411
2024-02-03 16:46:14 INFO     	 Epoch 70 | average train loss: 0.0345
2024-02-03 16:46:14 INFO     	 Epoch 70 | average valid loss: 0.0410
2024-02-03 16:46:26 INFO     	 Epoch 71 | average train loss: 0.0345
2024-02-03 16:46:26 INFO     	 Epoch 71 | average valid loss: 0.0411
2024-02-03 16:47:40 INFO     	 valid MR: 2984.25 | MRR: 0.509 | H@1: 0.472 | H@3: 0.530 | H@10: 0.566
2024-02-03 16:47:52 INFO     	 Epoch 72 | average train loss: 0.0345
2024-02-03 16:47:52 INFO     	 Epoch 72 | average valid loss: 0.0410
2024-02-03 16:48:03 INFO     	 Epoch 73 | average train loss: 0.0345
2024-02-03 16:48:04 INFO     	 Epoch 73 | average valid loss: 0.0410
2024-02-03 16:48:15 INFO     	 Epoch 74 | average train loss: 0.0345
2024-02-03 16:48:15 INFO     	 Epoch 74 | average valid loss: 0.0410
2024-02-03 16:49:29 INFO     	 valid MR: 2988.36 | MRR: 0.512 | H@1: 0.475 | H@3: 0.533 | H@10: 0.568
2024-02-03 16:49:29 INFO     	 Saving model at epoch 74 in ./logs\02_03\NYC\TransE_16_10_37
2024-02-03 16:49:41 INFO     	 Epoch 75 | average train loss: 0.0344
2024-02-03 16:49:41 INFO     	 Epoch 75 | average valid loss: 0.0410
2024-02-03 16:49:52 INFO     	 Epoch 76 | average train loss: 0.0344
2024-02-03 16:49:52 INFO     	 Epoch 76 | average valid loss: 0.0410
2024-02-03 16:50:04 INFO     	 Epoch 77 | average train loss: 0.0344
2024-02-03 16:50:04 INFO     	 Epoch 77 | average valid loss: 0.0410
2024-02-03 16:51:20 INFO     	 valid MR: 2973.52 | MRR: 0.511 | H@1: 0.474 | H@3: 0.531 | H@10: 0.567
2024-02-03 16:51:32 INFO     	 Epoch 78 | average train loss: 0.0344
2024-02-03 16:51:32 INFO     	 Epoch 78 | average valid loss: 0.0410
2024-02-03 16:51:43 INFO     	 Epoch 79 | average train loss: 0.0344
2024-02-03 16:51:43 INFO     	 Epoch 79 | average valid loss: 0.0410
2024-02-03 16:51:54 INFO     	 Epoch 80 | average train loss: 0.0344
2024-02-03 16:51:55 INFO     	 Epoch 80 | average valid loss: 0.0410
2024-02-03 16:53:10 INFO     	 valid MR: 2963.42 | MRR: 0.512 | H@1: 0.475 | H@3: 0.532 | H@10: 0.568
2024-02-03 16:53:21 INFO     	 Epoch 81 | average train loss: 0.0344
2024-02-03 16:53:21 INFO     	 Epoch 81 | average valid loss: 0.0410
2024-02-03 16:53:33 INFO     	 Epoch 82 | average train loss: 0.0344
2024-02-03 16:53:33 INFO     	 Epoch 82 | average valid loss: 0.0409
2024-02-03 16:53:44 INFO     	 Epoch 83 | average train loss: 0.0344
2024-02-03 16:53:45 INFO     	 Epoch 83 | average valid loss: 0.0410
2024-02-03 16:55:02 INFO     	 valid MR: 2980.98 | MRR: 0.511 | H@1: 0.473 | H@3: 0.532 | H@10: 0.567
2024-02-03 16:55:13 INFO     	 Epoch 84 | average train loss: 0.0344
2024-02-03 16:55:13 INFO     	 Epoch 84 | average valid loss: 0.0409
2024-02-03 16:55:24 INFO     	 Epoch 85 | average train loss: 0.0344
2024-02-03 16:55:24 INFO     	 Epoch 85 | average valid loss: 0.0409
2024-02-03 16:55:36 INFO     	 Epoch 86 | average train loss: 0.0344
2024-02-03 16:55:36 INFO     	 Epoch 86 | average valid loss: 0.0409
2024-02-03 16:56:53 INFO     	 valid MR: 2974.27 | MRR: 0.510 | H@1: 0.473 | H@3: 0.532 | H@10: 0.567
2024-02-03 16:57:04 INFO     	 Epoch 87 | average train loss: 0.0344
2024-02-03 16:57:04 INFO     	 Epoch 87 | average valid loss: 0.0409
2024-02-03 16:57:16 INFO     	 Epoch 88 | average train loss: 0.0344
2024-02-03 16:57:16 INFO     	 Epoch 88 | average valid loss: 0.0409
2024-02-03 16:57:27 INFO     	 Epoch 89 | average train loss: 0.0344
2024-02-03 16:57:28 INFO     	 Epoch 89 | average valid loss: 0.0409
2024-02-03 16:58:47 INFO     	 valid MR: 2955.01 | MRR: 0.510 | H@1: 0.472 | H@3: 0.531 | H@10: 0.566
2024-02-03 16:58:59 INFO     	 Epoch 90 | average train loss: 0.0344
2024-02-03 16:58:59 INFO     	 Epoch 90 | average valid loss: 0.0409
2024-02-03 16:59:10 INFO     	 Epoch 91 | average train loss: 0.0344
2024-02-03 16:59:10 INFO     	 Epoch 91 | average valid loss: 0.0409
2024-02-03 16:59:22 INFO     	 Epoch 92 | average train loss: 0.0344
2024-02-03 16:59:22 INFO     	 Epoch 92 | average valid loss: 0.0409
2024-02-03 17:00:44 INFO     	 valid MR: 2955.27 | MRR: 0.510 | H@1: 0.473 | H@3: 0.531 | H@10: 0.566
2024-02-03 17:00:55 INFO     	 Epoch 93 | average train loss: 0.0344
2024-02-03 17:00:55 INFO     	 Epoch 93 | average valid loss: 0.0409
2024-02-03 17:01:07 INFO     	 Epoch 94 | average train loss: 0.0344
2024-02-03 17:01:07 INFO     	 Epoch 94 | average valid loss: 0.0409
2024-02-03 17:01:19 INFO     	 Epoch 95 | average train loss: 0.0344
2024-02-03 17:01:19 INFO     	 Epoch 95 | average valid loss: 0.0409
2024-02-03 17:02:42 INFO     	 valid MR: 2951.11 | MRR: 0.511 | H@1: 0.475 | H@3: 0.531 | H@10: 0.566
2024-02-03 17:02:54 INFO     	 Epoch 96 | average train loss: 0.0344
2024-02-03 17:02:54 INFO     	 Epoch 96 | average valid loss: 0.0409
2024-02-03 17:03:06 INFO     	 Epoch 97 | average train loss: 0.0344
2024-02-03 17:03:06 INFO     	 Epoch 97 | average valid loss: 0.0409
2024-02-03 17:03:17 INFO     	 Epoch 98 | average train loss: 0.0344
2024-02-03 17:03:17 INFO     	 Epoch 98 | average valid loss: 0.0409
2024-02-03 17:04:42 INFO     	 valid MR: 2959.53 | MRR: 0.511 | H@1: 0.475 | H@3: 0.531 | H@10: 0.567
2024-02-03 17:04:54 INFO     	 Epoch 99 | average train loss: 0.0344
2024-02-03 17:04:54 INFO     	 Epoch 99 | average valid loss: 0.0408
2024-02-03 17:05:06 INFO     	 Epoch 100 | average train loss: 0.0344
2024-02-03 17:05:06 INFO     	 Epoch 100 | average valid loss: 0.0409
2024-02-03 17:05:17 INFO     	 Epoch 101 | average train loss: 0.0344
2024-02-03 17:05:17 INFO     	 Epoch 101 | average valid loss: 0.0409
2024-02-03 17:06:42 INFO     	 valid MR: 2952.37 | MRR: 0.512 | H@1: 0.475 | H@3: 0.533 | H@10: 0.567
2024-02-03 17:06:42 INFO     	 Saving model at epoch 101 in ./logs\02_03\NYC\TransE_16_10_37
2024-02-03 17:06:54 INFO     	 Epoch 102 | average train loss: 0.0344
2024-02-03 17:06:54 INFO     	 Epoch 102 | average valid loss: 0.0408
2024-02-03 17:07:06 INFO     	 Epoch 103 | average train loss: 0.0344
2024-02-03 17:07:06 INFO     	 Epoch 103 | average valid loss: 0.0409
2024-02-03 17:07:17 INFO     	 Epoch 104 | average train loss: 0.0343
2024-02-03 17:07:17 INFO     	 Epoch 104 | average valid loss: 0.0409
2024-02-03 17:08:41 INFO     	 valid MR: 2932.59 | MRR: 0.511 | H@1: 0.473 | H@3: 0.533 | H@10: 0.567
2024-02-03 17:08:52 INFO     	 Epoch 105 | average train loss: 0.0344
2024-02-03 17:08:52 INFO     	 Epoch 105 | average valid loss: 0.0409
2024-02-03 17:09:03 INFO     	 Epoch 106 | average train loss: 0.0343
2024-02-03 17:09:03 INFO     	 Epoch 106 | average valid loss: 0.0409
2024-02-03 17:09:14 INFO     	 Epoch 107 | average train loss: 0.0343
2024-02-03 17:09:14 INFO     	 Epoch 107 | average valid loss: 0.0408
2024-02-03 17:10:39 INFO     	 valid MR: 2935.45 | MRR: 0.513 | H@1: 0.477 | H@3: 0.534 | H@10: 0.568
2024-02-03 17:10:39 INFO     	 Saving model at epoch 107 in ./logs\02_03\NYC\TransE_16_10_37
2024-02-03 17:10:51 INFO     	 Epoch 108 | average train loss: 0.0343
2024-02-03 17:10:51 INFO     	 Epoch 108 | average valid loss: 0.0408
2024-02-03 17:11:02 INFO     	 Epoch 109 | average train loss: 0.0343
2024-02-03 17:11:02 INFO     	 Epoch 109 | average valid loss: 0.0408
2024-02-03 17:11:13 INFO     	 Epoch 110 | average train loss: 0.0343
2024-02-03 17:11:13 INFO     	 Epoch 110 | average valid loss: 0.0408
2024-02-03 17:12:38 INFO     	 valid MR: 2929.91 | MRR: 0.511 | H@1: 0.475 | H@3: 0.532 | H@10: 0.566
2024-02-03 17:12:50 INFO     	 Epoch 111 | average train loss: 0.0343
2024-02-03 17:12:50 INFO     	 Epoch 111 | average valid loss: 0.0408
2024-02-03 17:13:01 INFO     	 Epoch 112 | average train loss: 0.0343
2024-02-03 17:13:01 INFO     	 Epoch 112 | average valid loss: 0.0408
2024-02-03 17:13:12 INFO     	 Epoch 113 | average train loss: 0.0343
2024-02-03 17:13:12 INFO     	 Epoch 113 | average valid loss: 0.0408
2024-02-03 17:14:40 INFO     	 valid MR: 2931.78 | MRR: 0.511 | H@1: 0.474 | H@3: 0.533 | H@10: 0.566
2024-02-03 17:14:51 INFO     	 Epoch 114 | average train loss: 0.0343
2024-02-03 17:14:51 INFO     	 Epoch 114 | average valid loss: 0.0408
2024-02-03 17:15:02 INFO     	 Epoch 115 | average train loss: 0.0343
2024-02-03 17:15:02 INFO     	 Epoch 115 | average valid loss: 0.0408
2024-02-03 17:15:14 INFO     	 Epoch 116 | average train loss: 0.0343
2024-02-03 17:15:14 INFO     	 Epoch 116 | average valid loss: 0.0408
2024-02-03 17:16:43 INFO     	 valid MR: 2903.40 | MRR: 0.510 | H@1: 0.473 | H@3: 0.531 | H@10: 0.566
2024-02-03 17:16:55 INFO     	 Epoch 117 | average train loss: 0.0343
2024-02-03 17:16:55 INFO     	 Epoch 117 | average valid loss: 0.0408
2024-02-03 17:17:06 INFO     	 Epoch 118 | average train loss: 0.0343
2024-02-03 17:17:06 INFO     	 Epoch 118 | average valid loss: 0.0408
2024-02-03 17:17:17 INFO     	 Epoch 119 | average train loss: 0.0343
2024-02-03 17:17:17 INFO     	 Epoch 119 | average valid loss: 0.0408
2024-02-03 17:18:46 INFO     	 valid MR: 2926.42 | MRR: 0.512 | H@1: 0.476 | H@3: 0.533 | H@10: 0.567
2024-02-03 17:18:58 INFO     	 Epoch 120 | average train loss: 0.0343
2024-02-03 17:18:58 INFO     	 Epoch 120 | average valid loss: 0.0408
2024-02-03 17:19:09 INFO     	 Epoch 121 | average train loss: 0.0343
2024-02-03 17:19:09 INFO     	 Epoch 121 | average valid loss: 0.0408
2024-02-03 17:19:20 INFO     	 Epoch 122 | average train loss: 0.0343
2024-02-03 17:19:21 INFO     	 Epoch 122 | average valid loss: 0.0408
2024-02-03 17:20:51 INFO     	 valid MR: 2930.80 | MRR: 0.510 | H@1: 0.474 | H@3: 0.532 | H@10: 0.565
2024-02-03 17:21:03 INFO     	 Epoch 123 | average train loss: 0.0343
2024-02-03 17:21:03 INFO     	 Epoch 123 | average valid loss: 0.0408
2024-02-03 17:21:14 INFO     	 Epoch 124 | average train loss: 0.0343
2024-02-03 17:21:14 INFO     	 Epoch 124 | average valid loss: 0.0408
2024-02-03 17:21:25 INFO     	 Epoch 125 | average train loss: 0.0343
2024-02-03 17:21:25 INFO     	 Epoch 125 | average valid loss: 0.0408
2024-02-03 17:22:57 INFO     	 valid MR: 2937.75 | MRR: 0.512 | H@1: 0.475 | H@3: 0.533 | H@10: 0.566
2024-02-03 17:23:08 INFO     	 Epoch 126 | average train loss: 0.0343
2024-02-03 17:23:08 INFO     	 Epoch 126 | average valid loss: 0.0408
2024-02-03 17:23:20 INFO     	 Epoch 127 | average train loss: 0.0343
2024-02-03 17:23:20 INFO     	 Epoch 127 | average valid loss: 0.0408
2024-02-03 17:23:31 INFO     	 Epoch 128 | average train loss: 0.0343
2024-02-03 17:23:31 INFO     	 Epoch 128 | average valid loss: 0.0408
2024-02-03 17:25:04 INFO     	 valid MR: 2922.07 | MRR: 0.511 | H@1: 0.475 | H@3: 0.532 | H@10: 0.565
2024-02-03 17:25:15 INFO     	 Epoch 129 | average train loss: 0.0343
2024-02-03 17:25:15 INFO     	 Epoch 129 | average valid loss: 0.0408
2024-02-03 17:25:26 INFO     	 Epoch 130 | average train loss: 0.0343
2024-02-03 17:25:26 INFO     	 Epoch 130 | average valid loss: 0.0408
2024-02-03 17:25:38 INFO     	 Epoch 131 | average train loss: 0.0343
2024-02-03 17:25:38 INFO     	 Epoch 131 | average valid loss: 0.0408
2024-02-03 17:27:14 INFO     	 valid MR: 2947.11 | MRR: 0.510 | H@1: 0.472 | H@3: 0.532 | H@10: 0.566
2024-02-03 17:27:26 INFO     	 Epoch 132 | average train loss: 0.0343
2024-02-03 17:27:26 INFO     	 Epoch 132 | average valid loss: 0.0408
2024-02-03 17:27:37 INFO     	 Epoch 133 | average train loss: 0.0343
2024-02-03 17:27:38 INFO     	 Epoch 133 | average valid loss: 0.0408
2024-02-03 17:27:49 INFO     	 Epoch 134 | average train loss: 0.0343
2024-02-03 17:27:49 INFO     	 Epoch 134 | average valid loss: 0.0408
2024-02-03 17:29:28 INFO     	 valid MR: 2929.48 | MRR: 0.511 | H@1: 0.475 | H@3: 0.532 | H@10: 0.566
2024-02-03 17:29:40 INFO     	 Epoch 135 | average train loss: 0.0343
2024-02-03 17:29:40 INFO     	 Epoch 135 | average valid loss: 0.0408
2024-02-03 17:29:51 INFO     	 Epoch 136 | average train loss: 0.0343
2024-02-03 17:29:51 INFO     	 Epoch 136 | average valid loss: 0.0408
2024-02-03 17:30:03 INFO     	 Epoch 137 | average train loss: 0.0343
2024-02-03 17:30:03 INFO     	 Epoch 137 | average valid loss: 0.0408
2024-02-03 17:31:38 INFO     	 valid MR: 2941.84 | MRR: 0.512 | H@1: 0.475 | H@3: 0.532 | H@10: 0.567
2024-02-03 17:31:38 INFO     	 Early stopping
2024-02-03 17:31:38 INFO     	 Optimization finished
2024-02-03 17:31:38 INFO     	 Loading best model saved at epoch 107
2024-02-03 17:33:16 INFO     	 valid MR: 2935.45 | MRR: 0.513 | H@1: 0.477 | H@3: 0.534 | H@10: 0.568
2024-02-03 17:34:55 INFO     	 test MR: 2912.80 | MRR: 0.513 | H@1: 0.477 | H@3: 0.534 | H@10: 0.570
