2024-01-31 12:05:03 INFO     Saving logs in: ./logs\01_31\CHI\TransE_12_05_03
2024-01-31 12:05:04 INFO     	 (140602, 26, 140602)
2024-01-31 12:05:04 INFO     Total number of parameters 4781300
2024-01-31 12:05:04 INFO     	 Start training
2024-01-31 12:05:11 INFO     	 Epoch 0 | average train loss: 0.3470
2024-01-31 12:05:11 INFO     	 Epoch 0 | average valid loss: 0.1332
2024-01-31 12:05:18 INFO     	 Epoch 1 | average train loss: 0.0992
2024-01-31 12:05:18 INFO     	 Epoch 1 | average valid loss: 0.0881
2024-01-31 12:05:24 INFO     	 Epoch 2 | average train loss: 0.0860
2024-01-31 12:05:24 INFO     	 Epoch 2 | average valid loss: 0.0723
2024-01-31 12:05:58 INFO     	 valid MR: 51745.28 | MRR: 0.138 | H@1: 0.061 | H@3: 0.193 | H@10: 0.268
2024-01-31 12:05:58 INFO     	 Saving model at epoch 2 in ./logs\01_31\CHI\TransE_12_05_03
2024-01-31 12:06:04 INFO     	 Epoch 3 | average train loss: 0.0791
2024-01-31 12:06:04 INFO     	 Epoch 3 | average valid loss: 0.0628
2024-01-31 12:06:11 INFO     	 Epoch 4 | average train loss: 0.0744
2024-01-31 12:06:11 INFO     	 Epoch 4 | average valid loss: 0.0562
2024-01-31 12:06:17 INFO     	 Epoch 5 | average train loss: 0.0707
2024-01-31 12:06:17 INFO     	 Epoch 5 | average valid loss: 0.0509
2024-01-31 12:06:51 INFO     	 valid MR: 49967.70 | MRR: 0.165 | H@1: 0.110 | H@3: 0.194 | H@10: 0.277
2024-01-31 12:06:51 INFO     	 Saving model at epoch 5 in ./logs\01_31\CHI\TransE_12_05_03
2024-01-31 12:06:57 INFO     	 Epoch 6 | average train loss: 0.0675
2024-01-31 12:06:57 INFO     	 Epoch 6 | average valid loss: 0.0468
2024-01-31 12:07:04 INFO     	 Epoch 7 | average train loss: 0.0648
2024-01-31 12:07:04 INFO     	 Epoch 7 | average valid loss: 0.0438
2024-01-31 12:07:10 INFO     	 Epoch 8 | average train loss: 0.0625
2024-01-31 12:07:10 INFO     	 Epoch 8 | average valid loss: 0.0416
2024-01-31 12:07:44 INFO     	 valid MR: 39260.48 | MRR: 0.152 | H@1: 0.088 | H@3: 0.188 | H@10: 0.282
2024-01-31 12:07:51 INFO     	 Epoch 9 | average train loss: 0.0605
2024-01-31 12:07:51 INFO     	 Epoch 9 | average valid loss: 0.0401
2024-01-31 12:07:57 INFO     	 Epoch 10 | average train loss: 0.0588
2024-01-31 12:07:57 INFO     	 Epoch 10 | average valid loss: 0.0390
2024-01-31 12:08:03 INFO     	 Epoch 11 | average train loss: 0.0574
2024-01-31 12:08:03 INFO     	 Epoch 11 | average valid loss: 0.0382
2024-01-31 12:08:39 INFO     	 valid MR: 25977.09 | MRR: 0.167 | H@1: 0.102 | H@3: 0.203 | H@10: 0.296
2024-01-31 12:08:39 INFO     	 Saving model at epoch 11 in ./logs\01_31\CHI\TransE_12_05_03
2024-01-31 12:08:45 INFO     	 Epoch 12 | average train loss: 0.0562
2024-01-31 12:08:46 INFO     	 Epoch 12 | average valid loss: 0.0376
2024-01-31 12:08:52 INFO     	 Epoch 13 | average train loss: 0.0553
2024-01-31 12:08:52 INFO     	 Epoch 13 | average valid loss: 0.0372
2024-01-31 12:08:58 INFO     	 Epoch 14 | average train loss: 0.0545
2024-01-31 12:08:58 INFO     	 Epoch 14 | average valid loss: 0.0370
2024-01-31 12:09:35 INFO     	 valid MR: 24329.03 | MRR: 0.193 | H@1: 0.131 | H@3: 0.232 | H@10: 0.313
2024-01-31 12:09:35 INFO     	 Saving model at epoch 14 in ./logs\01_31\CHI\TransE_12_05_03
2024-01-31 12:09:41 INFO     	 Epoch 15 | average train loss: 0.0539
2024-01-31 12:09:41 INFO     	 Epoch 15 | average valid loss: 0.0368
2024-01-31 12:09:48 INFO     	 Epoch 16 | average train loss: 0.0533
2024-01-31 12:09:48 INFO     	 Epoch 16 | average valid loss: 0.0367
2024-01-31 12:09:54 INFO     	 Epoch 17 | average train loss: 0.0526
2024-01-31 12:09:54 INFO     	 Epoch 17 | average valid loss: 0.0367
2024-01-31 12:10:31 INFO     	 valid MR: 23180.09 | MRR: 0.219 | H@1: 0.163 | H@3: 0.253 | H@10: 0.333
2024-01-31 12:10:31 INFO     	 Saving model at epoch 17 in ./logs\01_31\CHI\TransE_12_05_03
2024-01-31 12:10:38 INFO     	 Epoch 18 | average train loss: 0.0519
2024-01-31 12:10:38 INFO     	 Epoch 18 | average valid loss: 0.0368
2024-01-31 12:10:44 INFO     	 Epoch 19 | average train loss: 0.0511
2024-01-31 12:10:44 INFO     	 Epoch 19 | average valid loss: 0.0369
2024-01-31 12:10:50 INFO     	 Epoch 20 | average train loss: 0.0501
2024-01-31 12:10:50 INFO     	 Epoch 20 | average valid loss: 0.0370
2024-01-31 12:11:29 INFO     	 valid MR: 16585.03 | MRR: 0.245 | H@1: 0.193 | H@3: 0.278 | H@10: 0.349
2024-01-31 12:11:29 INFO     	 Saving model at epoch 20 in ./logs\01_31\CHI\TransE_12_05_03
2024-01-31 12:11:35 INFO     	 Epoch 21 | average train loss: 0.0490
2024-01-31 12:11:35 INFO     	 Epoch 21 | average valid loss: 0.0370
2024-01-31 12:11:42 INFO     	 Epoch 22 | average train loss: 0.0478
2024-01-31 12:11:42 INFO     	 Epoch 22 | average valid loss: 0.0371
2024-01-31 12:11:48 INFO     	 Epoch 23 | average train loss: 0.0465
2024-01-31 12:11:48 INFO     	 Epoch 23 | average valid loss: 0.0372
2024-01-31 12:12:27 INFO     	 valid MR: 8864.97 | MRR: 0.272 | H@1: 0.226 | H@3: 0.300 | H@10: 0.364
2024-01-31 12:12:27 INFO     	 Saving model at epoch 23 in ./logs\01_31\CHI\TransE_12_05_03
2024-01-31 12:12:34 INFO     	 Epoch 24 | average train loss: 0.0453
2024-01-31 12:12:34 INFO     	 Epoch 24 | average valid loss: 0.0373
2024-01-31 12:12:40 INFO     	 Epoch 25 | average train loss: 0.0441
2024-01-31 12:12:40 INFO     	 Epoch 25 | average valid loss: 0.0375
2024-01-31 12:12:46 INFO     	 Epoch 26 | average train loss: 0.0430
2024-01-31 12:12:46 INFO     	 Epoch 26 | average valid loss: 0.0378
2024-01-31 12:13:27 INFO     	 valid MR: 5916.48 | MRR: 0.304 | H@1: 0.261 | H@3: 0.330 | H@10: 0.391
2024-01-31 12:13:27 INFO     	 Saving model at epoch 26 in ./logs\01_31\CHI\TransE_12_05_03
2024-01-31 12:13:33 INFO     	 Epoch 27 | average train loss: 0.0420
2024-01-31 12:13:33 INFO     	 Epoch 27 | average valid loss: 0.0381
2024-01-31 12:13:39 INFO     	 Epoch 28 | average train loss: 0.0411
2024-01-31 12:13:39 INFO     	 Epoch 28 | average valid loss: 0.0384
2024-01-31 12:13:46 INFO     	 Epoch 29 | average train loss: 0.0403
2024-01-31 12:13:46 INFO     	 Epoch 29 | average valid loss: 0.0388
2024-01-31 12:14:27 INFO     	 valid MR: 4502.58 | MRR: 0.336 | H@1: 0.293 | H@3: 0.361 | H@10: 0.420
2024-01-31 12:14:27 INFO     	 Saving model at epoch 29 in ./logs\01_31\CHI\TransE_12_05_03
2024-01-31 12:14:33 INFO     	 Epoch 30 | average train loss: 0.0396
2024-01-31 12:14:33 INFO     	 Epoch 30 | average valid loss: 0.0393
2024-01-31 12:14:39 INFO     	 Epoch 31 | average train loss: 0.0390
2024-01-31 12:14:40 INFO     	 Epoch 31 | average valid loss: 0.0397
2024-01-31 12:14:46 INFO     	 Epoch 32 | average train loss: 0.0384
2024-01-31 12:14:46 INFO     	 Epoch 32 | average valid loss: 0.0402
2024-01-31 12:15:28 INFO     	 valid MR: 3722.34 | MRR: 0.361 | H@1: 0.317 | H@3: 0.384 | H@10: 0.444
2024-01-31 12:15:28 INFO     	 Saving model at epoch 32 in ./logs\01_31\CHI\TransE_12_05_03
2024-01-31 12:15:35 INFO     	 Epoch 33 | average train loss: 0.0380
2024-01-31 12:15:35 INFO     	 Epoch 33 | average valid loss: 0.0406
2024-01-31 12:15:41 INFO     	 Epoch 34 | average train loss: 0.0376
2024-01-31 12:15:41 INFO     	 Epoch 34 | average valid loss: 0.0410
2024-01-31 12:15:47 INFO     	 Epoch 35 | average train loss: 0.0373
2024-01-31 12:15:47 INFO     	 Epoch 35 | average valid loss: 0.0414
2024-01-31 12:16:30 INFO     	 valid MR: 3330.99 | MRR: 0.385 | H@1: 0.340 | H@3: 0.407 | H@10: 0.469
2024-01-31 12:16:30 INFO     	 Saving model at epoch 35 in ./logs\01_31\CHI\TransE_12_05_03
2024-01-31 12:16:37 INFO     	 Epoch 36 | average train loss: 0.0370
2024-01-31 12:16:37 INFO     	 Epoch 36 | average valid loss: 0.0418
2024-01-31 12:16:43 INFO     	 Epoch 37 | average train loss: 0.0368
2024-01-31 12:16:43 INFO     	 Epoch 37 | average valid loss: 0.0421
2024-01-31 12:16:49 INFO     	 Epoch 38 | average train loss: 0.0365
2024-01-31 12:16:49 INFO     	 Epoch 38 | average valid loss: 0.0424
2024-01-31 12:17:33 INFO     	 valid MR: 3108.68 | MRR: 0.411 | H@1: 0.366 | H@3: 0.433 | H@10: 0.493
2024-01-31 12:17:33 INFO     	 Saving model at epoch 38 in ./logs\01_31\CHI\TransE_12_05_03
2024-01-31 12:17:40 INFO     	 Epoch 39 | average train loss: 0.0364
2024-01-31 12:17:40 INFO     	 Epoch 39 | average valid loss: 0.0427
2024-01-31 12:17:46 INFO     	 Epoch 40 | average train loss: 0.0362
2024-01-31 12:17:46 INFO     	 Epoch 40 | average valid loss: 0.0429
2024-01-31 12:17:52 INFO     	 Epoch 41 | average train loss: 0.0361
2024-01-31 12:17:52 INFO     	 Epoch 41 | average valid loss: 0.0431
2024-01-31 12:18:37 INFO     	 valid MR: 2980.36 | MRR: 0.429 | H@1: 0.383 | H@3: 0.455 | H@10: 0.511
2024-01-31 12:18:37 INFO     	 Saving model at epoch 41 in ./logs\01_31\CHI\TransE_12_05_03
2024-01-31 12:18:44 INFO     	 Epoch 42 | average train loss: 0.0360
2024-01-31 12:18:44 INFO     	 Epoch 42 | average valid loss: 0.0433
2024-01-31 12:18:50 INFO     	 Epoch 43 | average train loss: 0.0359
2024-01-31 12:18:50 INFO     	 Epoch 43 | average valid loss: 0.0434
2024-01-31 12:18:56 INFO     	 Epoch 44 | average train loss: 0.0358
2024-01-31 12:18:56 INFO     	 Epoch 44 | average valid loss: 0.0435
2024-01-31 12:19:42 INFO     	 valid MR: 2864.46 | MRR: 0.446 | H@1: 0.402 | H@3: 0.467 | H@10: 0.526
2024-01-31 12:19:42 INFO     	 Saving model at epoch 44 in ./logs\01_31\CHI\TransE_12_05_03
2024-01-31 12:19:49 INFO     	 Epoch 45 | average train loss: 0.0357
2024-01-31 12:19:49 INFO     	 Epoch 45 | average valid loss: 0.0436
2024-01-31 12:19:55 INFO     	 Epoch 46 | average train loss: 0.0357
2024-01-31 12:19:55 INFO     	 Epoch 46 | average valid loss: 0.0438
2024-01-31 12:20:01 INFO     	 Epoch 47 | average train loss: 0.0356
2024-01-31 12:20:01 INFO     	 Epoch 47 | average valid loss: 0.0438
2024-01-31 12:20:48 INFO     	 valid MR: 2796.06 | MRR: 0.455 | H@1: 0.411 | H@3: 0.478 | H@10: 0.534
2024-01-31 12:20:48 INFO     	 Saving model at epoch 47 in ./logs\01_31\CHI\TransE_12_05_03
2024-01-31 12:20:54 INFO     	 Epoch 48 | average train loss: 0.0356
2024-01-31 12:20:54 INFO     	 Epoch 48 | average valid loss: 0.0438
2024-01-31 12:21:01 INFO     	 Epoch 49 | average train loss: 0.0355
2024-01-31 12:21:01 INFO     	 Epoch 49 | average valid loss: 0.0439
2024-01-31 12:21:07 INFO     	 Epoch 50 | average train loss: 0.0355
2024-01-31 12:21:07 INFO     	 Epoch 50 | average valid loss: 0.0439
2024-01-31 12:21:55 INFO     	 valid MR: 2728.96 | MRR: 0.463 | H@1: 0.418 | H@3: 0.487 | H@10: 0.543
2024-01-31 12:21:55 INFO     	 Saving model at epoch 50 in ./logs\01_31\CHI\TransE_12_05_03
2024-01-31 12:22:01 INFO     	 Epoch 51 | average train loss: 0.0354
2024-01-31 12:22:01 INFO     	 Epoch 51 | average valid loss: 0.0440
2024-01-31 12:22:07 INFO     	 Epoch 52 | average train loss: 0.0354
2024-01-31 12:22:07 INFO     	 Epoch 52 | average valid loss: 0.0440
2024-01-31 12:22:14 INFO     	 Epoch 53 | average train loss: 0.0353
2024-01-31 12:22:14 INFO     	 Epoch 53 | average valid loss: 0.0440
2024-01-31 12:23:02 INFO     	 valid MR: 2674.68 | MRR: 0.469 | H@1: 0.424 | H@3: 0.492 | H@10: 0.547
2024-01-31 12:23:02 INFO     	 Saving model at epoch 53 in ./logs\01_31\CHI\TransE_12_05_03
2024-01-31 12:23:09 INFO     	 Epoch 54 | average train loss: 0.0353
2024-01-31 12:23:09 INFO     	 Epoch 54 | average valid loss: 0.0440
2024-01-31 12:23:15 INFO     	 Epoch 55 | average train loss: 0.0353
2024-01-31 12:23:15 INFO     	 Epoch 55 | average valid loss: 0.0441
2024-01-31 12:23:21 INFO     	 Epoch 56 | average train loss: 0.0353
2024-01-31 12:23:21 INFO     	 Epoch 56 | average valid loss: 0.0441
2024-01-31 12:24:11 INFO     	 valid MR: 2644.06 | MRR: 0.475 | H@1: 0.432 | H@3: 0.498 | H@10: 0.552
2024-01-31 12:24:11 INFO     	 Saving model at epoch 56 in ./logs\01_31\CHI\TransE_12_05_03
2024-01-31 12:24:18 INFO     	 Epoch 57 | average train loss: 0.0352
2024-01-31 12:24:18 INFO     	 Epoch 57 | average valid loss: 0.0441
2024-01-31 12:24:24 INFO     	 Epoch 58 | average train loss: 0.0352
2024-01-31 12:24:24 INFO     	 Epoch 58 | average valid loss: 0.0441
2024-01-31 12:24:30 INFO     	 Epoch 59 | average train loss: 0.0352
2024-01-31 12:24:30 INFO     	 Epoch 59 | average valid loss: 0.0441
2024-01-31 12:25:22 INFO     	 valid MR: 2598.90 | MRR: 0.479 | H@1: 0.437 | H@3: 0.499 | H@10: 0.553
2024-01-31 12:25:22 INFO     	 Saving model at epoch 59 in ./logs\01_31\CHI\TransE_12_05_03
2024-01-31 12:25:28 INFO     	 Epoch 60 | average train loss: 0.0352
2024-01-31 12:25:28 INFO     	 Epoch 60 | average valid loss: 0.0441
2024-01-31 12:25:34 INFO     	 Epoch 61 | average train loss: 0.0351
2024-01-31 12:25:34 INFO     	 Epoch 61 | average valid loss: 0.0441
2024-01-31 12:25:41 INFO     	 Epoch 62 | average train loss: 0.0351
2024-01-31 12:25:41 INFO     	 Epoch 62 | average valid loss: 0.0441
2024-01-31 12:26:33 INFO     	 valid MR: 2566.02 | MRR: 0.479 | H@1: 0.437 | H@3: 0.500 | H@10: 0.555
2024-01-31 12:26:33 INFO     	 Saving model at epoch 62 in ./logs\01_31\CHI\TransE_12_05_03
2024-01-31 12:26:40 INFO     	 Epoch 63 | average train loss: 0.0351
2024-01-31 12:26:40 INFO     	 Epoch 63 | average valid loss: 0.0441
2024-01-31 12:26:46 INFO     	 Epoch 64 | average train loss: 0.0351
2024-01-31 12:26:46 INFO     	 Epoch 64 | average valid loss: 0.0441
2024-01-31 12:26:52 INFO     	 Epoch 65 | average train loss: 0.0351
2024-01-31 12:26:52 INFO     	 Epoch 65 | average valid loss: 0.0441
2024-01-31 12:27:46 INFO     	 valid MR: 2539.19 | MRR: 0.480 | H@1: 0.438 | H@3: 0.501 | H@10: 0.556
2024-01-31 12:27:46 INFO     	 Saving model at epoch 65 in ./logs\01_31\CHI\TransE_12_05_03
2024-01-31 12:27:52 INFO     	 Epoch 66 | average train loss: 0.0351
2024-01-31 12:27:52 INFO     	 Epoch 66 | average valid loss: 0.0441
2024-01-31 12:27:59 INFO     	 Epoch 67 | average train loss: 0.0350
2024-01-31 12:27:59 INFO     	 Epoch 67 | average valid loss: 0.0441
2024-01-31 12:28:05 INFO     	 Epoch 68 | average train loss: 0.0350
2024-01-31 12:28:05 INFO     	 Epoch 68 | average valid loss: 0.0440
2024-01-31 12:28:59 INFO     	 valid MR: 2512.64 | MRR: 0.484 | H@1: 0.442 | H@3: 0.504 | H@10: 0.557
2024-01-31 12:28:59 INFO     	 Saving model at epoch 68 in ./logs\01_31\CHI\TransE_12_05_03
2024-01-31 12:29:06 INFO     	 Epoch 69 | average train loss: 0.0350
2024-01-31 12:29:06 INFO     	 Epoch 69 | average valid loss: 0.0441
2024-01-31 12:29:12 INFO     	 Epoch 70 | average train loss: 0.0350
2024-01-31 12:29:12 INFO     	 Epoch 70 | average valid loss: 0.0440
2024-01-31 12:29:18 INFO     	 Epoch 71 | average train loss: 0.0350
2024-01-31 12:29:18 INFO     	 Epoch 71 | average valid loss: 0.0440
2024-01-31 12:30:14 INFO     	 valid MR: 2487.98 | MRR: 0.481 | H@1: 0.439 | H@3: 0.503 | H@10: 0.557
2024-01-31 12:30:21 INFO     	 Epoch 72 | average train loss: 0.0350
2024-01-31 12:30:21 INFO     	 Epoch 72 | average valid loss: 0.0440
2024-01-31 12:30:27 INFO     	 Epoch 73 | average train loss: 0.0350
2024-01-31 12:30:27 INFO     	 Epoch 73 | average valid loss: 0.0440
2024-01-31 12:30:33 INFO     	 Epoch 74 | average train loss: 0.0349
2024-01-31 12:30:33 INFO     	 Epoch 74 | average valid loss: 0.0440
2024-01-31 12:31:31 INFO     	 valid MR: 2475.60 | MRR: 0.486 | H@1: 0.445 | H@3: 0.508 | H@10: 0.559
2024-01-31 12:31:31 INFO     	 Saving model at epoch 74 in ./logs\01_31\CHI\TransE_12_05_03
2024-01-31 12:31:37 INFO     	 Epoch 75 | average train loss: 0.0350
2024-01-31 12:31:37 INFO     	 Epoch 75 | average valid loss: 0.0440
2024-01-31 12:31:44 INFO     	 Epoch 76 | average train loss: 0.0349
2024-01-31 12:31:44 INFO     	 Epoch 76 | average valid loss: 0.0440
2024-01-31 12:31:50 INFO     	 Epoch 77 | average train loss: 0.0349
2024-01-31 12:31:50 INFO     	 Epoch 77 | average valid loss: 0.0439
2024-01-31 12:33:03 INFO     	 valid MR: 2454.79 | MRR: 0.485 | H@1: 0.444 | H@3: 0.505 | H@10: 0.558
2024-01-31 12:33:10 INFO     	 Epoch 78 | average train loss: 0.0349
2024-01-31 12:33:10 INFO     	 Epoch 78 | average valid loss: 0.0440
2024-01-31 12:33:16 INFO     	 Epoch 79 | average train loss: 0.0349
2024-01-31 12:33:16 INFO     	 Epoch 79 | average valid loss: 0.0439
2024-01-31 12:33:23 INFO     	 Epoch 80 | average train loss: 0.0349
2024-01-31 12:33:23 INFO     	 Epoch 80 | average valid loss: 0.0439
2024-01-31 12:34:34 INFO     	 valid MR: 2448.79 | MRR: 0.484 | H@1: 0.443 | H@3: 0.505 | H@10: 0.558
2024-01-31 12:34:40 INFO     	 Epoch 81 | average train loss: 0.0349
2024-01-31 12:34:41 INFO     	 Epoch 81 | average valid loss: 0.0439
2024-01-31 12:34:47 INFO     	 Epoch 82 | average train loss: 0.0349
2024-01-31 12:34:47 INFO     	 Epoch 82 | average valid loss: 0.0439
2024-01-31 12:34:54 INFO     	 Epoch 83 | average train loss: 0.0349
2024-01-31 12:34:54 INFO     	 Epoch 83 | average valid loss: 0.0439
2024-01-31 12:36:03 INFO     	 valid MR: 2442.55 | MRR: 0.485 | H@1: 0.443 | H@3: 0.506 | H@10: 0.558
2024-01-31 12:36:10 INFO     	 Epoch 84 | average train loss: 0.0349
2024-01-31 12:36:10 INFO     	 Epoch 84 | average valid loss: 0.0439
2024-01-31 12:36:16 INFO     	 Epoch 85 | average train loss: 0.0349
2024-01-31 12:36:16 INFO     	 Epoch 85 | average valid loss: 0.0439
2024-01-31 12:36:23 INFO     	 Epoch 86 | average train loss: 0.0349
2024-01-31 12:36:23 INFO     	 Epoch 86 | average valid loss: 0.0439
2024-01-31 12:37:34 INFO     	 valid MR: 2430.02 | MRR: 0.486 | H@1: 0.446 | H@3: 0.507 | H@10: 0.557
2024-01-31 12:37:34 INFO     	 Saving model at epoch 86 in ./logs\01_31\CHI\TransE_12_05_03
2024-01-31 12:37:41 INFO     	 Epoch 87 | average train loss: 0.0349
2024-01-31 12:37:41 INFO     	 Epoch 87 | average valid loss: 0.0438
2024-01-31 12:37:47 INFO     	 Epoch 88 | average train loss: 0.0349
2024-01-31 12:37:48 INFO     	 Epoch 88 | average valid loss: 0.0439
2024-01-31 12:37:54 INFO     	 Epoch 89 | average train loss: 0.0348
2024-01-31 12:37:54 INFO     	 Epoch 89 | average valid loss: 0.0439
2024-01-31 12:39:04 INFO     	 valid MR: 2421.63 | MRR: 0.489 | H@1: 0.449 | H@3: 0.509 | H@10: 0.559
2024-01-31 12:39:04 INFO     	 Saving model at epoch 89 in ./logs\01_31\CHI\TransE_12_05_03
2024-01-31 12:39:11 INFO     	 Epoch 90 | average train loss: 0.0348
2024-01-31 12:39:11 INFO     	 Epoch 90 | average valid loss: 0.0438
2024-01-31 12:39:17 INFO     	 Epoch 91 | average train loss: 0.0348
2024-01-31 12:39:17 INFO     	 Epoch 91 | average valid loss: 0.0438
2024-01-31 12:39:24 INFO     	 Epoch 92 | average train loss: 0.0348
2024-01-31 12:39:24 INFO     	 Epoch 92 | average valid loss: 0.0438
2024-01-31 12:40:39 INFO     	 valid MR: 2406.21 | MRR: 0.488 | H@1: 0.448 | H@3: 0.508 | H@10: 0.558
2024-01-31 12:40:46 INFO     	 Epoch 93 | average train loss: 0.0348
2024-01-31 12:40:46 INFO     	 Epoch 93 | average valid loss: 0.0438
2024-01-31 12:40:52 INFO     	 Epoch 94 | average train loss: 0.0348
2024-01-31 12:40:52 INFO     	 Epoch 94 | average valid loss: 0.0439
2024-01-31 12:40:59 INFO     	 Epoch 95 | average train loss: 0.0348
2024-01-31 12:40:59 INFO     	 Epoch 95 | average valid loss: 0.0438
2024-01-31 12:42:12 INFO     	 valid MR: 2412.35 | MRR: 0.485 | H@1: 0.444 | H@3: 0.506 | H@10: 0.556
2024-01-31 12:42:19 INFO     	 Epoch 96 | average train loss: 0.0348
2024-01-31 12:42:19 INFO     	 Epoch 96 | average valid loss: 0.0438
2024-01-31 12:42:26 INFO     	 Epoch 97 | average train loss: 0.0348
2024-01-31 12:42:26 INFO     	 Epoch 97 | average valid loss: 0.0438
2024-01-31 12:42:32 INFO     	 Epoch 98 | average train loss: 0.0348
2024-01-31 12:42:32 INFO     	 Epoch 98 | average valid loss: 0.0438
2024-01-31 12:43:46 INFO     	 valid MR: 2393.02 | MRR: 0.484 | H@1: 0.443 | H@3: 0.506 | H@10: 0.558
2024-01-31 12:43:52 INFO     	 Epoch 99 | average train loss: 0.0348
2024-01-31 12:43:53 INFO     	 Epoch 99 | average valid loss: 0.0438
2024-01-31 12:43:59 INFO     	 Epoch 100 | average train loss: 0.0348
2024-01-31 12:43:59 INFO     	 Epoch 100 | average valid loss: 0.0438
2024-01-31 12:44:06 INFO     	 Epoch 101 | average train loss: 0.0348
2024-01-31 12:44:06 INFO     	 Epoch 101 | average valid loss: 0.0438
2024-01-31 12:45:22 INFO     	 valid MR: 2377.16 | MRR: 0.488 | H@1: 0.449 | H@3: 0.506 | H@10: 0.559
2024-01-31 12:45:29 INFO     	 Epoch 102 | average train loss: 0.0348
2024-01-31 12:45:29 INFO     	 Epoch 102 | average valid loss: 0.0438
2024-01-31 12:45:35 INFO     	 Epoch 103 | average train loss: 0.0348
2024-01-31 12:45:35 INFO     	 Epoch 103 | average valid loss: 0.0437
2024-01-31 12:45:42 INFO     	 Epoch 104 | average train loss: 0.0348
2024-01-31 12:45:42 INFO     	 Epoch 104 | average valid loss: 0.0438
2024-01-31 12:47:01 INFO     	 valid MR: 2387.75 | MRR: 0.489 | H@1: 0.450 | H@3: 0.508 | H@10: 0.558
2024-01-31 12:47:07 INFO     	 Epoch 105 | average train loss: 0.0348
2024-01-31 12:47:07 INFO     	 Epoch 105 | average valid loss: 0.0438
2024-01-31 12:47:14 INFO     	 Epoch 106 | average train loss: 0.0348
2024-01-31 12:47:14 INFO     	 Epoch 106 | average valid loss: 0.0438
2024-01-31 12:47:21 INFO     	 Epoch 107 | average train loss: 0.0348
2024-01-31 12:47:21 INFO     	 Epoch 107 | average valid loss: 0.0437
2024-01-31 12:48:48 INFO     	 valid MR: 2387.45 | MRR: 0.489 | H@1: 0.450 | H@3: 0.508 | H@10: 0.558
2024-01-31 12:48:48 INFO     	 Saving model at epoch 107 in ./logs\01_31\CHI\TransE_12_05_03
2024-01-31 12:48:55 INFO     	 Epoch 108 | average train loss: 0.0348
2024-01-31 12:48:55 INFO     	 Epoch 108 | average valid loss: 0.0437
2024-01-31 12:49:02 INFO     	 Epoch 109 | average train loss: 0.0348
2024-01-31 12:49:02 INFO     	 Epoch 109 | average valid loss: 0.0438
2024-01-31 12:49:09 INFO     	 Epoch 110 | average train loss: 0.0348
2024-01-31 12:49:09 INFO     	 Epoch 110 | average valid loss: 0.0437
2024-01-31 12:50:36 INFO     	 valid MR: 2376.66 | MRR: 0.489 | H@1: 0.450 | H@3: 0.507 | H@10: 0.557
2024-01-31 12:50:43 INFO     	 Epoch 111 | average train loss: 0.0347
2024-01-31 12:50:43 INFO     	 Epoch 111 | average valid loss: 0.0437
2024-01-31 12:50:50 INFO     	 Epoch 112 | average train loss: 0.0347
2024-01-31 12:50:50 INFO     	 Epoch 112 | average valid loss: 0.0437
2024-01-31 12:50:57 INFO     	 Epoch 113 | average train loss: 0.0347
2024-01-31 12:50:57 INFO     	 Epoch 113 | average valid loss: 0.0438
2024-01-31 12:52:19 INFO     	 valid MR: 2378.72 | MRR: 0.488 | H@1: 0.448 | H@3: 0.510 | H@10: 0.558
2024-01-31 12:52:25 INFO     	 Epoch 114 | average train loss: 0.0347
2024-01-31 12:52:25 INFO     	 Epoch 114 | average valid loss: 0.0437
2024-01-31 12:52:31 INFO     	 Epoch 115 | average train loss: 0.0347
2024-01-31 12:52:32 INFO     	 Epoch 115 | average valid loss: 0.0437
2024-01-31 12:52:38 INFO     	 Epoch 116 | average train loss: 0.0347
2024-01-31 12:52:38 INFO     	 Epoch 116 | average valid loss: 0.0437
2024-01-31 12:53:55 INFO     	 valid MR: 2376.64 | MRR: 0.491 | H@1: 0.452 | H@3: 0.510 | H@10: 0.559
2024-01-31 12:53:55 INFO     	 Saving model at epoch 116 in ./logs\01_31\CHI\TransE_12_05_03
2024-01-31 12:54:01 INFO     	 Epoch 117 | average train loss: 0.0347
2024-01-31 12:54:01 INFO     	 Epoch 117 | average valid loss: 0.0437
2024-01-31 12:54:08 INFO     	 Epoch 118 | average train loss: 0.0347
2024-01-31 12:54:08 INFO     	 Epoch 118 | average valid loss: 0.0437
2024-01-31 12:54:14 INFO     	 Epoch 119 | average train loss: 0.0347
2024-01-31 12:54:14 INFO     	 Epoch 119 | average valid loss: 0.0437
2024-01-31 12:55:37 INFO     	 valid MR: 2388.89 | MRR: 0.490 | H@1: 0.452 | H@3: 0.510 | H@10: 0.559
2024-01-31 12:55:44 INFO     	 Epoch 120 | average train loss: 0.0347
2024-01-31 12:55:44 INFO     	 Epoch 120 | average valid loss: 0.0437
2024-01-31 12:55:51 INFO     	 Epoch 121 | average train loss: 0.0347
2024-01-31 12:55:51 INFO     	 Epoch 121 | average valid loss: 0.0437
2024-01-31 12:55:58 INFO     	 Epoch 122 | average train loss: 0.0347
2024-01-31 12:55:58 INFO     	 Epoch 122 | average valid loss: 0.0437
2024-01-31 12:57:21 INFO     	 valid MR: 2370.54 | MRR: 0.488 | H@1: 0.449 | H@3: 0.506 | H@10: 0.556
2024-01-31 12:57:28 INFO     	 Epoch 123 | average train loss: 0.0347
2024-01-31 12:57:28 INFO     	 Epoch 123 | average valid loss: 0.0437
2024-01-31 12:57:34 INFO     	 Epoch 124 | average train loss: 0.0347
2024-01-31 12:57:34 INFO     	 Epoch 124 | average valid loss: 0.0436
2024-01-31 12:57:41 INFO     	 Epoch 125 | average train loss: 0.0347
2024-01-31 12:57:41 INFO     	 Epoch 125 | average valid loss: 0.0437
2024-01-31 12:59:07 INFO     	 valid MR: 2375.04 | MRR: 0.488 | H@1: 0.448 | H@3: 0.509 | H@10: 0.558
2024-01-31 12:59:14 INFO     	 Epoch 126 | average train loss: 0.0347
2024-01-31 12:59:14 INFO     	 Epoch 126 | average valid loss: 0.0437
2024-01-31 12:59:21 INFO     	 Epoch 127 | average train loss: 0.0347
2024-01-31 12:59:21 INFO     	 Epoch 127 | average valid loss: 0.0437
2024-01-31 12:59:27 INFO     	 Epoch 128 | average train loss: 0.0347
2024-01-31 12:59:27 INFO     	 Epoch 128 | average valid loss: 0.0437
2024-01-31 13:01:05 INFO     	 valid MR: 2362.96 | MRR: 0.485 | H@1: 0.445 | H@3: 0.504 | H@10: 0.557
2024-01-31 13:01:12 INFO     	 Epoch 129 | average train loss: 0.0347
2024-01-31 13:01:12 INFO     	 Epoch 129 | average valid loss: 0.0437
2024-01-31 13:01:19 INFO     	 Epoch 130 | average train loss: 0.0347
2024-01-31 13:01:19 INFO     	 Epoch 130 | average valid loss: 0.0437
2024-01-31 13:01:26 INFO     	 Epoch 131 | average train loss: 0.0347
2024-01-31 13:01:26 INFO     	 Epoch 131 | average valid loss: 0.0437
2024-01-31 13:03:02 INFO     	 valid MR: 2358.50 | MRR: 0.487 | H@1: 0.448 | H@3: 0.505 | H@10: 0.556
2024-01-31 13:03:09 INFO     	 Epoch 132 | average train loss: 0.0347
2024-01-31 13:03:09 INFO     	 Epoch 132 | average valid loss: 0.0437
2024-01-31 13:03:15 INFO     	 Epoch 133 | average train loss: 0.0347
2024-01-31 13:03:16 INFO     	 Epoch 133 | average valid loss: 0.0437
2024-01-31 13:03:22 INFO     	 Epoch 134 | average train loss: 0.0347
2024-01-31 13:03:22 INFO     	 Epoch 134 | average valid loss: 0.0436
2024-01-31 13:04:52 INFO     	 valid MR: 2364.97 | MRR: 0.487 | H@1: 0.448 | H@3: 0.507 | H@10: 0.557
2024-01-31 13:04:58 INFO     	 Epoch 135 | average train loss: 0.0347
2024-01-31 13:04:58 INFO     	 Epoch 135 | average valid loss: 0.0436
2024-01-31 13:05:05 INFO     	 Epoch 136 | average train loss: 0.0347
2024-01-31 13:05:05 INFO     	 Epoch 136 | average valid loss: 0.0437
2024-01-31 13:05:11 INFO     	 Epoch 137 | average train loss: 0.0347
2024-01-31 13:05:11 INFO     	 Epoch 137 | average valid loss: 0.0437
2024-01-31 13:06:40 INFO     	 valid MR: 2362.44 | MRR: 0.487 | H@1: 0.448 | H@3: 0.505 | H@10: 0.557
2024-01-31 13:06:47 INFO     	 Epoch 138 | average train loss: 0.0347
2024-01-31 13:06:47 INFO     	 Epoch 138 | average valid loss: 0.0437
2024-01-31 13:06:53 INFO     	 Epoch 139 | average train loss: 0.0347
2024-01-31 13:06:53 INFO     	 Epoch 139 | average valid loss: 0.0437
2024-01-31 13:07:00 INFO     	 Epoch 140 | average train loss: 0.0347
2024-01-31 13:07:00 INFO     	 Epoch 140 | average valid loss: 0.0436
2024-01-31 13:08:32 INFO     	 valid MR: 2357.63 | MRR: 0.483 | H@1: 0.441 | H@3: 0.503 | H@10: 0.557
2024-01-31 13:08:39 INFO     	 Epoch 141 | average train loss: 0.0347
2024-01-31 13:08:39 INFO     	 Epoch 141 | average valid loss: 0.0437
2024-01-31 13:08:46 INFO     	 Epoch 142 | average train loss: 0.0347
2024-01-31 13:08:46 INFO     	 Epoch 142 | average valid loss: 0.0436
2024-01-31 13:08:53 INFO     	 Epoch 143 | average train loss: 0.0347
2024-01-31 13:08:53 INFO     	 Epoch 143 | average valid loss: 0.0436
2024-01-31 13:10:24 INFO     	 valid MR: 2358.84 | MRR: 0.487 | H@1: 0.446 | H@3: 0.506 | H@10: 0.557
2024-01-31 13:10:31 INFO     	 Epoch 144 | average train loss: 0.0347
2024-01-31 13:10:31 INFO     	 Epoch 144 | average valid loss: 0.0436
2024-01-31 13:10:38 INFO     	 Epoch 145 | average train loss: 0.0347
2024-01-31 13:10:38 INFO     	 Epoch 145 | average valid loss: 0.0437
2024-01-31 13:10:44 INFO     	 Epoch 146 | average train loss: 0.0347
2024-01-31 13:10:44 INFO     	 Epoch 146 | average valid loss: 0.0436
2024-01-31 13:12:24 INFO     	 valid MR: 2358.35 | MRR: 0.486 | H@1: 0.444 | H@3: 0.507 | H@10: 0.558
2024-01-31 13:12:24 INFO     	 Early stopping
2024-01-31 13:12:24 INFO     	 Optimization finished
2024-01-31 13:12:24 INFO     	 Loading best model saved at epoch 116
2024-01-31 13:14:03 INFO     	 valid MR: 2376.64 | MRR: 0.491 | H@1: 0.452 | H@3: 0.510 | H@10: 0.559
2024-01-31 13:15:34 INFO     	 test MR: 2395.17 | MRR: 0.484 | H@1: 0.446 | H@3: 0.504 | H@10: 0.552
