2024-09-10 16:23:51 INFO     Saving logs in: ./logs/NYCHuman20200406\AGCRN\ExtNone\
2024-09-10 16:23:51 INFO     ----------------------------------------------------------------------------
2024-09-10 16:23:51 INFO     # 0, Kownledge Graph Embedding: Normal, Experiment ids: 5000
2024-09-10 16:23:51 INFO     ----------------------------------------------------------------------------
2024-09-10 16:23:51 INFO     Begin pipeline, task=traffic_state_pred, model_name=AGCRN, dataset_name=NYCHuman20200406, exp_id=5000
2024-09-10 16:23:51 INFO     {'task': 'traffic_state_pred', 'model': 'AGCRN', 'dataset': 'NYCHuman20200406', 'saved_model': True, 'train': True, 'exp_id': 5000, 'ke_dim': 32, 'max_epoch': 200, 'patience': 15, 'cache_dataset': False, 'output_window': 12, 'metrics': ['MAE', 'RMSE'], 'cur_times': 0, 'dataset_class': 'TrafficStatePointDataset', 'executor': 'TrafficStateExecutor', 'evaluator': 'TrafficStateEvaluator', 'embed_dim': 10, 'rnn_units': 64, 'num_layers': 2, 'cheb_order': 2, 'bidir_adj_mx': True, 'scaler': 'standard', 'load_external': False, 'normal_external': False, 'ext_scaler': 'none', 'add_time_in_day': False, 'add_day_in_week': False, 'learner': 'adam', 'learning_rate': 0.003, 'lr_decay': False, 'clip_grad_norm': False, 'use_early_stop': True, 'batch_size': 64, 'num_workers': 0, 'pad_with_last_sample': True, 'train_rate': 0.7, 'eval_rate': 0.1, 'input_window': 12, 'gpu': True, 'gpu_id': 0, 'train_loss': 'none', 'epoch': 0, 'weight_decay': 0, 'lr_epsilon': 1e-08, 'lr_beta1': 0.9, 'lr_beta2': 0.999, 'lr_alpha': 0.99, 'lr_momentum': 0, 'lr_scheduler': 'multisteplr', 'lr_decay_ratio': 0.1, 'steps': [5, 20, 40, 70], 'step_size': 10, 'lr_T_max': 30, 'lr_eta_min': 0, 'lr_patience': 10, 'lr_threshold': 0.0001, 'max_grad_norm': 1.0, 'log_level': 'INFO', 'log_every': 1, 'load_best_epoch': True, 'hyper_tune': False, 'evaluator_mode': 'single', 'save_mode': ['csv'], 'geo': {'including_types': ['Point'], 'Point': {}}, 'rel': {'including_types': ['geo'], 'geo': {'cost': 'num'}}, 'dyna': {'including_types': ['state'], 'state': {'entity_id': 'geo_id', 'traffic_speed': 'num'}}, 'data_col': ['inflow', 'outflow'], 'weight_col': 'cost', 'data_files': ['NYCHuman20200406'], 'geo_file': 'NYCHuman20200406', 'rel_file': 'NYCHuman20200406', 'output_dim': 2, 'time_intervals': 4368, 'init_weight_inf_or_zero': 'inf', 'set_weight_link_or_dist': 'dist', 'calculate_weight_adj': True, 'weight_adj_epsilon': 0.1, 'embedding_type': 'POI', 'device': device(type='cuda', index=0)}
2024-09-10 16:23:51 INFO     Loaded file NYCHuman20200406.geo, num_nodes=1600
2024-09-10 16:23:52 INFO     set_weight_link_or_dist: dist
2024-09-10 16:23:52 INFO     init_weight_inf_or_zero: inf
2024-09-10 16:23:56 INFO     Loaded file NYCHuman20200406.rel, shape=(1600, 1600)
2024-09-10 16:23:56 INFO     Start Calculate the weight by Gauss kernel!
2024-09-10 16:23:56 INFO     Loading file NYCHuman20200406.dyna
2024-09-10 16:23:58 INFO     Loaded file NYCHuman20200406.dyna, shape=(4368, 1600, 2)
2024-09-10 16:24:01 INFO     Dataset created
2024-09-10 16:24:01 INFO     x shape: (4345, 12, 1600, 2), y shape: (4345, 12, 1600, 2)
2024-09-10 16:24:02 INFO     train	x: (3042, 12, 1600, 2), y: (3042, 12, 1600, 2)
2024-09-10 16:24:02 INFO     eval	x: (434, 12, 1600, 2), y: (434, 12, 1600, 2)
2024-09-10 16:24:02 INFO     test	x: (869, 12, 1600, 2), y: (869, 12, 1600, 2)
2024-09-10 16:24:02 INFO     StandardScaler mean: 0.12154269052706553, std: 0.5744893783288851
2024-09-10 16:24:02 INFO     NoneScaler
2024-09-10 16:24:06 INFO     AGCRN(
  (encoder): AVWDCRNN(
    (dcrnn_cells): ModuleList(
      (0): AGCRNCell(
        (gate): AVWGCN()
        (update): AVWGCN()
      )
      (1): AGCRNCell(
        (gate): AVWGCN()
        (update): AVWGCN()
      )
    )
  )
  (end_conv): Conv2d(1, 24, kernel_size=(1, 64), stride=(1, 1))
)
2024-09-10 16:24:06 INFO     node_embeddings	torch.Size([1600, 10])	cuda:0	True
2024-09-10 16:24:06 INFO     encoder.dcrnn_cells.0.gate.weights_pool	torch.Size([10, 2, 66, 128])	cuda:0	True
2024-09-10 16:24:06 INFO     encoder.dcrnn_cells.0.gate.bias_pool	torch.Size([10, 128])	cuda:0	True
2024-09-10 16:24:06 INFO     encoder.dcrnn_cells.0.update.weights_pool	torch.Size([10, 2, 66, 64])	cuda:0	True
2024-09-10 16:24:06 INFO     encoder.dcrnn_cells.0.update.bias_pool	torch.Size([10, 64])	cuda:0	True
2024-09-10 16:24:06 INFO     encoder.dcrnn_cells.1.gate.weights_pool	torch.Size([10, 2, 128, 128])	cuda:0	True
2024-09-10 16:24:06 INFO     encoder.dcrnn_cells.1.gate.bias_pool	torch.Size([10, 128])	cuda:0	True
2024-09-10 16:24:06 INFO     encoder.dcrnn_cells.1.update.weights_pool	torch.Size([10, 2, 128, 64])	cuda:0	True
2024-09-10 16:24:06 INFO     encoder.dcrnn_cells.1.update.bias_pool	torch.Size([10, 64])	cuda:0	True
2024-09-10 16:24:06 INFO     end_conv.weight	torch.Size([24, 1, 1, 64])	cuda:0	True
2024-09-10 16:24:06 INFO     end_conv.bias	torch.Size([24])	cuda:0	True
2024-09-10 16:24:06 INFO     Total parameter numbers: 766360
2024-09-10 16:24:06 INFO     You select `adam` optimizer.
2024-09-10 16:24:06 WARNING  Received none train loss func and will use the loss func defined in the model.
2024-09-10 16:24:06 INFO     Start training ...
2024-09-10 16:24:06 INFO     num_batches:48
