2024-09-10 15:44:41 INFO     Saving logs in: ./logs/CHITaxi20190406\MHopGWNET\ExtNone\
2024-09-10 15:44:41 INFO     ----------------------------------------------------------------------------
2024-09-10 15:44:41 INFO     # 0, Kownledge Graph Embedding: Normal, Experiment ids: 10000
2024-09-10 15:44:41 INFO     ----------------------------------------------------------------------------
2024-09-10 15:44:41 INFO     Begin pipeline, task=traffic_state_pred, model_name=MHopGWNET, dataset_name=CHITaxi20190406, exp_id=10000
2024-09-10 15:44:41 INFO     {'task': 'traffic_state_pred', 'model': 'MHopGWNET', 'dataset': 'CHITaxi20190406', 'saved_model': True, 'train': True, 'exp_id': 10000, 'ke_model': 'GIE', 'ke_dim': 32, 'max_hop': 1, 'max_epoch': 200, 'patience': 15, 'cache_dataset': False, 'output_window': 12, 'metrics': ['MAE', 'RMSE'], 'cur_times': 0, 'dataset_class': 'TrafficStatePointDataset', 'executor': 'TrafficStateExecutor', 'evaluator': 'TrafficStateEvaluator', 'dropout': 0.3, 'blocks': 4, 'layers': 2, 'batch_size': 32, 'apt_layer': True, 'gcn_bool': True, 'adjtype': 'doubletransition', 'bidir_adj_mx': False, 'randomadj': True, 'kernel_size': 2, 'nhid': 32, 'residual_channels': 32, 'dilation_channels': 32, 'skip_channels': 256, 'end_channels': 512, 'scaler': 'standard', 'load_external': False, 'normal_external': False, 'ext_scaler': 'none', 'add_time_in_day': False, 'add_day_in_week': False, 'learner': 'adam', 'learning_rate': 0.001, 'lr_decay': False, 'clip_grad_norm': True, 'max_grad_norm': 5, 'use_early_stop': False, 'use_rel_adj': False, 'use_apt_adj': True, 'path_select': 'shortest', 'use_rl': True, 'use_node': False, 'feat_fuse': 'cat', 'path_fuse': 'maxpooling', 'attn_num_layers': 1, 'attn_num_heads': 8, 'num_workers': 0, 'pad_with_last_sample': True, 'train_rate': 0.7, 'eval_rate': 0.1, 'input_window': 12, 'gpu': True, 'gpu_id': 0, 'train_loss': 'none', 'epoch': 0, 'weight_decay': 0, 'lr_epsilon': 1e-08, 'lr_beta1': 0.9, 'lr_beta2': 0.999, 'lr_alpha': 0.99, 'lr_momentum': 0, 'lr_scheduler': 'multisteplr', 'lr_decay_ratio': 0.1, 'steps': [5, 20, 40, 70], 'step_size': 10, 'lr_T_max': 30, 'lr_eta_min': 0, 'lr_patience': 10, 'lr_threshold': 0.0001, 'log_level': 'INFO', 'log_every': 1, 'load_best_epoch': True, 'hyper_tune': False, 'evaluator_mode': 'single', 'save_mode': ['csv'], 'geo': {'including_types': ['Point'], 'Point': {}}, 'rel': {'including_types': ['geo'], 'geo': {'cost': 'num'}}, 'dyna': {'including_types': ['state'], 'state': {'entity_id': 'geo_id', 'traffic_speed': 'num'}}, 'data_col': ['inflow', 'outflow'], 'weight_col': 'cost', 'data_files': ['CHITaxi20190406'], 'geo_file': 'CHITaxi20190406', 'rel_file': 'CHITaxi20190406', 'output_dim': 2, 'time_intervals': 4368, 'init_weight_inf_or_zero': 'inf', 'set_weight_link_or_dist': 'dist', 'calculate_weight_adj': True, 'weight_adj_epsilon': 0.1, 'embedding_type': 'area', 'device': device(type='cuda', index=0)}
2024-09-10 15:44:41 INFO     Loaded file CHITaxi20190406.geo, num_nodes=77
2024-09-10 15:44:41 INFO     set_weight_link_or_dist: dist
2024-09-10 15:44:41 INFO     init_weight_inf_or_zero: inf
2024-09-10 15:44:41 INFO     Loaded file CHITaxi20190406.rel, shape=(77, 77)
2024-09-10 15:44:41 INFO     Start Calculate the weight by Gauss kernel!
2024-09-10 15:44:41 INFO     Loading file CHITaxi20190406.dyna
2024-09-10 15:44:41 INFO     Loaded file CHITaxi20190406.dyna, shape=(4368, 77, 2)
2024-09-10 15:44:41 INFO     Dataset created
2024-09-10 15:44:41 INFO     x shape: (4345, 12, 77, 2), y shape: (4345, 12, 77, 2)
2024-09-10 15:44:41 INFO     train	x: (3042, 12, 77, 2), y: (3042, 12, 77, 2)
2024-09-10 15:44:41 INFO     eval	x: (434, 12, 77, 2), y: (434, 12, 77, 2)
2024-09-10 15:44:41 INFO     test	x: (869, 12, 77, 2), y: (869, 12, 77, 2)
2024-09-10 15:44:41 INFO     StandardScaler mean: 11.137838123415046, std: 53.15358218315973
2024-09-10 15:44:41 INFO     NoneScaler
2024-09-10 15:44:41 INFO     load path_feat from ./KG/path_feature/CHITaxi20190406/GIE/32_1hop.pkl
2024-09-10 15:44:43 INFO     add apt_adj(v1 * v2) in forward process
2024-09-10 15:44:43 INFO     add multi hop score in forward process
2024-09-10 15:44:43 INFO     receptive_field: 14
2024-09-10 15:44:43 INFO     MHopGWNET(
  (mh_feat_encoder): Sequential(
    (0): PathAttention(
      (attention): MultiheadAttention(
        (out_proj): _LinearWithBias(in_features=32, out_features=32, bias=True)
      )
    )
  )
  (mh_score_layer): MHScoreLayer(
    (hop_max_pooling): MaxPool1d(kernel_size=4, stride=4, padding=0, dilation=1, ceil_mode=False)
    (fcb): Sequential(
      (0): LinearBlock(
        (block): Sequential(
          (0): Linear(in_features=32, out_features=16, bias=True)
          (1): Dropout(p=0.2, inplace=False)
          (2): ReLU()
        )
      )
      (1): LinearBlock(
        (block): Sequential(
          (0): Linear(in_features=16, out_features=16, bias=True)
          (1): Dropout(p=0.2, inplace=False)
          (2): ReLU()
        )
      )
    )
    (fc): Linear(in_features=16, out_features=1, bias=True)
  )
  (filter_convs): ModuleList(
    (0): Conv2d(32, 32, kernel_size=(1, 2), stride=(1, 1))
    (1): Conv2d(32, 32, kernel_size=(1, 2), stride=(1, 1), dilation=(2, 2))
    (2): Conv2d(32, 32, kernel_size=(1, 2), stride=(1, 1))
    (3): Conv2d(32, 32, kernel_size=(1, 2), stride=(1, 1), dilation=(2, 2))
    (4): Conv2d(32, 32, kernel_size=(1, 2), stride=(1, 1))
    (5): Conv2d(32, 32, kernel_size=(1, 2), stride=(1, 1), dilation=(2, 2))
    (6): Conv2d(32, 32, kernel_size=(1, 2), stride=(1, 1))
    (7): Conv2d(32, 32, kernel_size=(1, 2), stride=(1, 1), dilation=(2, 2))
  )
  (gate_convs): ModuleList(
    (0): Conv1d(32, 32, kernel_size=(1, 2), stride=(1,))
    (1): Conv1d(32, 32, kernel_size=(1, 2), stride=(1,), dilation=(2,))
    (2): Conv1d(32, 32, kernel_size=(1, 2), stride=(1,))
    (3): Conv1d(32, 32, kernel_size=(1, 2), stride=(1,), dilation=(2,))
    (4): Conv1d(32, 32, kernel_size=(1, 2), stride=(1,))
    (5): Conv1d(32, 32, kernel_size=(1, 2), stride=(1,), dilation=(2,))
    (6): Conv1d(32, 32, kernel_size=(1, 2), stride=(1,))
    (7): Conv1d(32, 32, kernel_size=(1, 2), stride=(1,), dilation=(2,))
  )
  (residual_convs): ModuleList(
    (0): Conv1d(32, 32, kernel_size=(1, 1), stride=(1,))
    (1): Conv1d(32, 32, kernel_size=(1, 1), stride=(1,))
    (2): Conv1d(32, 32, kernel_size=(1, 1), stride=(1,))
    (3): Conv1d(32, 32, kernel_size=(1, 1), stride=(1,))
    (4): Conv1d(32, 32, kernel_size=(1, 1), stride=(1,))
    (5): Conv1d(32, 32, kernel_size=(1, 1), stride=(1,))
    (6): Conv1d(32, 32, kernel_size=(1, 1), stride=(1,))
    (7): Conv1d(32, 32, kernel_size=(1, 1), stride=(1,))
  )
  (skip_convs): ModuleList(
    (0): Conv1d(32, 256, kernel_size=(1, 1), stride=(1,))
    (1): Conv1d(32, 256, kernel_size=(1, 1), stride=(1,))
    (2): Conv1d(32, 256, kernel_size=(1, 1), stride=(1,))
    (3): Conv1d(32, 256, kernel_size=(1, 1), stride=(1,))
    (4): Conv1d(32, 256, kernel_size=(1, 1), stride=(1,))
    (5): Conv1d(32, 256, kernel_size=(1, 1), stride=(1,))
    (6): Conv1d(32, 256, kernel_size=(1, 1), stride=(1,))
    (7): Conv1d(32, 256, kernel_size=(1, 1), stride=(1,))
  )
  (bn): ModuleList(
    (0): BatchNorm2d(32, eps=1e-05, momentum=0.1, affine=True, track_running_stats=True)
    (1): BatchNorm2d(32, eps=1e-05, momentum=0.1, affine=True, track_running_stats=True)
    (2): BatchNorm2d(32, eps=1e-05, momentum=0.1, affine=True, track_running_stats=True)
    (3): BatchNorm2d(32, eps=1e-05, momentum=0.1, affine=True, track_running_stats=True)
    (4): BatchNorm2d(32, eps=1e-05, momentum=0.1, affine=True, track_running_stats=True)
    (5): BatchNorm2d(32, eps=1e-05, momentum=0.1, affine=True, track_running_stats=True)
    (6): BatchNorm2d(32, eps=1e-05, momentum=0.1, affine=True, track_running_stats=True)
    (7): BatchNorm2d(32, eps=1e-05, momentum=0.1, affine=True, track_running_stats=True)
  )
  (gconv): ModuleList(
    (0): GCN(
      (nconv): NConv()
      (mlp): Linear(
        (mlp): Conv2d(160, 32, kernel_size=(1, 1), stride=(1, 1))
      )
    )
    (1): GCN(
      (nconv): NConv()
      (mlp): Linear(
        (mlp): Conv2d(160, 32, kernel_size=(1, 1), stride=(1, 1))
      )
    )
    (2): GCN(
      (nconv): NConv()
      (mlp): Linear(
        (mlp): Conv2d(160, 32, kernel_size=(1, 1), stride=(1, 1))
      )
    )
    (3): GCN(
      (nconv): NConv()
      (mlp): Linear(
        (mlp): Conv2d(160, 32, kernel_size=(1, 1), stride=(1, 1))
      )
    )
    (4): GCN(
      (nconv): NConv()
      (mlp): Linear(
        (mlp): Conv2d(160, 32, kernel_size=(1, 1), stride=(1, 1))
      )
    )
    (5): GCN(
      (nconv): NConv()
      (mlp): Linear(
        (mlp): Conv2d(160, 32, kernel_size=(1, 1), stride=(1, 1))
      )
    )
    (6): GCN(
      (nconv): NConv()
      (mlp): Linear(
        (mlp): Conv2d(160, 32, kernel_size=(1, 1), stride=(1, 1))
      )
    )
    (7): GCN(
      (nconv): NConv()
      (mlp): Linear(
        (mlp): Conv2d(160, 32, kernel_size=(1, 1), stride=(1, 1))
      )
    )
  )
  (start_conv): Conv2d(2, 32, kernel_size=(1, 1), stride=(1, 1))
  (end_conv_1): Conv2d(256, 512, kernel_size=(1, 1), stride=(1, 1))
  (end_conv_2): Conv2d(512, 12, kernel_size=(1, 1), stride=(1, 1))
)
2024-09-10 15:44:43 INFO     nodevec1	torch.Size([77, 10])	cuda:0	True
2024-09-10 15:44:43 INFO     nodevec2	torch.Size([10, 77])	cuda:0	True
2024-09-10 15:44:43 INFO     mh_feat_encoder.0.attention.in_proj_weight	torch.Size([96, 32])	cuda:0	True
2024-09-10 15:44:43 INFO     mh_feat_encoder.0.attention.in_proj_bias	torch.Size([96])	cuda:0	True
2024-09-10 15:44:43 INFO     mh_feat_encoder.0.attention.out_proj.weight	torch.Size([32, 32])	cuda:0	True
2024-09-10 15:44:43 INFO     mh_feat_encoder.0.attention.out_proj.bias	torch.Size([32])	cuda:0	True
2024-09-10 15:44:43 INFO     mh_score_layer.fcb.0.block.0.weight	torch.Size([16, 32])	cuda:0	True
2024-09-10 15:44:43 INFO     mh_score_layer.fcb.0.block.0.bias	torch.Size([16])	cuda:0	True
2024-09-10 15:44:43 INFO     mh_score_layer.fcb.1.block.0.weight	torch.Size([16, 16])	cuda:0	True
2024-09-10 15:44:43 INFO     mh_score_layer.fcb.1.block.0.bias	torch.Size([16])	cuda:0	True
2024-09-10 15:44:43 INFO     mh_score_layer.fc.weight	torch.Size([1, 16])	cuda:0	True
2024-09-10 15:44:43 INFO     mh_score_layer.fc.bias	torch.Size([1])	cuda:0	True
2024-09-10 15:44:43 INFO     filter_convs.0.weight	torch.Size([32, 32, 1, 2])	cuda:0	True
2024-09-10 15:44:43 INFO     filter_convs.0.bias	torch.Size([32])	cuda:0	True
2024-09-10 15:44:43 INFO     filter_convs.1.weight	torch.Size([32, 32, 1, 2])	cuda:0	True
2024-09-10 15:44:43 INFO     filter_convs.1.bias	torch.Size([32])	cuda:0	True
2024-09-10 15:44:43 INFO     filter_convs.2.weight	torch.Size([32, 32, 1, 2])	cuda:0	True
2024-09-10 15:44:43 INFO     filter_convs.2.bias	torch.Size([32])	cuda:0	True
2024-09-10 15:44:43 INFO     filter_convs.3.weight	torch.Size([32, 32, 1, 2])	cuda:0	True
2024-09-10 15:44:43 INFO     filter_convs.3.bias	torch.Size([32])	cuda:0	True
2024-09-10 15:44:43 INFO     filter_convs.4.weight	torch.Size([32, 32, 1, 2])	cuda:0	True
2024-09-10 15:44:43 INFO     filter_convs.4.bias	torch.Size([32])	cuda:0	True
2024-09-10 15:44:43 INFO     filter_convs.5.weight	torch.Size([32, 32, 1, 2])	cuda:0	True
2024-09-10 15:44:43 INFO     filter_convs.5.bias	torch.Size([32])	cuda:0	True
2024-09-10 15:44:43 INFO     filter_convs.6.weight	torch.Size([32, 32, 1, 2])	cuda:0	True
2024-09-10 15:44:43 INFO     filter_convs.6.bias	torch.Size([32])	cuda:0	True
2024-09-10 15:44:43 INFO     filter_convs.7.weight	torch.Size([32, 32, 1, 2])	cuda:0	True
2024-09-10 15:44:43 INFO     filter_convs.7.bias	torch.Size([32])	cuda:0	True
2024-09-10 15:44:43 INFO     gate_convs.0.weight	torch.Size([32, 32, 1, 2])	cuda:0	True
2024-09-10 15:44:43 INFO     gate_convs.0.bias	torch.Size([32])	cuda:0	True
2024-09-10 15:44:43 INFO     gate_convs.1.weight	torch.Size([32, 32, 1, 2])	cuda:0	True
2024-09-10 15:44:43 INFO     gate_convs.1.bias	torch.Size([32])	cuda:0	True
2024-09-10 15:44:43 INFO     gate_convs.2.weight	torch.Size([32, 32, 1, 2])	cuda:0	True
2024-09-10 15:44:43 INFO     gate_convs.2.bias	torch.Size([32])	cuda:0	True
2024-09-10 15:44:43 INFO     gate_convs.3.weight	torch.Size([32, 32, 1, 2])	cuda:0	True
2024-09-10 15:44:43 INFO     gate_convs.3.bias	torch.Size([32])	cuda:0	True
2024-09-10 15:44:43 INFO     gate_convs.4.weight	torch.Size([32, 32, 1, 2])	cuda:0	True
2024-09-10 15:44:43 INFO     gate_convs.4.bias	torch.Size([32])	cuda:0	True
2024-09-10 15:44:43 INFO     gate_convs.5.weight	torch.Size([32, 32, 1, 2])	cuda:0	True
2024-09-10 15:44:43 INFO     gate_convs.5.bias	torch.Size([32])	cuda:0	True
2024-09-10 15:44:43 INFO     gate_convs.6.weight	torch.Size([32, 32, 1, 2])	cuda:0	True
2024-09-10 15:44:43 INFO     gate_convs.6.bias	torch.Size([32])	cuda:0	True
2024-09-10 15:44:43 INFO     gate_convs.7.weight	torch.Size([32, 32, 1, 2])	cuda:0	True
2024-09-10 15:44:43 INFO     gate_convs.7.bias	torch.Size([32])	cuda:0	True
2024-09-10 15:44:43 INFO     residual_convs.0.weight	torch.Size([32, 32, 1, 1])	cuda:0	True
2024-09-10 15:44:43 INFO     residual_convs.0.bias	torch.Size([32])	cuda:0	True
2024-09-10 15:44:43 INFO     residual_convs.1.weight	torch.Size([32, 32, 1, 1])	cuda:0	True
2024-09-10 15:44:43 INFO     residual_convs.1.bias	torch.Size([32])	cuda:0	True
2024-09-10 15:44:43 INFO     residual_convs.2.weight	torch.Size([32, 32, 1, 1])	cuda:0	True
2024-09-10 15:44:43 INFO     residual_convs.2.bias	torch.Size([32])	cuda:0	True
2024-09-10 15:44:43 INFO     residual_convs.3.weight	torch.Size([32, 32, 1, 1])	cuda:0	True
2024-09-10 15:44:43 INFO     residual_convs.3.bias	torch.Size([32])	cuda:0	True
2024-09-10 15:44:43 INFO     residual_convs.4.weight	torch.Size([32, 32, 1, 1])	cuda:0	True
2024-09-10 15:44:43 INFO     residual_convs.4.bias	torch.Size([32])	cuda:0	True
2024-09-10 15:44:43 INFO     residual_convs.5.weight	torch.Size([32, 32, 1, 1])	cuda:0	True
2024-09-10 15:44:43 INFO     residual_convs.5.bias	torch.Size([32])	cuda:0	True
2024-09-10 15:44:43 INFO     residual_convs.6.weight	torch.Size([32, 32, 1, 1])	cuda:0	True
2024-09-10 15:44:43 INFO     residual_convs.6.bias	torch.Size([32])	cuda:0	True
2024-09-10 15:44:43 INFO     residual_convs.7.weight	torch.Size([32, 32, 1, 1])	cuda:0	True
2024-09-10 15:44:43 INFO     residual_convs.7.bias	torch.Size([32])	cuda:0	True
2024-09-10 15:44:43 INFO     skip_convs.0.weight	torch.Size([256, 32, 1, 1])	cuda:0	True
2024-09-10 15:44:43 INFO     skip_convs.0.bias	torch.Size([256])	cuda:0	True
2024-09-10 15:44:43 INFO     skip_convs.1.weight	torch.Size([256, 32, 1, 1])	cuda:0	True
2024-09-10 15:44:43 INFO     skip_convs.1.bias	torch.Size([256])	cuda:0	True
2024-09-10 15:44:43 INFO     skip_convs.2.weight	torch.Size([256, 32, 1, 1])	cuda:0	True
2024-09-10 15:44:43 INFO     skip_convs.2.bias	torch.Size([256])	cuda:0	True
2024-09-10 15:44:43 INFO     skip_convs.3.weight	torch.Size([256, 32, 1, 1])	cuda:0	True
2024-09-10 15:44:43 INFO     skip_convs.3.bias	torch.Size([256])	cuda:0	True
2024-09-10 15:44:43 INFO     skip_convs.4.weight	torch.Size([256, 32, 1, 1])	cuda:0	True
2024-09-10 15:44:43 INFO     skip_convs.4.bias	torch.Size([256])	cuda:0	True
2024-09-10 15:44:43 INFO     skip_convs.5.weight	torch.Size([256, 32, 1, 1])	cuda:0	True
2024-09-10 15:44:43 INFO     skip_convs.5.bias	torch.Size([256])	cuda:0	True
2024-09-10 15:44:43 INFO     skip_convs.6.weight	torch.Size([256, 32, 1, 1])	cuda:0	True
2024-09-10 15:44:43 INFO     skip_convs.6.bias	torch.Size([256])	cuda:0	True
2024-09-10 15:44:43 INFO     skip_convs.7.weight	torch.Size([256, 32, 1, 1])	cuda:0	True
2024-09-10 15:44:43 INFO     skip_convs.7.bias	torch.Size([256])	cuda:0	True
2024-09-10 15:44:43 INFO     bn.0.weight	torch.Size([32])	cuda:0	True
2024-09-10 15:44:43 INFO     bn.0.bias	torch.Size([32])	cuda:0	True
2024-09-10 15:44:43 INFO     bn.1.weight	torch.Size([32])	cuda:0	True
2024-09-10 15:44:43 INFO     bn.1.bias	torch.Size([32])	cuda:0	True
2024-09-10 15:44:43 INFO     bn.2.weight	torch.Size([32])	cuda:0	True
2024-09-10 15:44:43 INFO     bn.2.bias	torch.Size([32])	cuda:0	True
2024-09-10 15:44:43 INFO     bn.3.weight	torch.Size([32])	cuda:0	True
2024-09-10 15:44:43 INFO     bn.3.bias	torch.Size([32])	cuda:0	True
2024-09-10 15:44:43 INFO     bn.4.weight	torch.Size([32])	cuda:0	True
2024-09-10 15:44:43 INFO     bn.4.bias	torch.Size([32])	cuda:0	True
2024-09-10 15:44:43 INFO     bn.5.weight	torch.Size([32])	cuda:0	True
2024-09-10 15:44:43 INFO     bn.5.bias	torch.Size([32])	cuda:0	True
2024-09-10 15:44:43 INFO     bn.6.weight	torch.Size([32])	cuda:0	True
2024-09-10 15:44:43 INFO     bn.6.bias	torch.Size([32])	cuda:0	True
2024-09-10 15:44:43 INFO     bn.7.weight	torch.Size([32])	cuda:0	True
2024-09-10 15:44:43 INFO     bn.7.bias	torch.Size([32])	cuda:0	True
2024-09-10 15:44:43 INFO     gconv.0.mlp.mlp.weight	torch.Size([32, 160, 1, 1])	cuda:0	True
2024-09-10 15:44:43 INFO     gconv.0.mlp.mlp.bias	torch.Size([32])	cuda:0	True
2024-09-10 15:44:43 INFO     gconv.1.mlp.mlp.weight	torch.Size([32, 160, 1, 1])	cuda:0	True
2024-09-10 15:44:43 INFO     gconv.1.mlp.mlp.bias	torch.Size([32])	cuda:0	True
2024-09-10 15:44:43 INFO     gconv.2.mlp.mlp.weight	torch.Size([32, 160, 1, 1])	cuda:0	True
2024-09-10 15:44:43 INFO     gconv.2.mlp.mlp.bias	torch.Size([32])	cuda:0	True
2024-09-10 15:44:43 INFO     gconv.3.mlp.mlp.weight	torch.Size([32, 160, 1, 1])	cuda:0	True
2024-09-10 15:44:43 INFO     gconv.3.mlp.mlp.bias	torch.Size([32])	cuda:0	True
2024-09-10 15:44:43 INFO     gconv.4.mlp.mlp.weight	torch.Size([32, 160, 1, 1])	cuda:0	True
2024-09-10 15:44:43 INFO     gconv.4.mlp.mlp.bias	torch.Size([32])	cuda:0	True
2024-09-10 15:44:43 INFO     gconv.5.mlp.mlp.weight	torch.Size([32, 160, 1, 1])	cuda:0	True
2024-09-10 15:44:43 INFO     gconv.5.mlp.mlp.bias	torch.Size([32])	cuda:0	True
2024-09-10 15:44:43 INFO     gconv.6.mlp.mlp.weight	torch.Size([32, 160, 1, 1])	cuda:0	True
2024-09-10 15:44:43 INFO     gconv.6.mlp.mlp.bias	torch.Size([32])	cuda:0	True
2024-09-10 15:44:43 INFO     gconv.7.mlp.mlp.weight	torch.Size([32, 160, 1, 1])	cuda:0	True
2024-09-10 15:44:43 INFO     gconv.7.mlp.mlp.bias	torch.Size([32])	cuda:0	True
2024-09-10 15:44:43 INFO     start_conv.weight	torch.Size([32, 2, 1, 1])	cuda:0	True
2024-09-10 15:44:43 INFO     start_conv.bias	torch.Size([32])	cuda:0	True
2024-09-10 15:44:43 INFO     end_conv_1.weight	torch.Size([512, 256, 1, 1])	cuda:0	True
2024-09-10 15:44:43 INFO     end_conv_1.bias	torch.Size([512])	cuda:0	True
2024-09-10 15:44:43 INFO     end_conv_2.weight	torch.Size([12, 512, 1, 1])	cuda:0	True
2024-09-10 15:44:43 INFO     end_conv_2.bias	torch.Size([12])	cuda:0	True
2024-09-10 15:44:43 INFO     Total parameter numbers: 295457
2024-09-10 15:44:43 INFO     You select `adam` optimizer.
2024-09-10 15:44:43 WARNING  Received none train loss func and will use the loss func defined in the model.
2024-09-10 15:44:43 INFO     Start training ...
2024-09-10 15:44:43 INFO     num_batches:96
2024-09-10 15:45:34 INFO     epoch complete!
2024-09-10 15:45:34 INFO     evaluating now!
2024-09-10 15:45:40 INFO     Epoch [0/200] train_loss: 12.4870, val_loss: 9.7139, lr: 0.001000, 57.38s
2024-09-10 15:45:40 INFO     Saved model at 0
2024-09-10 15:45:40 INFO     Val loss decrease from inf to 9.7139, saving to ./libcity/cache/10000/model_cache/MHopGWNET_CHITaxi20190406_epoch0.tar
2024-09-10 15:46:29 INFO     epoch complete!
2024-09-10 15:46:29 INFO     evaluating now!
2024-09-10 15:46:36 INFO     Epoch [1/200] train_loss: 8.9903, val_loss: 8.4038, lr: 0.001000, 55.54s
2024-09-10 15:46:36 INFO     Saved model at 1
2024-09-10 15:46:36 INFO     Val loss decrease from 9.7139 to 8.4038, saving to ./libcity/cache/10000/model_cache/MHopGWNET_CHITaxi20190406_epoch1.tar
2024-09-10 15:47:24 INFO     epoch complete!
2024-09-10 15:47:24 INFO     evaluating now!
2024-09-10 15:47:30 INFO     Epoch [2/200] train_loss: 8.3866, val_loss: 8.9800, lr: 0.001000, 54.35s
2024-09-10 15:48:19 INFO     epoch complete!
2024-09-10 15:48:19 INFO     evaluating now!
2024-09-10 15:48:25 INFO     Epoch [3/200] train_loss: 8.1324, val_loss: 8.0635, lr: 0.001000, 55.03s
2024-09-10 15:48:25 INFO     Saved model at 3
2024-09-10 15:48:25 INFO     Val loss decrease from 8.4038 to 8.0635, saving to ./libcity/cache/10000/model_cache/MHopGWNET_CHITaxi20190406_epoch3.tar
2024-09-10 15:49:14 INFO     epoch complete!
2024-09-10 15:49:14 INFO     evaluating now!
2024-09-10 15:49:20 INFO     Epoch [4/200] train_loss: 7.9498, val_loss: 8.1700, lr: 0.001000, 55.32s
2024-09-10 15:50:09 INFO     epoch complete!
2024-09-10 15:50:09 INFO     evaluating now!
2024-09-10 15:50:16 INFO     Epoch [5/200] train_loss: 7.7303, val_loss: 7.7131, lr: 0.001000, 55.56s
2024-09-10 15:50:16 INFO     Saved model at 5
2024-09-10 15:50:16 INFO     Val loss decrease from 8.0635 to 7.7131, saving to ./libcity/cache/10000/model_cache/MHopGWNET_CHITaxi20190406_epoch5.tar
