2024-09-27 16:17:40 INFO     Saving logs in: ./logs/CHITaxi20190406\GWNET\Test
2024-09-27 16:17:40 INFO     ----------------------------------------------------------------------------
2024-09-27 16:17:40 INFO     # 0, Kownledge Graph Embedding: GIE, Experiment ids: 10015
2024-09-27 16:17:40 INFO     ----------------------------------------------------------------------------
2024-09-27 16:17:40 INFO     Begin pipeline, task=traffic_state_pred, model_name=GWNET, dataset_name=CHITaxi20190406, exp_id=10015
2024-09-27 16:17:40 INFO     {'task': 'traffic_state_pred', 'model': 'GWNET', 'dataset': 'CHITaxi20190406', 'saved_model': True, 'train': True, 'exp_id': 10015, 'ke_model': 'GIE', 'ke_dim': 32, 'ke_method': 'Concat', 'load_external': True, 'max_epoch': 1, 'patience': 15, 'use_early_stop': True, 'cache_dataset': False, 'output_window': 12, 'metrics': ['MAE', 'RMSE', 'masked_MAPE'], 'cur_times': 0, 'dataset_class': 'TrafficStatePointDataset', 'executor': 'TrafficStateExecutor', 'evaluator': 'TrafficStateEvaluator', 'dropout': 0.3, 'blocks': 4, 'layers': 2, 'batch_size': 32, 'apt_layer': True, 'gcn_bool': True, 'adjtype': 'doubletransition', 'bidir_adj_mx': False, 'randomadj': True, 'kernel_size': 2, 'nhid': 32, 'residual_channels': 32, 'dilation_channels': 32, 'skip_channels': 256, 'end_channels': 512, 'scaler': 'standard', 'normal_external': False, 'ext_scaler': 'none', 'add_time_in_day': False, 'add_day_in_week': False, 'learner': 'adam', 'learning_rate': 0.001, 'lr_decay': False, 'clip_grad_norm': True, 'max_grad_norm': 5, 'use_rel_adj': True, 'use_apt_adj': True, 'num_workers': 0, 'pad_with_last_sample': True, 'train_rate': 0.7, 'eval_rate': 0.1, 'input_window': 12, 'robustness_test': False, 'noise_type': 'gaussian', 'disturb_rate': 0.5, 'noise_mean': [5], 'noise_SD': [10], 'gpu': True, 'gpu_id': 0, 'train_loss': 'none', 'epoch': 0, 'weight_decay': 0, 'lr_epsilon': 1e-08, 'lr_beta1': 0.9, 'lr_beta2': 0.999, 'lr_alpha': 0.99, 'lr_momentum': 0, 'lr_scheduler': 'multisteplr', 'lr_decay_ratio': 0.1, 'steps': [5, 20, 40, 70], 'step_size': 10, 'lr_T_max': 30, 'lr_eta_min': 0, 'lr_patience': 10, 'lr_threshold': 0.0001, 'log_level': 'INFO', 'log_every': 1, 'load_best_epoch': True, 'hyper_tune': False, 'evaluator_mode': 'single', 'save_mode': ['csv'], 'geo': {'including_types': ['Point'], 'Point': {}}, 'rel': {'including_types': ['geo'], 'geo': {'cost': 'num'}}, 'dyna': {'including_types': ['state'], 'state': {'entity_id': 'geo_id', 'traffic_speed': 'num'}}, 'data_col': ['inflow', 'outflow'], 'weight_col': 'cost', 'data_files': ['CHITaxi20190406'], 'geo_file': 'CHITaxi20190406', 'rel_file': 'CHITaxi20190406', 'output_dim': 2, 'time_intervals': 1800, 'init_weight_inf_or_zero': 'inf', 'set_weight_link_or_dist': 'dist', 'calculate_weight_adj': True, 'weight_adj_epsilon': 0.1, 'ke_type': 'area', 'device': device(type='cuda', index=0)}
2024-09-27 16:17:40 INFO     Loaded file CHITaxi20190406.geo, num_nodes=77
2024-09-27 16:17:40 INFO     set_weight_link_or_dist: dist
2024-09-27 16:17:40 INFO     init_weight_inf_or_zero: inf
2024-09-27 16:17:40 INFO     Loaded file CHITaxi20190406.rel, shape=(77, 77)
2024-09-27 16:17:40 INFO     Start Calculate the weight by Gauss kernel!
2024-09-27 16:17:40 INFO     Loading file CHITaxi20190406.dyna
2024-09-27 16:17:40 INFO     Loaded file CHITaxi20190406.dyna, shape=(4368, 77, 2)
2024-09-27 16:17:43 INFO     Dataset created
2024-09-27 16:17:43 INFO     x shape: (4345, 12, 77, 34), y shape: (4345, 12, 77, 34)
2024-09-27 16:17:43 INFO     train	x: (3042, 12, 77, 34), y: (3042, 12, 77, 34)
2024-09-27 16:17:43 INFO     eval	x: (434, 12, 77, 34), y: (434, 12, 77, 34)
2024-09-27 16:17:43 INFO     test	x: (869, 12, 77, 34), y: (869, 12, 77, 34)
2024-09-27 16:17:43 INFO     StandardScaler mean: 11.137838123415046, std: 53.15358218315973
2024-09-27 16:17:43 INFO     NoneScaler
2024-09-27 16:17:47 INFO     add adj_mx to supports
2024-09-27 16:17:47 INFO     add apt_adj(v1 * v2) in forward process
2024-09-27 16:17:47 INFO     receptive_field: 14
2024-09-27 16:17:47 INFO     GWNET(
  (filter_convs): ModuleList(
    (0): Conv2d(32, 32, kernel_size=(1, 2), stride=(1, 1))
    (1): Conv2d(32, 32, kernel_size=(1, 2), stride=(1, 1), dilation=(2, 2))
    (2): Conv2d(32, 32, kernel_size=(1, 2), stride=(1, 1))
    (3): Conv2d(32, 32, kernel_size=(1, 2), stride=(1, 1), dilation=(2, 2))
    (4): Conv2d(32, 32, kernel_size=(1, 2), stride=(1, 1))
    (5): Conv2d(32, 32, kernel_size=(1, 2), stride=(1, 1), dilation=(2, 2))
    (6): Conv2d(32, 32, kernel_size=(1, 2), stride=(1, 1))
    (7): Conv2d(32, 32, kernel_size=(1, 2), stride=(1, 1), dilation=(2, 2))
  )
  (gate_convs): ModuleList(
    (0): Conv1d(32, 32, kernel_size=(1, 2), stride=(1,))
    (1): Conv1d(32, 32, kernel_size=(1, 2), stride=(1,), dilation=(2,))
    (2): Conv1d(32, 32, kernel_size=(1, 2), stride=(1,))
    (3): Conv1d(32, 32, kernel_size=(1, 2), stride=(1,), dilation=(2,))
    (4): Conv1d(32, 32, kernel_size=(1, 2), stride=(1,))
    (5): Conv1d(32, 32, kernel_size=(1, 2), stride=(1,), dilation=(2,))
    (6): Conv1d(32, 32, kernel_size=(1, 2), stride=(1,))
    (7): Conv1d(32, 32, kernel_size=(1, 2), stride=(1,), dilation=(2,))
  )
  (residual_convs): ModuleList(
    (0): Conv1d(32, 32, kernel_size=(1, 1), stride=(1,))
    (1): Conv1d(32, 32, kernel_size=(1, 1), stride=(1,))
    (2): Conv1d(32, 32, kernel_size=(1, 1), stride=(1,))
    (3): Conv1d(32, 32, kernel_size=(1, 1), stride=(1,))
    (4): Conv1d(32, 32, kernel_size=(1, 1), stride=(1,))
    (5): Conv1d(32, 32, kernel_size=(1, 1), stride=(1,))
    (6): Conv1d(32, 32, kernel_size=(1, 1), stride=(1,))
    (7): Conv1d(32, 32, kernel_size=(1, 1), stride=(1,))
  )
  (skip_convs): ModuleList(
    (0): Conv1d(32, 256, kernel_size=(1, 1), stride=(1,))
    (1): Conv1d(32, 256, kernel_size=(1, 1), stride=(1,))
    (2): Conv1d(32, 256, kernel_size=(1, 1), stride=(1,))
    (3): Conv1d(32, 256, kernel_size=(1, 1), stride=(1,))
    (4): Conv1d(32, 256, kernel_size=(1, 1), stride=(1,))
    (5): Conv1d(32, 256, kernel_size=(1, 1), stride=(1,))
    (6): Conv1d(32, 256, kernel_size=(1, 1), stride=(1,))
    (7): Conv1d(32, 256, kernel_size=(1, 1), stride=(1,))
  )
  (bn): ModuleList(
    (0): BatchNorm2d(32, eps=1e-05, momentum=0.1, affine=True, track_running_stats=True)
    (1): BatchNorm2d(32, eps=1e-05, momentum=0.1, affine=True, track_running_stats=True)
    (2): BatchNorm2d(32, eps=1e-05, momentum=0.1, affine=True, track_running_stats=True)
    (3): BatchNorm2d(32, eps=1e-05, momentum=0.1, affine=True, track_running_stats=True)
    (4): BatchNorm2d(32, eps=1e-05, momentum=0.1, affine=True, track_running_stats=True)
    (5): BatchNorm2d(32, eps=1e-05, momentum=0.1, affine=True, track_running_stats=True)
    (6): BatchNorm2d(32, eps=1e-05, momentum=0.1, affine=True, track_running_stats=True)
    (7): BatchNorm2d(32, eps=1e-05, momentum=0.1, affine=True, track_running_stats=True)
  )
  (gconv): ModuleList(
    (0): GCN(
      (nconv): NConv()
      (mlp): Linear(
        (mlp): Conv2d(224, 32, kernel_size=(1, 1), stride=(1, 1))
      )
    )
    (1): GCN(
      (nconv): NConv()
      (mlp): Linear(
        (mlp): Conv2d(224, 32, kernel_size=(1, 1), stride=(1, 1))
      )
    )
    (2): GCN(
      (nconv): NConv()
      (mlp): Linear(
        (mlp): Conv2d(224, 32, kernel_size=(1, 1), stride=(1, 1))
      )
    )
    (3): GCN(
      (nconv): NConv()
      (mlp): Linear(
        (mlp): Conv2d(224, 32, kernel_size=(1, 1), stride=(1, 1))
      )
    )
    (4): GCN(
      (nconv): NConv()
      (mlp): Linear(
        (mlp): Conv2d(224, 32, kernel_size=(1, 1), stride=(1, 1))
      )
    )
    (5): GCN(
      (nconv): NConv()
      (mlp): Linear(
        (mlp): Conv2d(224, 32, kernel_size=(1, 1), stride=(1, 1))
      )
    )
    (6): GCN(
      (nconv): NConv()
      (mlp): Linear(
        (mlp): Conv2d(224, 32, kernel_size=(1, 1), stride=(1, 1))
      )
    )
    (7): GCN(
      (nconv): NConv()
      (mlp): Linear(
        (mlp): Conv2d(224, 32, kernel_size=(1, 1), stride=(1, 1))
      )
    )
  )
  (start_conv): Conv2d(34, 32, kernel_size=(1, 1), stride=(1, 1))
  (end_conv_1): Conv2d(256, 512, kernel_size=(1, 1), stride=(1, 1))
  (end_conv_2): Conv2d(512, 12, kernel_size=(1, 1), stride=(1, 1))
)
2024-09-27 16:17:47 INFO     nodevec1	torch.Size([77, 10])	cuda:0	True
2024-09-27 16:17:47 INFO     nodevec2	torch.Size([10, 77])	cuda:0	True
2024-09-27 16:17:47 INFO     filter_convs.0.weight	torch.Size([32, 32, 1, 2])	cuda:0	True
2024-09-27 16:17:47 INFO     filter_convs.0.bias	torch.Size([32])	cuda:0	True
2024-09-27 16:17:47 INFO     filter_convs.1.weight	torch.Size([32, 32, 1, 2])	cuda:0	True
2024-09-27 16:17:47 INFO     filter_convs.1.bias	torch.Size([32])	cuda:0	True
2024-09-27 16:17:47 INFO     filter_convs.2.weight	torch.Size([32, 32, 1, 2])	cuda:0	True
2024-09-27 16:17:47 INFO     filter_convs.2.bias	torch.Size([32])	cuda:0	True
2024-09-27 16:17:47 INFO     filter_convs.3.weight	torch.Size([32, 32, 1, 2])	cuda:0	True
2024-09-27 16:17:47 INFO     filter_convs.3.bias	torch.Size([32])	cuda:0	True
2024-09-27 16:17:47 INFO     filter_convs.4.weight	torch.Size([32, 32, 1, 2])	cuda:0	True
2024-09-27 16:17:47 INFO     filter_convs.4.bias	torch.Size([32])	cuda:0	True
2024-09-27 16:17:47 INFO     filter_convs.5.weight	torch.Size([32, 32, 1, 2])	cuda:0	True
2024-09-27 16:17:47 INFO     filter_convs.5.bias	torch.Size([32])	cuda:0	True
2024-09-27 16:17:47 INFO     filter_convs.6.weight	torch.Size([32, 32, 1, 2])	cuda:0	True
2024-09-27 16:17:47 INFO     filter_convs.6.bias	torch.Size([32])	cuda:0	True
2024-09-27 16:17:47 INFO     filter_convs.7.weight	torch.Size([32, 32, 1, 2])	cuda:0	True
2024-09-27 16:17:47 INFO     filter_convs.7.bias	torch.Size([32])	cuda:0	True
2024-09-27 16:17:47 INFO     gate_convs.0.weight	torch.Size([32, 32, 1, 2])	cuda:0	True
2024-09-27 16:17:47 INFO     gate_convs.0.bias	torch.Size([32])	cuda:0	True
2024-09-27 16:17:47 INFO     gate_convs.1.weight	torch.Size([32, 32, 1, 2])	cuda:0	True
2024-09-27 16:17:47 INFO     gate_convs.1.bias	torch.Size([32])	cuda:0	True
2024-09-27 16:17:47 INFO     gate_convs.2.weight	torch.Size([32, 32, 1, 2])	cuda:0	True
2024-09-27 16:17:47 INFO     gate_convs.2.bias	torch.Size([32])	cuda:0	True
2024-09-27 16:17:47 INFO     gate_convs.3.weight	torch.Size([32, 32, 1, 2])	cuda:0	True
2024-09-27 16:17:47 INFO     gate_convs.3.bias	torch.Size([32])	cuda:0	True
2024-09-27 16:17:47 INFO     gate_convs.4.weight	torch.Size([32, 32, 1, 2])	cuda:0	True
2024-09-27 16:17:47 INFO     gate_convs.4.bias	torch.Size([32])	cuda:0	True
2024-09-27 16:17:47 INFO     gate_convs.5.weight	torch.Size([32, 32, 1, 2])	cuda:0	True
2024-09-27 16:17:47 INFO     gate_convs.5.bias	torch.Size([32])	cuda:0	True
2024-09-27 16:17:47 INFO     gate_convs.6.weight	torch.Size([32, 32, 1, 2])	cuda:0	True
2024-09-27 16:17:47 INFO     gate_convs.6.bias	torch.Size([32])	cuda:0	True
2024-09-27 16:17:47 INFO     gate_convs.7.weight	torch.Size([32, 32, 1, 2])	cuda:0	True
2024-09-27 16:17:47 INFO     gate_convs.7.bias	torch.Size([32])	cuda:0	True
2024-09-27 16:17:47 INFO     residual_convs.0.weight	torch.Size([32, 32, 1, 1])	cuda:0	True
2024-09-27 16:17:47 INFO     residual_convs.0.bias	torch.Size([32])	cuda:0	True
2024-09-27 16:17:47 INFO     residual_convs.1.weight	torch.Size([32, 32, 1, 1])	cuda:0	True
2024-09-27 16:17:47 INFO     residual_convs.1.bias	torch.Size([32])	cuda:0	True
2024-09-27 16:17:47 INFO     residual_convs.2.weight	torch.Size([32, 32, 1, 1])	cuda:0	True
2024-09-27 16:17:47 INFO     residual_convs.2.bias	torch.Size([32])	cuda:0	True
2024-09-27 16:17:47 INFO     residual_convs.3.weight	torch.Size([32, 32, 1, 1])	cuda:0	True
2024-09-27 16:17:47 INFO     residual_convs.3.bias	torch.Size([32])	cuda:0	True
2024-09-27 16:17:47 INFO     residual_convs.4.weight	torch.Size([32, 32, 1, 1])	cuda:0	True
2024-09-27 16:17:47 INFO     residual_convs.4.bias	torch.Size([32])	cuda:0	True
2024-09-27 16:17:47 INFO     residual_convs.5.weight	torch.Size([32, 32, 1, 1])	cuda:0	True
2024-09-27 16:17:47 INFO     residual_convs.5.bias	torch.Size([32])	cuda:0	True
2024-09-27 16:17:47 INFO     residual_convs.6.weight	torch.Size([32, 32, 1, 1])	cuda:0	True
2024-09-27 16:17:47 INFO     residual_convs.6.bias	torch.Size([32])	cuda:0	True
2024-09-27 16:17:47 INFO     residual_convs.7.weight	torch.Size([32, 32, 1, 1])	cuda:0	True
2024-09-27 16:17:47 INFO     residual_convs.7.bias	torch.Size([32])	cuda:0	True
2024-09-27 16:17:47 INFO     skip_convs.0.weight	torch.Size([256, 32, 1, 1])	cuda:0	True
2024-09-27 16:17:47 INFO     skip_convs.0.bias	torch.Size([256])	cuda:0	True
2024-09-27 16:17:47 INFO     skip_convs.1.weight	torch.Size([256, 32, 1, 1])	cuda:0	True
2024-09-27 16:17:47 INFO     skip_convs.1.bias	torch.Size([256])	cuda:0	True
2024-09-27 16:17:47 INFO     skip_convs.2.weight	torch.Size([256, 32, 1, 1])	cuda:0	True
2024-09-27 16:17:47 INFO     skip_convs.2.bias	torch.Size([256])	cuda:0	True
2024-09-27 16:17:47 INFO     skip_convs.3.weight	torch.Size([256, 32, 1, 1])	cuda:0	True
2024-09-27 16:17:47 INFO     skip_convs.3.bias	torch.Size([256])	cuda:0	True
2024-09-27 16:17:47 INFO     skip_convs.4.weight	torch.Size([256, 32, 1, 1])	cuda:0	True
2024-09-27 16:17:47 INFO     skip_convs.4.bias	torch.Size([256])	cuda:0	True
2024-09-27 16:17:47 INFO     skip_convs.5.weight	torch.Size([256, 32, 1, 1])	cuda:0	True
2024-09-27 16:17:47 INFO     skip_convs.5.bias	torch.Size([256])	cuda:0	True
2024-09-27 16:17:47 INFO     skip_convs.6.weight	torch.Size([256, 32, 1, 1])	cuda:0	True
2024-09-27 16:17:47 INFO     skip_convs.6.bias	torch.Size([256])	cuda:0	True
2024-09-27 16:17:47 INFO     skip_convs.7.weight	torch.Size([256, 32, 1, 1])	cuda:0	True
2024-09-27 16:17:47 INFO     skip_convs.7.bias	torch.Size([256])	cuda:0	True
2024-09-27 16:17:47 INFO     bn.0.weight	torch.Size([32])	cuda:0	True
2024-09-27 16:17:47 INFO     bn.0.bias	torch.Size([32])	cuda:0	True
2024-09-27 16:17:47 INFO     bn.1.weight	torch.Size([32])	cuda:0	True
2024-09-27 16:17:47 INFO     bn.1.bias	torch.Size([32])	cuda:0	True
2024-09-27 16:17:47 INFO     bn.2.weight	torch.Size([32])	cuda:0	True
2024-09-27 16:17:47 INFO     bn.2.bias	torch.Size([32])	cuda:0	True
2024-09-27 16:17:47 INFO     bn.3.weight	torch.Size([32])	cuda:0	True
2024-09-27 16:17:47 INFO     bn.3.bias	torch.Size([32])	cuda:0	True
2024-09-27 16:17:47 INFO     bn.4.weight	torch.Size([32])	cuda:0	True
2024-09-27 16:17:47 INFO     bn.4.bias	torch.Size([32])	cuda:0	True
2024-09-27 16:17:47 INFO     bn.5.weight	torch.Size([32])	cuda:0	True
2024-09-27 16:17:47 INFO     bn.5.bias	torch.Size([32])	cuda:0	True
2024-09-27 16:17:47 INFO     bn.6.weight	torch.Size([32])	cuda:0	True
2024-09-27 16:17:47 INFO     bn.6.bias	torch.Size([32])	cuda:0	True
2024-09-27 16:17:47 INFO     bn.7.weight	torch.Size([32])	cuda:0	True
2024-09-27 16:17:47 INFO     bn.7.bias	torch.Size([32])	cuda:0	True
2024-09-27 16:17:47 INFO     gconv.0.mlp.mlp.weight	torch.Size([32, 224, 1, 1])	cuda:0	True
2024-09-27 16:17:47 INFO     gconv.0.mlp.mlp.bias	torch.Size([32])	cuda:0	True
2024-09-27 16:17:47 INFO     gconv.1.mlp.mlp.weight	torch.Size([32, 224, 1, 1])	cuda:0	True
2024-09-27 16:17:47 INFO     gconv.1.mlp.mlp.bias	torch.Size([32])	cuda:0	True
2024-09-27 16:17:47 INFO     gconv.2.mlp.mlp.weight	torch.Size([32, 224, 1, 1])	cuda:0	True
2024-09-27 16:17:47 INFO     gconv.2.mlp.mlp.bias	torch.Size([32])	cuda:0	True
2024-09-27 16:17:47 INFO     gconv.3.mlp.mlp.weight	torch.Size([32, 224, 1, 1])	cuda:0	True
2024-09-27 16:17:47 INFO     gconv.3.mlp.mlp.bias	torch.Size([32])	cuda:0	True
2024-09-27 16:17:47 INFO     gconv.4.mlp.mlp.weight	torch.Size([32, 224, 1, 1])	cuda:0	True
2024-09-27 16:17:47 INFO     gconv.4.mlp.mlp.bias	torch.Size([32])	cuda:0	True
2024-09-27 16:17:47 INFO     gconv.5.mlp.mlp.weight	torch.Size([32, 224, 1, 1])	cuda:0	True
2024-09-27 16:17:47 INFO     gconv.5.mlp.mlp.bias	torch.Size([32])	cuda:0	True
2024-09-27 16:17:47 INFO     gconv.6.mlp.mlp.weight	torch.Size([32, 224, 1, 1])	cuda:0	True
2024-09-27 16:17:47 INFO     gconv.6.mlp.mlp.bias	torch.Size([32])	cuda:0	True
2024-09-27 16:17:47 INFO     gconv.7.mlp.mlp.weight	torch.Size([32, 224, 1, 1])	cuda:0	True
2024-09-27 16:17:47 INFO     gconv.7.mlp.mlp.bias	torch.Size([32])	cuda:0	True
2024-09-27 16:17:47 INFO     start_conv.weight	torch.Size([32, 34, 1, 1])	cuda:0	True
2024-09-27 16:17:47 INFO     start_conv.bias	torch.Size([32])	cuda:0	True
2024-09-27 16:17:47 INFO     end_conv_1.weight	torch.Size([512, 256, 1, 1])	cuda:0	True
2024-09-27 16:17:47 INFO     end_conv_1.bias	torch.Size([512])	cuda:0	True
2024-09-27 16:17:47 INFO     end_conv_2.weight	torch.Size([12, 512, 1, 1])	cuda:0	True
2024-09-27 16:17:47 INFO     end_conv_2.bias	torch.Size([12])	cuda:0	True
2024-09-27 16:17:47 INFO     Total parameter numbers: 307824
2024-09-27 16:17:47 INFO     You select `adam` optimizer.
2024-09-27 16:17:47 WARNING  Received none train loss func and will use the loss func defined in the model.
2024-09-27 16:17:47 INFO     Start training ...
2024-09-27 16:17:47 INFO     num_batches:96
2024-09-27 16:18:39 INFO     epoch complete!
2024-09-27 16:18:39 INFO     evaluating now!
2024-09-27 16:18:46 INFO     Epoch [0/1] train_loss: 12.3538, val_loss: 11.8962, lr: 0.001000, 59.24s
2024-09-27 16:18:46 INFO     Saved model at 0
2024-09-27 16:18:46 INFO     Val loss decrease from inf to 11.8962, saving to ./libcity/cache/10015/model_cache/GWNET_CHITaxi20190406_epoch0.tar
2024-09-27 16:18:46 INFO     Trained totally 1 epochs, average train time is 51.961s, average eval time is 7.283s
2024-09-27 16:18:46 INFO     Loaded model at 0
2024-09-27 16:18:46 INFO     Saved model at ./libcity/cache/10015/model_cache/GWNET_CHITaxi20190406.m
2024-09-27 16:18:46 INFO     Start evaluating ...
2024-09-27 16:19:04 INFO     Note that you select the single mode to evaluate!
2024-09-27 16:19:04 INFO     Evaluate result is saved at ./libcity/cache/10015/evaluate_cache\2024_09_27_16_19_04_GWNET_CHITaxi20190406.csv
2024-09-27 16:19:04 INFO     
         MAE       RMSE  masked_MAPE
1   4.301563  16.861265     0.558322
2   4.430321  19.104691     0.521185
3   4.637219  20.763735     0.572721
4   5.026817  22.705400     0.546519
5   5.489288  24.873362     0.539478
6   5.674442  25.720194     0.594251
7   5.968524  27.117628     0.564121
8   6.373567  28.200769     0.551393
9   6.472276  29.430695     0.637135
10  6.792496  30.829355     0.589392
11  7.167545  32.179951     0.575367
12  7.452547  34.072388     0.592512
2024-09-27 16:19:04 INFO     ----------------------------------------------------------------------------
2024-09-27 16:19:04 INFO     # 1, Kownledge Graph Embedding: GIE, Experiment ids: 10016
2024-09-27 16:19:04 INFO     ----------------------------------------------------------------------------
2024-09-27 16:19:04 INFO     Begin pipeline, task=traffic_state_pred, model_name=GWNET, dataset_name=CHITaxi20190406, exp_id=10016
2024-09-27 16:19:04 INFO     {'task': 'traffic_state_pred', 'model': 'GWNET', 'dataset': 'CHITaxi20190406', 'saved_model': True, 'train': True, 'exp_id': 10016, 'ke_model': 'GIE', 'ke_dim': 32, 'ke_method': 'Concat', 'load_external': True, 'max_epoch': 1, 'patience': 15, 'use_early_stop': True, 'cache_dataset': False, 'output_window': 12, 'metrics': ['MAE', 'RMSE', 'masked_MAPE'], 'cur_times': 1, 'dataset_class': 'TrafficStatePointDataset', 'executor': 'TrafficStateExecutor', 'evaluator': 'TrafficStateEvaluator', 'dropout': 0.3, 'blocks': 4, 'layers': 2, 'batch_size': 32, 'apt_layer': True, 'gcn_bool': True, 'adjtype': 'doubletransition', 'bidir_adj_mx': False, 'randomadj': True, 'kernel_size': 2, 'nhid': 32, 'residual_channels': 32, 'dilation_channels': 32, 'skip_channels': 256, 'end_channels': 512, 'scaler': 'standard', 'normal_external': False, 'ext_scaler': 'none', 'add_time_in_day': False, 'add_day_in_week': False, 'learner': 'adam', 'learning_rate': 0.001, 'lr_decay': False, 'clip_grad_norm': True, 'max_grad_norm': 5, 'use_rel_adj': True, 'use_apt_adj': True, 'num_workers': 0, 'pad_with_last_sample': True, 'train_rate': 0.7, 'eval_rate': 0.1, 'input_window': 12, 'robustness_test': False, 'noise_type': 'gaussian', 'disturb_rate': 0.5, 'noise_mean': [5], 'noise_SD': [10], 'gpu': True, 'gpu_id': 0, 'train_loss': 'none', 'epoch': 0, 'weight_decay': 0, 'lr_epsilon': 1e-08, 'lr_beta1': 0.9, 'lr_beta2': 0.999, 'lr_alpha': 0.99, 'lr_momentum': 0, 'lr_scheduler': 'multisteplr', 'lr_decay_ratio': 0.1, 'steps': [5, 20, 40, 70], 'step_size': 10, 'lr_T_max': 30, 'lr_eta_min': 0, 'lr_patience': 10, 'lr_threshold': 0.0001, 'log_level': 'INFO', 'log_every': 1, 'load_best_epoch': True, 'hyper_tune': False, 'evaluator_mode': 'single', 'save_mode': ['csv'], 'geo': {'including_types': ['Point'], 'Point': {}}, 'rel': {'including_types': ['geo'], 'geo': {'cost': 'num'}}, 'dyna': {'including_types': ['state'], 'state': {'entity_id': 'geo_id', 'traffic_speed': 'num'}}, 'data_col': ['inflow', 'outflow'], 'weight_col': 'cost', 'data_files': ['CHITaxi20190406'], 'geo_file': 'CHITaxi20190406', 'rel_file': 'CHITaxi20190406', 'output_dim': 2, 'time_intervals': 1800, 'init_weight_inf_or_zero': 'inf', 'set_weight_link_or_dist': 'dist', 'calculate_weight_adj': True, 'weight_adj_epsilon': 0.1, 'ke_type': 'area', 'device': device(type='cuda', index=0)}
2024-09-27 16:19:04 INFO     Loaded file CHITaxi20190406.geo, num_nodes=77
2024-09-27 16:19:04 INFO     set_weight_link_or_dist: dist
2024-09-27 16:19:04 INFO     init_weight_inf_or_zero: inf
2024-09-27 16:19:04 INFO     Loaded file CHITaxi20190406.rel, shape=(77, 77)
2024-09-27 16:19:04 INFO     Start Calculate the weight by Gauss kernel!
2024-09-27 16:19:04 INFO     Loading file CHITaxi20190406.dyna
2024-09-27 16:19:04 INFO     Loaded file CHITaxi20190406.dyna, shape=(4368, 77, 2)
2024-09-27 16:19:07 INFO     Dataset created
2024-09-27 16:19:07 INFO     x shape: (4345, 12, 77, 34), y shape: (4345, 12, 77, 34)
2024-09-27 16:19:07 INFO     train	x: (3042, 12, 77, 34), y: (3042, 12, 77, 34)
2024-09-27 16:19:07 INFO     eval	x: (434, 12, 77, 34), y: (434, 12, 77, 34)
2024-09-27 16:19:07 INFO     test	x: (869, 12, 77, 34), y: (869, 12, 77, 34)
2024-09-27 16:19:07 INFO     StandardScaler mean: 11.137838123415046, std: 53.15358218315973
2024-09-27 16:19:07 INFO     NoneScaler
2024-09-27 16:19:09 INFO     add adj_mx to supports
2024-09-27 16:19:09 INFO     add apt_adj(v1 * v2) in forward process
2024-09-27 16:19:09 INFO     receptive_field: 14
2024-09-27 16:19:09 INFO     GWNET(
  (filter_convs): ModuleList(
    (0): Conv2d(32, 32, kernel_size=(1, 2), stride=(1, 1))
    (1): Conv2d(32, 32, kernel_size=(1, 2), stride=(1, 1), dilation=(2, 2))
    (2): Conv2d(32, 32, kernel_size=(1, 2), stride=(1, 1))
    (3): Conv2d(32, 32, kernel_size=(1, 2), stride=(1, 1), dilation=(2, 2))
    (4): Conv2d(32, 32, kernel_size=(1, 2), stride=(1, 1))
    (5): Conv2d(32, 32, kernel_size=(1, 2), stride=(1, 1), dilation=(2, 2))
    (6): Conv2d(32, 32, kernel_size=(1, 2), stride=(1, 1))
    (7): Conv2d(32, 32, kernel_size=(1, 2), stride=(1, 1), dilation=(2, 2))
  )
  (gate_convs): ModuleList(
    (0): Conv1d(32, 32, kernel_size=(1, 2), stride=(1,))
    (1): Conv1d(32, 32, kernel_size=(1, 2), stride=(1,), dilation=(2,))
    (2): Conv1d(32, 32, kernel_size=(1, 2), stride=(1,))
    (3): Conv1d(32, 32, kernel_size=(1, 2), stride=(1,), dilation=(2,))
    (4): Conv1d(32, 32, kernel_size=(1, 2), stride=(1,))
    (5): Conv1d(32, 32, kernel_size=(1, 2), stride=(1,), dilation=(2,))
    (6): Conv1d(32, 32, kernel_size=(1, 2), stride=(1,))
    (7): Conv1d(32, 32, kernel_size=(1, 2), stride=(1,), dilation=(2,))
  )
  (residual_convs): ModuleList(
    (0): Conv1d(32, 32, kernel_size=(1, 1), stride=(1,))
    (1): Conv1d(32, 32, kernel_size=(1, 1), stride=(1,))
    (2): Conv1d(32, 32, kernel_size=(1, 1), stride=(1,))
    (3): Conv1d(32, 32, kernel_size=(1, 1), stride=(1,))
    (4): Conv1d(32, 32, kernel_size=(1, 1), stride=(1,))
    (5): Conv1d(32, 32, kernel_size=(1, 1), stride=(1,))
    (6): Conv1d(32, 32, kernel_size=(1, 1), stride=(1,))
    (7): Conv1d(32, 32, kernel_size=(1, 1), stride=(1,))
  )
  (skip_convs): ModuleList(
    (0): Conv1d(32, 256, kernel_size=(1, 1), stride=(1,))
    (1): Conv1d(32, 256, kernel_size=(1, 1), stride=(1,))
    (2): Conv1d(32, 256, kernel_size=(1, 1), stride=(1,))
    (3): Conv1d(32, 256, kernel_size=(1, 1), stride=(1,))
    (4): Conv1d(32, 256, kernel_size=(1, 1), stride=(1,))
    (5): Conv1d(32, 256, kernel_size=(1, 1), stride=(1,))
    (6): Conv1d(32, 256, kernel_size=(1, 1), stride=(1,))
    (7): Conv1d(32, 256, kernel_size=(1, 1), stride=(1,))
  )
  (bn): ModuleList(
    (0): BatchNorm2d(32, eps=1e-05, momentum=0.1, affine=True, track_running_stats=True)
    (1): BatchNorm2d(32, eps=1e-05, momentum=0.1, affine=True, track_running_stats=True)
    (2): BatchNorm2d(32, eps=1e-05, momentum=0.1, affine=True, track_running_stats=True)
    (3): BatchNorm2d(32, eps=1e-05, momentum=0.1, affine=True, track_running_stats=True)
    (4): BatchNorm2d(32, eps=1e-05, momentum=0.1, affine=True, track_running_stats=True)
    (5): BatchNorm2d(32, eps=1e-05, momentum=0.1, affine=True, track_running_stats=True)
    (6): BatchNorm2d(32, eps=1e-05, momentum=0.1, affine=True, track_running_stats=True)
    (7): BatchNorm2d(32, eps=1e-05, momentum=0.1, affine=True, track_running_stats=True)
  )
  (gconv): ModuleList(
    (0): GCN(
      (nconv): NConv()
      (mlp): Linear(
        (mlp): Conv2d(224, 32, kernel_size=(1, 1), stride=(1, 1))
      )
    )
    (1): GCN(
      (nconv): NConv()
      (mlp): Linear(
        (mlp): Conv2d(224, 32, kernel_size=(1, 1), stride=(1, 1))
      )
    )
    (2): GCN(
      (nconv): NConv()
      (mlp): Linear(
        (mlp): Conv2d(224, 32, kernel_size=(1, 1), stride=(1, 1))
      )
    )
    (3): GCN(
      (nconv): NConv()
      (mlp): Linear(
        (mlp): Conv2d(224, 32, kernel_size=(1, 1), stride=(1, 1))
      )
    )
    (4): GCN(
      (nconv): NConv()
      (mlp): Linear(
        (mlp): Conv2d(224, 32, kernel_size=(1, 1), stride=(1, 1))
      )
    )
    (5): GCN(
      (nconv): NConv()
      (mlp): Linear(
        (mlp): Conv2d(224, 32, kernel_size=(1, 1), stride=(1, 1))
      )
    )
    (6): GCN(
      (nconv): NConv()
      (mlp): Linear(
        (mlp): Conv2d(224, 32, kernel_size=(1, 1), stride=(1, 1))
      )
    )
    (7): GCN(
      (nconv): NConv()
      (mlp): Linear(
        (mlp): Conv2d(224, 32, kernel_size=(1, 1), stride=(1, 1))
      )
    )
  )
  (start_conv): Conv2d(34, 32, kernel_size=(1, 1), stride=(1, 1))
  (end_conv_1): Conv2d(256, 512, kernel_size=(1, 1), stride=(1, 1))
  (end_conv_2): Conv2d(512, 12, kernel_size=(1, 1), stride=(1, 1))
)
2024-09-27 16:19:09 INFO     nodevec1	torch.Size([77, 10])	cuda:0	True
2024-09-27 16:19:09 INFO     nodevec2	torch.Size([10, 77])	cuda:0	True
2024-09-27 16:19:09 INFO     filter_convs.0.weight	torch.Size([32, 32, 1, 2])	cuda:0	True
2024-09-27 16:19:09 INFO     filter_convs.0.bias	torch.Size([32])	cuda:0	True
2024-09-27 16:19:09 INFO     filter_convs.1.weight	torch.Size([32, 32, 1, 2])	cuda:0	True
2024-09-27 16:19:09 INFO     filter_convs.1.bias	torch.Size([32])	cuda:0	True
2024-09-27 16:19:09 INFO     filter_convs.2.weight	torch.Size([32, 32, 1, 2])	cuda:0	True
2024-09-27 16:19:09 INFO     filter_convs.2.bias	torch.Size([32])	cuda:0	True
2024-09-27 16:19:09 INFO     filter_convs.3.weight	torch.Size([32, 32, 1, 2])	cuda:0	True
2024-09-27 16:19:09 INFO     filter_convs.3.bias	torch.Size([32])	cuda:0	True
2024-09-27 16:19:09 INFO     filter_convs.4.weight	torch.Size([32, 32, 1, 2])	cuda:0	True
2024-09-27 16:19:09 INFO     filter_convs.4.bias	torch.Size([32])	cuda:0	True
2024-09-27 16:19:09 INFO     filter_convs.5.weight	torch.Size([32, 32, 1, 2])	cuda:0	True
2024-09-27 16:19:09 INFO     filter_convs.5.bias	torch.Size([32])	cuda:0	True
2024-09-27 16:19:09 INFO     filter_convs.6.weight	torch.Size([32, 32, 1, 2])	cuda:0	True
2024-09-27 16:19:09 INFO     filter_convs.6.bias	torch.Size([32])	cuda:0	True
2024-09-27 16:19:09 INFO     filter_convs.7.weight	torch.Size([32, 32, 1, 2])	cuda:0	True
2024-09-27 16:19:09 INFO     filter_convs.7.bias	torch.Size([32])	cuda:0	True
2024-09-27 16:19:09 INFO     gate_convs.0.weight	torch.Size([32, 32, 1, 2])	cuda:0	True
2024-09-27 16:19:09 INFO     gate_convs.0.bias	torch.Size([32])	cuda:0	True
2024-09-27 16:19:09 INFO     gate_convs.1.weight	torch.Size([32, 32, 1, 2])	cuda:0	True
2024-09-27 16:19:09 INFO     gate_convs.1.bias	torch.Size([32])	cuda:0	True
2024-09-27 16:19:09 INFO     gate_convs.2.weight	torch.Size([32, 32, 1, 2])	cuda:0	True
2024-09-27 16:19:09 INFO     gate_convs.2.bias	torch.Size([32])	cuda:0	True
2024-09-27 16:19:09 INFO     gate_convs.3.weight	torch.Size([32, 32, 1, 2])	cuda:0	True
2024-09-27 16:19:09 INFO     gate_convs.3.bias	torch.Size([32])	cuda:0	True
2024-09-27 16:19:09 INFO     gate_convs.4.weight	torch.Size([32, 32, 1, 2])	cuda:0	True
2024-09-27 16:19:09 INFO     gate_convs.4.bias	torch.Size([32])	cuda:0	True
2024-09-27 16:19:09 INFO     gate_convs.5.weight	torch.Size([32, 32, 1, 2])	cuda:0	True
2024-09-27 16:19:09 INFO     gate_convs.5.bias	torch.Size([32])	cuda:0	True
2024-09-27 16:19:09 INFO     gate_convs.6.weight	torch.Size([32, 32, 1, 2])	cuda:0	True
2024-09-27 16:19:09 INFO     gate_convs.6.bias	torch.Size([32])	cuda:0	True
2024-09-27 16:19:09 INFO     gate_convs.7.weight	torch.Size([32, 32, 1, 2])	cuda:0	True
2024-09-27 16:19:09 INFO     gate_convs.7.bias	torch.Size([32])	cuda:0	True
2024-09-27 16:19:09 INFO     residual_convs.0.weight	torch.Size([32, 32, 1, 1])	cuda:0	True
2024-09-27 16:19:09 INFO     residual_convs.0.bias	torch.Size([32])	cuda:0	True
2024-09-27 16:19:09 INFO     residual_convs.1.weight	torch.Size([32, 32, 1, 1])	cuda:0	True
2024-09-27 16:19:09 INFO     residual_convs.1.bias	torch.Size([32])	cuda:0	True
2024-09-27 16:19:09 INFO     residual_convs.2.weight	torch.Size([32, 32, 1, 1])	cuda:0	True
2024-09-27 16:19:09 INFO     residual_convs.2.bias	torch.Size([32])	cuda:0	True
2024-09-27 16:19:09 INFO     residual_convs.3.weight	torch.Size([32, 32, 1, 1])	cuda:0	True
2024-09-27 16:19:09 INFO     residual_convs.3.bias	torch.Size([32])	cuda:0	True
2024-09-27 16:19:09 INFO     residual_convs.4.weight	torch.Size([32, 32, 1, 1])	cuda:0	True
2024-09-27 16:19:09 INFO     residual_convs.4.bias	torch.Size([32])	cuda:0	True
2024-09-27 16:19:09 INFO     residual_convs.5.weight	torch.Size([32, 32, 1, 1])	cuda:0	True
2024-09-27 16:19:09 INFO     residual_convs.5.bias	torch.Size([32])	cuda:0	True
2024-09-27 16:19:09 INFO     residual_convs.6.weight	torch.Size([32, 32, 1, 1])	cuda:0	True
2024-09-27 16:19:09 INFO     residual_convs.6.bias	torch.Size([32])	cuda:0	True
2024-09-27 16:19:09 INFO     residual_convs.7.weight	torch.Size([32, 32, 1, 1])	cuda:0	True
2024-09-27 16:19:09 INFO     residual_convs.7.bias	torch.Size([32])	cuda:0	True
2024-09-27 16:19:09 INFO     skip_convs.0.weight	torch.Size([256, 32, 1, 1])	cuda:0	True
2024-09-27 16:19:09 INFO     skip_convs.0.bias	torch.Size([256])	cuda:0	True
2024-09-27 16:19:09 INFO     skip_convs.1.weight	torch.Size([256, 32, 1, 1])	cuda:0	True
2024-09-27 16:19:09 INFO     skip_convs.1.bias	torch.Size([256])	cuda:0	True
2024-09-27 16:19:09 INFO     skip_convs.2.weight	torch.Size([256, 32, 1, 1])	cuda:0	True
2024-09-27 16:19:09 INFO     skip_convs.2.bias	torch.Size([256])	cuda:0	True
2024-09-27 16:19:09 INFO     skip_convs.3.weight	torch.Size([256, 32, 1, 1])	cuda:0	True
2024-09-27 16:19:09 INFO     skip_convs.3.bias	torch.Size([256])	cuda:0	True
2024-09-27 16:19:09 INFO     skip_convs.4.weight	torch.Size([256, 32, 1, 1])	cuda:0	True
2024-09-27 16:19:09 INFO     skip_convs.4.bias	torch.Size([256])	cuda:0	True
2024-09-27 16:19:09 INFO     skip_convs.5.weight	torch.Size([256, 32, 1, 1])	cuda:0	True
2024-09-27 16:19:09 INFO     skip_convs.5.bias	torch.Size([256])	cuda:0	True
2024-09-27 16:19:09 INFO     skip_convs.6.weight	torch.Size([256, 32, 1, 1])	cuda:0	True
2024-09-27 16:19:09 INFO     skip_convs.6.bias	torch.Size([256])	cuda:0	True
2024-09-27 16:19:09 INFO     skip_convs.7.weight	torch.Size([256, 32, 1, 1])	cuda:0	True
2024-09-27 16:19:09 INFO     skip_convs.7.bias	torch.Size([256])	cuda:0	True
2024-09-27 16:19:09 INFO     bn.0.weight	torch.Size([32])	cuda:0	True
2024-09-27 16:19:09 INFO     bn.0.bias	torch.Size([32])	cuda:0	True
2024-09-27 16:19:09 INFO     bn.1.weight	torch.Size([32])	cuda:0	True
2024-09-27 16:19:09 INFO     bn.1.bias	torch.Size([32])	cuda:0	True
2024-09-27 16:19:09 INFO     bn.2.weight	torch.Size([32])	cuda:0	True
2024-09-27 16:19:09 INFO     bn.2.bias	torch.Size([32])	cuda:0	True
2024-09-27 16:19:09 INFO     bn.3.weight	torch.Size([32])	cuda:0	True
2024-09-27 16:19:09 INFO     bn.3.bias	torch.Size([32])	cuda:0	True
2024-09-27 16:19:09 INFO     bn.4.weight	torch.Size([32])	cuda:0	True
2024-09-27 16:19:09 INFO     bn.4.bias	torch.Size([32])	cuda:0	True
2024-09-27 16:19:09 INFO     bn.5.weight	torch.Size([32])	cuda:0	True
2024-09-27 16:19:09 INFO     bn.5.bias	torch.Size([32])	cuda:0	True
2024-09-27 16:19:09 INFO     bn.6.weight	torch.Size([32])	cuda:0	True
2024-09-27 16:19:09 INFO     bn.6.bias	torch.Size([32])	cuda:0	True
2024-09-27 16:19:09 INFO     bn.7.weight	torch.Size([32])	cuda:0	True
2024-09-27 16:19:09 INFO     bn.7.bias	torch.Size([32])	cuda:0	True
2024-09-27 16:19:09 INFO     gconv.0.mlp.mlp.weight	torch.Size([32, 224, 1, 1])	cuda:0	True
2024-09-27 16:19:09 INFO     gconv.0.mlp.mlp.bias	torch.Size([32])	cuda:0	True
2024-09-27 16:19:09 INFO     gconv.1.mlp.mlp.weight	torch.Size([32, 224, 1, 1])	cuda:0	True
2024-09-27 16:19:09 INFO     gconv.1.mlp.mlp.bias	torch.Size([32])	cuda:0	True
2024-09-27 16:19:09 INFO     gconv.2.mlp.mlp.weight	torch.Size([32, 224, 1, 1])	cuda:0	True
2024-09-27 16:19:09 INFO     gconv.2.mlp.mlp.bias	torch.Size([32])	cuda:0	True
2024-09-27 16:19:09 INFO     gconv.3.mlp.mlp.weight	torch.Size([32, 224, 1, 1])	cuda:0	True
2024-09-27 16:19:09 INFO     gconv.3.mlp.mlp.bias	torch.Size([32])	cuda:0	True
2024-09-27 16:19:09 INFO     gconv.4.mlp.mlp.weight	torch.Size([32, 224, 1, 1])	cuda:0	True
2024-09-27 16:19:09 INFO     gconv.4.mlp.mlp.bias	torch.Size([32])	cuda:0	True
2024-09-27 16:19:09 INFO     gconv.5.mlp.mlp.weight	torch.Size([32, 224, 1, 1])	cuda:0	True
2024-09-27 16:19:09 INFO     gconv.5.mlp.mlp.bias	torch.Size([32])	cuda:0	True
2024-09-27 16:19:09 INFO     gconv.6.mlp.mlp.weight	torch.Size([32, 224, 1, 1])	cuda:0	True
2024-09-27 16:19:09 INFO     gconv.6.mlp.mlp.bias	torch.Size([32])	cuda:0	True
2024-09-27 16:19:09 INFO     gconv.7.mlp.mlp.weight	torch.Size([32, 224, 1, 1])	cuda:0	True
2024-09-27 16:19:09 INFO     gconv.7.mlp.mlp.bias	torch.Size([32])	cuda:0	True
2024-09-27 16:19:09 INFO     start_conv.weight	torch.Size([32, 34, 1, 1])	cuda:0	True
2024-09-27 16:19:09 INFO     start_conv.bias	torch.Size([32])	cuda:0	True
2024-09-27 16:19:09 INFO     end_conv_1.weight	torch.Size([512, 256, 1, 1])	cuda:0	True
2024-09-27 16:19:09 INFO     end_conv_1.bias	torch.Size([512])	cuda:0	True
2024-09-27 16:19:09 INFO     end_conv_2.weight	torch.Size([12, 512, 1, 1])	cuda:0	True
2024-09-27 16:19:09 INFO     end_conv_2.bias	torch.Size([12])	cuda:0	True
2024-09-27 16:19:09 INFO     Total parameter numbers: 307824
2024-09-27 16:19:09 INFO     You select `adam` optimizer.
2024-09-27 16:19:09 WARNING  Received none train loss func and will use the loss func defined in the model.
2024-09-27 16:19:09 INFO     Start training ...
2024-09-27 16:19:09 INFO     num_batches:96
2024-09-27 16:19:59 INFO     epoch complete!
2024-09-27 16:19:59 INFO     evaluating now!
2024-09-27 16:20:06 INFO     Epoch [0/1] train_loss: 12.2539, val_loss: 8.8306, lr: 0.001000, 56.16s
2024-09-27 16:20:06 INFO     Saved model at 0
2024-09-27 16:20:06 INFO     Val loss decrease from inf to 8.8306, saving to ./libcity/cache/10016/model_cache/GWNET_CHITaxi20190406_epoch0.tar
2024-09-27 16:20:06 INFO     Trained totally 1 epochs, average train time is 49.358s, average eval time is 6.798s
2024-09-27 16:20:06 INFO     Loaded model at 0
2024-09-27 16:20:06 INFO     Saved model at ./libcity/cache/10016/model_cache/GWNET_CHITaxi20190406.m
2024-09-27 16:20:06 INFO     Start evaluating ...
2024-09-27 16:20:24 INFO     Note that you select the single mode to evaluate!
2024-09-27 16:20:24 INFO     Evaluate result is saved at ./libcity/cache/10016/evaluate_cache\2024_09_27_16_20_24_GWNET_CHITaxi20190406.csv
2024-09-27 16:20:24 INFO     
         MAE       RMSE  masked_MAPE
1   3.508237  13.609664     0.557682
2   3.907661  14.867462     0.587149
3   4.197426  16.196636     0.609168
4   4.337853  17.110191     0.641212
5   4.529082  17.949745     0.616118
6   4.689531  18.651632     0.616395
7   4.931063  19.430178     0.646398
8   5.150591  20.089792     0.666900
9   5.174233  20.949446     0.639782
10  5.396897  22.041225     0.653115
11  5.707218  23.339489     0.655299
12  5.908169  24.950373     0.666696
2024-09-27 16:20:24 INFO     ----------------------------------------------------------------------------
2024-09-27 16:20:24 INFO     Kownledge Graph Embedding: GIE, Experiment ids: [10015, 10016]
2024-09-27 16:20:24 INFO     ----------------------------------------------------------------------------
2024-09-27 16:20:24 INFO     Average: 
         MAE       RMSE  masked_MAPE
0   3.904900  15.235465     0.558002
1   4.168991  16.986076     0.554167
2   4.417322  18.480186     0.590945
3   4.682335  19.907796     0.593865
4   5.009185  21.411553     0.577798
5   5.181986  22.185913     0.605323
6   5.449793  23.273903     0.605259
7   5.762079  24.145281     0.609146
8   5.823255  25.190070     0.638458
9   6.094697  26.435290     0.621253
10  6.437381  27.759720     0.615333
11  6.680358  29.511380     0.629604 
2024-09-27 16:20:24 INFO     Standard deviation: 
         MAE      RMSE  masked_MAPE
0   0.396663  1.625801     0.000320
1   0.261330  2.118614     0.032982
2   0.219897  2.283549     0.018223
3   0.344482  2.797605     0.047347
4   0.480103  3.461808     0.038320
5   0.492455  3.534281     0.011072
6   0.518730  3.843725     0.041139
7   0.611488  4.055489     0.057753
8   0.649021  4.240624     0.001323
9   0.697799  4.394065     0.031861
10  0.730164  4.420231     0.039966
11  0.772189  4.561007     0.037092
2024-09-27 16:20:24 INFO     ----------------------------------------------------------------------------
2024-09-27 16:20:24 INFO     12 steps Average: 
        MAE       RMSE  masked_MAPE
0  5.301024  22.543553      0.59993
2024-09-27 16:20:24 INFO     12 steps Standard deviation: 
        MAE      RMSE  masked_MAPE
0  0.514527  3.444733     0.029783
