2024-05-01 23:43:54 INFO     Saving logs in: ./logs/CHITaxi20190406\AGCRN\Scaler/enlarge\GIE
2024-05-01 23:43:54 INFO     ----------------------------------------------------------------------------
2024-05-01 23:43:54 INFO     # 0, Kownledge Graph Embedding: GIE, Experiment ids: 15
2024-05-01 23:43:54 INFO     ----------------------------------------------------------------------------
2024-05-01 23:43:54 INFO     Begin pipeline, task=traffic_state_pred, model_name=AGCRN, dataset_name=CHITaxi20190406, exp_id=15
2024-05-01 23:43:54 INFO     {'task': 'traffic_state_pred', 'model': 'AGCRN', 'dataset': 'CHITaxi20190406', 'saved_model': True, 'train': True, 'exp_id': 15, 'load_external': True, 'embedding_model': 'GIE', 'normal_external': True, 'ext_scaler': 'enlarge', 'max_epoch': 200, 'patience': 15, 'cache_dataset': False, 'output_window': 12, 'metrics': ['MAE', 'RMSE'], 'cur_times': 0, 'dataset_class': 'TrafficStatePointDataset', 'executor': 'TrafficStateExecutor', 'evaluator': 'TrafficStateEvaluator', 'embed_dim': 10, 'rnn_units': 64, 'num_layers': 2, 'cheb_order': 2, 'bidir_adj_mx': True, 'scaler': 'standard', 'add_time_in_day': False, 'add_day_in_week': False, 'learner': 'adam', 'learning_rate': 0.003, 'lr_decay': False, 'clip_grad_norm': False, 'use_early_stop': True, 'batch_size': 64, 'num_workers': 0, 'pad_with_last_sample': True, 'train_rate': 0.7, 'eval_rate': 0.1, 'input_window': 12, 'gpu': True, 'gpu_id': 0, 'train_loss': 'none', 'epoch': 0, 'weight_decay': 0, 'lr_epsilon': 1e-08, 'lr_beta1': 0.9, 'lr_beta2': 0.999, 'lr_alpha': 0.99, 'lr_momentum': 0, 'lr_scheduler': 'multisteplr', 'lr_decay_ratio': 0.1, 'steps': [5, 20, 40, 70], 'step_size': 10, 'lr_T_max': 30, 'lr_eta_min': 0, 'lr_patience': 10, 'lr_threshold': 0.0001, 'max_grad_norm': 1.0, 'log_level': 'INFO', 'log_every': 1, 'load_best_epoch': True, 'hyper_tune': False, 'evaluator_mode': 'single', 'save_mode': ['csv'], 'geo': {'including_types': ['Point'], 'Point': {}}, 'rel': {'including_types': ['geo'], 'geo': {'cost': 'num'}}, 'dyna': {'including_types': ['state'], 'state': {'entity_id': 'geo_id', 'traffic_speed': 'num'}}, 'data_col': ['inflow', 'outflow'], 'weight_col': 'cost', 'data_files': ['CHITaxi20190406'], 'geo_file': 'CHITaxi20190406', 'rel_file': 'CHITaxi20190406', 'output_dim': 2, 'time_intervals': 4368, 'init_weight_inf_or_zero': 'inf', 'set_weight_link_or_dist': 'dist', 'calculate_weight_adj': True, 'weight_adj_epsilon': 0.1, 'embedding_type': 'area', 'device': device(type='cuda', index=0)}
2024-05-01 23:43:54 INFO     Loaded file CHITaxi20190406.geo, num_nodes=77
2024-05-01 23:43:54 INFO     set_weight_link_or_dist: dist
2024-05-01 23:43:54 INFO     init_weight_inf_or_zero: inf
2024-05-01 23:43:54 INFO     Loaded file CHITaxi20190406.rel, shape=(77, 77)
2024-05-01 23:43:54 INFO     Start Calculate the weight by Gauss kernel!
2024-05-01 23:43:54 INFO     Loading file CHITaxi20190406.dyna
2024-05-01 23:43:55 INFO     Loaded file CHITaxi20190406.dyna, shape=(4368, 77, 2)
2024-05-01 23:43:57 INFO     Dataset created
2024-05-01 23:43:57 INFO     x shape: (4345, 12, 77, 34), y shape: (4345, 12, 77, 34)
2024-05-01 23:43:57 INFO     train	x: (3042, 12, 77, 34), y: (3042, 12, 77, 34)
2024-05-01 23:43:57 INFO     eval	x: (434, 12, 77, 34), y: (434, 12, 77, 34)
2024-05-01 23:43:57 INFO     test	x: (869, 12, 77, 34), y: (869, 12, 77, 34)
2024-05-01 23:43:58 INFO     StandardScaler mean: 11.137838123415046, std: 53.15358218315973
2024-05-01 23:43:58 INFO     EnlargeScaler alpha: 1000
2024-05-01 23:44:02 INFO     AGCRN(
  (encoder): AVWDCRNN(
    (dcrnn_cells): ModuleList(
      (0): AGCRNCell(
        (gate): AVWGCN()
        (update): AVWGCN()
      )
      (1): AGCRNCell(
        (gate): AVWGCN()
        (update): AVWGCN()
      )
    )
  )
  (end_conv): Conv2d(1, 24, kernel_size=(1, 64), stride=(1, 1))
)
2024-05-01 23:44:02 INFO     node_embeddings	torch.Size([77, 10])	cuda:0	True
2024-05-01 23:44:02 INFO     encoder.dcrnn_cells.0.gate.weights_pool	torch.Size([10, 2, 98, 128])	cuda:0	True
2024-05-01 23:44:02 INFO     encoder.dcrnn_cells.0.gate.bias_pool	torch.Size([10, 128])	cuda:0	True
2024-05-01 23:44:02 INFO     encoder.dcrnn_cells.0.update.weights_pool	torch.Size([10, 2, 98, 64])	cuda:0	True
2024-05-01 23:44:02 INFO     encoder.dcrnn_cells.0.update.bias_pool	torch.Size([10, 64])	cuda:0	True
2024-05-01 23:44:02 INFO     encoder.dcrnn_cells.1.gate.weights_pool	torch.Size([10, 2, 128, 128])	cuda:0	True
2024-05-01 23:44:02 INFO     encoder.dcrnn_cells.1.gate.bias_pool	torch.Size([10, 128])	cuda:0	True
2024-05-01 23:44:02 INFO     encoder.dcrnn_cells.1.update.weights_pool	torch.Size([10, 2, 128, 64])	cuda:0	True
2024-05-01 23:44:02 INFO     encoder.dcrnn_cells.1.update.bias_pool	torch.Size([10, 64])	cuda:0	True
2024-05-01 23:44:02 INFO     end_conv.weight	torch.Size([24, 1, 1, 64])	cuda:0	True
2024-05-01 23:44:02 INFO     end_conv.bias	torch.Size([24])	cuda:0	True
2024-05-01 23:44:02 INFO     Total parameter numbers: 874010
2024-05-01 23:44:02 INFO     You select `adam` optimizer.
2024-05-01 23:44:02 WARNING  Received none train loss func and will use the loss func defined in the model.
2024-05-01 23:44:02 INFO     Start training ...
2024-05-01 23:44:02 INFO     num_batches:48
