2024-09-02 14:29:45 INFO     Saving logs in: ./logs\CHI\09_02\ComplEx_14_29_45
2024-09-02 14:29:46 INFO     	 (140602, 26, 140602)
2024-09-02 14:29:46 INFO     Total number of parameters 9281396
2024-09-02 14:29:47 INFO     	 Start training
2024-09-02 14:30:00 INFO     	 Epoch 0 | average train loss: 0.0980
2024-09-02 14:30:00 INFO     	 Epoch 0 | average valid loss: 0.0282
2024-09-02 14:30:13 INFO     	 Epoch 1 | average train loss: 0.0573
2024-09-02 14:30:14 INFO     	 Epoch 1 | average valid loss: 0.0253
2024-09-02 14:30:27 INFO     	 Epoch 2 | average train loss: 0.0520
2024-09-02 14:30:27 INFO     	 Epoch 2 | average valid loss: 0.0246
2024-09-02 14:30:44 INFO     	 valid MR: 20185.10 | MRR: 0.175 | H@1: 0.125 | H@3: 0.193 | H@10: 0.283
2024-09-02 14:30:44 INFO     	 Saving model at epoch 2 in ./logs\CHI\09_02\ComplEx_14_29_45
2024-09-02 14:30:57 INFO     	 Epoch 3 | average train loss: 0.0490
2024-09-02 14:30:57 INFO     	 Epoch 3 | average valid loss: 0.0242
2024-09-02 14:31:10 INFO     	 Epoch 4 | average train loss: 0.0462
2024-09-02 14:31:11 INFO     	 Epoch 4 | average valid loss: 0.0241
2024-09-02 14:31:24 INFO     	 Epoch 5 | average train loss: 0.0432
2024-09-02 14:31:24 INFO     	 Epoch 5 | average valid loss: 0.0241
2024-09-02 14:31:41 INFO     	 valid MR: 14149.98 | MRR: 0.169 | H@1: 0.116 | H@3: 0.186 | H@10: 0.288
2024-09-02 14:31:54 INFO     	 Epoch 6 | average train loss: 0.0401
2024-09-02 14:31:54 INFO     	 Epoch 6 | average valid loss: 0.0240
2024-09-02 14:32:07 INFO     	 Epoch 7 | average train loss: 0.0370
2024-09-02 14:32:07 INFO     	 Epoch 7 | average valid loss: 0.0240
2024-09-02 14:32:20 INFO     	 Epoch 8 | average train loss: 0.0340
2024-09-02 14:32:20 INFO     	 Epoch 8 | average valid loss: 0.0239
2024-09-02 14:32:38 INFO     	 valid MR: 10374.82 | MRR: 0.157 | H@1: 0.094 | H@3: 0.181 | H@10: 0.295
2024-09-02 14:32:51 INFO     	 Epoch 9 | average train loss: 0.0315
2024-09-02 14:32:51 INFO     	 Epoch 9 | average valid loss: 0.0239
2024-09-02 14:33:04 INFO     	 Epoch 10 | average train loss: 0.0293
2024-09-02 14:33:05 INFO     	 Epoch 10 | average valid loss: 0.0238
2024-09-02 14:33:18 INFO     	 Epoch 11 | average train loss: 0.0275
2024-09-02 14:33:18 INFO     	 Epoch 11 | average valid loss: 0.0238
2024-09-02 14:33:36 INFO     	 valid MR: 8456.82 | MRR: 0.148 | H@1: 0.078 | H@3: 0.177 | H@10: 0.301
2024-09-02 14:33:49 INFO     	 Epoch 12 | average train loss: 0.0261
2024-09-02 14:33:49 INFO     	 Epoch 12 | average valid loss: 0.0239
2024-09-02 14:34:02 INFO     	 Epoch 13 | average train loss: 0.0248
2024-09-02 14:34:02 INFO     	 Epoch 13 | average valid loss: 0.0242
2024-09-02 14:34:15 INFO     	 Epoch 14 | average train loss: 0.0239
2024-09-02 14:34:15 INFO     	 Epoch 14 | average valid loss: 0.0243
2024-09-02 14:34:34 INFO     	 valid MR: 7476.73 | MRR: 0.146 | H@1: 0.071 | H@3: 0.179 | H@10: 0.306
2024-09-02 14:34:47 INFO     	 Epoch 15 | average train loss: 0.0230
2024-09-02 14:34:48 INFO     	 Epoch 15 | average valid loss: 0.0245
2024-09-02 14:35:01 INFO     	 Epoch 16 | average train loss: 0.0223
2024-09-02 14:35:01 INFO     	 Epoch 16 | average valid loss: 0.0248
2024-09-02 14:35:15 INFO     	 Epoch 17 | average train loss: 0.0217
2024-09-02 14:35:15 INFO     	 Epoch 17 | average valid loss: 0.0248
2024-09-02 14:35:36 INFO     	 valid MR: 6934.67 | MRR: 0.146 | H@1: 0.068 | H@3: 0.182 | H@10: 0.309
2024-09-02 14:35:50 INFO     	 Epoch 18 | average train loss: 0.0212
2024-09-02 14:35:50 INFO     	 Epoch 18 | average valid loss: 0.0251
2024-09-02 14:36:04 INFO     	 Epoch 19 | average train loss: 0.0208
2024-09-02 14:36:04 INFO     	 Epoch 19 | average valid loss: 0.0254
2024-09-02 14:36:18 INFO     	 Epoch 20 | average train loss: 0.0203
2024-09-02 14:36:18 INFO     	 Epoch 20 | average valid loss: 0.0256
2024-09-02 14:36:38 INFO     	 valid MR: 6596.11 | MRR: 0.148 | H@1: 0.069 | H@3: 0.185 | H@10: 0.312
2024-09-02 14:36:51 INFO     	 Epoch 21 | average train loss: 0.0200
2024-09-02 14:36:51 INFO     	 Epoch 21 | average valid loss: 0.0257
2024-09-02 14:37:04 INFO     	 Epoch 22 | average train loss: 0.0197
2024-09-02 14:37:04 INFO     	 Epoch 22 | average valid loss: 0.0260
2024-09-02 14:37:17 INFO     	 Epoch 23 | average train loss: 0.0194
2024-09-02 14:37:17 INFO     	 Epoch 23 | average valid loss: 0.0262
2024-09-02 14:37:36 INFO     	 valid MR: 6365.86 | MRR: 0.151 | H@1: 0.071 | H@3: 0.189 | H@10: 0.318
2024-09-02 14:37:49 INFO     	 Epoch 24 | average train loss: 0.0192
2024-09-02 14:37:49 INFO     	 Epoch 24 | average valid loss: 0.0263
2024-09-02 14:38:02 INFO     	 Epoch 25 | average train loss: 0.0189
2024-09-02 14:38:02 INFO     	 Epoch 25 | average valid loss: 0.0264
2024-09-02 14:38:15 INFO     	 Epoch 26 | average train loss: 0.0188
2024-09-02 14:38:15 INFO     	 Epoch 26 | average valid loss: 0.0267
2024-09-02 14:38:34 INFO     	 valid MR: 6189.54 | MRR: 0.153 | H@1: 0.072 | H@3: 0.192 | H@10: 0.322
2024-09-02 14:38:47 INFO     	 Epoch 27 | average train loss: 0.0186
2024-09-02 14:38:47 INFO     	 Epoch 27 | average valid loss: 0.0269
2024-09-02 14:39:00 INFO     	 Epoch 28 | average train loss: 0.0184
2024-09-02 14:39:00 INFO     	 Epoch 28 | average valid loss: 0.0270
2024-09-02 14:39:13 INFO     	 Epoch 29 | average train loss: 0.0182
2024-09-02 14:39:13 INFO     	 Epoch 29 | average valid loss: 0.0273
2024-09-02 14:39:33 INFO     	 valid MR: 6047.11 | MRR: 0.156 | H@1: 0.074 | H@3: 0.196 | H@10: 0.324
2024-09-02 14:39:46 INFO     	 Epoch 30 | average train loss: 0.0181
2024-09-02 14:39:46 INFO     	 Epoch 30 | average valid loss: 0.0274
2024-09-02 14:39:59 INFO     	 Epoch 31 | average train loss: 0.0180
2024-09-02 14:39:59 INFO     	 Epoch 31 | average valid loss: 0.0275
2024-09-02 14:40:12 INFO     	 Epoch 32 | average train loss: 0.0179
2024-09-02 14:40:12 INFO     	 Epoch 32 | average valid loss: 0.0276
2024-09-02 14:40:33 INFO     	 valid MR: 5938.37 | MRR: 0.158 | H@1: 0.076 | H@3: 0.199 | H@10: 0.325
2024-09-02 14:40:33 INFO     	 Early stopping
2024-09-02 14:40:33 INFO     	 Optimization finished
2024-09-02 14:40:33 INFO     	 Loading best model saved at epoch 2
2024-09-02 14:40:54 INFO     	 valid MR: 20185.10 | MRR: 0.175 | H@1: 0.125 | H@3: 0.193 | H@10: 0.283
2024-09-02 14:41:15 INFO     	 test MR: 20205.68 | MRR: 0.173 | H@1: 0.123 | H@3: 0.191 | H@10: 0.282
