2024-04-22 14:08:41 INFO     Saving logs in: ./logs\CHI\04_22\DisMult_14_08_41
2024-04-22 14:08:42 INFO     	 (140602, 26, 140602)
2024-04-22 14:08:42 INFO     Total number of parameters 4781300
2024-04-22 14:08:44 INFO     	 Start training
2024-04-22 14:08:52 INFO     	 Epoch 0 | average train loss: 0.6925
2024-04-22 14:08:52 INFO     	 Epoch 0 | average valid loss: 0.6895
2024-04-22 14:09:00 INFO     	 Epoch 1 | average train loss: 0.5043
2024-04-22 14:09:00 INFO     	 Epoch 1 | average valid loss: 0.3682
2024-04-22 14:09:08 INFO     	 Epoch 2 | average train loss: 0.1922
2024-04-22 14:09:08 INFO     	 Epoch 2 | average valid loss: 0.1384
2024-04-22 14:09:50 INFO     	 valid MR: 53493.64 | MRR: 0.070 | H@1: 0.041 | H@3: 0.058 | H@10: 0.183
2024-04-22 14:09:50 INFO     	 Saving model at epoch 2 in ./logs\CHI\04_22\DisMult_14_08_41
2024-04-22 14:09:58 INFO     	 Epoch 3 | average train loss: 0.1045
2024-04-22 14:09:58 INFO     	 Epoch 3 | average valid loss: 0.0683
2024-04-22 14:10:06 INFO     	 Epoch 4 | average train loss: 0.0772
2024-04-22 14:10:06 INFO     	 Epoch 4 | average valid loss: 0.0442
2024-04-22 14:10:13 INFO     	 Epoch 5 | average train loss: 0.0671
2024-04-22 14:10:13 INFO     	 Epoch 5 | average valid loss: 0.0358
2024-04-22 14:10:56 INFO     	 valid MR: 32802.14 | MRR: 0.099 | H@1: 0.041 | H@3: 0.113 | H@10: 0.226
2024-04-22 14:10:56 INFO     	 Saving model at epoch 5 in ./logs\CHI\04_22\DisMult_14_08_41
2024-04-22 14:11:04 INFO     	 Epoch 6 | average train loss: 0.0627
2024-04-22 14:11:04 INFO     	 Epoch 6 | average valid loss: 0.0322
2024-04-22 14:11:12 INFO     	 Epoch 7 | average train loss: 0.0600
2024-04-22 14:11:12 INFO     	 Epoch 7 | average valid loss: 0.0305
2024-04-22 14:11:20 INFO     	 Epoch 8 | average train loss: 0.0579
2024-04-22 14:11:20 INFO     	 Epoch 8 | average valid loss: 0.0292
2024-04-22 14:12:02 INFO     	 valid MR: 28370.94 | MRR: 0.125 | H@1: 0.078 | H@3: 0.132 | H@10: 0.234
2024-04-22 14:12:02 INFO     	 Saving model at epoch 8 in ./logs\CHI\04_22\DisMult_14_08_41
2024-04-22 14:12:10 INFO     	 Epoch 9 | average train loss: 0.0563
2024-04-22 14:12:10 INFO     	 Epoch 9 | average valid loss: 0.0283
2024-04-22 14:12:18 INFO     	 Epoch 10 | average train loss: 0.0550
2024-04-22 14:12:18 INFO     	 Epoch 10 | average valid loss: 0.0276
2024-04-22 14:12:25 INFO     	 Epoch 11 | average train loss: 0.0538
2024-04-22 14:12:25 INFO     	 Epoch 11 | average valid loss: 0.0270
2024-04-22 14:13:09 INFO     	 valid MR: 23599.90 | MRR: 0.125 | H@1: 0.067 | H@3: 0.146 | H@10: 0.246
2024-04-22 14:13:16 INFO     	 Epoch 12 | average train loss: 0.0529
2024-04-22 14:13:17 INFO     	 Epoch 12 | average valid loss: 0.0266
2024-04-22 14:13:24 INFO     	 Epoch 13 | average train loss: 0.0522
2024-04-22 14:13:24 INFO     	 Epoch 13 | average valid loss: 0.0263
2024-04-22 14:13:32 INFO     	 Epoch 14 | average train loss: 0.0515
2024-04-22 14:13:32 INFO     	 Epoch 14 | average valid loss: 0.0260
2024-04-22 14:14:15 INFO     	 valid MR: 20474.39 | MRR: 0.142 | H@1: 0.084 | H@3: 0.167 | H@10: 0.258
2024-04-22 14:14:15 INFO     	 Saving model at epoch 14 in ./logs\CHI\04_22\DisMult_14_08_41
2024-04-22 14:14:23 INFO     	 Epoch 15 | average train loss: 0.0509
2024-04-22 14:14:23 INFO     	 Epoch 15 | average valid loss: 0.0257
2024-04-22 14:14:31 INFO     	 Epoch 16 | average train loss: 0.0503
2024-04-22 14:14:31 INFO     	 Epoch 16 | average valid loss: 0.0254
2024-04-22 14:14:38 INFO     	 Epoch 17 | average train loss: 0.0496
2024-04-22 14:14:38 INFO     	 Epoch 17 | average valid loss: 0.0251
2024-04-22 14:15:23 INFO     	 valid MR: 17546.78 | MRR: 0.164 | H@1: 0.111 | H@3: 0.186 | H@10: 0.279
2024-04-22 14:15:23 INFO     	 Saving model at epoch 17 in ./logs\CHI\04_22\DisMult_14_08_41
2024-04-22 14:15:31 INFO     	 Epoch 18 | average train loss: 0.0487
2024-04-22 14:15:31 INFO     	 Epoch 18 | average valid loss: 0.0248
2024-04-22 14:15:39 INFO     	 Epoch 19 | average train loss: 0.0477
2024-04-22 14:15:39 INFO     	 Epoch 19 | average valid loss: 0.0246
2024-04-22 14:15:46 INFO     	 Epoch 20 | average train loss: 0.0467
2024-04-22 14:15:46 INFO     	 Epoch 20 | average valid loss: 0.0242
2024-04-22 14:16:36 INFO     	 valid MR: 13959.04 | MRR: 0.189 | H@1: 0.139 | H@3: 0.210 | H@10: 0.298
2024-04-22 14:16:36 INFO     	 Saving model at epoch 20 in ./logs\CHI\04_22\DisMult_14_08_41
2024-04-22 14:16:43 INFO     	 Epoch 21 | average train loss: 0.0457
2024-04-22 14:16:44 INFO     	 Epoch 21 | average valid loss: 0.0239
2024-04-22 14:16:51 INFO     	 Epoch 22 | average train loss: 0.0447
2024-04-22 14:16:51 INFO     	 Epoch 22 | average valid loss: 0.0236
2024-04-22 14:16:59 INFO     	 Epoch 23 | average train loss: 0.0436
2024-04-22 14:16:59 INFO     	 Epoch 23 | average valid loss: 0.0233
2024-04-22 14:17:46 INFO     	 valid MR: 11445.47 | MRR: 0.207 | H@1: 0.160 | H@3: 0.228 | H@10: 0.312
2024-04-22 14:17:46 INFO     	 Saving model at epoch 23 in ./logs\CHI\04_22\DisMult_14_08_41
2024-04-22 14:17:54 INFO     	 Epoch 24 | average train loss: 0.0426
2024-04-22 14:17:54 INFO     	 Epoch 24 | average valid loss: 0.0232
2024-04-22 14:18:02 INFO     	 Epoch 25 | average train loss: 0.0417
2024-04-22 14:18:03 INFO     	 Epoch 25 | average valid loss: 0.0229
2024-04-22 14:18:11 INFO     	 Epoch 26 | average train loss: 0.0409
2024-04-22 14:18:11 INFO     	 Epoch 26 | average valid loss: 0.0227
2024-04-22 14:18:59 INFO     	 valid MR: 10003.33 | MRR: 0.216 | H@1: 0.163 | H@3: 0.241 | H@10: 0.326
2024-04-22 14:18:59 INFO     	 Saving model at epoch 26 in ./logs\CHI\04_22\DisMult_14_08_41
2024-04-22 14:19:07 INFO     	 Epoch 27 | average train loss: 0.0402
2024-04-22 14:19:07 INFO     	 Epoch 27 | average valid loss: 0.0226
2024-04-22 14:19:15 INFO     	 Epoch 28 | average train loss: 0.0395
2024-04-22 14:19:15 INFO     	 Epoch 28 | average valid loss: 0.0225
2024-04-22 14:19:23 INFO     	 Epoch 29 | average train loss: 0.0389
2024-04-22 14:19:23 INFO     	 Epoch 29 | average valid loss: 0.0223
2024-04-22 14:20:12 INFO     	 valid MR: 9088.37 | MRR: 0.227 | H@1: 0.171 | H@3: 0.253 | H@10: 0.342
2024-04-22 14:20:12 INFO     	 Saving model at epoch 29 in ./logs\CHI\04_22\DisMult_14_08_41
2024-04-22 14:20:20 INFO     	 Epoch 30 | average train loss: 0.0383
2024-04-22 14:20:20 INFO     	 Epoch 30 | average valid loss: 0.0222
2024-04-22 14:20:28 INFO     	 Epoch 31 | average train loss: 0.0378
2024-04-22 14:20:28 INFO     	 Epoch 31 | average valid loss: 0.0221
2024-04-22 14:20:36 INFO     	 Epoch 32 | average train loss: 0.0372
2024-04-22 14:20:36 INFO     	 Epoch 32 | average valid loss: 0.0219
2024-04-22 14:21:25 INFO     	 valid MR: 8245.43 | MRR: 0.233 | H@1: 0.176 | H@3: 0.262 | H@10: 0.349
2024-04-22 14:21:25 INFO     	 Saving model at epoch 32 in ./logs\CHI\04_22\DisMult_14_08_41
2024-04-22 14:21:33 INFO     	 Epoch 33 | average train loss: 0.0367
2024-04-22 14:21:33 INFO     	 Epoch 33 | average valid loss: 0.0217
2024-04-22 14:21:41 INFO     	 Epoch 34 | average train loss: 0.0362
2024-04-22 14:21:41 INFO     	 Epoch 34 | average valid loss: 0.0216
2024-04-22 14:21:48 INFO     	 Epoch 35 | average train loss: 0.0356
2024-04-22 14:21:48 INFO     	 Epoch 35 | average valid loss: 0.0214
2024-04-22 14:22:38 INFO     	 valid MR: 7464.75 | MRR: 0.239 | H@1: 0.181 | H@3: 0.268 | H@10: 0.355
2024-04-22 14:22:38 INFO     	 Saving model at epoch 35 in ./logs\CHI\04_22\DisMult_14_08_41
2024-04-22 14:22:46 INFO     	 Epoch 36 | average train loss: 0.0351
2024-04-22 14:22:46 INFO     	 Epoch 36 | average valid loss: 0.0213
2024-04-22 14:22:54 INFO     	 Epoch 37 | average train loss: 0.0345
2024-04-22 14:22:54 INFO     	 Epoch 37 | average valid loss: 0.0211
2024-04-22 14:23:01 INFO     	 Epoch 38 | average train loss: 0.0339
2024-04-22 14:23:01 INFO     	 Epoch 38 | average valid loss: 0.0210
2024-04-22 14:23:52 INFO     	 valid MR: 6785.85 | MRR: 0.243 | H@1: 0.185 | H@3: 0.274 | H@10: 0.360
2024-04-22 14:23:52 INFO     	 Saving model at epoch 38 in ./logs\CHI\04_22\DisMult_14_08_41
2024-04-22 14:24:00 INFO     	 Epoch 39 | average train loss: 0.0334
2024-04-22 14:24:00 INFO     	 Epoch 39 | average valid loss: 0.0208
2024-04-22 14:24:07 INFO     	 Epoch 40 | average train loss: 0.0328
2024-04-22 14:24:07 INFO     	 Epoch 40 | average valid loss: 0.0206
2024-04-22 14:24:15 INFO     	 Epoch 41 | average train loss: 0.0323
2024-04-22 14:24:15 INFO     	 Epoch 41 | average valid loss: 0.0204
2024-04-22 14:25:08 INFO     	 valid MR: 6251.43 | MRR: 0.248 | H@1: 0.190 | H@3: 0.278 | H@10: 0.363
2024-04-22 14:25:08 INFO     	 Saving model at epoch 41 in ./logs\CHI\04_22\DisMult_14_08_41
2024-04-22 14:25:16 INFO     	 Epoch 42 | average train loss: 0.0317
2024-04-22 14:25:16 INFO     	 Epoch 42 | average valid loss: 0.0203
2024-04-22 14:25:24 INFO     	 Epoch 43 | average train loss: 0.0312
2024-04-22 14:25:24 INFO     	 Epoch 43 | average valid loss: 0.0201
2024-04-22 14:25:31 INFO     	 Epoch 44 | average train loss: 0.0306
2024-04-22 14:25:32 INFO     	 Epoch 44 | average valid loss: 0.0200
2024-04-22 14:26:25 INFO     	 valid MR: 5837.04 | MRR: 0.250 | H@1: 0.193 | H@3: 0.283 | H@10: 0.364
2024-04-22 14:26:25 INFO     	 Saving model at epoch 44 in ./logs\CHI\04_22\DisMult_14_08_41
2024-04-22 14:26:32 INFO     	 Epoch 45 | average train loss: 0.0300
2024-04-22 14:26:33 INFO     	 Epoch 45 | average valid loss: 0.0198
2024-04-22 14:26:40 INFO     	 Epoch 46 | average train loss: 0.0295
2024-04-22 14:26:40 INFO     	 Epoch 46 | average valid loss: 0.0197
2024-04-22 14:26:49 INFO     	 Epoch 47 | average train loss: 0.0289
2024-04-22 14:26:49 INFO     	 Epoch 47 | average valid loss: 0.0195
2024-04-22 14:27:43 INFO     	 valid MR: 5491.44 | MRR: 0.252 | H@1: 0.196 | H@3: 0.286 | H@10: 0.365
2024-04-22 14:27:43 INFO     	 Saving model at epoch 47 in ./logs\CHI\04_22\DisMult_14_08_41
2024-04-22 14:27:51 INFO     	 Epoch 48 | average train loss: 0.0284
2024-04-22 14:27:51 INFO     	 Epoch 48 | average valid loss: 0.0194
2024-04-22 14:27:59 INFO     	 Epoch 49 | average train loss: 0.0279
2024-04-22 14:27:59 INFO     	 Epoch 49 | average valid loss: 0.0193
2024-04-22 14:28:06 INFO     	 Epoch 50 | average train loss: 0.0273
2024-04-22 14:28:06 INFO     	 Epoch 50 | average valid loss: 0.0191
2024-04-22 14:29:00 INFO     	 valid MR: 5195.12 | MRR: 0.256 | H@1: 0.200 | H@3: 0.287 | H@10: 0.362
2024-04-22 14:29:00 INFO     	 Saving model at epoch 50 in ./logs\CHI\04_22\DisMult_14_08_41
2024-04-22 14:29:08 INFO     	 Epoch 51 | average train loss: 0.0268
2024-04-22 14:29:08 INFO     	 Epoch 51 | average valid loss: 0.0189
2024-04-22 14:29:15 INFO     	 Epoch 52 | average train loss: 0.0263
2024-04-22 14:29:15 INFO     	 Epoch 52 | average valid loss: 0.0188
2024-04-22 14:29:23 INFO     	 Epoch 53 | average train loss: 0.0258
2024-04-22 14:29:23 INFO     	 Epoch 53 | average valid loss: 0.0186
2024-04-22 14:30:18 INFO     	 valid MR: 4946.80 | MRR: 0.257 | H@1: 0.202 | H@3: 0.288 | H@10: 0.361
2024-04-22 14:30:18 INFO     	 Saving model at epoch 53 in ./logs\CHI\04_22\DisMult_14_08_41
2024-04-22 14:30:26 INFO     	 Epoch 54 | average train loss: 0.0254
2024-04-22 14:30:26 INFO     	 Epoch 54 | average valid loss: 0.0185
2024-04-22 14:30:34 INFO     	 Epoch 55 | average train loss: 0.0249
2024-04-22 14:30:34 INFO     	 Epoch 55 | average valid loss: 0.0184
2024-04-22 14:30:42 INFO     	 Epoch 56 | average train loss: 0.0245
2024-04-22 14:30:42 INFO     	 Epoch 56 | average valid loss: 0.0182
2024-04-22 14:31:36 INFO     	 valid MR: 4744.48 | MRR: 0.257 | H@1: 0.203 | H@3: 0.290 | H@10: 0.359
2024-04-22 14:31:36 INFO     	 Saving model at epoch 56 in ./logs\CHI\04_22\DisMult_14_08_41
2024-04-22 14:31:44 INFO     	 Epoch 57 | average train loss: 0.0240
2024-04-22 14:31:44 INFO     	 Epoch 57 | average valid loss: 0.0181
2024-04-22 14:31:52 INFO     	 Epoch 58 | average train loss: 0.0236
2024-04-22 14:31:52 INFO     	 Epoch 58 | average valid loss: 0.0179
2024-04-22 14:32:00 INFO     	 Epoch 59 | average train loss: 0.0232
2024-04-22 14:32:00 INFO     	 Epoch 59 | average valid loss: 0.0178
2024-04-22 14:32:54 INFO     	 valid MR: 4580.23 | MRR: 0.258 | H@1: 0.204 | H@3: 0.291 | H@10: 0.359
2024-04-22 14:32:54 INFO     	 Saving model at epoch 59 in ./logs\CHI\04_22\DisMult_14_08_41
2024-04-22 14:33:02 INFO     	 Epoch 60 | average train loss: 0.0228
2024-04-22 14:33:02 INFO     	 Epoch 60 | average valid loss: 0.0177
2024-04-22 14:33:10 INFO     	 Epoch 61 | average train loss: 0.0224
2024-04-22 14:33:10 INFO     	 Epoch 61 | average valid loss: 0.0177
2024-04-22 14:33:18 INFO     	 Epoch 62 | average train loss: 0.0220
2024-04-22 14:33:18 INFO     	 Epoch 62 | average valid loss: 0.0175
2024-04-22 14:34:15 INFO     	 valid MR: 4455.31 | MRR: 0.258 | H@1: 0.203 | H@3: 0.292 | H@10: 0.358
2024-04-22 14:34:22 INFO     	 Epoch 63 | average train loss: 0.0217
2024-04-22 14:34:22 INFO     	 Epoch 63 | average valid loss: 0.0174
2024-04-22 14:34:30 INFO     	 Epoch 64 | average train loss: 0.0214
2024-04-22 14:34:30 INFO     	 Epoch 64 | average valid loss: 0.0174
2024-04-22 14:34:38 INFO     	 Epoch 65 | average train loss: 0.0211
2024-04-22 14:34:38 INFO     	 Epoch 65 | average valid loss: 0.0173
2024-04-22 14:35:36 INFO     	 valid MR: 4371.04 | MRR: 0.258 | H@1: 0.203 | H@3: 0.293 | H@10: 0.358
2024-04-22 14:35:36 INFO     	 Saving model at epoch 65 in ./logs\CHI\04_22\DisMult_14_08_41
2024-04-22 14:35:44 INFO     	 Epoch 66 | average train loss: 0.0208
2024-04-22 14:35:44 INFO     	 Epoch 66 | average valid loss: 0.0174
2024-04-22 14:35:51 INFO     	 Epoch 67 | average train loss: 0.0205
2024-04-22 14:35:52 INFO     	 Epoch 67 | average valid loss: 0.0174
2024-04-22 14:35:59 INFO     	 Epoch 68 | average train loss: 0.0202
2024-04-22 14:35:59 INFO     	 Epoch 68 | average valid loss: 0.0174
2024-04-22 14:36:59 INFO     	 valid MR: 4304.37 | MRR: 0.260 | H@1: 0.205 | H@3: 0.295 | H@10: 0.358
2024-04-22 14:36:59 INFO     	 Saving model at epoch 68 in ./logs\CHI\04_22\DisMult_14_08_41
2024-04-22 14:37:07 INFO     	 Epoch 69 | average train loss: 0.0200
2024-04-22 14:37:07 INFO     	 Epoch 69 | average valid loss: 0.0174
2024-04-22 14:37:15 INFO     	 Epoch 70 | average train loss: 0.0197
2024-04-22 14:37:15 INFO     	 Epoch 70 | average valid loss: 0.0174
2024-04-22 14:37:23 INFO     	 Epoch 71 | average train loss: 0.0195
2024-04-22 14:37:23 INFO     	 Epoch 71 | average valid loss: 0.0176
2024-04-22 14:38:23 INFO     	 valid MR: 4273.66 | MRR: 0.261 | H@1: 0.207 | H@3: 0.296 | H@10: 0.358
2024-04-22 14:38:23 INFO     	 Saving model at epoch 71 in ./logs\CHI\04_22\DisMult_14_08_41
2024-04-22 14:38:31 INFO     	 Epoch 72 | average train loss: 0.0193
2024-04-22 14:38:31 INFO     	 Epoch 72 | average valid loss: 0.0177
2024-04-22 14:38:39 INFO     	 Epoch 73 | average train loss: 0.0191
2024-04-22 14:38:39 INFO     	 Epoch 73 | average valid loss: 0.0178
2024-04-22 14:38:47 INFO     	 Epoch 74 | average train loss: 0.0189
2024-04-22 14:38:47 INFO     	 Epoch 74 | average valid loss: 0.0179
2024-04-22 14:39:51 INFO     	 valid MR: 4246.57 | MRR: 0.262 | H@1: 0.208 | H@3: 0.296 | H@10: 0.358
2024-04-22 14:39:51 INFO     	 Saving model at epoch 74 in ./logs\CHI\04_22\DisMult_14_08_41
2024-04-22 14:39:59 INFO     	 Epoch 75 | average train loss: 0.0187
2024-04-22 14:39:59 INFO     	 Epoch 75 | average valid loss: 0.0180
2024-04-22 14:40:09 INFO     	 Epoch 76 | average train loss: 0.0186
2024-04-22 14:40:09 INFO     	 Epoch 76 | average valid loss: 0.0183
2024-04-22 14:40:19 INFO     	 Epoch 77 | average train loss: 0.0184
2024-04-22 14:40:19 INFO     	 Epoch 77 | average valid loss: 0.0185
2024-04-22 14:41:21 INFO     	 valid MR: 4242.41 | MRR: 0.263 | H@1: 0.210 | H@3: 0.297 | H@10: 0.358
2024-04-22 14:41:21 INFO     	 Saving model at epoch 77 in ./logs\CHI\04_22\DisMult_14_08_41
2024-04-22 14:41:29 INFO     	 Epoch 78 | average train loss: 0.0183
2024-04-22 14:41:29 INFO     	 Epoch 78 | average valid loss: 0.0186
2024-04-22 14:41:37 INFO     	 Epoch 79 | average train loss: 0.0181
2024-04-22 14:41:37 INFO     	 Epoch 79 | average valid loss: 0.0187
2024-04-22 14:41:44 INFO     	 Epoch 80 | average train loss: 0.0180
2024-04-22 14:41:44 INFO     	 Epoch 80 | average valid loss: 0.0190
2024-04-22 14:42:45 INFO     	 valid MR: 4227.42 | MRR: 0.264 | H@1: 0.211 | H@3: 0.299 | H@10: 0.358
2024-04-22 14:42:45 INFO     	 Saving model at epoch 80 in ./logs\CHI\04_22\DisMult_14_08_41
2024-04-22 14:42:53 INFO     	 Epoch 81 | average train loss: 0.0179
2024-04-22 14:42:54 INFO     	 Epoch 81 | average valid loss: 0.0193
2024-04-22 14:43:01 INFO     	 Epoch 82 | average train loss: 0.0178
2024-04-22 14:43:01 INFO     	 Epoch 82 | average valid loss: 0.0195
2024-04-22 14:43:09 INFO     	 Epoch 83 | average train loss: 0.0177
2024-04-22 14:43:09 INFO     	 Epoch 83 | average valid loss: 0.0200
2024-04-22 14:44:11 INFO     	 valid MR: 4238.49 | MRR: 0.265 | H@1: 0.212 | H@3: 0.300 | H@10: 0.359
2024-04-22 14:44:11 INFO     	 Saving model at epoch 83 in ./logs\CHI\04_22\DisMult_14_08_41
2024-04-22 14:44:19 INFO     	 Epoch 84 | average train loss: 0.0176
2024-04-22 14:44:19 INFO     	 Epoch 84 | average valid loss: 0.0202
2024-04-22 14:44:26 INFO     	 Epoch 85 | average train loss: 0.0175
2024-04-22 14:44:26 INFO     	 Epoch 85 | average valid loss: 0.0204
2024-04-22 14:44:34 INFO     	 Epoch 86 | average train loss: 0.0174
2024-04-22 14:44:34 INFO     	 Epoch 86 | average valid loss: 0.0207
2024-04-22 14:45:37 INFO     	 valid MR: 4239.46 | MRR: 0.267 | H@1: 0.213 | H@3: 0.301 | H@10: 0.360
2024-04-22 14:45:37 INFO     	 Saving model at epoch 86 in ./logs\CHI\04_22\DisMult_14_08_41
2024-04-22 14:45:45 INFO     	 Epoch 87 | average train loss: 0.0174
2024-04-22 14:45:45 INFO     	 Epoch 87 | average valid loss: 0.0212
2024-04-22 14:45:53 INFO     	 Epoch 88 | average train loss: 0.0173
2024-04-22 14:45:53 INFO     	 Epoch 88 | average valid loss: 0.0215
2024-04-22 14:46:00 INFO     	 Epoch 89 | average train loss: 0.0172
2024-04-22 14:46:01 INFO     	 Epoch 89 | average valid loss: 0.0217
2024-04-22 14:47:06 INFO     	 valid MR: 4254.83 | MRR: 0.268 | H@1: 0.214 | H@3: 0.302 | H@10: 0.360
2024-04-22 14:47:06 INFO     	 Saving model at epoch 89 in ./logs\CHI\04_22\DisMult_14_08_41
2024-04-22 14:47:14 INFO     	 Epoch 90 | average train loss: 0.0171
2024-04-22 14:47:14 INFO     	 Epoch 90 | average valid loss: 0.0220
2024-04-22 14:47:22 INFO     	 Epoch 91 | average train loss: 0.0171
2024-04-22 14:47:22 INFO     	 Epoch 91 | average valid loss: 0.0224
2024-04-22 14:47:29 INFO     	 Epoch 92 | average train loss: 0.0170
2024-04-22 14:47:29 INFO     	 Epoch 92 | average valid loss: 0.0229
2024-04-22 14:48:34 INFO     	 valid MR: 4277.24 | MRR: 0.268 | H@1: 0.215 | H@3: 0.302 | H@10: 0.361
2024-04-22 14:48:34 INFO     	 Saving model at epoch 92 in ./logs\CHI\04_22\DisMult_14_08_41
2024-04-22 14:48:42 INFO     	 Epoch 93 | average train loss: 0.0170
2024-04-22 14:48:42 INFO     	 Epoch 93 | average valid loss: 0.0232
2024-04-22 14:48:50 INFO     	 Epoch 94 | average train loss: 0.0169
2024-04-22 14:48:50 INFO     	 Epoch 94 | average valid loss: 0.0237
2024-04-22 14:48:58 INFO     	 Epoch 95 | average train loss: 0.0169
2024-04-22 14:48:58 INFO     	 Epoch 95 | average valid loss: 0.0240
2024-04-22 14:50:04 INFO     	 valid MR: 4304.01 | MRR: 0.269 | H@1: 0.215 | H@3: 0.303 | H@10: 0.361
2024-04-22 14:50:04 INFO     	 Saving model at epoch 95 in ./logs\CHI\04_22\DisMult_14_08_41
2024-04-22 14:50:12 INFO     	 Epoch 96 | average train loss: 0.0168
2024-04-22 14:50:12 INFO     	 Epoch 96 | average valid loss: 0.0244
2024-04-22 14:50:19 INFO     	 Epoch 97 | average train loss: 0.0168
2024-04-22 14:50:19 INFO     	 Epoch 97 | average valid loss: 0.0248
2024-04-22 14:50:27 INFO     	 Epoch 98 | average train loss: 0.0168
2024-04-22 14:50:27 INFO     	 Epoch 98 | average valid loss: 0.0253
2024-04-22 14:51:32 INFO     	 valid MR: 4318.97 | MRR: 0.269 | H@1: 0.216 | H@3: 0.303 | H@10: 0.360
2024-04-22 14:51:32 INFO     	 Saving model at epoch 98 in ./logs\CHI\04_22\DisMult_14_08_41
2024-04-22 14:51:39 INFO     	 Epoch 99 | average train loss: 0.0167
2024-04-22 14:51:39 INFO     	 Epoch 99 | average valid loss: 0.0256
2024-04-22 14:51:47 INFO     	 Epoch 100 | average train loss: 0.0167
2024-04-22 14:51:47 INFO     	 Epoch 100 | average valid loss: 0.0259
2024-04-22 14:51:54 INFO     	 Epoch 101 | average train loss: 0.0166
2024-04-22 14:51:55 INFO     	 Epoch 101 | average valid loss: 0.0263
2024-04-22 14:53:01 INFO     	 valid MR: 4338.29 | MRR: 0.270 | H@1: 0.216 | H@3: 0.304 | H@10: 0.362
2024-04-22 14:53:01 INFO     	 Saving model at epoch 101 in ./logs\CHI\04_22\DisMult_14_08_41
2024-04-22 14:53:09 INFO     	 Epoch 102 | average train loss: 0.0166
2024-04-22 14:53:09 INFO     	 Epoch 102 | average valid loss: 0.0267
2024-04-22 14:53:17 INFO     	 Epoch 103 | average train loss: 0.0166
2024-04-22 14:53:17 INFO     	 Epoch 103 | average valid loss: 0.0272
2024-04-22 14:53:24 INFO     	 Epoch 104 | average train loss: 0.0165
2024-04-22 14:53:24 INFO     	 Epoch 104 | average valid loss: 0.0275
2024-04-22 14:54:33 INFO     	 valid MR: 4370.33 | MRR: 0.270 | H@1: 0.216 | H@3: 0.304 | H@10: 0.363
2024-04-22 14:54:33 INFO     	 Saving model at epoch 104 in ./logs\CHI\04_22\DisMult_14_08_41
2024-04-22 14:54:41 INFO     	 Epoch 105 | average train loss: 0.0165
2024-04-22 14:54:41 INFO     	 Epoch 105 | average valid loss: 0.0281
2024-04-22 14:54:49 INFO     	 Epoch 106 | average train loss: 0.0165
2024-04-22 14:54:49 INFO     	 Epoch 106 | average valid loss: 0.0284
2024-04-22 14:54:57 INFO     	 Epoch 107 | average train loss: 0.0164
2024-04-22 14:54:57 INFO     	 Epoch 107 | average valid loss: 0.0288
2024-04-22 14:56:07 INFO     	 valid MR: 4395.36 | MRR: 0.270 | H@1: 0.216 | H@3: 0.305 | H@10: 0.362
2024-04-22 14:56:07 INFO     	 Saving model at epoch 107 in ./logs\CHI\04_22\DisMult_14_08_41
2024-04-22 14:56:14 INFO     	 Epoch 108 | average train loss: 0.0164
2024-04-22 14:56:14 INFO     	 Epoch 108 | average valid loss: 0.0295
2024-04-22 14:56:22 INFO     	 Epoch 109 | average train loss: 0.0164
2024-04-22 14:56:22 INFO     	 Epoch 109 | average valid loss: 0.0297
2024-04-22 14:56:30 INFO     	 Epoch 110 | average train loss: 0.0164
2024-04-22 14:56:30 INFO     	 Epoch 110 | average valid loss: 0.0304
2024-04-22 14:57:40 INFO     	 valid MR: 4425.63 | MRR: 0.270 | H@1: 0.216 | H@3: 0.305 | H@10: 0.362
2024-04-22 14:57:48 INFO     	 Epoch 111 | average train loss: 0.0163
2024-04-22 14:57:48 INFO     	 Epoch 111 | average valid loss: 0.0308
2024-04-22 14:57:56 INFO     	 Epoch 112 | average train loss: 0.0163
2024-04-22 14:57:56 INFO     	 Epoch 112 | average valid loss: 0.0312
2024-04-22 14:58:04 INFO     	 Epoch 113 | average train loss: 0.0163
2024-04-22 14:58:04 INFO     	 Epoch 113 | average valid loss: 0.0317
2024-04-22 14:59:15 INFO     	 valid MR: 4477.32 | MRR: 0.270 | H@1: 0.216 | H@3: 0.305 | H@10: 0.363
2024-04-22 14:59:23 INFO     	 Epoch 114 | average train loss: 0.0163
2024-04-22 14:59:23 INFO     	 Epoch 114 | average valid loss: 0.0323
2024-04-22 14:59:30 INFO     	 Epoch 115 | average train loss: 0.0163
2024-04-22 14:59:30 INFO     	 Epoch 115 | average valid loss: 0.0328
2024-04-22 14:59:38 INFO     	 Epoch 116 | average train loss: 0.0162
2024-04-22 14:59:38 INFO     	 Epoch 116 | average valid loss: 0.0331
2024-04-22 15:00:51 INFO     	 valid MR: 4501.53 | MRR: 0.270 | H@1: 0.216 | H@3: 0.306 | H@10: 0.363
2024-04-22 15:00:51 INFO     	 Saving model at epoch 116 in ./logs\CHI\04_22\DisMult_14_08_41
2024-04-22 15:00:59 INFO     	 Epoch 117 | average train loss: 0.0162
2024-04-22 15:00:59 INFO     	 Epoch 117 | average valid loss: 0.0334
2024-04-22 15:01:06 INFO     	 Epoch 118 | average train loss: 0.0162
2024-04-22 15:01:06 INFO     	 Epoch 118 | average valid loss: 0.0341
2024-04-22 15:01:14 INFO     	 Epoch 119 | average train loss: 0.0162
2024-04-22 15:01:14 INFO     	 Epoch 119 | average valid loss: 0.0346
2024-04-22 15:02:26 INFO     	 valid MR: 4551.26 | MRR: 0.270 | H@1: 0.217 | H@3: 0.305 | H@10: 0.362
2024-04-22 15:02:26 INFO     	 Saving model at epoch 119 in ./logs\CHI\04_22\DisMult_14_08_41
2024-04-22 15:02:33 INFO     	 Epoch 120 | average train loss: 0.0162
2024-04-22 15:02:33 INFO     	 Epoch 120 | average valid loss: 0.0353
2024-04-22 15:02:41 INFO     	 Epoch 121 | average train loss: 0.0162
2024-04-22 15:02:41 INFO     	 Epoch 121 | average valid loss: 0.0356
2024-04-22 15:02:49 INFO     	 Epoch 122 | average train loss: 0.0161
2024-04-22 15:02:49 INFO     	 Epoch 122 | average valid loss: 0.0361
2024-04-22 15:04:05 INFO     	 valid MR: 4590.28 | MRR: 0.270 | H@1: 0.215 | H@3: 0.305 | H@10: 0.362
2024-04-22 15:04:12 INFO     	 Epoch 123 | average train loss: 0.0161
2024-04-22 15:04:12 INFO     	 Epoch 123 | average valid loss: 0.0365
2024-04-22 15:04:20 INFO     	 Epoch 124 | average train loss: 0.0161
2024-04-22 15:04:20 INFO     	 Epoch 124 | average valid loss: 0.0371
2024-04-22 15:04:28 INFO     	 Epoch 125 | average train loss: 0.0161
2024-04-22 15:04:28 INFO     	 Epoch 125 | average valid loss: 0.0375
2024-04-22 15:05:43 INFO     	 valid MR: 4629.32 | MRR: 0.270 | H@1: 0.216 | H@3: 0.306 | H@10: 0.363
2024-04-22 15:05:51 INFO     	 Epoch 126 | average train loss: 0.0161
2024-04-22 15:05:51 INFO     	 Epoch 126 | average valid loss: 0.0379
2024-04-22 15:05:59 INFO     	 Epoch 127 | average train loss: 0.0161
2024-04-22 15:05:59 INFO     	 Epoch 127 | average valid loss: 0.0385
2024-04-22 15:06:07 INFO     	 Epoch 128 | average train loss: 0.0161
2024-04-22 15:06:07 INFO     	 Epoch 128 | average valid loss: 0.0390
2024-04-22 15:07:21 INFO     	 valid MR: 4686.97 | MRR: 0.270 | H@1: 0.216 | H@3: 0.305 | H@10: 0.363
2024-04-22 15:07:28 INFO     	 Epoch 129 | average train loss: 0.0161
2024-04-22 15:07:28 INFO     	 Epoch 129 | average valid loss: 0.0396
2024-04-22 15:07:36 INFO     	 Epoch 130 | average train loss: 0.0160
2024-04-22 15:07:36 INFO     	 Epoch 130 | average valid loss: 0.0399
2024-04-22 15:07:44 INFO     	 Epoch 131 | average train loss: 0.0160
2024-04-22 15:07:44 INFO     	 Epoch 131 | average valid loss: 0.0405
2024-04-22 15:09:00 INFO     	 valid MR: 4738.06 | MRR: 0.270 | H@1: 0.215 | H@3: 0.305 | H@10: 0.362
2024-04-22 15:09:08 INFO     	 Epoch 132 | average train loss: 0.0160
2024-04-22 15:09:08 INFO     	 Epoch 132 | average valid loss: 0.0410
2024-04-22 15:09:16 INFO     	 Epoch 133 | average train loss: 0.0160
2024-04-22 15:09:16 INFO     	 Epoch 133 | average valid loss: 0.0417
2024-04-22 15:09:23 INFO     	 Epoch 134 | average train loss: 0.0160
2024-04-22 15:09:24 INFO     	 Epoch 134 | average valid loss: 0.0421
2024-04-22 15:10:40 INFO     	 valid MR: 4779.06 | MRR: 0.270 | H@1: 0.215 | H@3: 0.305 | H@10: 0.362
2024-04-22 15:10:48 INFO     	 Epoch 135 | average train loss: 0.0160
2024-04-22 15:10:48 INFO     	 Epoch 135 | average valid loss: 0.0426
2024-04-22 15:10:56 INFO     	 Epoch 136 | average train loss: 0.0160
2024-04-22 15:10:56 INFO     	 Epoch 136 | average valid loss: 0.0432
2024-04-22 15:11:04 INFO     	 Epoch 137 | average train loss: 0.0159
2024-04-22 15:11:04 INFO     	 Epoch 137 | average valid loss: 0.0438
2024-04-22 15:12:22 INFO     	 valid MR: 4840.18 | MRR: 0.269 | H@1: 0.215 | H@3: 0.305 | H@10: 0.361
2024-04-22 15:12:30 INFO     	 Epoch 138 | average train loss: 0.0159
2024-04-22 15:12:30 INFO     	 Epoch 138 | average valid loss: 0.0442
2024-04-22 15:12:38 INFO     	 Epoch 139 | average train loss: 0.0159
2024-04-22 15:12:38 INFO     	 Epoch 139 | average valid loss: 0.0446
2024-04-22 15:12:46 INFO     	 Epoch 140 | average train loss: 0.0159
2024-04-22 15:12:46 INFO     	 Epoch 140 | average valid loss: 0.0453
2024-04-22 15:14:08 INFO     	 valid MR: 4902.54 | MRR: 0.269 | H@1: 0.215 | H@3: 0.304 | H@10: 0.362
2024-04-22 15:14:16 INFO     	 Epoch 141 | average train loss: 0.0159
2024-04-22 15:14:16 INFO     	 Epoch 141 | average valid loss: 0.0458
2024-04-22 15:14:24 INFO     	 Epoch 142 | average train loss: 0.0159
2024-04-22 15:14:24 INFO     	 Epoch 142 | average valid loss: 0.0463
2024-04-22 15:14:32 INFO     	 Epoch 143 | average train loss: 0.0159
2024-04-22 15:14:32 INFO     	 Epoch 143 | average valid loss: 0.0470
2024-04-22 15:15:56 INFO     	 valid MR: 4953.84 | MRR: 0.269 | H@1: 0.215 | H@3: 0.304 | H@10: 0.361
2024-04-22 15:16:04 INFO     	 Epoch 144 | average train loss: 0.0159
2024-04-22 15:16:04 INFO     	 Epoch 144 | average valid loss: 0.0476
2024-04-22 15:16:12 INFO     	 Epoch 145 | average train loss: 0.0159
2024-04-22 15:16:12 INFO     	 Epoch 145 | average valid loss: 0.0480
2024-04-22 15:16:19 INFO     	 Epoch 146 | average train loss: 0.0159
2024-04-22 15:16:19 INFO     	 Epoch 146 | average valid loss: 0.0486
2024-04-22 15:17:39 INFO     	 valid MR: 5003.89 | MRR: 0.268 | H@1: 0.214 | H@3: 0.304 | H@10: 0.360
2024-04-22 15:17:47 INFO     	 Epoch 147 | average train loss: 0.0159
2024-04-22 15:17:47 INFO     	 Epoch 147 | average valid loss: 0.0491
2024-04-22 15:17:55 INFO     	 Epoch 148 | average train loss: 0.0159
2024-04-22 15:17:55 INFO     	 Epoch 148 | average valid loss: 0.0498
2024-04-22 15:18:02 INFO     	 Epoch 149 | average train loss: 0.0158
2024-04-22 15:18:03 INFO     	 Epoch 149 | average valid loss: 0.0502
2024-04-22 15:19:23 INFO     	 valid MR: 5080.70 | MRR: 0.268 | H@1: 0.214 | H@3: 0.303 | H@10: 0.360
2024-04-22 15:19:23 INFO     	 Early stopping
2024-04-22 15:19:23 INFO     	 Optimization finished
2024-04-22 15:19:23 INFO     	 Loading best model saved at epoch 119
2024-04-22 15:20:46 INFO     	 valid MR: 4551.26 | MRR: 0.270 | H@1: 0.217 | H@3: 0.305 | H@10: 0.362
2024-04-22 15:22:07 INFO     	 test MR: 4498.83 | MRR: 0.271 | H@1: 0.217 | H@3: 0.305 | H@10: 0.363
