2024-09-14 17:18:28 INFO     Saving logs in: ./logs/CHITaxi20190406\AGCRN\Test
2024-09-14 17:18:28 INFO     ----------------------------------------------------------------------------
2024-09-14 17:18:28 INFO     # 0, Kownledge Graph Embedding: Normal, Experiment ids: 15
2024-09-14 17:18:28 INFO     ----------------------------------------------------------------------------
2024-09-14 17:18:28 INFO     Begin pipeline, task=traffic_state_pred, model_name=AGCRN, dataset_name=CHITaxi20190406, exp_id=15
2024-09-14 17:18:28 INFO     {'task': 'traffic_state_pred', 'model': 'AGCRN', 'dataset': 'CHITaxi20190406', 'saved_model': True, 'train': True, 'exp_id': 15, 'ke_model': 'GIE', 'ke_dim': 32, 'load_external': True, 'max_epoch': 200, 'patience': 15, 'cache_dataset': False, 'output_window': 12, 'metrics': ['MAE', 'RMSE'], 'cur_times': 0, 'dataset_class': 'TrafficStatePointDataset', 'executor': 'TrafficStateExecutor', 'evaluator': 'TrafficStateEvaluator', 'embed_dim': 10, 'rnn_units': 64, 'num_layers': 2, 'cheb_order': 2, 'bidir_adj_mx': True, 'scaler': 'standard', 'normal_external': False, 'ext_scaler': 'none', 'add_time_in_day': False, 'add_day_in_week': False, 'learner': 'adam', 'learning_rate': 0.003, 'lr_decay': False, 'clip_grad_norm': False, 'use_early_stop': True, 'batch_size': 64, 'num_workers': 0, 'pad_with_last_sample': True, 'train_rate': 0.7, 'eval_rate': 0.1, 'input_window': 12, 'gpu': True, 'gpu_id': 0, 'train_loss': 'none', 'epoch': 0, 'weight_decay': 0, 'lr_epsilon': 1e-08, 'lr_beta1': 0.9, 'lr_beta2': 0.999, 'lr_alpha': 0.99, 'lr_momentum': 0, 'lr_scheduler': 'multisteplr', 'lr_decay_ratio': 0.1, 'steps': [5, 20, 40, 70], 'step_size': 10, 'lr_T_max': 30, 'lr_eta_min': 0, 'lr_patience': 10, 'lr_threshold': 0.0001, 'max_grad_norm': 1.0, 'log_level': 'INFO', 'log_every': 1, 'load_best_epoch': True, 'hyper_tune': False, 'evaluator_mode': 'single', 'save_mode': ['csv'], 'geo': {'including_types': ['Point'], 'Point': {}}, 'rel': {'including_types': ['geo'], 'geo': {'cost': 'num'}}, 'dyna': {'including_types': ['state'], 'state': {'entity_id': 'geo_id', 'traffic_speed': 'num'}}, 'data_col': ['inflow', 'outflow'], 'weight_col': 'cost', 'data_files': ['CHITaxi20190406'], 'geo_file': 'CHITaxi20190406', 'rel_file': 'CHITaxi20190406', 'output_dim': 2, 'time_intervals': 4368, 'init_weight_inf_or_zero': 'inf', 'set_weight_link_or_dist': 'dist', 'calculate_weight_adj': True, 'weight_adj_epsilon': 0.1, 'embedding_type': 'area', 'device': device(type='cuda', index=0)}
2024-09-14 17:18:28 INFO     Loaded file CHITaxi20190406.geo, num_nodes=77
2024-09-14 17:18:28 INFO     set_weight_link_or_dist: dist
2024-09-14 17:18:28 INFO     init_weight_inf_or_zero: inf
2024-09-14 17:18:28 INFO     Loaded file CHITaxi20190406.rel, shape=(77, 77)
2024-09-14 17:18:28 INFO     Start Calculate the weight by Gauss kernel!
2024-09-14 17:18:28 INFO     Loading file CHITaxi20190406.dyna
2024-09-14 17:18:28 INFO     Loaded file CHITaxi20190406.dyna, shape=(4368, 77, 2)
2024-09-14 17:18:29 INFO     Dataset created
2024-09-14 17:18:29 INFO     x shape: (4345, 12, 77, 34), y shape: (4345, 12, 77, 34)
2024-09-14 17:18:30 INFO     train	x: (3042, 12, 77, 34), y: (3042, 12, 77, 34)
2024-09-14 17:18:30 INFO     eval	x: (434, 12, 77, 34), y: (434, 12, 77, 34)
2024-09-14 17:18:30 INFO     test	x: (869, 12, 77, 34), y: (869, 12, 77, 34)
2024-09-14 17:18:30 INFO     StandardScaler mean: 11.137838123415046, std: 53.15358218315973
2024-09-14 17:18:30 INFO     NoneScaler
2024-09-14 17:18:32 INFO     AGCRN(
  (encoder): AVWDCRNN(
    (dcrnn_cells): ModuleList(
      (0): AGCRNCell(
        (gate): AVWGCN()
        (update): AVWGCN()
      )
      (1): AGCRNCell(
        (gate): AVWGCN()
        (update): AVWGCN()
      )
    )
  )
  (end_conv): Conv2d(1, 24, kernel_size=(1, 64), stride=(1, 1))
)
2024-09-14 17:18:32 INFO     node_embeddings	torch.Size([77, 10])	cuda:0	True
2024-09-14 17:18:32 INFO     encoder.dcrnn_cells.0.gate.weights_pool	torch.Size([10, 2, 98, 128])	cuda:0	True
2024-09-14 17:18:32 INFO     encoder.dcrnn_cells.0.gate.bias_pool	torch.Size([10, 128])	cuda:0	True
2024-09-14 17:18:32 INFO     encoder.dcrnn_cells.0.update.weights_pool	torch.Size([10, 2, 98, 64])	cuda:0	True
2024-09-14 17:18:32 INFO     encoder.dcrnn_cells.0.update.bias_pool	torch.Size([10, 64])	cuda:0	True
2024-09-14 17:18:32 INFO     encoder.dcrnn_cells.1.gate.weights_pool	torch.Size([10, 2, 128, 128])	cuda:0	True
2024-09-14 17:18:32 INFO     encoder.dcrnn_cells.1.gate.bias_pool	torch.Size([10, 128])	cuda:0	True
2024-09-14 17:18:32 INFO     encoder.dcrnn_cells.1.update.weights_pool	torch.Size([10, 2, 128, 64])	cuda:0	True
2024-09-14 17:18:32 INFO     encoder.dcrnn_cells.1.update.bias_pool	torch.Size([10, 64])	cuda:0	True
2024-09-14 17:18:32 INFO     end_conv.weight	torch.Size([24, 1, 1, 64])	cuda:0	True
2024-09-14 17:18:32 INFO     end_conv.bias	torch.Size([24])	cuda:0	True
2024-09-14 17:18:32 INFO     Total parameter numbers: 874010
2024-09-14 17:18:32 INFO     You select `adam` optimizer.
2024-09-14 17:18:32 WARNING  Received none train loss func and will use the loss func defined in the model.
2024-09-14 17:18:32 INFO     Start training ...
2024-09-14 17:18:32 INFO     num_batches:48
2024-09-14 17:18:39 INFO     epoch complete!
2024-09-14 17:18:39 INFO     evaluating now!
2024-09-14 17:18:39 INFO     Epoch [0/200] train_loss: 23.5096, val_loss: 17.6868, lr: 0.003000, 7.01s
2024-09-14 17:18:39 INFO     Saved model at 0
2024-09-14 17:18:39 INFO     Val loss decrease from inf to 17.6868, saving to ./libcity/cache/15/model_cache/AGCRN_CHITaxi20190406_epoch0.tar
2024-09-14 17:18:45 INFO     epoch complete!
2024-09-14 17:18:45 INFO     evaluating now!
2024-09-14 17:18:45 INFO     Epoch [1/200] train_loss: 14.2917, val_loss: 13.4709, lr: 0.003000, 5.51s
2024-09-14 17:18:45 INFO     Saved model at 1
2024-09-14 17:18:45 INFO     Val loss decrease from 17.6868 to 13.4709, saving to ./libcity/cache/15/model_cache/AGCRN_CHITaxi20190406_epoch1.tar
2024-09-14 17:18:50 INFO     epoch complete!
2024-09-14 17:18:50 INFO     evaluating now!
2024-09-14 17:18:50 INFO     Epoch [2/200] train_loss: 11.0429, val_loss: 10.3649, lr: 0.003000, 5.48s
2024-09-14 17:18:50 INFO     Saved model at 2
2024-09-14 17:18:51 INFO     Val loss decrease from 13.4709 to 10.3649, saving to ./libcity/cache/15/model_cache/AGCRN_CHITaxi20190406_epoch2.tar
2024-09-14 17:18:56 INFO     epoch complete!
2024-09-14 17:18:56 INFO     evaluating now!
2024-09-14 17:18:56 INFO     Epoch [3/200] train_loss: 9.1356, val_loss: 9.0018, lr: 0.003000, 5.50s
2024-09-14 17:18:56 INFO     Saved model at 3
2024-09-14 17:18:56 INFO     Val loss decrease from 10.3649 to 9.0018, saving to ./libcity/cache/15/model_cache/AGCRN_CHITaxi20190406_epoch3.tar
2024-09-14 17:19:01 INFO     epoch complete!
2024-09-14 17:19:01 INFO     evaluating now!
2024-09-14 17:19:01 INFO     Epoch [4/200] train_loss: 7.9123, val_loss: 7.6032, lr: 0.003000, 5.41s
2024-09-14 17:19:01 INFO     Saved model at 4
2024-09-14 17:19:01 INFO     Val loss decrease from 9.0018 to 7.6032, saving to ./libcity/cache/15/model_cache/AGCRN_CHITaxi20190406_epoch4.tar
2024-09-14 17:19:07 INFO     epoch complete!
2024-09-14 17:19:07 INFO     evaluating now!
2024-09-14 17:19:07 INFO     Epoch [5/200] train_loss: 7.1979, val_loss: 6.9859, lr: 0.003000, 5.51s
2024-09-14 17:19:07 INFO     Saved model at 5
2024-09-14 17:19:07 INFO     Val loss decrease from 7.6032 to 6.9859, saving to ./libcity/cache/15/model_cache/AGCRN_CHITaxi20190406_epoch5.tar
2024-09-14 17:19:12 INFO     epoch complete!
2024-09-14 17:19:12 INFO     evaluating now!
2024-09-14 17:19:12 INFO     Epoch [6/200] train_loss: 6.6809, val_loss: 6.6971, lr: 0.003000, 5.45s
2024-09-14 17:19:12 INFO     Saved model at 6
2024-09-14 17:19:12 INFO     Val loss decrease from 6.9859 to 6.6971, saving to ./libcity/cache/15/model_cache/AGCRN_CHITaxi20190406_epoch6.tar
2024-09-14 17:19:17 INFO     epoch complete!
2024-09-14 17:19:17 INFO     evaluating now!
2024-09-14 17:19:18 INFO     Epoch [7/200] train_loss: 6.3122, val_loss: 6.2410, lr: 0.003000, 5.35s
2024-09-14 17:19:18 INFO     Saved model at 7
2024-09-14 17:19:18 INFO     Val loss decrease from 6.6971 to 6.2410, saving to ./libcity/cache/15/model_cache/AGCRN_CHITaxi20190406_epoch7.tar
2024-09-14 17:19:23 INFO     epoch complete!
2024-09-14 17:19:23 INFO     evaluating now!
2024-09-14 17:19:23 INFO     Epoch [8/200] train_loss: 6.0429, val_loss: 6.0033, lr: 0.003000, 5.24s
2024-09-14 17:19:23 INFO     Saved model at 8
2024-09-14 17:19:23 INFO     Val loss decrease from 6.2410 to 6.0033, saving to ./libcity/cache/15/model_cache/AGCRN_CHITaxi20190406_epoch8.tar
2024-09-14 17:19:28 INFO     epoch complete!
2024-09-14 17:19:28 INFO     evaluating now!
2024-09-14 17:19:28 INFO     Epoch [9/200] train_loss: 5.9445, val_loss: 6.3130, lr: 0.003000, 5.31s
2024-09-14 17:19:33 INFO     epoch complete!
2024-09-14 17:19:33 INFO     evaluating now!
2024-09-14 17:19:34 INFO     Epoch [10/200] train_loss: 5.6876, val_loss: 5.8136, lr: 0.003000, 5.40s
2024-09-14 17:19:34 INFO     Saved model at 10
2024-09-14 17:19:34 INFO     Val loss decrease from 6.0033 to 5.8136, saving to ./libcity/cache/15/model_cache/AGCRN_CHITaxi20190406_epoch10.tar
2024-09-14 17:19:39 INFO     epoch complete!
2024-09-14 17:19:39 INFO     evaluating now!
2024-09-14 17:19:39 INFO     Epoch [11/200] train_loss: 5.4843, val_loss: 5.6188, lr: 0.003000, 5.71s
2024-09-14 17:19:40 INFO     Saved model at 11
2024-09-14 17:19:40 INFO     Val loss decrease from 5.8136 to 5.6188, saving to ./libcity/cache/15/model_cache/AGCRN_CHITaxi20190406_epoch11.tar
2024-09-14 17:19:45 INFO     epoch complete!
2024-09-14 17:19:45 INFO     evaluating now!
2024-09-14 17:19:45 INFO     Epoch [12/200] train_loss: 5.3872, val_loss: 5.6637, lr: 0.003000, 5.54s
2024-09-14 17:19:50 INFO     epoch complete!
2024-09-14 17:19:50 INFO     evaluating now!
2024-09-14 17:19:50 INFO     Epoch [13/200] train_loss: 5.2992, val_loss: 5.6404, lr: 0.003000, 5.37s
2024-09-14 17:19:55 INFO     epoch complete!
2024-09-14 17:19:55 INFO     evaluating now!
2024-09-14 17:19:56 INFO     Epoch [14/200] train_loss: 5.2406, val_loss: 5.5201, lr: 0.003000, 5.29s
2024-09-14 17:19:56 INFO     Saved model at 14
2024-09-14 17:19:56 INFO     Val loss decrease from 5.6188 to 5.5201, saving to ./libcity/cache/15/model_cache/AGCRN_CHITaxi20190406_epoch14.tar
2024-09-14 17:20:01 INFO     epoch complete!
2024-09-14 17:20:01 INFO     evaluating now!
2024-09-14 17:20:01 INFO     Epoch [15/200] train_loss: 5.0527, val_loss: 5.5409, lr: 0.003000, 5.39s
2024-09-14 17:20:06 INFO     epoch complete!
2024-09-14 17:20:06 INFO     evaluating now!
2024-09-14 17:20:07 INFO     Epoch [16/200] train_loss: 5.0505, val_loss: 5.4011, lr: 0.003000, 5.45s
2024-09-14 17:20:07 INFO     Saved model at 16
2024-09-14 17:20:07 INFO     Val loss decrease from 5.5201 to 5.4011, saving to ./libcity/cache/15/model_cache/AGCRN_CHITaxi20190406_epoch16.tar
2024-09-14 17:20:12 INFO     epoch complete!
2024-09-14 17:20:12 INFO     evaluating now!
2024-09-14 17:20:12 INFO     Epoch [17/200] train_loss: 4.9523, val_loss: 5.4289, lr: 0.003000, 5.84s
2024-09-14 17:20:18 INFO     epoch complete!
2024-09-14 17:20:18 INFO     evaluating now!
2024-09-14 17:20:18 INFO     Epoch [18/200] train_loss: 4.7869, val_loss: 5.3922, lr: 0.003000, 5.58s
2024-09-14 17:20:18 INFO     Saved model at 18
2024-09-14 17:20:18 INFO     Val loss decrease from 5.4011 to 5.3922, saving to ./libcity/cache/15/model_cache/AGCRN_CHITaxi20190406_epoch18.tar
2024-09-14 17:20:23 INFO     epoch complete!
2024-09-14 17:20:23 INFO     evaluating now!
2024-09-14 17:20:23 INFO     Epoch [19/200] train_loss: 4.7777, val_loss: 5.4810, lr: 0.003000, 5.38s
2024-09-14 17:20:28 INFO     epoch complete!
2024-09-14 17:20:28 INFO     evaluating now!
2024-09-14 17:20:29 INFO     Epoch [20/200] train_loss: 4.6924, val_loss: 5.4862, lr: 0.003000, 5.41s
2024-09-14 17:20:34 INFO     epoch complete!
2024-09-14 17:20:34 INFO     evaluating now!
2024-09-14 17:20:34 INFO     Epoch [21/200] train_loss: 4.7718, val_loss: 5.3969, lr: 0.003000, 5.29s
2024-09-14 17:20:39 INFO     epoch complete!
2024-09-14 17:20:39 INFO     evaluating now!
2024-09-14 17:20:40 INFO     Epoch [22/200] train_loss: 4.6232, val_loss: 5.3232, lr: 0.003000, 5.41s
2024-09-14 17:20:40 INFO     Saved model at 22
2024-09-14 17:20:40 INFO     Val loss decrease from 5.3922 to 5.3232, saving to ./libcity/cache/15/model_cache/AGCRN_CHITaxi20190406_epoch22.tar
2024-09-14 17:20:45 INFO     epoch complete!
2024-09-14 17:20:45 INFO     evaluating now!
2024-09-14 17:20:45 INFO     Epoch [23/200] train_loss: 4.5468, val_loss: 5.2889, lr: 0.003000, 5.37s
2024-09-14 17:20:45 INFO     Saved model at 23
2024-09-14 17:20:45 INFO     Val loss decrease from 5.3232 to 5.2889, saving to ./libcity/cache/15/model_cache/AGCRN_CHITaxi20190406_epoch23.tar
2024-09-14 17:20:50 INFO     epoch complete!
2024-09-14 17:20:50 INFO     evaluating now!
2024-09-14 17:20:50 INFO     Epoch [24/200] train_loss: 4.5049, val_loss: 5.2152, lr: 0.003000, 5.34s
2024-09-14 17:20:50 INFO     Saved model at 24
2024-09-14 17:20:50 INFO     Val loss decrease from 5.2889 to 5.2152, saving to ./libcity/cache/15/model_cache/AGCRN_CHITaxi20190406_epoch24.tar
2024-09-14 17:20:55 INFO     epoch complete!
2024-09-14 17:20:55 INFO     evaluating now!
2024-09-14 17:20:56 INFO     Epoch [25/200] train_loss: 4.4833, val_loss: 5.0916, lr: 0.003000, 5.46s
2024-09-14 17:20:56 INFO     Saved model at 25
2024-09-14 17:20:56 INFO     Val loss decrease from 5.2152 to 5.0916, saving to ./libcity/cache/15/model_cache/AGCRN_CHITaxi20190406_epoch25.tar
2024-09-14 17:21:01 INFO     epoch complete!
2024-09-14 17:21:01 INFO     evaluating now!
2024-09-14 17:21:01 INFO     Epoch [26/200] train_loss: 4.4086, val_loss: 5.2453, lr: 0.003000, 5.41s
2024-09-14 17:21:06 INFO     epoch complete!
2024-09-14 17:21:06 INFO     evaluating now!
2024-09-14 17:21:06 INFO     Epoch [27/200] train_loss: 4.3274, val_loss: 5.2008, lr: 0.003000, 5.33s
2024-09-14 17:21:12 INFO     epoch complete!
2024-09-14 17:21:12 INFO     evaluating now!
2024-09-14 17:21:12 INFO     Epoch [28/200] train_loss: 4.3183, val_loss: 5.1025, lr: 0.003000, 5.40s
2024-09-14 17:21:17 INFO     epoch complete!
2024-09-14 17:21:17 INFO     evaluating now!
2024-09-14 17:21:17 INFO     Epoch [29/200] train_loss: 4.2515, val_loss: 5.0669, lr: 0.003000, 5.25s
2024-09-14 17:21:17 INFO     Saved model at 29
2024-09-14 17:21:17 INFO     Val loss decrease from 5.0916 to 5.0669, saving to ./libcity/cache/15/model_cache/AGCRN_CHITaxi20190406_epoch29.tar
2024-09-14 17:21:22 INFO     epoch complete!
2024-09-14 17:21:22 INFO     evaluating now!
2024-09-14 17:21:22 INFO     Epoch [30/200] train_loss: 4.2053, val_loss: 5.1902, lr: 0.003000, 5.23s
2024-09-14 17:21:27 INFO     epoch complete!
2024-09-14 17:21:27 INFO     evaluating now!
2024-09-14 17:21:28 INFO     Epoch [31/200] train_loss: 4.2067, val_loss: 5.1358, lr: 0.003000, 5.30s
2024-09-14 17:21:33 INFO     epoch complete!
2024-09-14 17:21:33 INFO     evaluating now!
2024-09-14 17:21:33 INFO     Epoch [32/200] train_loss: 4.1879, val_loss: 5.4006, lr: 0.003000, 5.21s
2024-09-14 17:21:38 INFO     epoch complete!
2024-09-14 17:21:38 INFO     evaluating now!
2024-09-14 17:21:38 INFO     Epoch [33/200] train_loss: 4.1299, val_loss: 5.1492, lr: 0.003000, 5.24s
2024-09-14 17:21:43 INFO     epoch complete!
2024-09-14 17:21:43 INFO     evaluating now!
2024-09-14 17:21:43 INFO     Epoch [34/200] train_loss: 4.1528, val_loss: 5.0858, lr: 0.003000, 5.31s
2024-09-14 17:21:48 INFO     epoch complete!
2024-09-14 17:21:48 INFO     evaluating now!
2024-09-14 17:21:49 INFO     Epoch [35/200] train_loss: 4.0731, val_loss: 5.2860, lr: 0.003000, 5.37s
2024-09-14 17:21:54 INFO     epoch complete!
2024-09-14 17:21:54 INFO     evaluating now!
2024-09-14 17:21:54 INFO     Epoch [36/200] train_loss: 4.0774, val_loss: 5.1097, lr: 0.003000, 5.31s
2024-09-14 17:21:59 INFO     epoch complete!
2024-09-14 17:21:59 INFO     evaluating now!
2024-09-14 17:22:00 INFO     Epoch [37/200] train_loss: 4.0713, val_loss: 5.1518, lr: 0.003000, 5.43s
2024-09-14 17:22:05 INFO     epoch complete!
2024-09-14 17:22:05 INFO     evaluating now!
2024-09-14 17:22:05 INFO     Epoch [38/200] train_loss: 4.0102, val_loss: 5.0911, lr: 0.003000, 5.43s
2024-09-14 17:22:10 INFO     epoch complete!
2024-09-14 17:22:10 INFO     evaluating now!
2024-09-14 17:22:10 INFO     Epoch [39/200] train_loss: 3.9718, val_loss: 5.1958, lr: 0.003000, 5.32s
2024-09-14 17:22:15 INFO     epoch complete!
2024-09-14 17:22:15 INFO     evaluating now!
2024-09-14 17:22:16 INFO     Epoch [40/200] train_loss: 3.9365, val_loss: 5.0939, lr: 0.003000, 5.47s
2024-09-14 17:22:21 INFO     epoch complete!
2024-09-14 17:22:21 INFO     evaluating now!
2024-09-14 17:22:21 INFO     Epoch [41/200] train_loss: 3.8366, val_loss: 5.1406, lr: 0.003000, 5.43s
2024-09-14 17:22:26 INFO     epoch complete!
2024-09-14 17:22:26 INFO     evaluating now!
2024-09-14 17:22:27 INFO     Epoch [42/200] train_loss: 3.8643, val_loss: 5.0489, lr: 0.003000, 5.38s
2024-09-14 17:22:27 INFO     Saved model at 42
2024-09-14 17:22:27 INFO     Val loss decrease from 5.0669 to 5.0489, saving to ./libcity/cache/15/model_cache/AGCRN_CHITaxi20190406_epoch42.tar
2024-09-14 17:22:32 INFO     epoch complete!
2024-09-14 17:22:32 INFO     evaluating now!
2024-09-14 17:22:32 INFO     Epoch [43/200] train_loss: 3.8231, val_loss: 5.2086, lr: 0.003000, 5.41s
2024-09-14 17:22:37 INFO     epoch complete!
2024-09-14 17:22:37 INFO     evaluating now!
2024-09-14 17:22:37 INFO     Epoch [44/200] train_loss: 3.8440, val_loss: 5.2304, lr: 0.003000, 5.36s
2024-09-14 17:22:43 INFO     epoch complete!
2024-09-14 17:22:43 INFO     evaluating now!
2024-09-14 17:22:43 INFO     Epoch [45/200] train_loss: 3.7757, val_loss: 5.0388, lr: 0.003000, 5.50s
2024-09-14 17:22:43 INFO     Saved model at 45
2024-09-14 17:22:43 INFO     Val loss decrease from 5.0489 to 5.0388, saving to ./libcity/cache/15/model_cache/AGCRN_CHITaxi20190406_epoch45.tar
2024-09-14 17:22:48 INFO     epoch complete!
2024-09-14 17:22:48 INFO     evaluating now!
2024-09-14 17:22:48 INFO     Epoch [46/200] train_loss: 3.7633, val_loss: 5.2053, lr: 0.003000, 5.47s
2024-09-14 17:22:53 INFO     epoch complete!
2024-09-14 17:22:53 INFO     evaluating now!
2024-09-14 17:22:54 INFO     Epoch [47/200] train_loss: 3.7714, val_loss: 5.1093, lr: 0.003000, 5.45s
2024-09-14 17:22:59 INFO     epoch complete!
2024-09-14 17:22:59 INFO     evaluating now!
2024-09-14 17:22:59 INFO     Epoch [48/200] train_loss: 3.7292, val_loss: 5.0042, lr: 0.003000, 5.62s
2024-09-14 17:22:59 INFO     Saved model at 48
2024-09-14 17:22:59 INFO     Val loss decrease from 5.0388 to 5.0042, saving to ./libcity/cache/15/model_cache/AGCRN_CHITaxi20190406_epoch48.tar
2024-09-14 17:23:05 INFO     epoch complete!
2024-09-14 17:23:05 INFO     evaluating now!
2024-09-14 17:23:05 INFO     Epoch [49/200] train_loss: 3.6957, val_loss: 5.2482, lr: 0.003000, 5.94s
2024-09-14 17:23:11 INFO     epoch complete!
2024-09-14 17:23:11 INFO     evaluating now!
2024-09-14 17:23:11 INFO     Epoch [50/200] train_loss: 3.7640, val_loss: 5.0794, lr: 0.003000, 5.75s
2024-09-14 17:23:16 INFO     epoch complete!
2024-09-14 17:23:16 INFO     evaluating now!
2024-09-14 17:23:17 INFO     Epoch [51/200] train_loss: 3.6797, val_loss: 5.0212, lr: 0.003000, 5.44s
2024-09-14 17:23:22 INFO     epoch complete!
2024-09-14 17:23:22 INFO     evaluating now!
2024-09-14 17:23:22 INFO     Epoch [52/200] train_loss: 3.6946, val_loss: 5.0388, lr: 0.003000, 5.29s
2024-09-14 17:23:27 INFO     epoch complete!
2024-09-14 17:23:27 INFO     evaluating now!
2024-09-14 17:23:27 INFO     Epoch [53/200] train_loss: 3.6703, val_loss: 5.1580, lr: 0.003000, 5.45s
2024-09-14 17:23:32 INFO     epoch complete!
2024-09-14 17:23:32 INFO     evaluating now!
2024-09-14 17:23:33 INFO     Epoch [54/200] train_loss: 3.6551, val_loss: 5.0337, lr: 0.003000, 5.47s
2024-09-14 17:23:38 INFO     epoch complete!
2024-09-14 17:23:38 INFO     evaluating now!
2024-09-14 17:23:38 INFO     Epoch [55/200] train_loss: 3.5984, val_loss: 5.1427, lr: 0.003000, 5.33s
2024-09-14 17:23:43 INFO     epoch complete!
2024-09-14 17:23:43 INFO     evaluating now!
2024-09-14 17:23:43 INFO     Epoch [56/200] train_loss: 3.6011, val_loss: 5.1037, lr: 0.003000, 5.32s
2024-09-14 17:23:48 INFO     epoch complete!
2024-09-14 17:23:48 INFO     evaluating now!
2024-09-14 17:23:49 INFO     Epoch [57/200] train_loss: 3.6010, val_loss: 5.0089, lr: 0.003000, 5.27s
2024-09-14 17:23:54 INFO     epoch complete!
2024-09-14 17:23:54 INFO     evaluating now!
2024-09-14 17:23:54 INFO     Epoch [58/200] train_loss: 3.5833, val_loss: 4.9747, lr: 0.003000, 5.31s
2024-09-14 17:23:54 INFO     Saved model at 58
2024-09-14 17:23:54 INFO     Val loss decrease from 5.0042 to 4.9747, saving to ./libcity/cache/15/model_cache/AGCRN_CHITaxi20190406_epoch58.tar
2024-09-14 17:23:59 INFO     epoch complete!
2024-09-14 17:23:59 INFO     evaluating now!
2024-09-14 17:23:59 INFO     Epoch [59/200] train_loss: 3.5749, val_loss: 5.0690, lr: 0.003000, 5.25s
2024-09-14 17:24:04 INFO     epoch complete!
2024-09-14 17:24:04 INFO     evaluating now!
2024-09-14 17:24:05 INFO     Epoch [60/200] train_loss: 3.5323, val_loss: 4.9758, lr: 0.003000, 5.28s
2024-09-14 17:24:10 INFO     epoch complete!
2024-09-14 17:24:10 INFO     evaluating now!
2024-09-14 17:24:10 INFO     Epoch [61/200] train_loss: 3.5438, val_loss: 5.1538, lr: 0.003000, 5.34s
2024-09-14 17:24:15 INFO     epoch complete!
2024-09-14 17:24:15 INFO     evaluating now!
2024-09-14 17:24:15 INFO     Epoch [62/200] train_loss: 3.4787, val_loss: 5.0042, lr: 0.003000, 5.25s
2024-09-14 17:24:20 INFO     epoch complete!
2024-09-14 17:24:20 INFO     evaluating now!
2024-09-14 17:24:20 INFO     Epoch [63/200] train_loss: 3.4524, val_loss: 5.1663, lr: 0.003000, 5.22s
2024-09-14 17:24:25 INFO     epoch complete!
2024-09-14 17:24:25 INFO     evaluating now!
2024-09-14 17:24:26 INFO     Epoch [64/200] train_loss: 3.4962, val_loss: 5.0694, lr: 0.003000, 5.22s
2024-09-14 17:24:30 INFO     epoch complete!
2024-09-14 17:24:30 INFO     evaluating now!
2024-09-14 17:24:31 INFO     Epoch [65/200] train_loss: 3.4548, val_loss: 4.9605, lr: 0.003000, 5.18s
2024-09-14 17:24:31 INFO     Saved model at 65
2024-09-14 17:24:31 INFO     Val loss decrease from 4.9747 to 4.9605, saving to ./libcity/cache/15/model_cache/AGCRN_CHITaxi20190406_epoch65.tar
2024-09-14 17:24:36 INFO     epoch complete!
2024-09-14 17:24:36 INFO     evaluating now!
2024-09-14 17:24:36 INFO     Epoch [66/200] train_loss: 3.4508, val_loss: 4.9668, lr: 0.003000, 5.19s
2024-09-14 17:24:41 INFO     epoch complete!
2024-09-14 17:24:41 INFO     evaluating now!
2024-09-14 17:24:41 INFO     Epoch [67/200] train_loss: 3.4421, val_loss: 5.0860, lr: 0.003000, 5.30s
2024-09-14 17:24:46 INFO     epoch complete!
2024-09-14 17:24:46 INFO     evaluating now!
2024-09-14 17:24:47 INFO     Epoch [68/200] train_loss: 3.3896, val_loss: 5.0915, lr: 0.003000, 5.20s
2024-09-14 17:24:51 INFO     epoch complete!
2024-09-14 17:24:51 INFO     evaluating now!
2024-09-14 17:24:52 INFO     Epoch [69/200] train_loss: 3.3983, val_loss: 4.9686, lr: 0.003000, 5.20s
2024-09-14 17:24:57 INFO     epoch complete!
2024-09-14 17:24:57 INFO     evaluating now!
2024-09-14 17:24:57 INFO     Epoch [70/200] train_loss: 3.3864, val_loss: 4.9923, lr: 0.003000, 5.20s
2024-09-14 17:25:02 INFO     epoch complete!
2024-09-14 17:25:02 INFO     evaluating now!
2024-09-14 17:25:02 INFO     Epoch [71/200] train_loss: 3.3678, val_loss: 5.1456, lr: 0.003000, 5.17s
2024-09-14 17:25:07 INFO     epoch complete!
2024-09-14 17:25:07 INFO     evaluating now!
2024-09-14 17:25:07 INFO     Epoch [72/200] train_loss: 3.3854, val_loss: 5.0125, lr: 0.003000, 5.24s
2024-09-14 17:25:12 INFO     epoch complete!
2024-09-14 17:25:12 INFO     evaluating now!
2024-09-14 17:25:12 INFO     Epoch [73/200] train_loss: 3.3500, val_loss: 5.0738, lr: 0.003000, 5.17s
2024-09-14 17:25:17 INFO     epoch complete!
2024-09-14 17:25:17 INFO     evaluating now!
2024-09-14 17:25:18 INFO     Epoch [74/200] train_loss: 3.3498, val_loss: 5.0623, lr: 0.003000, 5.20s
2024-09-14 17:25:23 INFO     epoch complete!
2024-09-14 17:25:23 INFO     evaluating now!
2024-09-14 17:25:23 INFO     Epoch [75/200] train_loss: 3.3346, val_loss: 5.0123, lr: 0.003000, 5.19s
2024-09-14 17:25:28 INFO     epoch complete!
2024-09-14 17:25:28 INFO     evaluating now!
2024-09-14 17:25:28 INFO     Epoch [76/200] train_loss: 3.3075, val_loss: 5.0806, lr: 0.003000, 5.22s
2024-09-14 17:25:33 INFO     epoch complete!
2024-09-14 17:25:33 INFO     evaluating now!
2024-09-14 17:25:33 INFO     Epoch [77/200] train_loss: 3.2987, val_loss: 5.0308, lr: 0.003000, 5.19s
2024-09-14 17:25:38 INFO     epoch complete!
2024-09-14 17:25:38 INFO     evaluating now!
2024-09-14 17:25:39 INFO     Epoch [78/200] train_loss: 3.4162, val_loss: 5.0749, lr: 0.003000, 5.22s
2024-09-14 17:25:43 INFO     epoch complete!
2024-09-14 17:25:43 INFO     evaluating now!
2024-09-14 17:25:44 INFO     Epoch [79/200] train_loss: 3.3933, val_loss: 5.0158, lr: 0.003000, 5.20s
2024-09-14 17:25:49 INFO     epoch complete!
2024-09-14 17:25:49 INFO     evaluating now!
2024-09-14 17:25:49 INFO     Epoch [80/200] train_loss: 3.2988, val_loss: 4.9834, lr: 0.003000, 5.19s
2024-09-14 17:25:49 WARNING  Early stopping at epoch: 80
2024-09-14 17:25:49 INFO     Trained totally 81 epochs, average train time is 5.050s, average eval time is 0.333s
2024-09-14 17:25:49 INFO     Loaded model at 65
2024-09-14 17:25:49 INFO     Saved model at ./libcity/cache/15/model_cache/AGCRN_CHITaxi20190406.m
2024-09-14 17:25:49 INFO     Start evaluating ...
2024-09-14 17:25:50 INFO     Note that you select the single mode to evaluate!
2024-09-14 17:25:50 INFO     Evaluate result is saved at ./libcity/cache/15/evaluate_cache\2024_09_14_17_25_50_AGCRN_CHITaxi20190406.csv
2024-09-14 17:25:50 INFO     
         MAE       RMSE
1   2.220567   7.007913
2   2.335839   7.707205
3   2.494606   8.655607
4   2.595862   9.376258
5   2.763174  10.168118
6   2.876388  11.068008
7   3.038563  12.132257
8   3.056232  12.598269
9   3.073061  12.669756
10  3.096246  12.523601
11  3.138501  12.450905
12  3.262865  12.848318
2024-09-14 17:25:50 INFO     ----------------------------------------------------------------------------
2024-09-14 17:25:50 INFO     Kownledge Graph Embedding: GIE, Experiment ids: [15]
2024-09-14 17:25:50 INFO     ----------------------------------------------------------------------------
2024-09-14 17:25:50 INFO     Average: 
         MAE       RMSE
0   2.220567   7.007913
1   2.335839   7.707205
2   2.494606   8.655607
3   2.595862   9.376258
4   2.763174  10.168118
5   2.876388  11.068008
6   3.038563  12.132257
7   3.056232  12.598269
8   3.073061  12.669756
9   3.096246  12.523601
10  3.138501  12.450905
11  3.262865  12.848318 
2024-09-14 17:25:50 INFO     Standard deviation: 
    MAE  RMSE
0   0.0   0.0
1   0.0   0.0
2   0.0   0.0
3   0.0   0.0
4   0.0   0.0
5   0.0   0.0
6   0.0   0.0
7   0.0   0.0
8   0.0   0.0
9   0.0   0.0
10  0.0   0.0
11  0.0   0.0
2024-09-14 17:25:50 INFO     ----------------------------------------------------------------------------
2024-09-14 17:25:50 INFO     12 steps Average: 
        MAE       RMSE
0  2.829325  10.767185
2024-09-14 17:25:50 INFO     12 steps Standard deviation: 
   MAE  RMSE
0  0.0   0.0
