2024-04-23 12:32:41 INFO     Saving logs in: ./logs\CHI\04_23\DisMult_12_32_41
2024-04-23 12:32:43 INFO     	 (140602, 26, 140602)
2024-04-23 12:32:43 INFO     Total number of parameters 4781300
2024-04-23 12:32:45 INFO     	 Start training
2024-04-23 12:32:52 INFO     	 Epoch 0 | average train loss: 0.6921
2024-04-23 12:32:52 INFO     	 Epoch 0 | average valid loss: 0.6877
2024-04-23 12:33:00 INFO     	 Epoch 1 | average train loss: 0.4878
2024-04-23 12:33:00 INFO     	 Epoch 1 | average valid loss: 0.3494
2024-04-23 12:33:08 INFO     	 Epoch 2 | average train loss: 0.1823
2024-04-23 12:33:08 INFO     	 Epoch 2 | average valid loss: 0.1310
2024-04-23 12:33:49 INFO     	 valid MR: 64302.00 | MRR: 0.073 | H@1: 0.041 | H@3: 0.058 | H@10: 0.199
2024-04-23 12:33:49 INFO     	 Saving model at epoch 2 in ./logs\CHI\04_23\DisMult_12_32_41
2024-04-23 12:33:57 INFO     	 Epoch 3 | average train loss: 0.1015
2024-04-23 12:33:57 INFO     	 Epoch 3 | average valid loss: 0.0667
2024-04-23 12:34:04 INFO     	 Epoch 4 | average train loss: 0.0766
2024-04-23 12:34:04 INFO     	 Epoch 4 | average valid loss: 0.0438
2024-04-23 12:34:12 INFO     	 Epoch 5 | average train loss: 0.0674
2024-04-23 12:34:12 INFO     	 Epoch 5 | average valid loss: 0.0354
2024-04-23 12:34:55 INFO     	 valid MR: 35763.52 | MRR: 0.138 | H@1: 0.083 | H@3: 0.184 | H@10: 0.235
2024-04-23 12:34:55 INFO     	 Saving model at epoch 5 in ./logs\CHI\04_23\DisMult_12_32_41
2024-04-23 12:35:03 INFO     	 Epoch 6 | average train loss: 0.0636
2024-04-23 12:35:03 INFO     	 Epoch 6 | average valid loss: 0.0320
2024-04-23 12:35:11 INFO     	 Epoch 7 | average train loss: 0.0614
2024-04-23 12:35:11 INFO     	 Epoch 7 | average valid loss: 0.0302
2024-04-23 12:35:19 INFO     	 Epoch 8 | average train loss: 0.0598
2024-04-23 12:35:19 INFO     	 Epoch 8 | average valid loss: 0.0291
2024-04-23 12:36:02 INFO     	 valid MR: 32499.86 | MRR: 0.141 | H@1: 0.083 | H@3: 0.177 | H@10: 0.241
2024-04-23 12:36:02 INFO     	 Saving model at epoch 8 in ./logs\CHI\04_23\DisMult_12_32_41
2024-04-23 12:36:10 INFO     	 Epoch 9 | average train loss: 0.0583
2024-04-23 12:36:10 INFO     	 Epoch 9 | average valid loss: 0.0282
2024-04-23 12:36:18 INFO     	 Epoch 10 | average train loss: 0.0570
2024-04-23 12:36:18 INFO     	 Epoch 10 | average valid loss: 0.0276
2024-04-23 12:36:26 INFO     	 Epoch 11 | average train loss: 0.0559
2024-04-23 12:36:26 INFO     	 Epoch 11 | average valid loss: 0.0271
2024-04-23 12:37:10 INFO     	 valid MR: 29343.43 | MRR: 0.142 | H@1: 0.084 | H@3: 0.177 | H@10: 0.250
2024-04-23 12:37:10 INFO     	 Saving model at epoch 11 in ./logs\CHI\04_23\DisMult_12_32_41
2024-04-23 12:37:18 INFO     	 Epoch 12 | average train loss: 0.0550
2024-04-23 12:37:18 INFO     	 Epoch 12 | average valid loss: 0.0267
2024-04-23 12:37:25 INFO     	 Epoch 13 | average train loss: 0.0541
2024-04-23 12:37:26 INFO     	 Epoch 13 | average valid loss: 0.0264
2024-04-23 12:37:33 INFO     	 Epoch 14 | average train loss: 0.0530
2024-04-23 12:37:33 INFO     	 Epoch 14 | average valid loss: 0.0261
2024-04-23 12:38:17 INFO     	 valid MR: 25453.42 | MRR: 0.146 | H@1: 0.085 | H@3: 0.187 | H@10: 0.256
2024-04-23 12:38:17 INFO     	 Saving model at epoch 14 in ./logs\CHI\04_23\DisMult_12_32_41
2024-04-23 12:38:25 INFO     	 Epoch 15 | average train loss: 0.0520
2024-04-23 12:38:25 INFO     	 Epoch 15 | average valid loss: 0.0257
2024-04-23 12:38:32 INFO     	 Epoch 16 | average train loss: 0.0510
2024-04-23 12:38:33 INFO     	 Epoch 16 | average valid loss: 0.0255
2024-04-23 12:38:40 INFO     	 Epoch 17 | average train loss: 0.0501
2024-04-23 12:38:40 INFO     	 Epoch 17 | average valid loss: 0.0252
2024-04-23 12:39:25 INFO     	 valid MR: 19679.67 | MRR: 0.153 | H@1: 0.092 | H@3: 0.191 | H@10: 0.265
2024-04-23 12:39:25 INFO     	 Saving model at epoch 17 in ./logs\CHI\04_23\DisMult_12_32_41
2024-04-23 12:39:33 INFO     	 Epoch 18 | average train loss: 0.0491
2024-04-23 12:39:33 INFO     	 Epoch 18 | average valid loss: 0.0250
2024-04-23 12:39:40 INFO     	 Epoch 19 | average train loss: 0.0480
2024-04-23 12:39:40 INFO     	 Epoch 19 | average valid loss: 0.0247
2024-04-23 12:39:48 INFO     	 Epoch 20 | average train loss: 0.0468
2024-04-23 12:39:48 INFO     	 Epoch 20 | average valid loss: 0.0244
2024-04-23 12:40:33 INFO     	 valid MR: 15882.73 | MRR: 0.161 | H@1: 0.099 | H@3: 0.199 | H@10: 0.281
2024-04-23 12:40:33 INFO     	 Saving model at epoch 20 in ./logs\CHI\04_23\DisMult_12_32_41
2024-04-23 12:40:41 INFO     	 Epoch 21 | average train loss: 0.0456
2024-04-23 12:40:41 INFO     	 Epoch 21 | average valid loss: 0.0242
2024-04-23 12:40:49 INFO     	 Epoch 22 | average train loss: 0.0445
2024-04-23 12:40:49 INFO     	 Epoch 22 | average valid loss: 0.0241
2024-04-23 12:40:57 INFO     	 Epoch 23 | average train loss: 0.0435
2024-04-23 12:40:57 INFO     	 Epoch 23 | average valid loss: 0.0238
2024-04-23 12:41:43 INFO     	 valid MR: 13400.59 | MRR: 0.184 | H@1: 0.126 | H@3: 0.215 | H@10: 0.308
2024-04-23 12:41:43 INFO     	 Saving model at epoch 23 in ./logs\CHI\04_23\DisMult_12_32_41
2024-04-23 12:41:51 INFO     	 Epoch 24 | average train loss: 0.0427
2024-04-23 12:41:51 INFO     	 Epoch 24 | average valid loss: 0.0236
2024-04-23 12:41:58 INFO     	 Epoch 25 | average train loss: 0.0420
2024-04-23 12:41:58 INFO     	 Epoch 25 | average valid loss: 0.0235
2024-04-23 12:42:06 INFO     	 Epoch 26 | average train loss: 0.0414
2024-04-23 12:42:06 INFO     	 Epoch 26 | average valid loss: 0.0235
2024-04-23 12:42:53 INFO     	 valid MR: 12274.52 | MRR: 0.204 | H@1: 0.149 | H@3: 0.235 | H@10: 0.324
2024-04-23 12:42:53 INFO     	 Saving model at epoch 26 in ./logs\CHI\04_23\DisMult_12_32_41
2024-04-23 12:43:01 INFO     	 Epoch 27 | average train loss: 0.0408
2024-04-23 12:43:01 INFO     	 Epoch 27 | average valid loss: 0.0235
2024-04-23 12:43:09 INFO     	 Epoch 28 | average train loss: 0.0402
2024-04-23 12:43:09 INFO     	 Epoch 28 | average valid loss: 0.0234
2024-04-23 12:43:17 INFO     	 Epoch 29 | average train loss: 0.0397
2024-04-23 12:43:17 INFO     	 Epoch 29 | average valid loss: 0.0234
2024-04-23 12:44:04 INFO     	 valid MR: 11539.77 | MRR: 0.214 | H@1: 0.156 | H@3: 0.245 | H@10: 0.332
2024-04-23 12:44:04 INFO     	 Saving model at epoch 29 in ./logs\CHI\04_23\DisMult_12_32_41
2024-04-23 12:44:12 INFO     	 Epoch 30 | average train loss: 0.0393
2024-04-23 12:44:12 INFO     	 Epoch 30 | average valid loss: 0.0234
2024-04-23 12:44:19 INFO     	 Epoch 31 | average train loss: 0.0388
2024-04-23 12:44:19 INFO     	 Epoch 31 | average valid loss: 0.0233
2024-04-23 12:44:27 INFO     	 Epoch 32 | average train loss: 0.0384
2024-04-23 12:44:27 INFO     	 Epoch 32 | average valid loss: 0.0234
2024-04-23 12:45:15 INFO     	 valid MR: 10871.99 | MRR: 0.218 | H@1: 0.156 | H@3: 0.251 | H@10: 0.339
2024-04-23 12:45:15 INFO     	 Saving model at epoch 32 in ./logs\CHI\04_23\DisMult_12_32_41
2024-04-23 12:45:23 INFO     	 Epoch 33 | average train loss: 0.0380
2024-04-23 12:45:23 INFO     	 Epoch 33 | average valid loss: 0.0233
2024-04-23 12:45:31 INFO     	 Epoch 34 | average train loss: 0.0375
2024-04-23 12:45:31 INFO     	 Epoch 34 | average valid loss: 0.0233
2024-04-23 12:45:39 INFO     	 Epoch 35 | average train loss: 0.0371
2024-04-23 12:45:39 INFO     	 Epoch 35 | average valid loss: 0.0232
2024-04-23 12:46:28 INFO     	 valid MR: 10154.38 | MRR: 0.220 | H@1: 0.159 | H@3: 0.254 | H@10: 0.340
2024-04-23 12:46:28 INFO     	 Saving model at epoch 35 in ./logs\CHI\04_23\DisMult_12_32_41
2024-04-23 12:46:36 INFO     	 Epoch 36 | average train loss: 0.0367
2024-04-23 12:46:36 INFO     	 Epoch 36 | average valid loss: 0.0233
2024-04-23 12:46:43 INFO     	 Epoch 37 | average train loss: 0.0363
2024-04-23 12:46:43 INFO     	 Epoch 37 | average valid loss: 0.0231
2024-04-23 12:46:51 INFO     	 Epoch 38 | average train loss: 0.0358
2024-04-23 12:46:51 INFO     	 Epoch 38 | average valid loss: 0.0231
2024-04-23 12:47:40 INFO     	 valid MR: 9461.17 | MRR: 0.221 | H@1: 0.157 | H@3: 0.257 | H@10: 0.342
2024-04-23 12:47:40 INFO     	 Saving model at epoch 38 in ./logs\CHI\04_23\DisMult_12_32_41
2024-04-23 12:47:48 INFO     	 Epoch 39 | average train loss: 0.0354
2024-04-23 12:47:48 INFO     	 Epoch 39 | average valid loss: 0.0230
2024-04-23 12:47:55 INFO     	 Epoch 40 | average train loss: 0.0350
2024-04-23 12:47:55 INFO     	 Epoch 40 | average valid loss: 0.0230
2024-04-23 12:48:03 INFO     	 Epoch 41 | average train loss: 0.0345
2024-04-23 12:48:03 INFO     	 Epoch 41 | average valid loss: 0.0229
2024-04-23 12:48:54 INFO     	 valid MR: 8830.48 | MRR: 0.223 | H@1: 0.159 | H@3: 0.260 | H@10: 0.343
2024-04-23 12:48:54 INFO     	 Saving model at epoch 41 in ./logs\CHI\04_23\DisMult_12_32_41
2024-04-23 12:49:01 INFO     	 Epoch 42 | average train loss: 0.0341
2024-04-23 12:49:01 INFO     	 Epoch 42 | average valid loss: 0.0230
2024-04-23 12:49:09 INFO     	 Epoch 43 | average train loss: 0.0336
2024-04-23 12:49:09 INFO     	 Epoch 43 | average valid loss: 0.0228
2024-04-23 12:49:17 INFO     	 Epoch 44 | average train loss: 0.0331
2024-04-23 12:49:17 INFO     	 Epoch 44 | average valid loss: 0.0228
2024-04-23 12:50:09 INFO     	 valid MR: 8276.18 | MRR: 0.225 | H@1: 0.162 | H@3: 0.261 | H@10: 0.345
2024-04-23 12:50:09 INFO     	 Saving model at epoch 44 in ./logs\CHI\04_23\DisMult_12_32_41
2024-04-23 12:50:16 INFO     	 Epoch 45 | average train loss: 0.0326
2024-04-23 12:50:16 INFO     	 Epoch 45 | average valid loss: 0.0227
2024-04-23 12:50:24 INFO     	 Epoch 46 | average train loss: 0.0321
2024-04-23 12:50:24 INFO     	 Epoch 46 | average valid loss: 0.0226
2024-04-23 12:50:32 INFO     	 Epoch 47 | average train loss: 0.0316
2024-04-23 12:50:32 INFO     	 Epoch 47 | average valid loss: 0.0225
2024-04-23 12:51:24 INFO     	 valid MR: 7747.32 | MRR: 0.225 | H@1: 0.162 | H@3: 0.262 | H@10: 0.345
2024-04-23 12:51:24 INFO     	 Saving model at epoch 47 in ./logs\CHI\04_23\DisMult_12_32_41
2024-04-23 12:51:32 INFO     	 Epoch 48 | average train loss: 0.0311
2024-04-23 12:51:32 INFO     	 Epoch 48 | average valid loss: 0.0224
2024-04-23 12:51:39 INFO     	 Epoch 49 | average train loss: 0.0306
2024-04-23 12:51:39 INFO     	 Epoch 49 | average valid loss: 0.0223
2024-04-23 12:51:47 INFO     	 Epoch 50 | average train loss: 0.0301
2024-04-23 12:51:47 INFO     	 Epoch 50 | average valid loss: 0.0221
2024-04-23 12:52:39 INFO     	 valid MR: 7209.33 | MRR: 0.227 | H@1: 0.163 | H@3: 0.264 | H@10: 0.347
2024-04-23 12:52:39 INFO     	 Saving model at epoch 50 in ./logs\CHI\04_23\DisMult_12_32_41
2024-04-23 12:52:47 INFO     	 Epoch 51 | average train loss: 0.0296
2024-04-23 12:52:47 INFO     	 Epoch 51 | average valid loss: 0.0219
2024-04-23 12:52:55 INFO     	 Epoch 52 | average train loss: 0.0291
2024-04-23 12:52:55 INFO     	 Epoch 52 | average valid loss: 0.0218
2024-04-23 12:53:03 INFO     	 Epoch 53 | average train loss: 0.0285
2024-04-23 12:53:03 INFO     	 Epoch 53 | average valid loss: 0.0215
2024-04-23 12:53:56 INFO     	 valid MR: 6622.81 | MRR: 0.227 | H@1: 0.162 | H@3: 0.267 | H@10: 0.348
2024-04-23 12:53:56 INFO     	 Saving model at epoch 53 in ./logs\CHI\04_23\DisMult_12_32_41
2024-04-23 12:54:04 INFO     	 Epoch 54 | average train loss: 0.0279
2024-04-23 12:54:04 INFO     	 Epoch 54 | average valid loss: 0.0212
2024-04-23 12:54:12 INFO     	 Epoch 55 | average train loss: 0.0273
2024-04-23 12:54:12 INFO     	 Epoch 55 | average valid loss: 0.0210
2024-04-23 12:54:19 INFO     	 Epoch 56 | average train loss: 0.0268
2024-04-23 12:54:20 INFO     	 Epoch 56 | average valid loss: 0.0207
2024-04-23 12:55:13 INFO     	 valid MR: 6048.63 | MRR: 0.230 | H@1: 0.164 | H@3: 0.271 | H@10: 0.351
2024-04-23 12:55:13 INFO     	 Saving model at epoch 56 in ./logs\CHI\04_23\DisMult_12_32_41
2024-04-23 12:55:21 INFO     	 Epoch 57 | average train loss: 0.0262
2024-04-23 12:55:21 INFO     	 Epoch 57 | average valid loss: 0.0205
2024-04-23 12:55:28 INFO     	 Epoch 58 | average train loss: 0.0257
2024-04-23 12:55:28 INFO     	 Epoch 58 | average valid loss: 0.0202
2024-04-23 12:55:36 INFO     	 Epoch 59 | average train loss: 0.0251
2024-04-23 12:55:36 INFO     	 Epoch 59 | average valid loss: 0.0199
2024-04-23 12:56:31 INFO     	 valid MR: 5521.48 | MRR: 0.233 | H@1: 0.166 | H@3: 0.277 | H@10: 0.353
2024-04-23 12:56:31 INFO     	 Saving model at epoch 59 in ./logs\CHI\04_23\DisMult_12_32_41
2024-04-23 12:56:39 INFO     	 Epoch 60 | average train loss: 0.0246
2024-04-23 12:56:39 INFO     	 Epoch 60 | average valid loss: 0.0196
2024-04-23 12:56:47 INFO     	 Epoch 61 | average train loss: 0.0241
2024-04-23 12:56:47 INFO     	 Epoch 61 | average valid loss: 0.0193
2024-04-23 12:56:54 INFO     	 Epoch 62 | average train loss: 0.0235
2024-04-23 12:56:54 INFO     	 Epoch 62 | average valid loss: 0.0190
2024-04-23 12:57:50 INFO     	 valid MR: 5145.25 | MRR: 0.236 | H@1: 0.169 | H@3: 0.281 | H@10: 0.355
2024-04-23 12:57:50 INFO     	 Saving model at epoch 62 in ./logs\CHI\04_23\DisMult_12_32_41
2024-04-23 12:57:58 INFO     	 Epoch 63 | average train loss: 0.0230
2024-04-23 12:57:58 INFO     	 Epoch 63 | average valid loss: 0.0188
2024-04-23 12:58:05 INFO     	 Epoch 64 | average train loss: 0.0226
2024-04-23 12:58:05 INFO     	 Epoch 64 | average valid loss: 0.0185
2024-04-23 12:58:13 INFO     	 Epoch 65 | average train loss: 0.0221
2024-04-23 12:58:13 INFO     	 Epoch 65 | average valid loss: 0.0184
2024-04-23 12:59:09 INFO     	 valid MR: 4859.50 | MRR: 0.239 | H@1: 0.171 | H@3: 0.285 | H@10: 0.358
2024-04-23 12:59:09 INFO     	 Saving model at epoch 65 in ./logs\CHI\04_23\DisMult_12_32_41
2024-04-23 12:59:17 INFO     	 Epoch 66 | average train loss: 0.0217
2024-04-23 12:59:17 INFO     	 Epoch 66 | average valid loss: 0.0182
2024-04-23 12:59:25 INFO     	 Epoch 67 | average train loss: 0.0213
2024-04-23 12:59:25 INFO     	 Epoch 67 | average valid loss: 0.0179
2024-04-23 12:59:32 INFO     	 Epoch 68 | average train loss: 0.0209
2024-04-23 12:59:32 INFO     	 Epoch 68 | average valid loss: 0.0179
2024-04-23 13:00:29 INFO     	 valid MR: 4662.84 | MRR: 0.243 | H@1: 0.175 | H@3: 0.288 | H@10: 0.360
2024-04-23 13:00:29 INFO     	 Saving model at epoch 68 in ./logs\CHI\04_23\DisMult_12_32_41
2024-04-23 13:00:37 INFO     	 Epoch 69 | average train loss: 0.0206
2024-04-23 13:00:37 INFO     	 Epoch 69 | average valid loss: 0.0177
2024-04-23 13:00:45 INFO     	 Epoch 70 | average train loss: 0.0203
2024-04-23 13:00:45 INFO     	 Epoch 70 | average valid loss: 0.0177
2024-04-23 13:00:52 INFO     	 Epoch 71 | average train loss: 0.0200
2024-04-23 13:00:52 INFO     	 Epoch 71 | average valid loss: 0.0177
2024-04-23 13:01:50 INFO     	 valid MR: 4509.70 | MRR: 0.246 | H@1: 0.179 | H@3: 0.293 | H@10: 0.363
2024-04-23 13:01:50 INFO     	 Saving model at epoch 71 in ./logs\CHI\04_23\DisMult_12_32_41
2024-04-23 13:01:58 INFO     	 Epoch 72 | average train loss: 0.0197
2024-04-23 13:01:58 INFO     	 Epoch 72 | average valid loss: 0.0175
2024-04-23 13:02:06 INFO     	 Epoch 73 | average train loss: 0.0194
2024-04-23 13:02:06 INFO     	 Epoch 73 | average valid loss: 0.0176
2024-04-23 13:02:13 INFO     	 Epoch 74 | average train loss: 0.0192
2024-04-23 13:02:14 INFO     	 Epoch 74 | average valid loss: 0.0176
2024-04-23 13:03:13 INFO     	 valid MR: 4394.24 | MRR: 0.249 | H@1: 0.181 | H@3: 0.295 | H@10: 0.365
2024-04-23 13:03:13 INFO     	 Saving model at epoch 74 in ./logs\CHI\04_23\DisMult_12_32_41
2024-04-23 13:03:21 INFO     	 Epoch 75 | average train loss: 0.0190
2024-04-23 13:03:21 INFO     	 Epoch 75 | average valid loss: 0.0176
2024-04-23 13:03:28 INFO     	 Epoch 76 | average train loss: 0.0188
2024-04-23 13:03:28 INFO     	 Epoch 76 | average valid loss: 0.0178
2024-04-23 13:03:36 INFO     	 Epoch 77 | average train loss: 0.0186
2024-04-23 13:03:36 INFO     	 Epoch 77 | average valid loss: 0.0179
2024-04-23 13:04:36 INFO     	 valid MR: 4308.20 | MRR: 0.251 | H@1: 0.183 | H@3: 0.298 | H@10: 0.366
2024-04-23 13:04:36 INFO     	 Saving model at epoch 77 in ./logs\CHI\04_23\DisMult_12_32_41
2024-04-23 13:04:43 INFO     	 Epoch 78 | average train loss: 0.0184
2024-04-23 13:04:43 INFO     	 Epoch 78 | average valid loss: 0.0180
2024-04-23 13:04:51 INFO     	 Epoch 79 | average train loss: 0.0183
2024-04-23 13:04:51 INFO     	 Epoch 79 | average valid loss: 0.0180
2024-04-23 13:04:59 INFO     	 Epoch 80 | average train loss: 0.0182
2024-04-23 13:04:59 INFO     	 Epoch 80 | average valid loss: 0.0183
2024-04-23 13:05:59 INFO     	 valid MR: 4246.11 | MRR: 0.254 | H@1: 0.186 | H@3: 0.300 | H@10: 0.367
2024-04-23 13:05:59 INFO     	 Saving model at epoch 80 in ./logs\CHI\04_23\DisMult_12_32_41
2024-04-23 13:06:06 INFO     	 Epoch 81 | average train loss: 0.0180
2024-04-23 13:06:07 INFO     	 Epoch 81 | average valid loss: 0.0184
2024-04-23 13:06:14 INFO     	 Epoch 82 | average train loss: 0.0179
2024-04-23 13:06:14 INFO     	 Epoch 82 | average valid loss: 0.0185
2024-04-23 13:06:22 INFO     	 Epoch 83 | average train loss: 0.0178
2024-04-23 13:06:22 INFO     	 Epoch 83 | average valid loss: 0.0188
2024-04-23 13:07:24 INFO     	 valid MR: 4201.29 | MRR: 0.255 | H@1: 0.188 | H@3: 0.302 | H@10: 0.369
2024-04-23 13:07:24 INFO     	 Saving model at epoch 83 in ./logs\CHI\04_23\DisMult_12_32_41
2024-04-23 13:07:32 INFO     	 Epoch 84 | average train loss: 0.0177
2024-04-23 13:07:32 INFO     	 Epoch 84 | average valid loss: 0.0190
2024-04-23 13:07:39 INFO     	 Epoch 85 | average train loss: 0.0176
2024-04-23 13:07:39 INFO     	 Epoch 85 | average valid loss: 0.0192
2024-04-23 13:07:47 INFO     	 Epoch 86 | average train loss: 0.0175
2024-04-23 13:07:47 INFO     	 Epoch 86 | average valid loss: 0.0195
2024-04-23 13:08:50 INFO     	 valid MR: 4168.31 | MRR: 0.257 | H@1: 0.190 | H@3: 0.303 | H@10: 0.369
2024-04-23 13:08:50 INFO     	 Saving model at epoch 86 in ./logs\CHI\04_23\DisMult_12_32_41
2024-04-23 13:08:58 INFO     	 Epoch 87 | average train loss: 0.0174
2024-04-23 13:08:58 INFO     	 Epoch 87 | average valid loss: 0.0197
2024-04-23 13:09:06 INFO     	 Epoch 88 | average train loss: 0.0174
2024-04-23 13:09:06 INFO     	 Epoch 88 | average valid loss: 0.0200
2024-04-23 13:09:14 INFO     	 Epoch 89 | average train loss: 0.0173
2024-04-23 13:09:14 INFO     	 Epoch 89 | average valid loss: 0.0204
2024-04-23 13:10:18 INFO     	 valid MR: 4151.20 | MRR: 0.259 | H@1: 0.193 | H@3: 0.304 | H@10: 0.370
2024-04-23 13:10:18 INFO     	 Saving model at epoch 89 in ./logs\CHI\04_23\DisMult_12_32_41
2024-04-23 13:10:26 INFO     	 Epoch 90 | average train loss: 0.0172
2024-04-23 13:10:26 INFO     	 Epoch 90 | average valid loss: 0.0206
2024-04-23 13:10:33 INFO     	 Epoch 91 | average train loss: 0.0172
2024-04-23 13:10:33 INFO     	 Epoch 91 | average valid loss: 0.0209
2024-04-23 13:10:41 INFO     	 Epoch 92 | average train loss: 0.0171
2024-04-23 13:10:41 INFO     	 Epoch 92 | average valid loss: 0.0212
2024-04-23 13:11:46 INFO     	 valid MR: 4145.58 | MRR: 0.260 | H@1: 0.194 | H@3: 0.306 | H@10: 0.372
2024-04-23 13:11:46 INFO     	 Saving model at epoch 92 in ./logs\CHI\04_23\DisMult_12_32_41
2024-04-23 13:11:54 INFO     	 Epoch 93 | average train loss: 0.0171
2024-04-23 13:11:54 INFO     	 Epoch 93 | average valid loss: 0.0214
2024-04-23 13:12:02 INFO     	 Epoch 94 | average train loss: 0.0170
2024-04-23 13:12:02 INFO     	 Epoch 94 | average valid loss: 0.0218
2024-04-23 13:12:10 INFO     	 Epoch 95 | average train loss: 0.0169
2024-04-23 13:12:10 INFO     	 Epoch 95 | average valid loss: 0.0221
2024-04-23 13:13:16 INFO     	 valid MR: 4135.53 | MRR: 0.262 | H@1: 0.195 | H@3: 0.307 | H@10: 0.372
2024-04-23 13:13:16 INFO     	 Saving model at epoch 95 in ./logs\CHI\04_23\DisMult_12_32_41
2024-04-23 13:13:24 INFO     	 Epoch 96 | average train loss: 0.0169
2024-04-23 13:13:24 INFO     	 Epoch 96 | average valid loss: 0.0225
2024-04-23 13:13:31 INFO     	 Epoch 97 | average train loss: 0.0168
2024-04-23 13:13:32 INFO     	 Epoch 97 | average valid loss: 0.0227
2024-04-23 13:13:39 INFO     	 Epoch 98 | average train loss: 0.0168
2024-04-23 13:13:39 INFO     	 Epoch 98 | average valid loss: 0.0230
2024-04-23 13:14:46 INFO     	 valid MR: 4142.46 | MRR: 0.263 | H@1: 0.197 | H@3: 0.308 | H@10: 0.373
2024-04-23 13:14:46 INFO     	 Saving model at epoch 98 in ./logs\CHI\04_23\DisMult_12_32_41
2024-04-23 13:14:54 INFO     	 Epoch 99 | average train loss: 0.0168
2024-04-23 13:14:55 INFO     	 Epoch 99 | average valid loss: 0.0234
2024-04-23 13:15:02 INFO     	 Epoch 100 | average train loss: 0.0167
2024-04-23 13:15:02 INFO     	 Epoch 100 | average valid loss: 0.0236
2024-04-23 13:15:10 INFO     	 Epoch 101 | average train loss: 0.0167
2024-04-23 13:15:10 INFO     	 Epoch 101 | average valid loss: 0.0240
2024-04-23 13:16:17 INFO     	 valid MR: 4153.30 | MRR: 0.264 | H@1: 0.198 | H@3: 0.309 | H@10: 0.374
2024-04-23 13:16:17 INFO     	 Saving model at epoch 101 in ./logs\CHI\04_23\DisMult_12_32_41
2024-04-23 13:16:25 INFO     	 Epoch 102 | average train loss: 0.0167
2024-04-23 13:16:25 INFO     	 Epoch 102 | average valid loss: 0.0245
2024-04-23 13:16:33 INFO     	 Epoch 103 | average train loss: 0.0166
2024-04-23 13:16:33 INFO     	 Epoch 103 | average valid loss: 0.0248
2024-04-23 13:16:40 INFO     	 Epoch 104 | average train loss: 0.0166
2024-04-23 13:16:40 INFO     	 Epoch 104 | average valid loss: 0.0252
2024-04-23 13:17:46 INFO     	 valid MR: 4159.94 | MRR: 0.264 | H@1: 0.197 | H@3: 0.310 | H@10: 0.375
2024-04-23 13:17:46 INFO     	 Saving model at epoch 104 in ./logs\CHI\04_23\DisMult_12_32_41
2024-04-23 13:17:54 INFO     	 Epoch 105 | average train loss: 0.0166
2024-04-23 13:17:54 INFO     	 Epoch 105 | average valid loss: 0.0254
2024-04-23 13:18:02 INFO     	 Epoch 106 | average train loss: 0.0165
2024-04-23 13:18:02 INFO     	 Epoch 106 | average valid loss: 0.0258
2024-04-23 13:18:09 INFO     	 Epoch 107 | average train loss: 0.0165
2024-04-23 13:18:10 INFO     	 Epoch 107 | average valid loss: 0.0263
2024-04-23 13:19:20 INFO     	 valid MR: 4172.21 | MRR: 0.265 | H@1: 0.199 | H@3: 0.310 | H@10: 0.375
2024-04-23 13:19:20 INFO     	 Saving model at epoch 107 in ./logs\CHI\04_23\DisMult_12_32_41
2024-04-23 13:19:28 INFO     	 Epoch 108 | average train loss: 0.0165
2024-04-23 13:19:28 INFO     	 Epoch 108 | average valid loss: 0.0266
2024-04-23 13:19:35 INFO     	 Epoch 109 | average train loss: 0.0165
2024-04-23 13:19:35 INFO     	 Epoch 109 | average valid loss: 0.0269
2024-04-23 13:19:43 INFO     	 Epoch 110 | average train loss: 0.0164
2024-04-23 13:19:43 INFO     	 Epoch 110 | average valid loss: 0.0275
2024-04-23 13:20:52 INFO     	 valid MR: 4193.08 | MRR: 0.266 | H@1: 0.200 | H@3: 0.311 | H@10: 0.375
2024-04-23 13:20:52 INFO     	 Saving model at epoch 110 in ./logs\CHI\04_23\DisMult_12_32_41
2024-04-23 13:21:00 INFO     	 Epoch 111 | average train loss: 0.0164
2024-04-23 13:21:00 INFO     	 Epoch 111 | average valid loss: 0.0279
2024-04-23 13:21:08 INFO     	 Epoch 112 | average train loss: 0.0164
2024-04-23 13:21:08 INFO     	 Epoch 112 | average valid loss: 0.0281
2024-04-23 13:21:16 INFO     	 Epoch 113 | average train loss: 0.0164
2024-04-23 13:21:16 INFO     	 Epoch 113 | average valid loss: 0.0285
2024-04-23 13:22:26 INFO     	 valid MR: 4223.90 | MRR: 0.267 | H@1: 0.202 | H@3: 0.312 | H@10: 0.376
2024-04-23 13:22:26 INFO     	 Saving model at epoch 113 in ./logs\CHI\04_23\DisMult_12_32_41
2024-04-23 13:22:34 INFO     	 Epoch 114 | average train loss: 0.0164
2024-04-23 13:22:34 INFO     	 Epoch 114 | average valid loss: 0.0291
2024-04-23 13:22:42 INFO     	 Epoch 115 | average train loss: 0.0163
2024-04-23 13:22:42 INFO     	 Epoch 115 | average valid loss: 0.0293
2024-04-23 13:22:50 INFO     	 Epoch 116 | average train loss: 0.0163
2024-04-23 13:22:50 INFO     	 Epoch 116 | average valid loss: 0.0297
2024-04-23 13:24:02 INFO     	 valid MR: 4243.69 | MRR: 0.267 | H@1: 0.201 | H@3: 0.312 | H@10: 0.375
2024-04-23 13:24:10 INFO     	 Epoch 117 | average train loss: 0.0163
2024-04-23 13:24:10 INFO     	 Epoch 117 | average valid loss: 0.0299
2024-04-23 13:24:18 INFO     	 Epoch 118 | average train loss: 0.0163
2024-04-23 13:24:18 INFO     	 Epoch 118 | average valid loss: 0.0305
2024-04-23 13:24:26 INFO     	 Epoch 119 | average train loss: 0.0163
2024-04-23 13:24:26 INFO     	 Epoch 119 | average valid loss: 0.0306
2024-04-23 13:25:38 INFO     	 valid MR: 4259.09 | MRR: 0.267 | H@1: 0.202 | H@3: 0.312 | H@10: 0.376
2024-04-23 13:25:38 INFO     	 Saving model at epoch 119 in ./logs\CHI\04_23\DisMult_12_32_41
2024-04-23 13:25:46 INFO     	 Epoch 120 | average train loss: 0.0163
2024-04-23 13:25:46 INFO     	 Epoch 120 | average valid loss: 0.0313
2024-04-23 13:25:53 INFO     	 Epoch 121 | average train loss: 0.0162
2024-04-23 13:25:53 INFO     	 Epoch 121 | average valid loss: 0.0315
2024-04-23 13:26:01 INFO     	 Epoch 122 | average train loss: 0.0162
2024-04-23 13:26:01 INFO     	 Epoch 122 | average valid loss: 0.0320
2024-04-23 13:27:15 INFO     	 valid MR: 4294.86 | MRR: 0.267 | H@1: 0.201 | H@3: 0.312 | H@10: 0.375
2024-04-23 13:27:23 INFO     	 Epoch 123 | average train loss: 0.0162
2024-04-23 13:27:23 INFO     	 Epoch 123 | average valid loss: 0.0326
2024-04-23 13:27:31 INFO     	 Epoch 124 | average train loss: 0.0162
2024-04-23 13:27:31 INFO     	 Epoch 124 | average valid loss: 0.0327
2024-04-23 13:27:39 INFO     	 Epoch 125 | average train loss: 0.0162
2024-04-23 13:27:39 INFO     	 Epoch 125 | average valid loss: 0.0331
2024-04-23 13:28:54 INFO     	 valid MR: 4317.57 | MRR: 0.268 | H@1: 0.203 | H@3: 0.313 | H@10: 0.376
2024-04-23 13:28:54 INFO     	 Saving model at epoch 125 in ./logs\CHI\04_23\DisMult_12_32_41
2024-04-23 13:29:02 INFO     	 Epoch 126 | average train loss: 0.0162
2024-04-23 13:29:02 INFO     	 Epoch 126 | average valid loss: 0.0336
2024-04-23 13:29:09 INFO     	 Epoch 127 | average train loss: 0.0161
2024-04-23 13:29:09 INFO     	 Epoch 127 | average valid loss: 0.0340
2024-04-23 13:29:17 INFO     	 Epoch 128 | average train loss: 0.0161
2024-04-23 13:29:17 INFO     	 Epoch 128 | average valid loss: 0.0343
2024-04-23 13:30:31 INFO     	 valid MR: 4348.88 | MRR: 0.268 | H@1: 0.203 | H@3: 0.312 | H@10: 0.376
2024-04-23 13:30:39 INFO     	 Epoch 129 | average train loss: 0.0161
2024-04-23 13:30:39 INFO     	 Epoch 129 | average valid loss: 0.0347
2024-04-23 13:30:47 INFO     	 Epoch 130 | average train loss: 0.0161
2024-04-23 13:30:47 INFO     	 Epoch 130 | average valid loss: 0.0350
2024-04-23 13:30:55 INFO     	 Epoch 131 | average train loss: 0.0161
2024-04-23 13:30:55 INFO     	 Epoch 131 | average valid loss: 0.0355
2024-04-23 13:32:10 INFO     	 valid MR: 4365.26 | MRR: 0.268 | H@1: 0.203 | H@3: 0.313 | H@10: 0.376
2024-04-23 13:32:10 INFO     	 Saving model at epoch 131 in ./logs\CHI\04_23\DisMult_12_32_41
2024-04-23 13:32:17 INFO     	 Epoch 132 | average train loss: 0.0161
2024-04-23 13:32:18 INFO     	 Epoch 132 | average valid loss: 0.0360
2024-04-23 13:32:25 INFO     	 Epoch 133 | average train loss: 0.0161
2024-04-23 13:32:25 INFO     	 Epoch 133 | average valid loss: 0.0363
2024-04-23 13:32:33 INFO     	 Epoch 134 | average train loss: 0.0161
2024-04-23 13:32:33 INFO     	 Epoch 134 | average valid loss: 0.0368
2024-04-23 13:33:50 INFO     	 valid MR: 4405.63 | MRR: 0.268 | H@1: 0.203 | H@3: 0.313 | H@10: 0.376
2024-04-23 13:33:58 INFO     	 Epoch 135 | average train loss: 0.0160
2024-04-23 13:33:58 INFO     	 Epoch 135 | average valid loss: 0.0371
2024-04-23 13:34:06 INFO     	 Epoch 136 | average train loss: 0.0160
2024-04-23 13:34:06 INFO     	 Epoch 136 | average valid loss: 0.0377
2024-04-23 13:34:14 INFO     	 Epoch 137 | average train loss: 0.0160
2024-04-23 13:34:14 INFO     	 Epoch 137 | average valid loss: 0.0380
2024-04-23 13:35:32 INFO     	 valid MR: 4439.23 | MRR: 0.268 | H@1: 0.203 | H@3: 0.313 | H@10: 0.375
2024-04-23 13:35:32 INFO     	 Saving model at epoch 137 in ./logs\CHI\04_23\DisMult_12_32_41
2024-04-23 13:35:39 INFO     	 Epoch 138 | average train loss: 0.0160
2024-04-23 13:35:39 INFO     	 Epoch 138 | average valid loss: 0.0383
2024-04-23 13:35:48 INFO     	 Epoch 139 | average train loss: 0.0160
2024-04-23 13:35:48 INFO     	 Epoch 139 | average valid loss: 0.0389
2024-04-23 13:35:55 INFO     	 Epoch 140 | average train loss: 0.0160
2024-04-23 13:35:56 INFO     	 Epoch 140 | average valid loss: 0.0393
2024-04-23 13:37:14 INFO     	 valid MR: 4470.31 | MRR: 0.269 | H@1: 0.204 | H@3: 0.313 | H@10: 0.376
2024-04-23 13:37:14 INFO     	 Saving model at epoch 140 in ./logs\CHI\04_23\DisMult_12_32_41
2024-04-23 13:37:22 INFO     	 Epoch 141 | average train loss: 0.0160
2024-04-23 13:37:22 INFO     	 Epoch 141 | average valid loss: 0.0395
2024-04-23 13:37:30 INFO     	 Epoch 142 | average train loss: 0.0160
2024-04-23 13:37:30 INFO     	 Epoch 142 | average valid loss: 0.0397
2024-04-23 13:37:38 INFO     	 Epoch 143 | average train loss: 0.0160
2024-04-23 13:37:38 INFO     	 Epoch 143 | average valid loss: 0.0403
2024-04-23 13:38:55 INFO     	 valid MR: 4497.22 | MRR: 0.269 | H@1: 0.204 | H@3: 0.313 | H@10: 0.378
2024-04-23 13:38:55 INFO     	 Saving model at epoch 143 in ./logs\CHI\04_23\DisMult_12_32_41
2024-04-23 13:39:03 INFO     	 Epoch 144 | average train loss: 0.0160
2024-04-23 13:39:03 INFO     	 Epoch 144 | average valid loss: 0.0405
2024-04-23 13:39:10 INFO     	 Epoch 145 | average train loss: 0.0160
2024-04-23 13:39:10 INFO     	 Epoch 145 | average valid loss: 0.0412
2024-04-23 13:39:18 INFO     	 Epoch 146 | average train loss: 0.0160
2024-04-23 13:39:18 INFO     	 Epoch 146 | average valid loss: 0.0415
2024-04-23 13:40:38 INFO     	 valid MR: 4542.09 | MRR: 0.268 | H@1: 0.202 | H@3: 0.313 | H@10: 0.377
2024-04-23 13:40:46 INFO     	 Epoch 147 | average train loss: 0.0159
2024-04-23 13:40:46 INFO     	 Epoch 147 | average valid loss: 0.0420
2024-04-23 13:40:53 INFO     	 Epoch 148 | average train loss: 0.0159
2024-04-23 13:40:53 INFO     	 Epoch 148 | average valid loss: 0.0423
2024-04-23 13:41:01 INFO     	 Epoch 149 | average train loss: 0.0159
2024-04-23 13:41:01 INFO     	 Epoch 149 | average valid loss: 0.0431
2024-04-23 13:42:20 INFO     	 valid MR: 4584.42 | MRR: 0.268 | H@1: 0.202 | H@3: 0.313 | H@10: 0.376
2024-04-23 13:42:27 INFO     	 Epoch 150 | average train loss: 0.0159
2024-04-23 13:42:28 INFO     	 Epoch 150 | average valid loss: 0.0434
2024-04-23 13:42:35 INFO     	 Epoch 151 | average train loss: 0.0159
2024-04-23 13:42:35 INFO     	 Epoch 151 | average valid loss: 0.0435
2024-04-23 13:42:43 INFO     	 Epoch 152 | average train loss: 0.0159
2024-04-23 13:42:43 INFO     	 Epoch 152 | average valid loss: 0.0442
2024-04-23 13:44:10 INFO     	 valid MR: 4621.76 | MRR: 0.268 | H@1: 0.202 | H@3: 0.312 | H@10: 0.376
2024-04-23 13:44:18 INFO     	 Epoch 153 | average train loss: 0.0159
2024-04-23 13:44:18 INFO     	 Epoch 153 | average valid loss: 0.0446
2024-04-23 13:44:25 INFO     	 Epoch 154 | average train loss: 0.0159
2024-04-23 13:44:25 INFO     	 Epoch 154 | average valid loss: 0.0451
2024-04-23 13:44:33 INFO     	 Epoch 155 | average train loss: 0.0159
2024-04-23 13:44:33 INFO     	 Epoch 155 | average valid loss: 0.0453
2024-04-23 13:45:54 INFO     	 valid MR: 4640.31 | MRR: 0.268 | H@1: 0.202 | H@3: 0.313 | H@10: 0.376
2024-04-23 13:46:02 INFO     	 Epoch 156 | average train loss: 0.0159
2024-04-23 13:46:02 INFO     	 Epoch 156 | average valid loss: 0.0458
2024-04-23 13:46:09 INFO     	 Epoch 157 | average train loss: 0.0159
2024-04-23 13:46:09 INFO     	 Epoch 157 | average valid loss: 0.0463
2024-04-23 13:46:17 INFO     	 Epoch 158 | average train loss: 0.0159
2024-04-23 13:46:17 INFO     	 Epoch 158 | average valid loss: 0.0465
2024-04-23 13:47:43 INFO     	 valid MR: 4684.64 | MRR: 0.268 | H@1: 0.201 | H@3: 0.313 | H@10: 0.377
2024-04-23 13:47:51 INFO     	 Epoch 159 | average train loss: 0.0159
2024-04-23 13:47:51 INFO     	 Epoch 159 | average valid loss: 0.0469
2024-04-23 13:47:59 INFO     	 Epoch 160 | average train loss: 0.0159
2024-04-23 13:47:59 INFO     	 Epoch 160 | average valid loss: 0.0472
2024-04-23 13:48:07 INFO     	 Epoch 161 | average train loss: 0.0159
2024-04-23 13:48:07 INFO     	 Epoch 161 | average valid loss: 0.0481
2024-04-23 13:49:30 INFO     	 valid MR: 4743.89 | MRR: 0.268 | H@1: 0.202 | H@3: 0.313 | H@10: 0.377
2024-04-23 13:49:38 INFO     	 Epoch 162 | average train loss: 0.0159
2024-04-23 13:49:38 INFO     	 Epoch 162 | average valid loss: 0.0485
2024-04-23 13:49:46 INFO     	 Epoch 163 | average train loss: 0.0158
2024-04-23 13:49:46 INFO     	 Epoch 163 | average valid loss: 0.0488
2024-04-23 13:49:54 INFO     	 Epoch 164 | average train loss: 0.0158
2024-04-23 13:49:54 INFO     	 Epoch 164 | average valid loss: 0.0493
2024-04-23 13:51:18 INFO     	 valid MR: 4765.32 | MRR: 0.267 | H@1: 0.200 | H@3: 0.313 | H@10: 0.377
2024-04-23 13:51:25 INFO     	 Epoch 165 | average train loss: 0.0158
2024-04-23 13:51:25 INFO     	 Epoch 165 | average valid loss: 0.0498
2024-04-23 13:51:33 INFO     	 Epoch 166 | average train loss: 0.0158
2024-04-23 13:51:33 INFO     	 Epoch 166 | average valid loss: 0.0505
2024-04-23 13:51:41 INFO     	 Epoch 167 | average train loss: 0.0158
2024-04-23 13:51:41 INFO     	 Epoch 167 | average valid loss: 0.0508
2024-04-23 13:53:07 INFO     	 valid MR: 4811.77 | MRR: 0.267 | H@1: 0.200 | H@3: 0.313 | H@10: 0.377
2024-04-23 13:53:16 INFO     	 Epoch 168 | average train loss: 0.0158
2024-04-23 13:53:16 INFO     	 Epoch 168 | average valid loss: 0.0512
2024-04-23 13:53:23 INFO     	 Epoch 169 | average train loss: 0.0158
2024-04-23 13:53:23 INFO     	 Epoch 169 | average valid loss: 0.0517
2024-04-23 13:53:31 INFO     	 Epoch 170 | average train loss: 0.0158
2024-04-23 13:53:31 INFO     	 Epoch 170 | average valid loss: 0.0520
2024-04-23 13:54:56 INFO     	 valid MR: 4850.06 | MRR: 0.267 | H@1: 0.200 | H@3: 0.312 | H@10: 0.376
2024-04-23 13:55:04 INFO     	 Epoch 171 | average train loss: 0.0158
2024-04-23 13:55:04 INFO     	 Epoch 171 | average valid loss: 0.0524
2024-04-23 13:55:11 INFO     	 Epoch 172 | average train loss: 0.0158
2024-04-23 13:55:11 INFO     	 Epoch 172 | average valid loss: 0.0526
2024-04-23 13:55:19 INFO     	 Epoch 173 | average train loss: 0.0158
2024-04-23 13:55:19 INFO     	 Epoch 173 | average valid loss: 0.0533
2024-04-23 13:56:44 INFO     	 valid MR: 4893.45 | MRR: 0.266 | H@1: 0.200 | H@3: 0.312 | H@10: 0.376
2024-04-23 13:56:44 INFO     	 Early stopping
2024-04-23 13:56:44 INFO     	 Optimization finished
2024-04-23 13:56:44 INFO     	 Loading best model saved at epoch 143
2024-04-23 13:58:16 INFO     	 valid MR: 4497.22 | MRR: 0.269 | H@1: 0.204 | H@3: 0.313 | H@10: 0.378
2024-04-23 13:59:47 INFO     	 test MR: 4442.65 | MRR: 0.267 | H@1: 0.200 | H@3: 0.313 | H@10: 0.377
