2024-04-24 16:28:28,023 - INFO - Log directory: ./libcity/log
2024-04-24 16:28:28,023 - INFO - Begin pipeline, task=traffic_state_pred, model_name=AGCRN, dataset_name=CHITaxi20190406, exp_id=0
2024-04-24 16:28:28,023 - INFO - {'task': 'traffic_state_pred', 'model': 'AGCRN', 'dataset': 'CHITaxi20190406', 'saved_model': True, 'train': True, 'embedding_model': 'TransE', 'seed': 594154588, 'exp_id': 0, 'max_epoch': 200, 'patience': 15, 'output_window': 12, 'load_external': False, 'metrics': ['MAE', 'RMSE'], 'cache_dataset': False, 'dataset_class': 'TrafficStatePointDataset', 'executor': 'TrafficStateExecutor', 'evaluator': 'TrafficStateEvaluator', 'embed_dim': 10, 'rnn_units': 64, 'num_layers': 2, 'cheb_order': 2, 'bidir_adj_mx': True, 'scaler': 'standard', 'normal_external': False, 'ext_scaler': 'none', 'add_time_in_day': False, 'add_day_in_week': False, 'learner': 'adam', 'learning_rate': 0.003, 'lr_decay': False, 'clip_grad_norm': False, 'use_early_stop': True, 'batch_size': 64, 'num_workers': 0, 'pad_with_last_sample': True, 'train_rate': 0.7, 'eval_rate': 0.1, 'input_window': 12, 'gpu': True, 'gpu_id': 0, 'train_loss': 'none', 'epoch': 0, 'weight_decay': 0, 'lr_epsilon': 1e-08, 'lr_beta1': 0.9, 'lr_beta2': 0.999, 'lr_alpha': 0.99, 'lr_momentum': 0, 'lr_scheduler': 'multisteplr', 'lr_decay_ratio': 0.1, 'steps': [5, 20, 40, 70], 'step_size': 10, 'lr_T_max': 30, 'lr_eta_min': 0, 'lr_patience': 10, 'lr_threshold': 0.0001, 'max_grad_norm': 1.0, 'log_level': 'INFO', 'log_every': 1, 'load_best_epoch': True, 'hyper_tune': False, 'evaluator_mode': 'single', 'save_mode': ['csv'], 'geo': {'including_types': ['Point'], 'Point': {}}, 'rel': {'including_types': ['geo'], 'geo': {'cost': 'num'}}, 'dyna': {'including_types': ['state'], 'state': {'entity_id': 'geo_id', 'traffic_speed': 'num'}}, 'data_col': ['inflow', 'outflow'], 'weight_col': 'cost', 'data_files': ['CHITaxi20190406'], 'geo_file': 'CHITaxi20190406', 'rel_file': 'CHITaxi20190406', 'output_dim': 2, 'time_intervals': 4368, 'init_weight_inf_or_zero': 'inf', 'set_weight_link_or_dist': 'dist', 'calculate_weight_adj': True, 'weight_adj_epsilon': 0.1, 'embedding_type': 'area', 'device': device(type='cuda', index=0)}
2024-04-24 16:28:28,039 - INFO - Loaded file CHITaxi20190406.geo, num_nodes=77
2024-04-24 16:28:28,039 - INFO - set_weight_link_or_dist: dist
2024-04-24 16:28:28,039 - INFO - init_weight_inf_or_zero: inf
2024-04-24 16:28:28,054 - INFO - Loaded file CHITaxi20190406.rel, shape=(77, 77)
2024-04-24 16:28:28,054 - INFO - Start Calculate the weight by Gauss kernel!
2024-04-24 16:28:28,054 - INFO - Loading file CHITaxi20190406.dyna
2024-04-24 16:28:28,179 - INFO - Loaded file CHITaxi20190406.dyna, shape=(4368, 77, 2)
2024-04-24 16:28:28,339 - INFO - Dataset created
2024-04-24 16:28:28,339 - INFO - x shape: (4345, 12, 77, 2), y shape: (4345, 12, 77, 2)
2024-04-24 16:28:28,339 - INFO - train	x: (3042, 12, 77, 2), y: (3042, 12, 77, 2)
2024-04-24 16:28:28,339 - INFO - eval	x: (434, 12, 77, 2), y: (434, 12, 77, 2)
2024-04-24 16:28:28,339 - INFO - test	x: (869, 12, 77, 2), y: (869, 12, 77, 2)
2024-04-24 16:28:28,370 - INFO - StandardScaler mean: 11.137838123415046, std: 53.15358218315973
2024-04-24 16:28:28,370 - INFO - NoneScaler
2024-04-24 16:28:30,159 - INFO - AGCRN(
  (encoder): AVWDCRNN(
    (dcrnn_cells): ModuleList(
      (0): AGCRNCell(
        (gate): AVWGCN()
        (update): AVWGCN()
      )
      (1): AGCRNCell(
        (gate): AVWGCN()
        (update): AVWGCN()
      )
    )
  )
  (end_conv): Conv2d(1, 24, kernel_size=(1, 64), stride=(1, 1))
)
2024-04-24 16:28:30,159 - INFO - node_embeddings	torch.Size([77, 10])	cuda:0	True
2024-04-24 16:28:30,159 - INFO - encoder.dcrnn_cells.0.gate.weights_pool	torch.Size([10, 2, 66, 128])	cuda:0	True
2024-04-24 16:28:30,159 - INFO - encoder.dcrnn_cells.0.gate.bias_pool	torch.Size([10, 128])	cuda:0	True
2024-04-24 16:28:30,159 - INFO - encoder.dcrnn_cells.0.update.weights_pool	torch.Size([10, 2, 66, 64])	cuda:0	True
2024-04-24 16:28:30,159 - INFO - encoder.dcrnn_cells.0.update.bias_pool	torch.Size([10, 64])	cuda:0	True
2024-04-24 16:28:30,159 - INFO - encoder.dcrnn_cells.1.gate.weights_pool	torch.Size([10, 2, 128, 128])	cuda:0	True
2024-04-24 16:28:30,159 - INFO - encoder.dcrnn_cells.1.gate.bias_pool	torch.Size([10, 128])	cuda:0	True
2024-04-24 16:28:30,159 - INFO - encoder.dcrnn_cells.1.update.weights_pool	torch.Size([10, 2, 128, 64])	cuda:0	True
2024-04-24 16:28:30,159 - INFO - encoder.dcrnn_cells.1.update.bias_pool	torch.Size([10, 64])	cuda:0	True
2024-04-24 16:28:30,159 - INFO - end_conv.weight	torch.Size([24, 1, 1, 64])	cuda:0	True
2024-04-24 16:28:30,159 - INFO - end_conv.bias	torch.Size([24])	cuda:0	True
2024-04-24 16:28:30,159 - INFO - Total parameter numbers: 751130
2024-04-24 16:28:30,159 - INFO - You select `adam` optimizer.
2024-04-24 16:28:30,159 - WARNING - Received none train loss func and will use the loss func defined in the model.
2024-04-24 16:28:30,159 - INFO - Start training ...
2024-04-24 16:28:30,159 - INFO - num_batches:48
2024-04-24 16:28:36,425 - INFO - epoch complete!
2024-04-24 16:28:36,425 - INFO - evaluating now!
2024-04-24 16:28:36,644 - INFO - Epoch [0/200] train_loss: 25.1653, val_loss: 17.3569, lr: 0.003000, 6.49s
2024-04-24 16:28:36,660 - INFO - Saved model at 0
2024-04-24 16:28:36,660 - INFO - Val loss decrease from inf to 17.3569, saving to ./libcity/cache/0/model_cache/AGCRN_CHITaxi20190406_epoch0.tar
2024-04-24 16:28:41,137 - INFO - epoch complete!
2024-04-24 16:28:41,137 - INFO - evaluating now!
2024-04-24 16:28:41,356 - INFO - Epoch [1/200] train_loss: 13.7397, val_loss: 12.4477, lr: 0.003000, 4.70s
2024-04-24 16:28:41,371 - INFO - Saved model at 1
2024-04-24 16:28:41,371 - INFO - Val loss decrease from 17.3569 to 12.4477, saving to ./libcity/cache/0/model_cache/AGCRN_CHITaxi20190406_epoch1.tar
2024-04-24 16:28:45,836 - INFO - epoch complete!
2024-04-24 16:28:45,836 - INFO - evaluating now!
2024-04-24 16:28:46,055 - INFO - Epoch [2/200] train_loss: 10.4011, val_loss: 9.4969, lr: 0.003000, 4.68s
2024-04-24 16:28:46,070 - INFO - Saved model at 2
2024-04-24 16:28:46,070 - INFO - Val loss decrease from 12.4477 to 9.4969, saving to ./libcity/cache/0/model_cache/AGCRN_CHITaxi20190406_epoch2.tar
2024-04-24 16:28:50,639 - INFO - epoch complete!
2024-04-24 16:28:50,639 - INFO - evaluating now!
2024-04-24 16:28:50,881 - INFO - Epoch [3/200] train_loss: 8.5006, val_loss: 8.0157, lr: 0.003000, 4.81s
2024-04-24 16:28:50,894 - INFO - Saved model at 3
2024-04-24 16:28:50,894 - INFO - Val loss decrease from 9.4969 to 8.0157, saving to ./libcity/cache/0/model_cache/AGCRN_CHITaxi20190406_epoch3.tar
2024-04-24 16:28:55,374 - INFO - epoch complete!
2024-04-24 16:28:55,374 - INFO - evaluating now!
2024-04-24 16:28:55,622 - INFO - Epoch [4/200] train_loss: 7.4993, val_loss: 7.2628, lr: 0.003000, 4.73s
2024-04-24 16:28:55,635 - INFO - Saved model at 4
2024-04-24 16:28:55,640 - INFO - Val loss decrease from 8.0157 to 7.2628, saving to ./libcity/cache/0/model_cache/AGCRN_CHITaxi20190406_epoch4.tar
2024-04-24 16:29:00,158 - INFO - epoch complete!
2024-04-24 16:29:00,159 - INFO - evaluating now!
2024-04-24 16:29:00,381 - INFO - Epoch [5/200] train_loss: 6.8879, val_loss: 6.8172, lr: 0.003000, 4.74s
2024-04-24 16:29:00,396 - INFO - Saved model at 5
2024-04-24 16:29:00,396 - INFO - Val loss decrease from 7.2628 to 6.8172, saving to ./libcity/cache/0/model_cache/AGCRN_CHITaxi20190406_epoch5.tar
2024-04-24 16:29:04,738 - INFO - epoch complete!
2024-04-24 16:29:04,738 - INFO - evaluating now!
2024-04-24 16:29:04,979 - INFO - Epoch [6/200] train_loss: 6.4341, val_loss: 6.3611, lr: 0.003000, 4.58s
2024-04-24 16:29:04,993 - INFO - Saved model at 6
2024-04-24 16:29:04,994 - INFO - Val loss decrease from 6.8172 to 6.3611, saving to ./libcity/cache/0/model_cache/AGCRN_CHITaxi20190406_epoch6.tar
2024-04-24 16:29:09,326 - INFO - epoch complete!
2024-04-24 16:29:09,326 - INFO - evaluating now!
2024-04-24 16:29:09,569 - INFO - Epoch [7/200] train_loss: 6.1113, val_loss: 6.0843, lr: 0.003000, 4.57s
2024-04-24 16:29:09,583 - INFO - Saved model at 7
2024-04-24 16:29:09,583 - INFO - Val loss decrease from 6.3611 to 6.0843, saving to ./libcity/cache/0/model_cache/AGCRN_CHITaxi20190406_epoch7.tar
2024-04-24 16:29:13,926 - INFO - epoch complete!
2024-04-24 16:29:13,926 - INFO - evaluating now!
2024-04-24 16:29:14,147 - INFO - Epoch [8/200] train_loss: 5.8995, val_loss: 5.9728, lr: 0.003000, 4.56s
2024-04-24 16:29:14,162 - INFO - Saved model at 8
2024-04-24 16:29:14,162 - INFO - Val loss decrease from 6.0843 to 5.9728, saving to ./libcity/cache/0/model_cache/AGCRN_CHITaxi20190406_epoch8.tar
2024-04-24 16:29:18,512 - INFO - epoch complete!
2024-04-24 16:29:18,512 - INFO - evaluating now!
2024-04-24 16:29:18,738 - INFO - Epoch [9/200] train_loss: 5.6883, val_loss: 5.9539, lr: 0.003000, 4.58s
2024-04-24 16:29:18,753 - INFO - Saved model at 9
2024-04-24 16:29:18,753 - INFO - Val loss decrease from 5.9728 to 5.9539, saving to ./libcity/cache/0/model_cache/AGCRN_CHITaxi20190406_epoch9.tar
2024-04-24 16:29:23,169 - INFO - epoch complete!
2024-04-24 16:29:23,169 - INFO - evaluating now!
2024-04-24 16:29:23,393 - INFO - Epoch [10/200] train_loss: 5.5453, val_loss: 5.7848, lr: 0.003000, 4.64s
2024-04-24 16:29:23,405 - INFO - Saved model at 10
2024-04-24 16:29:23,405 - INFO - Val loss decrease from 5.9539 to 5.7848, saving to ./libcity/cache/0/model_cache/AGCRN_CHITaxi20190406_epoch10.tar
2024-04-24 16:29:27,755 - INFO - epoch complete!
2024-04-24 16:29:27,755 - INFO - evaluating now!
2024-04-24 16:29:27,988 - INFO - Epoch [11/200] train_loss: 5.3980, val_loss: 5.7122, lr: 0.003000, 4.58s
2024-04-24 16:29:28,002 - INFO - Saved model at 11
2024-04-24 16:29:28,002 - INFO - Val loss decrease from 5.7848 to 5.7122, saving to ./libcity/cache/0/model_cache/AGCRN_CHITaxi20190406_epoch11.tar
2024-04-24 16:29:32,311 - INFO - epoch complete!
2024-04-24 16:29:32,311 - INFO - evaluating now!
2024-04-24 16:29:32,547 - INFO - Epoch [12/200] train_loss: 5.2477, val_loss: 5.5126, lr: 0.003000, 4.54s
2024-04-24 16:29:32,566 - INFO - Saved model at 12
2024-04-24 16:29:32,566 - INFO - Val loss decrease from 5.7122 to 5.5126, saving to ./libcity/cache/0/model_cache/AGCRN_CHITaxi20190406_epoch12.tar
2024-04-24 16:29:36,899 - INFO - epoch complete!
2024-04-24 16:29:36,899 - INFO - evaluating now!
2024-04-24 16:29:37,136 - INFO - Epoch [13/200] train_loss: 5.1230, val_loss: 5.4607, lr: 0.003000, 4.57s
2024-04-24 16:29:37,148 - INFO - Saved model at 13
2024-04-24 16:29:37,148 - INFO - Val loss decrease from 5.5126 to 5.4607, saving to ./libcity/cache/0/model_cache/AGCRN_CHITaxi20190406_epoch13.tar
2024-04-24 16:29:41,543 - INFO - epoch complete!
2024-04-24 16:29:41,543 - INFO - evaluating now!
2024-04-24 16:29:41,759 - INFO - Epoch [14/200] train_loss: 5.0507, val_loss: 5.3433, lr: 0.003000, 4.61s
2024-04-24 16:29:41,775 - INFO - Saved model at 14
2024-04-24 16:29:41,775 - INFO - Val loss decrease from 5.4607 to 5.3433, saving to ./libcity/cache/0/model_cache/AGCRN_CHITaxi20190406_epoch14.tar
2024-04-24 16:29:46,086 - INFO - epoch complete!
2024-04-24 16:29:46,086 - INFO - evaluating now!
2024-04-24 16:29:46,324 - INFO - Epoch [15/200] train_loss: 5.0058, val_loss: 5.2762, lr: 0.003000, 4.55s
2024-04-24 16:29:46,339 - INFO - Saved model at 15
2024-04-24 16:29:46,339 - INFO - Val loss decrease from 5.3433 to 5.2762, saving to ./libcity/cache/0/model_cache/AGCRN_CHITaxi20190406_epoch15.tar
2024-04-24 16:29:50,632 - INFO - epoch complete!
2024-04-24 16:29:50,633 - INFO - evaluating now!
2024-04-24 16:29:50,859 - INFO - Epoch [16/200] train_loss: 4.9293, val_loss: 5.2934, lr: 0.003000, 4.52s
2024-04-24 16:29:55,169 - INFO - epoch complete!
2024-04-24 16:29:55,170 - INFO - evaluating now!
2024-04-24 16:29:55,395 - INFO - Epoch [17/200] train_loss: 4.8382, val_loss: 5.2827, lr: 0.003000, 4.54s
2024-04-24 16:29:59,749 - INFO - epoch complete!
2024-04-24 16:29:59,749 - INFO - evaluating now!
2024-04-24 16:29:59,958 - INFO - Epoch [18/200] train_loss: 4.7522, val_loss: 5.2790, lr: 0.003000, 4.56s
2024-04-24 16:30:04,289 - INFO - epoch complete!
2024-04-24 16:30:04,289 - INFO - evaluating now!
2024-04-24 16:30:04,509 - INFO - Epoch [19/200] train_loss: 4.6762, val_loss: 5.2926, lr: 0.003000, 4.55s
2024-04-24 16:30:08,790 - INFO - epoch complete!
2024-04-24 16:30:08,790 - INFO - evaluating now!
2024-04-24 16:30:09,022 - INFO - Epoch [20/200] train_loss: 4.6302, val_loss: 5.3665, lr: 0.003000, 4.51s
2024-04-24 16:30:13,262 - INFO - epoch complete!
2024-04-24 16:30:13,266 - INFO - evaluating now!
2024-04-24 16:30:13,484 - INFO - Epoch [21/200] train_loss: 4.5679, val_loss: 5.3189, lr: 0.003000, 4.46s
2024-04-24 16:30:17,767 - INFO - epoch complete!
2024-04-24 16:30:17,767 - INFO - evaluating now!
2024-04-24 16:30:17,986 - INFO - Epoch [22/200] train_loss: 4.5406, val_loss: 5.3426, lr: 0.003000, 4.50s
2024-04-24 16:30:22,231 - INFO - epoch complete!
2024-04-24 16:30:22,231 - INFO - evaluating now!
2024-04-24 16:30:22,451 - INFO - Epoch [23/200] train_loss: 4.4929, val_loss: 5.3009, lr: 0.003000, 4.47s
2024-04-24 16:30:26,797 - INFO - epoch complete!
2024-04-24 16:30:26,797 - INFO - evaluating now!
2024-04-24 16:30:27,022 - INFO - Epoch [24/200] train_loss: 4.4894, val_loss: 5.1102, lr: 0.003000, 4.57s
2024-04-24 16:30:27,035 - INFO - Saved model at 24
2024-04-24 16:30:27,036 - INFO - Val loss decrease from 5.2762 to 5.1102, saving to ./libcity/cache/0/model_cache/AGCRN_CHITaxi20190406_epoch24.tar
2024-04-24 16:30:31,372 - INFO - epoch complete!
2024-04-24 16:30:31,372 - INFO - evaluating now!
2024-04-24 16:30:31,621 - INFO - Epoch [25/200] train_loss: 4.3770, val_loss: 5.2836, lr: 0.003000, 4.58s
2024-04-24 16:30:35,987 - INFO - epoch complete!
2024-04-24 16:30:35,987 - INFO - evaluating now!
2024-04-24 16:30:36,199 - INFO - Epoch [26/200] train_loss: 4.3562, val_loss: 5.1534, lr: 0.003000, 4.58s
2024-04-24 16:30:40,443 - INFO - epoch complete!
2024-04-24 16:30:40,443 - INFO - evaluating now!
2024-04-24 16:30:40,685 - INFO - Epoch [27/200] train_loss: 4.3143, val_loss: 5.2034, lr: 0.003000, 4.48s
2024-04-24 16:30:45,038 - INFO - epoch complete!
2024-04-24 16:30:45,038 - INFO - evaluating now!
2024-04-24 16:30:45,259 - INFO - Epoch [28/200] train_loss: 4.2793, val_loss: 5.0261, lr: 0.003000, 4.57s
2024-04-24 16:30:45,272 - INFO - Saved model at 28
2024-04-24 16:30:45,272 - INFO - Val loss decrease from 5.1102 to 5.0261, saving to ./libcity/cache/0/model_cache/AGCRN_CHITaxi20190406_epoch28.tar
2024-04-24 16:30:49,646 - INFO - epoch complete!
2024-04-24 16:30:49,647 - INFO - evaluating now!
2024-04-24 16:30:49,875 - INFO - Epoch [29/200] train_loss: 4.2404, val_loss: 5.0489, lr: 0.003000, 4.60s
2024-04-24 16:30:54,427 - INFO - epoch complete!
2024-04-24 16:30:54,427 - INFO - evaluating now!
2024-04-24 16:30:54,665 - INFO - Epoch [30/200] train_loss: 4.1913, val_loss: 5.0948, lr: 0.003000, 4.79s
2024-04-24 16:30:58,970 - INFO - epoch complete!
2024-04-24 16:30:58,970 - INFO - evaluating now!
2024-04-24 16:30:59,191 - INFO - Epoch [31/200] train_loss: 4.1790, val_loss: 5.2076, lr: 0.003000, 4.53s
2024-04-24 16:31:03,499 - INFO - epoch complete!
2024-04-24 16:31:03,499 - INFO - evaluating now!
2024-04-24 16:31:03,723 - INFO - Epoch [32/200] train_loss: 4.1200, val_loss: 5.1270, lr: 0.003000, 4.53s
2024-04-24 16:31:08,018 - INFO - epoch complete!
2024-04-24 16:31:08,018 - INFO - evaluating now!
2024-04-24 16:31:08,237 - INFO - Epoch [33/200] train_loss: 4.1135, val_loss: 5.0056, lr: 0.003000, 4.51s
2024-04-24 16:31:08,252 - INFO - Saved model at 33
2024-04-24 16:31:08,252 - INFO - Val loss decrease from 5.0261 to 5.0056, saving to ./libcity/cache/0/model_cache/AGCRN_CHITaxi20190406_epoch33.tar
2024-04-24 16:31:12,501 - INFO - epoch complete!
2024-04-24 16:31:12,501 - INFO - evaluating now!
2024-04-24 16:31:12,751 - INFO - Epoch [34/200] train_loss: 4.0273, val_loss: 5.0818, lr: 0.003000, 4.50s
2024-04-24 16:31:17,022 - INFO - epoch complete!
2024-04-24 16:31:17,022 - INFO - evaluating now!
2024-04-24 16:31:17,247 - INFO - Epoch [35/200] train_loss: 4.0795, val_loss: 5.0789, lr: 0.003000, 4.50s
2024-04-24 16:31:21,468 - INFO - epoch complete!
2024-04-24 16:31:21,468 - INFO - evaluating now!
2024-04-24 16:31:21,705 - INFO - Epoch [36/200] train_loss: 4.0051, val_loss: 4.9573, lr: 0.003000, 4.46s
2024-04-24 16:31:21,720 - INFO - Saved model at 36
2024-04-24 16:31:21,720 - INFO - Val loss decrease from 5.0056 to 4.9573, saving to ./libcity/cache/0/model_cache/AGCRN_CHITaxi20190406_epoch36.tar
2024-04-24 16:31:25,938 - INFO - epoch complete!
2024-04-24 16:31:25,939 - INFO - evaluating now!
2024-04-24 16:31:26,155 - INFO - Epoch [37/200] train_loss: 4.0067, val_loss: 5.1100, lr: 0.003000, 4.43s
2024-04-24 16:31:30,374 - INFO - epoch complete!
2024-04-24 16:31:30,374 - INFO - evaluating now!
2024-04-24 16:31:30,593 - INFO - Epoch [38/200] train_loss: 3.9506, val_loss: 5.0578, lr: 0.003000, 4.44s
2024-04-24 16:31:34,816 - INFO - epoch complete!
2024-04-24 16:31:34,816 - INFO - evaluating now!
2024-04-24 16:31:35,034 - INFO - Epoch [39/200] train_loss: 3.9335, val_loss: 5.0389, lr: 0.003000, 4.44s
2024-04-24 16:31:39,269 - INFO - epoch complete!
2024-04-24 16:31:39,269 - INFO - evaluating now!
2024-04-24 16:31:39,488 - INFO - Epoch [40/200] train_loss: 3.8974, val_loss: 5.0203, lr: 0.003000, 4.45s
2024-04-24 16:31:43,711 - INFO - epoch complete!
2024-04-24 16:31:43,711 - INFO - evaluating now!
2024-04-24 16:31:43,930 - INFO - Epoch [41/200] train_loss: 3.8545, val_loss: 4.9026, lr: 0.003000, 4.44s
2024-04-24 16:31:43,945 - INFO - Saved model at 41
2024-04-24 16:31:43,945 - INFO - Val loss decrease from 4.9573 to 4.9026, saving to ./libcity/cache/0/model_cache/AGCRN_CHITaxi20190406_epoch41.tar
2024-04-24 16:31:48,164 - INFO - epoch complete!
2024-04-24 16:31:48,164 - INFO - evaluating now!
2024-04-24 16:31:48,382 - INFO - Epoch [42/200] train_loss: 3.8612, val_loss: 4.9371, lr: 0.003000, 4.44s
2024-04-24 16:31:52,618 - INFO - epoch complete!
2024-04-24 16:31:52,618 - INFO - evaluating now!
2024-04-24 16:31:52,852 - INFO - Epoch [43/200] train_loss: 3.8622, val_loss: 5.0913, lr: 0.003000, 4.47s
2024-04-24 16:31:57,086 - INFO - epoch complete!
2024-04-24 16:31:57,086 - INFO - evaluating now!
2024-04-24 16:31:57,305 - INFO - Epoch [44/200] train_loss: 3.8368, val_loss: 5.0051, lr: 0.003000, 4.45s
2024-04-24 16:32:01,554 - INFO - epoch complete!
2024-04-24 16:32:01,554 - INFO - evaluating now!
2024-04-24 16:32:01,775 - INFO - Epoch [45/200] train_loss: 3.8140, val_loss: 4.9907, lr: 0.003000, 4.47s
2024-04-24 16:32:06,007 - INFO - epoch complete!
2024-04-24 16:32:06,007 - INFO - evaluating now!
2024-04-24 16:32:06,226 - INFO - Epoch [46/200] train_loss: 3.7898, val_loss: 5.0941, lr: 0.003000, 4.45s
2024-04-24 16:32:10,473 - INFO - epoch complete!
2024-04-24 16:32:10,473 - INFO - evaluating now!
2024-04-24 16:32:10,691 - INFO - Epoch [47/200] train_loss: 3.7645, val_loss: 5.1155, lr: 0.003000, 4.47s
2024-04-24 16:32:14,933 - INFO - epoch complete!
2024-04-24 16:32:14,933 - INFO - evaluating now!
2024-04-24 16:32:15,152 - INFO - Epoch [48/200] train_loss: 3.7524, val_loss: 4.8736, lr: 0.003000, 4.46s
2024-04-24 16:32:15,168 - INFO - Saved model at 48
2024-04-24 16:32:15,168 - INFO - Val loss decrease from 4.9026 to 4.8736, saving to ./libcity/cache/0/model_cache/AGCRN_CHITaxi20190406_epoch48.tar
2024-04-24 16:32:19,488 - INFO - epoch complete!
2024-04-24 16:32:19,488 - INFO - evaluating now!
2024-04-24 16:32:19,707 - INFO - Epoch [49/200] train_loss: 3.7137, val_loss: 4.9493, lr: 0.003000, 4.54s
2024-04-24 16:32:23,969 - INFO - epoch complete!
2024-04-24 16:32:23,969 - INFO - evaluating now!
2024-04-24 16:32:24,195 - INFO - Epoch [50/200] train_loss: 3.7011, val_loss: 5.0697, lr: 0.003000, 4.49s
2024-04-24 16:32:28,420 - INFO - epoch complete!
2024-04-24 16:32:28,420 - INFO - evaluating now!
2024-04-24 16:32:28,650 - INFO - Epoch [51/200] train_loss: 3.6996, val_loss: 4.9422, lr: 0.003000, 4.45s
2024-04-24 16:32:32,956 - INFO - epoch complete!
2024-04-24 16:32:32,956 - INFO - evaluating now!
2024-04-24 16:32:33,222 - INFO - Epoch [52/200] train_loss: 3.6717, val_loss: 4.9081, lr: 0.003000, 4.57s
2024-04-24 16:32:37,440 - INFO - epoch complete!
2024-04-24 16:32:37,440 - INFO - evaluating now!
2024-04-24 16:32:37,659 - INFO - Epoch [53/200] train_loss: 3.6458, val_loss: 4.9435, lr: 0.003000, 4.44s
2024-04-24 16:32:41,877 - INFO - epoch complete!
2024-04-24 16:32:41,877 - INFO - evaluating now!
2024-04-24 16:32:42,118 - INFO - Epoch [54/200] train_loss: 3.6591, val_loss: 4.9542, lr: 0.003000, 4.46s
2024-04-24 16:32:46,376 - INFO - epoch complete!
2024-04-24 16:32:46,376 - INFO - evaluating now!
2024-04-24 16:32:46,610 - INFO - Epoch [55/200] train_loss: 3.6329, val_loss: 5.1135, lr: 0.003000, 4.49s
2024-04-24 16:32:50,907 - INFO - epoch complete!
2024-04-24 16:32:50,907 - INFO - evaluating now!
2024-04-24 16:32:51,126 - INFO - Epoch [56/200] train_loss: 3.6261, val_loss: 4.7991, lr: 0.003000, 4.52s
2024-04-24 16:32:51,141 - INFO - Saved model at 56
2024-04-24 16:32:51,141 - INFO - Val loss decrease from 4.8736 to 4.7991, saving to ./libcity/cache/0/model_cache/AGCRN_CHITaxi20190406_epoch56.tar
2024-04-24 16:32:55,389 - INFO - epoch complete!
2024-04-24 16:32:55,389 - INFO - evaluating now!
2024-04-24 16:32:55,624 - INFO - Epoch [57/200] train_loss: 3.5835, val_loss: 4.9951, lr: 0.003000, 4.48s
2024-04-24 16:32:59,875 - INFO - epoch complete!
2024-04-24 16:32:59,875 - INFO - evaluating now!
2024-04-24 16:33:00,093 - INFO - Epoch [58/200] train_loss: 3.5778, val_loss: 5.0162, lr: 0.003000, 4.47s
2024-04-24 16:33:04,341 - INFO - epoch complete!
2024-04-24 16:33:04,341 - INFO - evaluating now!
2024-04-24 16:33:04,560 - INFO - Epoch [59/200] train_loss: 3.5857, val_loss: 4.9925, lr: 0.003000, 4.47s
2024-04-24 16:33:08,767 - INFO - epoch complete!
2024-04-24 16:33:08,767 - INFO - evaluating now!
2024-04-24 16:33:09,002 - INFO - Epoch [60/200] train_loss: 3.5719, val_loss: 4.7939, lr: 0.003000, 4.44s
2024-04-24 16:33:09,017 - INFO - Saved model at 60
2024-04-24 16:33:09,017 - INFO - Val loss decrease from 4.7991 to 4.7939, saving to ./libcity/cache/0/model_cache/AGCRN_CHITaxi20190406_epoch60.tar
2024-04-24 16:33:13,267 - INFO - epoch complete!
2024-04-24 16:33:13,267 - INFO - evaluating now!
2024-04-24 16:33:13,486 - INFO - Epoch [61/200] train_loss: 3.5461, val_loss: 4.9191, lr: 0.003000, 4.47s
2024-04-24 16:33:17,720 - INFO - epoch complete!
2024-04-24 16:33:17,720 - INFO - evaluating now!
2024-04-24 16:33:17,939 - INFO - Epoch [62/200] train_loss: 3.5024, val_loss: 4.8839, lr: 0.003000, 4.45s
2024-04-24 16:33:22,128 - INFO - epoch complete!
2024-04-24 16:33:22,128 - INFO - evaluating now!
2024-04-24 16:33:22,347 - INFO - Epoch [63/200] train_loss: 3.4992, val_loss: 4.8723, lr: 0.003000, 4.41s
2024-04-24 16:33:26,535 - INFO - epoch complete!
2024-04-24 16:33:26,535 - INFO - evaluating now!
2024-04-24 16:33:26,754 - INFO - Epoch [64/200] train_loss: 3.5564, val_loss: 4.9571, lr: 0.003000, 4.41s
2024-04-24 16:33:30,956 - INFO - epoch complete!
2024-04-24 16:33:30,956 - INFO - evaluating now!
2024-04-24 16:33:31,175 - INFO - Epoch [65/200] train_loss: 3.4793, val_loss: 4.9661, lr: 0.003000, 4.42s
2024-04-24 16:33:35,347 - INFO - epoch complete!
2024-04-24 16:33:35,347 - INFO - evaluating now!
2024-04-24 16:33:35,565 - INFO - Epoch [66/200] train_loss: 3.4636, val_loss: 4.9294, lr: 0.003000, 4.39s
2024-04-24 16:33:39,772 - INFO - epoch complete!
2024-04-24 16:33:39,772 - INFO - evaluating now!
2024-04-24 16:33:40,007 - INFO - Epoch [67/200] train_loss: 3.4543, val_loss: 5.0061, lr: 0.003000, 4.44s
2024-04-24 16:33:44,240 - INFO - epoch complete!
2024-04-24 16:33:44,240 - INFO - evaluating now!
2024-04-24 16:33:44,458 - INFO - Epoch [68/200] train_loss: 3.4752, val_loss: 4.8616, lr: 0.003000, 4.45s
2024-04-24 16:33:48,694 - INFO - epoch complete!
2024-04-24 16:33:48,694 - INFO - evaluating now!
2024-04-24 16:33:48,913 - INFO - Epoch [69/200] train_loss: 3.4517, val_loss: 4.8308, lr: 0.003000, 4.45s
2024-04-24 16:33:53,123 - INFO - epoch complete!
2024-04-24 16:33:53,123 - INFO - evaluating now!
2024-04-24 16:33:53,357 - INFO - Epoch [70/200] train_loss: 3.4386, val_loss: 4.9373, lr: 0.003000, 4.44s
2024-04-24 16:33:57,543 - INFO - epoch complete!
2024-04-24 16:33:57,543 - INFO - evaluating now!
2024-04-24 16:33:57,762 - INFO - Epoch [71/200] train_loss: 3.4009, val_loss: 4.9536, lr: 0.003000, 4.40s
2024-04-24 16:34:01,979 - INFO - epoch complete!
2024-04-24 16:34:01,979 - INFO - evaluating now!
2024-04-24 16:34:02,198 - INFO - Epoch [72/200] train_loss: 3.3692, val_loss: 4.9467, lr: 0.003000, 4.44s
2024-04-24 16:34:06,385 - INFO - epoch complete!
2024-04-24 16:34:06,385 - INFO - evaluating now!
2024-04-24 16:34:06,603 - INFO - Epoch [73/200] train_loss: 3.3909, val_loss: 4.9422, lr: 0.003000, 4.41s
2024-04-24 16:34:10,806 - INFO - epoch complete!
2024-04-24 16:34:10,806 - INFO - evaluating now!
2024-04-24 16:34:11,009 - INFO - Epoch [74/200] train_loss: 3.3738, val_loss: 5.0070, lr: 0.003000, 4.41s
2024-04-24 16:34:15,210 - INFO - epoch complete!
2024-04-24 16:34:15,210 - INFO - evaluating now!
2024-04-24 16:34:15,429 - INFO - Epoch [75/200] train_loss: 3.3622, val_loss: 4.9011, lr: 0.003000, 4.42s
2024-04-24 16:34:15,429 - WARNING - Early stopping at epoch: 75
2024-04-24 16:34:15,429 - INFO - Trained totally 76 epochs, average train time is 4.312s, average eval time is 0.225s
2024-04-24 16:34:15,445 - INFO - Loaded model at 60
2024-04-24 16:34:15,445 - INFO - Saved model at ./libcity/cache/0/model_cache/AGCRN_CHITaxi20190406.m
2024-04-24 16:34:15,445 - INFO - Start evaluating ...
2024-04-24 16:34:16,256 - INFO - Note that you select the single mode to evaluate!
2024-04-24 16:34:16,256 - INFO - Evaluate result is saved at ./libcity/cache/0/evaluate_cache\AGCRN_CHITaxi20190406.csv
2024-04-24 16:34:16,256 - INFO - 
         MAE       RMSE
1   2.357570   6.959379
2   2.473834   7.755050
3   2.686048   8.937873
4   2.829807   9.738076
5   2.923008  10.458102
6   3.022772  11.187652
7   3.105675  11.879296
8   3.086648  12.300327
9   3.146622  12.637295
10  3.206585  12.898766
11  3.241275  13.121201
12  3.381372  13.622191
2024-04-24 16:34:16,271 - INFO - ----------------------------------------------------------------------------
2024-04-24 16:34:16,271 - INFO - # 1, Kownledge Graph Embedding: None, Experiment ids: 1
2024-04-24 16:34:16,271 - INFO - ----------------------------------------------------------------------------
2024-04-24 16:34:16,271 - INFO - Log directory: ./libcity/log
2024-04-24 16:34:16,271 - INFO - Begin pipeline, task=traffic_state_pred, model_name=AGCRN, dataset_name=CHITaxi20190406, exp_id=1
2024-04-24 16:34:16,271 - INFO - {'task': 'traffic_state_pred', 'model': 'AGCRN', 'dataset': 'CHITaxi20190406', 'saved_model': True, 'train': True, 'embedding_model': 'TransE', 'seed': 1048116737, 'exp_id': 1, 'max_epoch': 200, 'patience': 15, 'output_window': 12, 'load_external': False, 'metrics': ['MAE', 'RMSE'], 'cache_dataset': False, 'dataset_class': 'TrafficStatePointDataset', 'executor': 'TrafficStateExecutor', 'evaluator': 'TrafficStateEvaluator', 'embed_dim': 10, 'rnn_units': 64, 'num_layers': 2, 'cheb_order': 2, 'bidir_adj_mx': True, 'scaler': 'standard', 'normal_external': False, 'ext_scaler': 'none', 'add_time_in_day': False, 'add_day_in_week': False, 'learner': 'adam', 'learning_rate': 0.003, 'lr_decay': False, 'clip_grad_norm': False, 'use_early_stop': True, 'batch_size': 64, 'num_workers': 0, 'pad_with_last_sample': True, 'train_rate': 0.7, 'eval_rate': 0.1, 'input_window': 12, 'gpu': True, 'gpu_id': 0, 'train_loss': 'none', 'epoch': 0, 'weight_decay': 0, 'lr_epsilon': 1e-08, 'lr_beta1': 0.9, 'lr_beta2': 0.999, 'lr_alpha': 0.99, 'lr_momentum': 0, 'lr_scheduler': 'multisteplr', 'lr_decay_ratio': 0.1, 'steps': [5, 20, 40, 70], 'step_size': 10, 'lr_T_max': 30, 'lr_eta_min': 0, 'lr_patience': 10, 'lr_threshold': 0.0001, 'max_grad_norm': 1.0, 'log_level': 'INFO', 'log_every': 1, 'load_best_epoch': True, 'hyper_tune': False, 'evaluator_mode': 'single', 'save_mode': ['csv'], 'geo': {'including_types': ['Point'], 'Point': {}}, 'rel': {'including_types': ['geo'], 'geo': {'cost': 'num'}}, 'dyna': {'including_types': ['state'], 'state': {'entity_id': 'geo_id', 'traffic_speed': 'num'}}, 'data_col': ['inflow', 'outflow'], 'weight_col': 'cost', 'data_files': ['CHITaxi20190406'], 'geo_file': 'CHITaxi20190406', 'rel_file': 'CHITaxi20190406', 'output_dim': 2, 'time_intervals': 4368, 'init_weight_inf_or_zero': 'inf', 'set_weight_link_or_dist': 'dist', 'calculate_weight_adj': True, 'weight_adj_epsilon': 0.1, 'embedding_type': 'area', 'device': device(type='cuda', index=0)}
2024-04-24 16:34:16,271 - INFO - Loaded file CHITaxi20190406.geo, num_nodes=77
2024-04-24 16:34:16,271 - INFO - set_weight_link_or_dist: dist
2024-04-24 16:34:16,271 - INFO - init_weight_inf_or_zero: inf
2024-04-24 16:34:16,287 - INFO - Loaded file CHITaxi20190406.rel, shape=(77, 77)
2024-04-24 16:34:16,287 - INFO - Start Calculate the weight by Gauss kernel!
2024-04-24 16:34:16,287 - INFO - Loading file CHITaxi20190406.dyna
2024-04-24 16:34:16,396 - INFO - Loaded file CHITaxi20190406.dyna, shape=(4368, 77, 2)
2024-04-24 16:34:16,568 - INFO - Dataset created
2024-04-24 16:34:16,568 - INFO - x shape: (4345, 12, 77, 2), y shape: (4345, 12, 77, 2)
2024-04-24 16:34:16,584 - INFO - train	x: (3042, 12, 77, 2), y: (3042, 12, 77, 2)
2024-04-24 16:34:16,584 - INFO - eval	x: (434, 12, 77, 2), y: (434, 12, 77, 2)
2024-04-24 16:34:16,584 - INFO - test	x: (869, 12, 77, 2), y: (869, 12, 77, 2)
2024-04-24 16:34:16,599 - INFO - StandardScaler mean: 11.137838123415046, std: 53.15358218315973
2024-04-24 16:34:16,599 - INFO - NoneScaler
2024-04-24 16:34:16,724 - INFO - AGCRN(
  (encoder): AVWDCRNN(
    (dcrnn_cells): ModuleList(
      (0): AGCRNCell(
        (gate): AVWGCN()
        (update): AVWGCN()
      )
      (1): AGCRNCell(
        (gate): AVWGCN()
        (update): AVWGCN()
      )
    )
  )
  (end_conv): Conv2d(1, 24, kernel_size=(1, 64), stride=(1, 1))
)
2024-04-24 16:34:16,724 - INFO - node_embeddings	torch.Size([77, 10])	cuda:0	True
2024-04-24 16:34:16,724 - INFO - encoder.dcrnn_cells.0.gate.weights_pool	torch.Size([10, 2, 66, 128])	cuda:0	True
2024-04-24 16:34:16,724 - INFO - encoder.dcrnn_cells.0.gate.bias_pool	torch.Size([10, 128])	cuda:0	True
2024-04-24 16:34:16,724 - INFO - encoder.dcrnn_cells.0.update.weights_pool	torch.Size([10, 2, 66, 64])	cuda:0	True
2024-04-24 16:34:16,724 - INFO - encoder.dcrnn_cells.0.update.bias_pool	torch.Size([10, 64])	cuda:0	True
2024-04-24 16:34:16,724 - INFO - encoder.dcrnn_cells.1.gate.weights_pool	torch.Size([10, 2, 128, 128])	cuda:0	True
2024-04-24 16:34:16,724 - INFO - encoder.dcrnn_cells.1.gate.bias_pool	torch.Size([10, 128])	cuda:0	True
2024-04-24 16:34:16,724 - INFO - encoder.dcrnn_cells.1.update.weights_pool	torch.Size([10, 2, 128, 64])	cuda:0	True
2024-04-24 16:34:16,724 - INFO - encoder.dcrnn_cells.1.update.bias_pool	torch.Size([10, 64])	cuda:0	True
2024-04-24 16:34:16,724 - INFO - end_conv.weight	torch.Size([24, 1, 1, 64])	cuda:0	True
2024-04-24 16:34:16,724 - INFO - end_conv.bias	torch.Size([24])	cuda:0	True
2024-04-24 16:34:16,724 - INFO - Total parameter numbers: 751130
2024-04-24 16:34:16,724 - INFO - You select `adam` optimizer.
2024-04-24 16:34:16,724 - WARNING - Received none train loss func and will use the loss func defined in the model.
2024-04-24 16:34:16,724 - INFO - Start training ...
2024-04-24 16:34:16,724 - INFO - num_batches:48
2024-04-24 16:34:20,975 - INFO - epoch complete!
2024-04-24 16:34:20,975 - INFO - evaluating now!
2024-04-24 16:34:21,194 - INFO - Epoch [0/200] train_loss: 24.6577, val_loss: 16.8327, lr: 0.003000, 4.47s
2024-04-24 16:34:21,194 - INFO - Saved model at 0
2024-04-24 16:34:21,194 - INFO - Val loss decrease from inf to 16.8327, saving to ./libcity/cache/1/model_cache/AGCRN_CHITaxi20190406_epoch0.tar
2024-04-24 16:34:25,460 - INFO - epoch complete!
2024-04-24 16:34:25,460 - INFO - evaluating now!
2024-04-24 16:34:25,678 - INFO - Epoch [1/200] train_loss: 13.6910, val_loss: 12.7754, lr: 0.003000, 4.48s
2024-04-24 16:34:25,694 - INFO - Saved model at 1
2024-04-24 16:34:25,694 - INFO - Val loss decrease from 16.8327 to 12.7754, saving to ./libcity/cache/1/model_cache/AGCRN_CHITaxi20190406_epoch1.tar
2024-04-24 16:34:29,939 - INFO - epoch complete!
2024-04-24 16:34:29,955 - INFO - evaluating now!
2024-04-24 16:34:30,174 - INFO - Epoch [2/200] train_loss: 10.4020, val_loss: 9.5307, lr: 0.003000, 4.48s
2024-04-24 16:34:30,189 - INFO - Saved model at 2
2024-04-24 16:34:30,189 - INFO - Val loss decrease from 12.7754 to 9.5307, saving to ./libcity/cache/1/model_cache/AGCRN_CHITaxi20190406_epoch2.tar
2024-04-24 16:34:34,416 - INFO - epoch complete!
2024-04-24 16:34:34,416 - INFO - evaluating now!
2024-04-24 16:34:34,635 - INFO - Epoch [3/200] train_loss: 8.3531, val_loss: 7.8708, lr: 0.003000, 4.45s
2024-04-24 16:34:34,650 - INFO - Saved model at 3
2024-04-24 16:34:34,650 - INFO - Val loss decrease from 9.5307 to 7.8708, saving to ./libcity/cache/1/model_cache/AGCRN_CHITaxi20190406_epoch3.tar
2024-04-24 16:34:38,913 - INFO - epoch complete!
2024-04-24 16:34:38,913 - INFO - evaluating now!
2024-04-24 16:34:39,147 - INFO - Epoch [4/200] train_loss: 7.3599, val_loss: 7.4099, lr: 0.003000, 4.50s
2024-04-24 16:34:39,163 - INFO - Saved model at 4
2024-04-24 16:34:39,163 - INFO - Val loss decrease from 7.8708 to 7.4099, saving to ./libcity/cache/1/model_cache/AGCRN_CHITaxi20190406_epoch4.tar
2024-04-24 16:34:43,404 - INFO - epoch complete!
2024-04-24 16:34:43,404 - INFO - evaluating now!
2024-04-24 16:34:43,638 - INFO - Epoch [5/200] train_loss: 6.6585, val_loss: 6.5378, lr: 0.003000, 4.48s
2024-04-24 16:34:43,685 - INFO - Saved model at 5
2024-04-24 16:34:43,701 - INFO - Val loss decrease from 7.4099 to 6.5378, saving to ./libcity/cache/1/model_cache/AGCRN_CHITaxi20190406_epoch5.tar
2024-04-24 16:34:47,938 - INFO - epoch complete!
2024-04-24 16:34:47,954 - INFO - evaluating now!
2024-04-24 16:34:48,173 - INFO - Epoch [6/200] train_loss: 6.2488, val_loss: 6.3042, lr: 0.003000, 4.46s
2024-04-24 16:34:48,173 - INFO - Saved model at 6
2024-04-24 16:34:48,173 - INFO - Val loss decrease from 6.5378 to 6.3042, saving to ./libcity/cache/1/model_cache/AGCRN_CHITaxi20190406_epoch6.tar
2024-04-24 16:34:52,439 - INFO - epoch complete!
2024-04-24 16:34:52,439 - INFO - evaluating now!
2024-04-24 16:34:52,658 - INFO - Epoch [7/200] train_loss: 5.9532, val_loss: 5.9752, lr: 0.003000, 4.49s
2024-04-24 16:34:52,674 - INFO - Saved model at 7
2024-04-24 16:34:52,674 - INFO - Val loss decrease from 6.3042 to 5.9752, saving to ./libcity/cache/1/model_cache/AGCRN_CHITaxi20190406_epoch7.tar
2024-04-24 16:34:56,925 - INFO - epoch complete!
2024-04-24 16:34:56,925 - INFO - evaluating now!
2024-04-24 16:34:57,144 - INFO - Epoch [8/200] train_loss: 5.7097, val_loss: 5.8551, lr: 0.003000, 4.47s
2024-04-24 16:34:57,160 - INFO - Saved model at 8
2024-04-24 16:34:57,160 - INFO - Val loss decrease from 5.9752 to 5.8551, saving to ./libcity/cache/1/model_cache/AGCRN_CHITaxi20190406_epoch8.tar
2024-04-24 16:35:01,452 - INFO - epoch complete!
2024-04-24 16:35:01,452 - INFO - evaluating now!
2024-04-24 16:35:01,692 - INFO - Epoch [9/200] train_loss: 5.5401, val_loss: 5.6761, lr: 0.003000, 4.53s
2024-04-24 16:35:01,707 - INFO - Saved model at 9
2024-04-24 16:35:01,707 - INFO - Val loss decrease from 5.8551 to 5.6761, saving to ./libcity/cache/1/model_cache/AGCRN_CHITaxi20190406_epoch9.tar
2024-04-24 16:35:06,020 - INFO - epoch complete!
2024-04-24 16:35:06,020 - INFO - evaluating now!
2024-04-24 16:35:06,239 - INFO - Epoch [10/200] train_loss: 5.3322, val_loss: 5.7351, lr: 0.003000, 4.53s
2024-04-24 16:35:10,492 - INFO - epoch complete!
2024-04-24 16:35:10,492 - INFO - evaluating now!
2024-04-24 16:35:10,711 - INFO - Epoch [11/200] train_loss: 5.2010, val_loss: 5.6614, lr: 0.003000, 4.47s
2024-04-24 16:35:10,727 - INFO - Saved model at 11
2024-04-24 16:35:10,727 - INFO - Val loss decrease from 5.6761 to 5.6614, saving to ./libcity/cache/1/model_cache/AGCRN_CHITaxi20190406_epoch11.tar
2024-04-24 16:35:14,980 - INFO - epoch complete!
2024-04-24 16:35:14,980 - INFO - evaluating now!
2024-04-24 16:35:15,199 - INFO - Epoch [12/200] train_loss: 5.2002, val_loss: 5.7780, lr: 0.003000, 4.47s
2024-04-24 16:35:19,498 - INFO - epoch complete!
2024-04-24 16:35:19,498 - INFO - evaluating now!
2024-04-24 16:35:19,716 - INFO - Epoch [13/200] train_loss: 5.0200, val_loss: 5.4023, lr: 0.003000, 4.52s
2024-04-24 16:35:19,732 - INFO - Saved model at 13
2024-04-24 16:35:19,732 - INFO - Val loss decrease from 5.6614 to 5.4023, saving to ./libcity/cache/1/model_cache/AGCRN_CHITaxi20190406_epoch13.tar
2024-04-24 16:35:23,985 - INFO - epoch complete!
2024-04-24 16:35:23,985 - INFO - evaluating now!
2024-04-24 16:35:24,204 - INFO - Epoch [14/200] train_loss: 4.9509, val_loss: 5.4041, lr: 0.003000, 4.47s
2024-04-24 16:35:28,443 - INFO - epoch complete!
2024-04-24 16:35:28,443 - INFO - evaluating now!
2024-04-24 16:35:28,661 - INFO - Epoch [15/200] train_loss: 4.8007, val_loss: 5.5016, lr: 0.003000, 4.46s
2024-04-24 16:35:32,945 - INFO - epoch complete!
2024-04-24 16:35:32,945 - INFO - evaluating now!
2024-04-24 16:35:33,159 - INFO - Epoch [16/200] train_loss: 4.7608, val_loss: 5.3084, lr: 0.003000, 4.50s
2024-04-24 16:35:33,175 - INFO - Saved model at 16
2024-04-24 16:35:33,175 - INFO - Val loss decrease from 5.4023 to 5.3084, saving to ./libcity/cache/1/model_cache/AGCRN_CHITaxi20190406_epoch16.tar
2024-04-24 16:35:37,457 - INFO - epoch complete!
2024-04-24 16:35:37,457 - INFO - evaluating now!
2024-04-24 16:35:37,676 - INFO - Epoch [17/200] train_loss: 4.7258, val_loss: 5.4115, lr: 0.003000, 4.50s
2024-04-24 16:35:41,935 - INFO - epoch complete!
2024-04-24 16:35:41,935 - INFO - evaluating now!
2024-04-24 16:35:42,185 - INFO - Epoch [18/200] train_loss: 4.6504, val_loss: 5.4723, lr: 0.003000, 4.51s
2024-04-24 16:35:46,497 - INFO - epoch complete!
2024-04-24 16:35:46,497 - INFO - evaluating now!
2024-04-24 16:35:46,716 - INFO - Epoch [19/200] train_loss: 4.5633, val_loss: 5.2380, lr: 0.003000, 4.53s
2024-04-24 16:35:46,731 - INFO - Saved model at 19
2024-04-24 16:35:46,731 - INFO - Val loss decrease from 5.3084 to 5.2380, saving to ./libcity/cache/1/model_cache/AGCRN_CHITaxi20190406_epoch19.tar
2024-04-24 16:35:50,997 - INFO - epoch complete!
2024-04-24 16:35:50,997 - INFO - evaluating now!
2024-04-24 16:35:51,215 - INFO - Epoch [20/200] train_loss: 4.4457, val_loss: 5.3721, lr: 0.003000, 4.48s
2024-04-24 16:35:55,480 - INFO - epoch complete!
2024-04-24 16:35:55,480 - INFO - evaluating now!
2024-04-24 16:35:55,699 - INFO - Epoch [21/200] train_loss: 4.4846, val_loss: 5.2530, lr: 0.003000, 4.48s
2024-04-24 16:35:59,923 - INFO - epoch complete!
2024-04-24 16:35:59,923 - INFO - evaluating now!
2024-04-24 16:36:00,164 - INFO - Epoch [22/200] train_loss: 4.4706, val_loss: 5.1563, lr: 0.003000, 4.47s
2024-04-24 16:36:00,180 - INFO - Saved model at 22
2024-04-24 16:36:00,180 - INFO - Val loss decrease from 5.2380 to 5.1563, saving to ./libcity/cache/1/model_cache/AGCRN_CHITaxi20190406_epoch22.tar
2024-04-24 16:36:04,499 - INFO - epoch complete!
2024-04-24 16:36:04,499 - INFO - evaluating now!
2024-04-24 16:36:04,720 - INFO - Epoch [23/200] train_loss: 4.3787, val_loss: 5.2548, lr: 0.003000, 4.54s
2024-04-24 16:36:08,940 - INFO - epoch complete!
2024-04-24 16:36:08,940 - INFO - evaluating now!
2024-04-24 16:36:09,144 - INFO - Epoch [24/200] train_loss: 4.2931, val_loss: 5.1963, lr: 0.003000, 4.42s
2024-04-24 16:36:13,472 - INFO - epoch complete!
2024-04-24 16:36:13,472 - INFO - evaluating now!
2024-04-24 16:36:13,691 - INFO - Epoch [25/200] train_loss: 4.2942, val_loss: 5.2074, lr: 0.003000, 4.55s
2024-04-24 16:36:17,948 - INFO - epoch complete!
2024-04-24 16:36:17,948 - INFO - evaluating now!
2024-04-24 16:36:18,174 - INFO - Epoch [26/200] train_loss: 4.2265, val_loss: 5.1293, lr: 0.003000, 4.48s
2024-04-24 16:36:18,174 - INFO - Saved model at 26
2024-04-24 16:36:18,174 - INFO - Val loss decrease from 5.1563 to 5.1293, saving to ./libcity/cache/1/model_cache/AGCRN_CHITaxi20190406_epoch26.tar
2024-04-24 16:36:22,441 - INFO - epoch complete!
2024-04-24 16:36:22,441 - INFO - evaluating now!
2024-04-24 16:36:22,660 - INFO - Epoch [27/200] train_loss: 4.1312, val_loss: 5.0972, lr: 0.003000, 4.49s
2024-04-24 16:36:22,676 - INFO - Saved model at 27
2024-04-24 16:36:22,676 - INFO - Val loss decrease from 5.1293 to 5.0972, saving to ./libcity/cache/1/model_cache/AGCRN_CHITaxi20190406_epoch27.tar
2024-04-24 16:36:26,897 - INFO - epoch complete!
2024-04-24 16:36:26,897 - INFO - evaluating now!
2024-04-24 16:36:27,116 - INFO - Epoch [28/200] train_loss: 4.0914, val_loss: 5.0714, lr: 0.003000, 4.44s
2024-04-24 16:36:27,131 - INFO - Saved model at 28
2024-04-24 16:36:27,131 - INFO - Val loss decrease from 5.0972 to 5.0714, saving to ./libcity/cache/1/model_cache/AGCRN_CHITaxi20190406_epoch28.tar
