2024-04-19 21:06:48,955 - INFO - Log directory: ./libcity/log
2024-04-19 21:06:48,956 - INFO - Begin pipeline, task=traffic_state_pred, model_name=AGCRN, dataset_name=CHITaxi20190406, exp_id=0
2024-04-19 21:06:48,956 - INFO - {'task': 'traffic_state_pred', 'model': 'AGCRN', 'dataset': 'CHITaxi20190406', 'saved_model': True, 'train': True, 'load_external': True, 'seed': 0, 'exp_id': 0, 'max_epoch': 1, 'metrics': ['MAE', 'RMSE'], 'cache_dataset': False, 'dataset_class': 'TrafficStatePointDataset', 'executor': 'TrafficStateExecutor', 'evaluator': 'TrafficStateEvaluator', 'embed_dim': 10, 'rnn_units': 64, 'num_layers': 2, 'cheb_order': 2, 'bidir_adj_mx': True, 'scaler': 'standard', 'normal_external': False, 'ext_scaler': 'none', 'add_time_in_day': False, 'add_day_in_week': False, 'learner': 'adam', 'learning_rate': 0.003, 'lr_decay': False, 'clip_grad_norm': False, 'use_early_stop': True, 'patience': 50, 'batch_size': 64, 'num_workers': 0, 'pad_with_last_sample': True, 'train_rate': 0.7, 'eval_rate': 0.1, 'input_window': 12, 'output_window': 12, 'gpu': True, 'gpu_id': 0, 'train_loss': 'none', 'epoch': 0, 'weight_decay': 0, 'lr_epsilon': 1e-08, 'lr_beta1': 0.9, 'lr_beta2': 0.999, 'lr_alpha': 0.99, 'lr_momentum': 0, 'lr_scheduler': 'multisteplr', 'lr_decay_ratio': 0.1, 'steps': [5, 20, 40, 70], 'step_size': 10, 'lr_T_max': 30, 'lr_eta_min': 0, 'lr_patience': 10, 'lr_threshold': 0.0001, 'max_grad_norm': 1.0, 'log_level': 'INFO', 'log_every': 1, 'load_best_epoch': True, 'hyper_tune': False, 'evaluator_mode': 'single', 'save_mode': ['csv'], 'geo': {'including_types': ['Point'], 'Point': {}}, 'rel': {'including_types': ['geo'], 'geo': {'cost': 'num'}}, 'dyna': {'including_types': ['state'], 'state': {'entity_id': 'geo_id', 'traffic_speed': 'num'}}, 'data_col': ['inflow', 'outflow'], 'weight_col': 'cost', 'data_files': ['CHITaxi20190406'], 'geo_file': 'CHITaxi20190406', 'rel_file': 'CHITaxi20190406', 'output_dim': 2, 'time_intervals': 4368, 'init_weight_inf_or_zero': 'inf', 'set_weight_link_or_dist': 'dist', 'calculate_weight_adj': True, 'weight_adj_epsilon': 0.1, 'device': device(type='cuda', index=0)}
2024-04-19 21:06:48,971 - INFO - Loaded file CHITaxi20190406.geo, num_nodes=77
2024-04-19 21:06:48,978 - INFO - set_weight_link_or_dist: dist
2024-04-19 21:06:48,978 - INFO - init_weight_inf_or_zero: inf
2024-04-19 21:06:48,994 - INFO - Loaded file CHITaxi20190406.rel, shape=(77, 77)
2024-04-19 21:06:48,994 - INFO - Start Calculate the weight by Gauss kernel!
2024-04-19 21:06:48,994 - INFO - Loading file CHITaxi20190406.dyna
2024-04-19 21:06:49,180 - INFO - Loaded file CHITaxi20190406.dyna, shape=(4368, 77, 2)
2024-04-19 21:06:51,828 - INFO - Dataset created
2024-04-19 21:06:51,829 - INFO - x shape: (4345, 12, 77, 34), y shape: (4345, 12, 77, 34)
2024-04-19 21:06:51,973 - INFO - train	x: (3042, 12, 77, 34), y: (3042, 12, 77, 34)
2024-04-19 21:06:51,973 - INFO - eval	x: (434, 12, 77, 34), y: (434, 12, 77, 34)
2024-04-19 21:06:51,973 - INFO - test	x: (869, 12, 77, 34), y: (869, 12, 77, 34)
2024-04-19 21:06:52,172 - INFO - StandardScaler mean: 11.137838123415046, std: 53.15358218315973
2024-04-19 21:06:52,172 - INFO - NoneScaler
2024-04-19 21:06:56,077 - INFO - AGCRN(
  (encoder): AVWDCRNN(
    (dcrnn_cells): ModuleList(
      (0): AGCRNCell(
        (gate): AVWGCN()
        (update): AVWGCN()
      )
      (1): AGCRNCell(
        (gate): AVWGCN()
        (update): AVWGCN()
      )
    )
  )
  (end_conv): Conv2d(1, 24, kernel_size=(1, 64), stride=(1, 1))
)
2024-04-19 21:06:56,077 - INFO - node_embeddings	torch.Size([77, 10])	cuda:0	True
2024-04-19 21:06:56,077 - INFO - encoder.dcrnn_cells.0.gate.weights_pool	torch.Size([10, 2, 98, 128])	cuda:0	True
2024-04-19 21:06:56,078 - INFO - encoder.dcrnn_cells.0.gate.bias_pool	torch.Size([10, 128])	cuda:0	True
2024-04-19 21:06:56,078 - INFO - encoder.dcrnn_cells.0.update.weights_pool	torch.Size([10, 2, 98, 64])	cuda:0	True
2024-04-19 21:06:56,078 - INFO - encoder.dcrnn_cells.0.update.bias_pool	torch.Size([10, 64])	cuda:0	True
2024-04-19 21:06:56,078 - INFO - encoder.dcrnn_cells.1.gate.weights_pool	torch.Size([10, 2, 128, 128])	cuda:0	True
2024-04-19 21:06:56,078 - INFO - encoder.dcrnn_cells.1.gate.bias_pool	torch.Size([10, 128])	cuda:0	True
2024-04-19 21:06:56,078 - INFO - encoder.dcrnn_cells.1.update.weights_pool	torch.Size([10, 2, 128, 64])	cuda:0	True
2024-04-19 21:06:56,078 - INFO - encoder.dcrnn_cells.1.update.bias_pool	torch.Size([10, 64])	cuda:0	True
2024-04-19 21:06:56,078 - INFO - end_conv.weight	torch.Size([24, 1, 1, 64])	cuda:0	True
2024-04-19 21:06:56,079 - INFO - end_conv.bias	torch.Size([24])	cuda:0	True
2024-04-19 21:06:56,079 - INFO - Total parameter numbers: 874010
2024-04-19 21:06:56,079 - INFO - You select `adam` optimizer.
2024-04-19 21:06:56,079 - WARNING - Received none train loss func and will use the loss func defined in the model.
2024-04-19 21:06:56,079 - INFO - Start training ...
2024-04-19 21:06:56,079 - INFO - num_batches:48
2024-04-19 21:07:18,266 - INFO - epoch complete!
2024-04-19 21:07:18,266 - INFO - evaluating now!
2024-04-19 21:07:19,660 - INFO - Epoch [0/1] train_loss: 24.4307, val_loss: 18.6171, lr: 0.003000, 23.58s
2024-04-19 21:07:19,689 - INFO - Saved model at 0
2024-04-19 21:07:19,689 - INFO - Val loss decrease from inf to 18.6171, saving to ./libcity/cache/0/model_cache/AGCRN_CHITaxi20190406_epoch0.tar
2024-04-19 21:07:19,689 - INFO - Trained totally 1 epochs, average train time is 22.188s, average eval time is 1.393s
2024-04-19 21:07:19,703 - INFO - Loaded model at 0
2024-04-19 21:07:19,703 - INFO - Saved model at ./libcity/cache/0/model_cache/AGCRN_CHITaxi20190406.m
2024-04-19 21:07:19,724 - INFO - Start evaluating ...
2024-04-19 21:07:23,032 - INFO - Note that you select the single mode to evaluate!
2024-04-19 21:07:23,068 - INFO - Evaluate result is saved at ./libcity/cache/0/evaluate_cache\AGCRN_CHITaxi20190406.csv
2024-04-19 21:07:23,084 - INFO - 
         MAE       RMSE
1   8.765265  42.034870
2   8.098851  36.150158
3   8.273009  38.263432
4   8.224081  37.174335
5   8.675397  42.570515
6   8.551255  39.696270
7   8.877394  40.789593
8   9.153468  42.785088
9   8.977074  42.422665
10  8.703515  38.713604
11  9.066477  43.393749
12  8.831037  40.515526
2024-04-19 21:07:23,372 - INFO - ----------------------------------------------------------------------------
2024-04-19 21:07:23,372 - INFO - # 1, Kownledge Graph Embedding: True, Experiment ids: 1
2024-04-19 21:07:23,373 - INFO - ----------------------------------------------------------------------------
2024-04-19 21:07:23,376 - INFO - Log directory: ./libcity/log
2024-04-19 21:07:23,376 - INFO - Begin pipeline, task=traffic_state_pred, model_name=AGCRN, dataset_name=CHITaxi20190406, exp_id=1
2024-04-19 21:07:23,377 - INFO - {'task': 'traffic_state_pred', 'model': 'AGCRN', 'dataset': 'CHITaxi20190406', 'saved_model': True, 'train': True, 'load_external': True, 'seed': 1, 'exp_id': 1, 'max_epoch': 1, 'metrics': ['MAE', 'RMSE'], 'cache_dataset': False, 'dataset_class': 'TrafficStatePointDataset', 'executor': 'TrafficStateExecutor', 'evaluator': 'TrafficStateEvaluator', 'embed_dim': 10, 'rnn_units': 64, 'num_layers': 2, 'cheb_order': 2, 'bidir_adj_mx': True, 'scaler': 'standard', 'normal_external': False, 'ext_scaler': 'none', 'add_time_in_day': False, 'add_day_in_week': False, 'learner': 'adam', 'learning_rate': 0.003, 'lr_decay': False, 'clip_grad_norm': False, 'use_early_stop': True, 'patience': 50, 'batch_size': 64, 'num_workers': 0, 'pad_with_last_sample': True, 'train_rate': 0.7, 'eval_rate': 0.1, 'input_window': 12, 'output_window': 12, 'gpu': True, 'gpu_id': 0, 'train_loss': 'none', 'epoch': 0, 'weight_decay': 0, 'lr_epsilon': 1e-08, 'lr_beta1': 0.9, 'lr_beta2': 0.999, 'lr_alpha': 0.99, 'lr_momentum': 0, 'lr_scheduler': 'multisteplr', 'lr_decay_ratio': 0.1, 'steps': [5, 20, 40, 70], 'step_size': 10, 'lr_T_max': 30, 'lr_eta_min': 0, 'lr_patience': 10, 'lr_threshold': 0.0001, 'max_grad_norm': 1.0, 'log_level': 'INFO', 'log_every': 1, 'load_best_epoch': True, 'hyper_tune': False, 'evaluator_mode': 'single', 'save_mode': ['csv'], 'geo': {'including_types': ['Point'], 'Point': {}}, 'rel': {'including_types': ['geo'], 'geo': {'cost': 'num'}}, 'dyna': {'including_types': ['state'], 'state': {'entity_id': 'geo_id', 'traffic_speed': 'num'}}, 'data_col': ['inflow', 'outflow'], 'weight_col': 'cost', 'data_files': ['CHITaxi20190406'], 'geo_file': 'CHITaxi20190406', 'rel_file': 'CHITaxi20190406', 'output_dim': 2, 'time_intervals': 4368, 'init_weight_inf_or_zero': 'inf', 'set_weight_link_or_dist': 'dist', 'calculate_weight_adj': True, 'weight_adj_epsilon': 0.1, 'device': device(type='cuda', index=0)}
2024-04-19 21:07:23,386 - INFO - Loaded file CHITaxi20190406.geo, num_nodes=77
2024-04-19 21:07:23,397 - INFO - set_weight_link_or_dist: dist
2024-04-19 21:07:23,397 - INFO - init_weight_inf_or_zero: inf
2024-04-19 21:07:23,434 - INFO - Loaded file CHITaxi20190406.rel, shape=(77, 77)
2024-04-19 21:07:23,435 - INFO - Start Calculate the weight by Gauss kernel!
2024-04-19 21:07:23,436 - INFO - Loading file CHITaxi20190406.dyna
2024-04-19 21:07:23,728 - INFO - Loaded file CHITaxi20190406.dyna, shape=(4368, 77, 2)
2024-04-19 21:07:26,528 - INFO - Dataset created
2024-04-19 21:07:26,528 - INFO - x shape: (4345, 12, 77, 34), y shape: (4345, 12, 77, 34)
2024-04-19 21:07:26,725 - INFO - train	x: (3042, 12, 77, 34), y: (3042, 12, 77, 34)
2024-04-19 21:07:26,725 - INFO - eval	x: (434, 12, 77, 34), y: (434, 12, 77, 34)
2024-04-19 21:07:26,725 - INFO - test	x: (869, 12, 77, 34), y: (869, 12, 77, 34)
2024-04-19 21:07:27,037 - INFO - StandardScaler mean: 11.137838123415046, std: 53.15358218315973
2024-04-19 21:07:27,038 - INFO - NoneScaler
2024-04-19 21:07:29,208 - INFO - AGCRN(
  (encoder): AVWDCRNN(
    (dcrnn_cells): ModuleList(
      (0): AGCRNCell(
        (gate): AVWGCN()
        (update): AVWGCN()
      )
      (1): AGCRNCell(
        (gate): AVWGCN()
        (update): AVWGCN()
      )
    )
  )
  (end_conv): Conv2d(1, 24, kernel_size=(1, 64), stride=(1, 1))
)
2024-04-19 21:07:29,208 - INFO - node_embeddings	torch.Size([77, 10])	cuda:0	True
2024-04-19 21:07:29,208 - INFO - encoder.dcrnn_cells.0.gate.weights_pool	torch.Size([10, 2, 98, 128])	cuda:0	True
2024-04-19 21:07:29,209 - INFO - encoder.dcrnn_cells.0.gate.bias_pool	torch.Size([10, 128])	cuda:0	True
2024-04-19 21:07:29,209 - INFO - encoder.dcrnn_cells.0.update.weights_pool	torch.Size([10, 2, 98, 64])	cuda:0	True
2024-04-19 21:07:29,209 - INFO - encoder.dcrnn_cells.0.update.bias_pool	torch.Size([10, 64])	cuda:0	True
2024-04-19 21:07:29,209 - INFO - encoder.dcrnn_cells.1.gate.weights_pool	torch.Size([10, 2, 128, 128])	cuda:0	True
2024-04-19 21:07:29,209 - INFO - encoder.dcrnn_cells.1.gate.bias_pool	torch.Size([10, 128])	cuda:0	True
2024-04-19 21:07:29,209 - INFO - encoder.dcrnn_cells.1.update.weights_pool	torch.Size([10, 2, 128, 64])	cuda:0	True
2024-04-19 21:07:29,210 - INFO - encoder.dcrnn_cells.1.update.bias_pool	torch.Size([10, 64])	cuda:0	True
2024-04-19 21:07:29,210 - INFO - end_conv.weight	torch.Size([24, 1, 1, 64])	cuda:0	True
2024-04-19 21:07:29,210 - INFO - end_conv.bias	torch.Size([24])	cuda:0	True
2024-04-19 21:07:29,210 - INFO - Total parameter numbers: 874010
2024-04-19 21:07:29,210 - INFO - You select `adam` optimizer.
2024-04-19 21:07:29,211 - WARNING - Received none train loss func and will use the loss func defined in the model.
2024-04-19 21:07:29,211 - INFO - Start training ...
2024-04-19 21:07:29,211 - INFO - num_batches:48
2024-04-19 21:07:51,299 - INFO - epoch complete!
2024-04-19 21:07:51,299 - INFO - evaluating now!
2024-04-19 21:07:52,703 - INFO - Epoch [0/1] train_loss: 23.7377, val_loss: 18.5677, lr: 0.003000, 23.49s
2024-04-19 21:07:52,727 - INFO - Saved model at 0
2024-04-19 21:07:52,727 - INFO - Val loss decrease from inf to 18.5677, saving to ./libcity/cache/1/model_cache/AGCRN_CHITaxi20190406_epoch0.tar
2024-04-19 21:07:52,727 - INFO - Trained totally 1 epochs, average train time is 22.087s, average eval time is 1.404s
2024-04-19 21:07:52,740 - INFO - Loaded model at 0
2024-04-19 21:07:52,741 - INFO - Saved model at ./libcity/cache/1/model_cache/AGCRN_CHITaxi20190406.m
2024-04-19 21:07:52,775 - INFO - Start evaluating ...
2024-04-19 21:07:55,767 - INFO - Note that you select the single mode to evaluate!
2024-04-19 21:07:55,770 - INFO - Evaluate result is saved at ./libcity/cache/1/evaluate_cache\AGCRN_CHITaxi20190406.csv
2024-04-19 21:07:55,773 - INFO - 
         MAE       RMSE
1   8.593658  40.639774
2   9.044086  42.505951
3   8.466708  40.068584
4   8.784086  41.542171
5   8.834973  39.428188
6   8.463959  38.622692
7   9.356286  42.707481
8   8.401003  38.562878
9   8.958259  39.381023
10  8.755968  38.724342
11  8.762365  39.268661
12  8.609781  38.238644
2024-04-19 21:07:55,927 - INFO - ----------------------------------------------------------------------------
2024-04-19 21:07:55,927 - INFO - # 2, Kownledge Graph Embedding: True, Experiment ids: 2
2024-04-19 21:07:55,927 - INFO - ----------------------------------------------------------------------------
2024-04-19 21:07:55,935 - INFO - Log directory: ./libcity/log
2024-04-19 21:07:55,935 - INFO - Begin pipeline, task=traffic_state_pred, model_name=AGCRN, dataset_name=CHITaxi20190406, exp_id=2
2024-04-19 21:07:55,935 - INFO - {'task': 'traffic_state_pred', 'model': 'AGCRN', 'dataset': 'CHITaxi20190406', 'saved_model': True, 'train': True, 'load_external': True, 'seed': 2, 'exp_id': 2, 'max_epoch': 1, 'metrics': ['MAE', 'RMSE'], 'cache_dataset': False, 'dataset_class': 'TrafficStatePointDataset', 'executor': 'TrafficStateExecutor', 'evaluator': 'TrafficStateEvaluator', 'embed_dim': 10, 'rnn_units': 64, 'num_layers': 2, 'cheb_order': 2, 'bidir_adj_mx': True, 'scaler': 'standard', 'normal_external': False, 'ext_scaler': 'none', 'add_time_in_day': False, 'add_day_in_week': False, 'learner': 'adam', 'learning_rate': 0.003, 'lr_decay': False, 'clip_grad_norm': False, 'use_early_stop': True, 'patience': 50, 'batch_size': 64, 'num_workers': 0, 'pad_with_last_sample': True, 'train_rate': 0.7, 'eval_rate': 0.1, 'input_window': 12, 'output_window': 12, 'gpu': True, 'gpu_id': 0, 'train_loss': 'none', 'epoch': 0, 'weight_decay': 0, 'lr_epsilon': 1e-08, 'lr_beta1': 0.9, 'lr_beta2': 0.999, 'lr_alpha': 0.99, 'lr_momentum': 0, 'lr_scheduler': 'multisteplr', 'lr_decay_ratio': 0.1, 'steps': [5, 20, 40, 70], 'step_size': 10, 'lr_T_max': 30, 'lr_eta_min': 0, 'lr_patience': 10, 'lr_threshold': 0.0001, 'max_grad_norm': 1.0, 'log_level': 'INFO', 'log_every': 1, 'load_best_epoch': True, 'hyper_tune': False, 'evaluator_mode': 'single', 'save_mode': ['csv'], 'geo': {'including_types': ['Point'], 'Point': {}}, 'rel': {'including_types': ['geo'], 'geo': {'cost': 'num'}}, 'dyna': {'including_types': ['state'], 'state': {'entity_id': 'geo_id', 'traffic_speed': 'num'}}, 'data_col': ['inflow', 'outflow'], 'weight_col': 'cost', 'data_files': ['CHITaxi20190406'], 'geo_file': 'CHITaxi20190406', 'rel_file': 'CHITaxi20190406', 'output_dim': 2, 'time_intervals': 4368, 'init_weight_inf_or_zero': 'inf', 'set_weight_link_or_dist': 'dist', 'calculate_weight_adj': True, 'weight_adj_epsilon': 0.1, 'device': device(type='cuda', index=0)}
2024-04-19 21:07:55,943 - INFO - Loaded file CHITaxi20190406.geo, num_nodes=77
2024-04-19 21:07:55,951 - INFO - set_weight_link_or_dist: dist
2024-04-19 21:07:55,951 - INFO - init_weight_inf_or_zero: inf
2024-04-19 21:07:55,975 - INFO - Loaded file CHITaxi20190406.rel, shape=(77, 77)
2024-04-19 21:07:55,975 - INFO - Start Calculate the weight by Gauss kernel!
2024-04-19 21:07:55,976 - INFO - Loading file CHITaxi20190406.dyna
2024-04-19 21:07:56,201 - INFO - Loaded file CHITaxi20190406.dyna, shape=(4368, 77, 2)
2024-04-19 21:07:58,697 - INFO - Dataset created
2024-04-19 21:07:58,697 - INFO - x shape: (4345, 12, 77, 34), y shape: (4345, 12, 77, 34)
2024-04-19 21:07:58,802 - INFO - train	x: (3042, 12, 77, 34), y: (3042, 12, 77, 34)
2024-04-19 21:07:58,802 - INFO - eval	x: (434, 12, 77, 34), y: (434, 12, 77, 34)
2024-04-19 21:07:58,802 - INFO - test	x: (869, 12, 77, 34), y: (869, 12, 77, 34)
2024-04-19 21:07:59,000 - INFO - StandardScaler mean: 11.137838123415046, std: 53.15358218315973
2024-04-19 21:07:59,001 - INFO - NoneScaler
2024-04-19 21:08:00,753 - INFO - AGCRN(
  (encoder): AVWDCRNN(
    (dcrnn_cells): ModuleList(
      (0): AGCRNCell(
        (gate): AVWGCN()
        (update): AVWGCN()
      )
      (1): AGCRNCell(
        (gate): AVWGCN()
        (update): AVWGCN()
      )
    )
  )
  (end_conv): Conv2d(1, 24, kernel_size=(1, 64), stride=(1, 1))
)
2024-04-19 21:08:00,754 - INFO - node_embeddings	torch.Size([77, 10])	cuda:0	True
2024-04-19 21:08:00,754 - INFO - encoder.dcrnn_cells.0.gate.weights_pool	torch.Size([10, 2, 98, 128])	cuda:0	True
2024-04-19 21:08:00,754 - INFO - encoder.dcrnn_cells.0.gate.bias_pool	torch.Size([10, 128])	cuda:0	True
2024-04-19 21:08:00,755 - INFO - encoder.dcrnn_cells.0.update.weights_pool	torch.Size([10, 2, 98, 64])	cuda:0	True
2024-04-19 21:08:00,755 - INFO - encoder.dcrnn_cells.0.update.bias_pool	torch.Size([10, 64])	cuda:0	True
2024-04-19 21:08:00,755 - INFO - encoder.dcrnn_cells.1.gate.weights_pool	torch.Size([10, 2, 128, 128])	cuda:0	True
2024-04-19 21:08:00,755 - INFO - encoder.dcrnn_cells.1.gate.bias_pool	torch.Size([10, 128])	cuda:0	True
2024-04-19 21:08:00,755 - INFO - encoder.dcrnn_cells.1.update.weights_pool	torch.Size([10, 2, 128, 64])	cuda:0	True
2024-04-19 21:08:00,756 - INFO - encoder.dcrnn_cells.1.update.bias_pool	torch.Size([10, 64])	cuda:0	True
2024-04-19 21:08:00,756 - INFO - end_conv.weight	torch.Size([24, 1, 1, 64])	cuda:0	True
2024-04-19 21:08:00,757 - INFO - end_conv.bias	torch.Size([24])	cuda:0	True
2024-04-19 21:08:00,757 - INFO - Total parameter numbers: 874010
2024-04-19 21:08:00,757 - INFO - You select `adam` optimizer.
2024-04-19 21:08:00,758 - WARNING - Received none train loss func and will use the loss func defined in the model.
2024-04-19 21:08:00,758 - INFO - Start training ...
2024-04-19 21:08:00,758 - INFO - num_batches:48
2024-04-19 21:08:22,286 - INFO - epoch complete!
2024-04-19 21:08:22,287 - INFO - evaluating now!
2024-04-19 21:08:23,701 - INFO - Epoch [0/1] train_loss: 23.0420, val_loss: 18.2773, lr: 0.003000, 22.94s
2024-04-19 21:08:23,724 - INFO - Saved model at 0
2024-04-19 21:08:23,724 - INFO - Val loss decrease from inf to 18.2773, saving to ./libcity/cache/2/model_cache/AGCRN_CHITaxi20190406_epoch0.tar
2024-04-19 21:08:23,724 - INFO - Trained totally 1 epochs, average train time is 21.528s, average eval time is 1.414s
2024-04-19 21:08:23,740 - INFO - Loaded model at 0
2024-04-19 21:08:23,740 - INFO - Saved model at ./libcity/cache/2/model_cache/AGCRN_CHITaxi20190406.m
2024-04-19 21:08:23,776 - INFO - Start evaluating ...
2024-04-19 21:08:26,667 - INFO - Note that you select the single mode to evaluate!
2024-04-19 21:08:26,670 - INFO - Evaluate result is saved at ./libcity/cache/2/evaluate_cache\AGCRN_CHITaxi20190406.csv
2024-04-19 21:08:26,673 - INFO - 
         MAE       RMSE
1   8.432014  39.516193
2   8.301276  39.571545
3   8.172892  34.660393
4   8.903040  41.806915
5   8.461212  40.319027
6   8.853163  41.095882
7   8.566292  39.460991
8   9.014716  39.890034
9   8.779716  40.106995
10  8.629877  37.708603
11  9.031729  40.938423
12  9.103160  38.364597
2024-04-19 21:08:26,818 - INFO - ----------------------------------------------------------------------------
2024-04-19 21:08:26,819 - INFO - # 3, Kownledge Graph Embedding: True, Experiment ids: 3
2024-04-19 21:08:26,819 - INFO - ----------------------------------------------------------------------------
2024-04-19 21:08:26,822 - INFO - Log directory: ./libcity/log
2024-04-19 21:08:26,822 - INFO - Begin pipeline, task=traffic_state_pred, model_name=AGCRN, dataset_name=CHITaxi20190406, exp_id=3
2024-04-19 21:08:26,823 - INFO - {'task': 'traffic_state_pred', 'model': 'AGCRN', 'dataset': 'CHITaxi20190406', 'saved_model': True, 'train': True, 'load_external': True, 'seed': 3, 'exp_id': 3, 'max_epoch': 1, 'metrics': ['MAE', 'RMSE'], 'cache_dataset': False, 'dataset_class': 'TrafficStatePointDataset', 'executor': 'TrafficStateExecutor', 'evaluator': 'TrafficStateEvaluator', 'embed_dim': 10, 'rnn_units': 64, 'num_layers': 2, 'cheb_order': 2, 'bidir_adj_mx': True, 'scaler': 'standard', 'normal_external': False, 'ext_scaler': 'none', 'add_time_in_day': False, 'add_day_in_week': False, 'learner': 'adam', 'learning_rate': 0.003, 'lr_decay': False, 'clip_grad_norm': False, 'use_early_stop': True, 'patience': 50, 'batch_size': 64, 'num_workers': 0, 'pad_with_last_sample': True, 'train_rate': 0.7, 'eval_rate': 0.1, 'input_window': 12, 'output_window': 12, 'gpu': True, 'gpu_id': 0, 'train_loss': 'none', 'epoch': 0, 'weight_decay': 0, 'lr_epsilon': 1e-08, 'lr_beta1': 0.9, 'lr_beta2': 0.999, 'lr_alpha': 0.99, 'lr_momentum': 0, 'lr_scheduler': 'multisteplr', 'lr_decay_ratio': 0.1, 'steps': [5, 20, 40, 70], 'step_size': 10, 'lr_T_max': 30, 'lr_eta_min': 0, 'lr_patience': 10, 'lr_threshold': 0.0001, 'max_grad_norm': 1.0, 'log_level': 'INFO', 'log_every': 1, 'load_best_epoch': True, 'hyper_tune': False, 'evaluator_mode': 'single', 'save_mode': ['csv'], 'geo': {'including_types': ['Point'], 'Point': {}}, 'rel': {'including_types': ['geo'], 'geo': {'cost': 'num'}}, 'dyna': {'including_types': ['state'], 'state': {'entity_id': 'geo_id', 'traffic_speed': 'num'}}, 'data_col': ['inflow', 'outflow'], 'weight_col': 'cost', 'data_files': ['CHITaxi20190406'], 'geo_file': 'CHITaxi20190406', 'rel_file': 'CHITaxi20190406', 'output_dim': 2, 'time_intervals': 4368, 'init_weight_inf_or_zero': 'inf', 'set_weight_link_or_dist': 'dist', 'calculate_weight_adj': True, 'weight_adj_epsilon': 0.1, 'device': device(type='cuda', index=0)}
2024-04-19 21:08:26,830 - INFO - Loaded file CHITaxi20190406.geo, num_nodes=77
2024-04-19 21:08:26,837 - INFO - set_weight_link_or_dist: dist
2024-04-19 21:08:26,837 - INFO - init_weight_inf_or_zero: inf
2024-04-19 21:08:26,853 - INFO - Loaded file CHITaxi20190406.rel, shape=(77, 77)
2024-04-19 21:08:26,853 - INFO - Start Calculate the weight by Gauss kernel!
2024-04-19 21:08:26,854 - INFO - Loading file CHITaxi20190406.dyna
2024-04-19 21:08:27,052 - INFO - Loaded file CHITaxi20190406.dyna, shape=(4368, 77, 2)
2024-04-19 21:08:29,582 - INFO - Dataset created
2024-04-19 21:08:29,582 - INFO - x shape: (4345, 12, 77, 34), y shape: (4345, 12, 77, 34)
2024-04-19 21:08:29,691 - INFO - train	x: (3042, 12, 77, 34), y: (3042, 12, 77, 34)
2024-04-19 21:08:29,692 - INFO - eval	x: (434, 12, 77, 34), y: (434, 12, 77, 34)
2024-04-19 21:08:29,692 - INFO - test	x: (869, 12, 77, 34), y: (869, 12, 77, 34)
2024-04-19 21:08:29,849 - INFO - StandardScaler mean: 11.137838123415046, std: 53.15358218315973
2024-04-19 21:08:29,851 - INFO - NoneScaler
2024-04-19 21:08:31,645 - INFO - AGCRN(
  (encoder): AVWDCRNN(
    (dcrnn_cells): ModuleList(
      (0): AGCRNCell(
        (gate): AVWGCN()
        (update): AVWGCN()
      )
      (1): AGCRNCell(
        (gate): AVWGCN()
        (update): AVWGCN()
      )
    )
  )
  (end_conv): Conv2d(1, 24, kernel_size=(1, 64), stride=(1, 1))
)
2024-04-19 21:08:31,647 - INFO - node_embeddings	torch.Size([77, 10])	cuda:0	True
2024-04-19 21:08:31,648 - INFO - encoder.dcrnn_cells.0.gate.weights_pool	torch.Size([10, 2, 98, 128])	cuda:0	True
2024-04-19 21:08:31,648 - INFO - encoder.dcrnn_cells.0.gate.bias_pool	torch.Size([10, 128])	cuda:0	True
2024-04-19 21:08:31,649 - INFO - encoder.dcrnn_cells.0.update.weights_pool	torch.Size([10, 2, 98, 64])	cuda:0	True
2024-04-19 21:08:31,650 - INFO - encoder.dcrnn_cells.0.update.bias_pool	torch.Size([10, 64])	cuda:0	True
2024-04-19 21:08:31,650 - INFO - encoder.dcrnn_cells.1.gate.weights_pool	torch.Size([10, 2, 128, 128])	cuda:0	True
2024-04-19 21:08:31,651 - INFO - encoder.dcrnn_cells.1.gate.bias_pool	torch.Size([10, 128])	cuda:0	True
2024-04-19 21:08:31,652 - INFO - encoder.dcrnn_cells.1.update.weights_pool	torch.Size([10, 2, 128, 64])	cuda:0	True
2024-04-19 21:08:31,652 - INFO - encoder.dcrnn_cells.1.update.bias_pool	torch.Size([10, 64])	cuda:0	True
2024-04-19 21:08:31,654 - INFO - end_conv.weight	torch.Size([24, 1, 1, 64])	cuda:0	True
2024-04-19 21:08:31,655 - INFO - end_conv.bias	torch.Size([24])	cuda:0	True
2024-04-19 21:08:31,655 - INFO - Total parameter numbers: 874010
2024-04-19 21:08:31,655 - INFO - You select `adam` optimizer.
2024-04-19 21:08:31,656 - WARNING - Received none train loss func and will use the loss func defined in the model.
2024-04-19 21:08:31,656 - INFO - Start training ...
2024-04-19 21:08:31,656 - INFO - num_batches:48
2024-04-19 21:08:53,411 - INFO - epoch complete!
2024-04-19 21:08:53,411 - INFO - evaluating now!
2024-04-19 21:08:54,827 - INFO - Epoch [0/1] train_loss: 24.5544, val_loss: 18.6875, lr: 0.003000, 23.17s
2024-04-19 21:08:54,854 - INFO - Saved model at 0
2024-04-19 21:08:54,854 - INFO - Val loss decrease from inf to 18.6875, saving to ./libcity/cache/3/model_cache/AGCRN_CHITaxi20190406_epoch0.tar
2024-04-19 21:08:54,854 - INFO - Trained totally 1 epochs, average train time is 21.753s, average eval time is 1.415s
2024-04-19 21:08:54,869 - INFO - Loaded model at 0
2024-04-19 21:08:54,870 - INFO - Saved model at ./libcity/cache/3/model_cache/AGCRN_CHITaxi20190406.m
2024-04-19 21:08:54,896 - INFO - Start evaluating ...
2024-04-19 21:08:57,818 - INFO - Note that you select the single mode to evaluate!
2024-04-19 21:08:57,821 - INFO - Evaluate result is saved at ./libcity/cache/3/evaluate_cache\AGCRN_CHITaxi20190406.csv
2024-04-19 21:08:57,826 - INFO - 
         MAE       RMSE
1   9.321251  43.302589
2   8.212655  37.850250
3   8.541368  35.948048
4   8.484603  38.806519
5   8.917671  42.273247
6   8.698999  38.738022
7   8.914246  40.968925
8   9.467536  41.792133
9   8.990407  41.378109
10  8.810672  39.782948
11  9.277422  41.280415
12  9.378762  43.245579
2024-04-19 21:08:57,959 - INFO - ----------------------------------------------------------------------------
2024-04-19 21:08:57,960 - INFO - # 4, Kownledge Graph Embedding: True, Experiment ids: 4
2024-04-19 21:08:57,960 - INFO - ----------------------------------------------------------------------------
2024-04-19 21:08:57,966 - INFO - Log directory: ./libcity/log
2024-04-19 21:08:57,967 - INFO - Begin pipeline, task=traffic_state_pred, model_name=AGCRN, dataset_name=CHITaxi20190406, exp_id=4
2024-04-19 21:08:57,967 - INFO - {'task': 'traffic_state_pred', 'model': 'AGCRN', 'dataset': 'CHITaxi20190406', 'saved_model': True, 'train': True, 'load_external': True, 'seed': 4, 'exp_id': 4, 'max_epoch': 1, 'metrics': ['MAE', 'RMSE'], 'cache_dataset': False, 'dataset_class': 'TrafficStatePointDataset', 'executor': 'TrafficStateExecutor', 'evaluator': 'TrafficStateEvaluator', 'embed_dim': 10, 'rnn_units': 64, 'num_layers': 2, 'cheb_order': 2, 'bidir_adj_mx': True, 'scaler': 'standard', 'normal_external': False, 'ext_scaler': 'none', 'add_time_in_day': False, 'add_day_in_week': False, 'learner': 'adam', 'learning_rate': 0.003, 'lr_decay': False, 'clip_grad_norm': False, 'use_early_stop': True, 'patience': 50, 'batch_size': 64, 'num_workers': 0, 'pad_with_last_sample': True, 'train_rate': 0.7, 'eval_rate': 0.1, 'input_window': 12, 'output_window': 12, 'gpu': True, 'gpu_id': 0, 'train_loss': 'none', 'epoch': 0, 'weight_decay': 0, 'lr_epsilon': 1e-08, 'lr_beta1': 0.9, 'lr_beta2': 0.999, 'lr_alpha': 0.99, 'lr_momentum': 0, 'lr_scheduler': 'multisteplr', 'lr_decay_ratio': 0.1, 'steps': [5, 20, 40, 70], 'step_size': 10, 'lr_T_max': 30, 'lr_eta_min': 0, 'lr_patience': 10, 'lr_threshold': 0.0001, 'max_grad_norm': 1.0, 'log_level': 'INFO', 'log_every': 1, 'load_best_epoch': True, 'hyper_tune': False, 'evaluator_mode': 'single', 'save_mode': ['csv'], 'geo': {'including_types': ['Point'], 'Point': {}}, 'rel': {'including_types': ['geo'], 'geo': {'cost': 'num'}}, 'dyna': {'including_types': ['state'], 'state': {'entity_id': 'geo_id', 'traffic_speed': 'num'}}, 'data_col': ['inflow', 'outflow'], 'weight_col': 'cost', 'data_files': ['CHITaxi20190406'], 'geo_file': 'CHITaxi20190406', 'rel_file': 'CHITaxi20190406', 'output_dim': 2, 'time_intervals': 4368, 'init_weight_inf_or_zero': 'inf', 'set_weight_link_or_dist': 'dist', 'calculate_weight_adj': True, 'weight_adj_epsilon': 0.1, 'device': device(type='cuda', index=0)}
2024-04-19 21:08:57,975 - INFO - Loaded file CHITaxi20190406.geo, num_nodes=77
2024-04-19 21:08:57,981 - INFO - set_weight_link_or_dist: dist
2024-04-19 21:08:57,981 - INFO - init_weight_inf_or_zero: inf
2024-04-19 21:08:57,998 - INFO - Loaded file CHITaxi20190406.rel, shape=(77, 77)
2024-04-19 21:08:57,999 - INFO - Start Calculate the weight by Gauss kernel!
2024-04-19 21:08:58,000 - INFO - Loading file CHITaxi20190406.dyna
2024-04-19 21:08:58,197 - INFO - Loaded file CHITaxi20190406.dyna, shape=(4368, 77, 2)
2024-04-19 21:09:00,572 - INFO - Dataset created
2024-04-19 21:09:00,572 - INFO - x shape: (4345, 12, 77, 34), y shape: (4345, 12, 77, 34)
2024-04-19 21:09:00,683 - INFO - train	x: (3042, 12, 77, 34), y: (3042, 12, 77, 34)
2024-04-19 21:09:00,684 - INFO - eval	x: (434, 12, 77, 34), y: (434, 12, 77, 34)
2024-04-19 21:09:00,684 - INFO - test	x: (869, 12, 77, 34), y: (869, 12, 77, 34)
2024-04-19 21:09:00,846 - INFO - StandardScaler mean: 11.137838123415046, std: 53.15358218315973
2024-04-19 21:09:00,847 - INFO - NoneScaler
2024-04-19 21:09:03,229 - INFO - AGCRN(
  (encoder): AVWDCRNN(
    (dcrnn_cells): ModuleList(
      (0): AGCRNCell(
        (gate): AVWGCN()
        (update): AVWGCN()
      )
      (1): AGCRNCell(
        (gate): AVWGCN()
        (update): AVWGCN()
      )
    )
  )
  (end_conv): Conv2d(1, 24, kernel_size=(1, 64), stride=(1, 1))
)
2024-04-19 21:09:03,231 - INFO - node_embeddings	torch.Size([77, 10])	cuda:0	True
2024-04-19 21:09:03,232 - INFO - encoder.dcrnn_cells.0.gate.weights_pool	torch.Size([10, 2, 98, 128])	cuda:0	True
2024-04-19 21:09:03,233 - INFO - encoder.dcrnn_cells.0.gate.bias_pool	torch.Size([10, 128])	cuda:0	True
2024-04-19 21:09:03,234 - INFO - encoder.dcrnn_cells.0.update.weights_pool	torch.Size([10, 2, 98, 64])	cuda:0	True
2024-04-19 21:09:03,235 - INFO - encoder.dcrnn_cells.0.update.bias_pool	torch.Size([10, 64])	cuda:0	True
2024-04-19 21:09:03,238 - INFO - encoder.dcrnn_cells.1.gate.weights_pool	torch.Size([10, 2, 128, 128])	cuda:0	True
2024-04-19 21:09:03,239 - INFO - encoder.dcrnn_cells.1.gate.bias_pool	torch.Size([10, 128])	cuda:0	True
2024-04-19 21:09:03,240 - INFO - encoder.dcrnn_cells.1.update.weights_pool	torch.Size([10, 2, 128, 64])	cuda:0	True
2024-04-19 21:09:03,241 - INFO - encoder.dcrnn_cells.1.update.bias_pool	torch.Size([10, 64])	cuda:0	True
2024-04-19 21:09:03,242 - INFO - end_conv.weight	torch.Size([24, 1, 1, 64])	cuda:0	True
2024-04-19 21:09:03,242 - INFO - end_conv.bias	torch.Size([24])	cuda:0	True
2024-04-19 21:09:03,243 - INFO - Total parameter numbers: 874010
2024-04-19 21:09:03,244 - INFO - You select `adam` optimizer.
2024-04-19 21:09:03,245 - WARNING - Received none train loss func and will use the loss func defined in the model.
2024-04-19 21:09:03,246 - INFO - Start training ...
2024-04-19 21:09:03,247 - INFO - num_batches:48
2024-04-19 21:09:24,773 - INFO - epoch complete!
2024-04-19 21:09:24,774 - INFO - evaluating now!
2024-04-19 21:09:26,207 - INFO - Epoch [0/1] train_loss: 24.1170, val_loss: 18.8063, lr: 0.003000, 22.96s
2024-04-19 21:09:26,237 - INFO - Saved model at 0
2024-04-19 21:09:26,237 - INFO - Val loss decrease from inf to 18.8063, saving to ./libcity/cache/4/model_cache/AGCRN_CHITaxi20190406_epoch0.tar
2024-04-19 21:09:26,237 - INFO - Trained totally 1 epochs, average train time is 21.525s, average eval time is 1.433s
2024-04-19 21:09:26,252 - INFO - Loaded model at 0
2024-04-19 21:09:26,253 - INFO - Saved model at ./libcity/cache/4/model_cache/AGCRN_CHITaxi20190406.m
2024-04-19 21:09:26,278 - INFO - Start evaluating ...
2024-04-19 21:09:29,589 - INFO - Note that you select the single mode to evaluate!
2024-04-19 21:09:29,596 - INFO - Evaluate result is saved at ./libcity/cache/4/evaluate_cache\AGCRN_CHITaxi20190406.csv
2024-04-19 21:09:29,601 - INFO - 
         MAE       RMSE
1   8.205466  38.537933
2   8.565104  41.712574
3   8.837801  43.315933
4   8.550087  40.433636
5   9.007196  40.846157
6   9.029905  43.856712
7   8.567472  39.190613
8   8.790156  37.291977
9   8.510937  39.134315
10  9.050856  40.949741
11  8.689763  40.513935
12  8.934200  42.671677
2024-04-19 21:09:29,742 - INFO - ----------------------------------------------------------------------------
2024-04-19 21:09:29,742 - INFO - Kownledge Graph Embedding: True, Experiment ids: [0, 1, 2, 3, 4]
2024-04-19 21:09:29,748 - INFO - ----------------------------------------------------------------------------
2024-04-19 21:09:29,752 - INFO - Average: 
         MAE       RMSE
0   8.663531  40.806272
1   8.444394  39.558096
2   8.458356  38.451278
3   8.589179  39.952715
4   8.779290  41.087427
5   8.719456  40.401916
6   8.856338  40.623521
7   8.965376  40.064422
8   8.843278  40.484621
9   8.790178  39.175848
10  8.965551  41.079037
11  8.971388  40.607204 
2024-04-19 21:09:29,756 - INFO - Standard deviation: 
         MAE      RMSE
0   0.377161  1.707538
1   0.336983  2.360618
2   0.230990  3.064402
3   0.237596  1.745215
4   0.192955  1.183845
5   0.204081  1.941614
6   0.290281  1.256541
7   0.357546  2.017846
8   0.182899  1.244041
9   0.143353  1.103232
10  0.214090  1.342760
11  0.258905  2.091451
2024-04-19 21:09:29,761 - INFO - ----------------------------------------------------------------------------
2024-04-19 21:09:29,764 - INFO - 12 steps Average: 
       MAE      RMSE
0  8.75386  40.19103
2024-04-19 21:09:29,768 - INFO - 12 steps Standard deviation: 
        MAE      RMSE
0  0.252237  1.754925
