2024-04-23 00:01:21,135 - INFO - Log directory: ./libcity/log
2024-04-23 00:01:21,136 - INFO - Begin pipeline, task=traffic_state_pred, model_name=AGCRN, dataset_name=CHITaxi20190406, exp_id=1
2024-04-23 00:01:21,136 - INFO - {'task': 'traffic_state_pred', 'model': 'AGCRN', 'dataset': 'CHITaxi20190406', 'saved_model': True, 'train': True, 'embedding_model': 'TransE', 'load_external': False, 'seed': 736784013, 'exp_id': 1, 'max_epoch': 5, 'metrics': ['MAE', 'RMSE'], 'cache_dataset': False, 'dataset_class': 'TrafficStatePointDataset', 'executor': 'TrafficStateExecutor', 'evaluator': 'TrafficStateEvaluator', 'embed_dim': 10, 'rnn_units': 64, 'num_layers': 2, 'cheb_order': 2, 'bidir_adj_mx': True, 'scaler': 'standard', 'normal_external': False, 'ext_scaler': 'none', 'add_time_in_day': False, 'add_day_in_week': False, 'learner': 'adam', 'learning_rate': 0.003, 'lr_decay': False, 'clip_grad_norm': False, 'use_early_stop': True, 'patience': 50, 'batch_size': 64, 'num_workers': 0, 'pad_with_last_sample': True, 'train_rate': 0.7, 'eval_rate': 0.1, 'input_window': 12, 'output_window': 12, 'gpu': True, 'gpu_id': 0, 'train_loss': 'none', 'epoch': 0, 'weight_decay': 0, 'lr_epsilon': 1e-08, 'lr_beta1': 0.9, 'lr_beta2': 0.999, 'lr_alpha': 0.99, 'lr_momentum': 0, 'lr_scheduler': 'multisteplr', 'lr_decay_ratio': 0.1, 'steps': [5, 20, 40, 70], 'step_size': 10, 'lr_T_max': 30, 'lr_eta_min': 0, 'lr_patience': 10, 'lr_threshold': 0.0001, 'max_grad_norm': 1.0, 'log_level': 'INFO', 'log_every': 1, 'load_best_epoch': True, 'hyper_tune': False, 'evaluator_mode': 'single', 'save_mode': ['csv'], 'geo': {'including_types': ['Point'], 'Point': {}}, 'rel': {'including_types': ['geo'], 'geo': {'cost': 'num'}}, 'dyna': {'including_types': ['state'], 'state': {'entity_id': 'geo_id', 'traffic_speed': 'num'}}, 'data_col': ['inflow', 'outflow'], 'weight_col': 'cost', 'data_files': ['CHITaxi20190406'], 'geo_file': 'CHITaxi20190406', 'rel_file': 'CHITaxi20190406', 'output_dim': 2, 'time_intervals': 4368, 'init_weight_inf_or_zero': 'inf', 'set_weight_link_or_dist': 'dist', 'calculate_weight_adj': True, 'weight_adj_epsilon': 0.1, 'embedding_type': 'area', 'device': device(type='cuda', index=0)}
2024-04-23 00:01:21,142 - INFO - Loaded file CHITaxi20190406.geo, num_nodes=77
2024-04-23 00:01:21,148 - INFO - set_weight_link_or_dist: dist
2024-04-23 00:01:21,148 - INFO - init_weight_inf_or_zero: inf
2024-04-23 00:01:21,164 - INFO - Loaded file CHITaxi20190406.rel, shape=(77, 77)
2024-04-23 00:01:21,164 - INFO - Start Calculate the weight by Gauss kernel!
2024-04-23 00:01:21,164 - INFO - Loading file CHITaxi20190406.dyna
2024-04-23 00:01:21,343 - INFO - Loaded file CHITaxi20190406.dyna, shape=(4368, 77, 2)
2024-04-23 00:01:21,568 - INFO - Dataset created
2024-04-23 00:01:21,569 - INFO - x shape: (4345, 12, 77, 2), y shape: (4345, 12, 77, 2)
2024-04-23 00:01:21,579 - INFO - train	x: (3042, 12, 77, 2), y: (3042, 12, 77, 2)
2024-04-23 00:01:21,580 - INFO - eval	x: (434, 12, 77, 2), y: (434, 12, 77, 2)
2024-04-23 00:01:21,580 - INFO - test	x: (869, 12, 77, 2), y: (869, 12, 77, 2)
2024-04-23 00:01:21,618 - INFO - StandardScaler mean: 11.137838123415046, std: 53.15358218315973
2024-04-23 00:01:21,619 - INFO - NoneScaler
2024-04-23 00:01:21,813 - INFO - AGCRN(
  (encoder): AVWDCRNN(
    (dcrnn_cells): ModuleList(
      (0): AGCRNCell(
        (gate): AVWGCN()
        (update): AVWGCN()
      )
      (1): AGCRNCell(
        (gate): AVWGCN()
        (update): AVWGCN()
      )
    )
  )
  (end_conv): Conv2d(1, 24, kernel_size=(1, 64), stride=(1, 1))
)
2024-04-23 00:01:21,814 - INFO - node_embeddings	torch.Size([77, 10])	cuda:0	True
2024-04-23 00:01:21,814 - INFO - encoder.dcrnn_cells.0.gate.weights_pool	torch.Size([10, 2, 66, 128])	cuda:0	True
2024-04-23 00:01:21,814 - INFO - encoder.dcrnn_cells.0.gate.bias_pool	torch.Size([10, 128])	cuda:0	True
2024-04-23 00:01:21,814 - INFO - encoder.dcrnn_cells.0.update.weights_pool	torch.Size([10, 2, 66, 64])	cuda:0	True
2024-04-23 00:01:21,815 - INFO - encoder.dcrnn_cells.0.update.bias_pool	torch.Size([10, 64])	cuda:0	True
2024-04-23 00:01:21,815 - INFO - encoder.dcrnn_cells.1.gate.weights_pool	torch.Size([10, 2, 128, 128])	cuda:0	True
2024-04-23 00:01:21,815 - INFO - encoder.dcrnn_cells.1.gate.bias_pool	torch.Size([10, 128])	cuda:0	True
2024-04-23 00:01:21,815 - INFO - encoder.dcrnn_cells.1.update.weights_pool	torch.Size([10, 2, 128, 64])	cuda:0	True
2024-04-23 00:01:21,815 - INFO - encoder.dcrnn_cells.1.update.bias_pool	torch.Size([10, 64])	cuda:0	True
2024-04-23 00:01:21,815 - INFO - end_conv.weight	torch.Size([24, 1, 1, 64])	cuda:0	True
2024-04-23 00:01:21,816 - INFO - end_conv.bias	torch.Size([24])	cuda:0	True
2024-04-23 00:01:21,816 - INFO - Total parameter numbers: 751130
2024-04-23 00:01:21,816 - INFO - You select `adam` optimizer.
2024-04-23 00:01:21,816 - WARNING - Received none train loss func and will use the loss func defined in the model.
2024-04-23 00:01:21,816 - INFO - Start training ...
2024-04-23 00:01:21,816 - INFO - num_batches:48
2024-04-23 00:01:40,975 - INFO - epoch complete!
2024-04-23 00:01:40,975 - INFO - evaluating now!
2024-04-23 00:01:42,136 - INFO - Epoch [0/5] train_loss: 24.4447, val_loss: 17.5395, lr: 0.003000, 20.32s
2024-04-23 00:01:42,160 - INFO - Saved model at 0
2024-04-23 00:01:42,160 - INFO - Val loss decrease from inf to 17.5395, saving to ./libcity/cache/1/model_cache/AGCRN_CHITaxi20190406_epoch0.tar
2024-04-23 00:02:01,070 - INFO - epoch complete!
2024-04-23 00:02:01,070 - INFO - evaluating now!
2024-04-23 00:02:02,209 - INFO - Epoch [1/5] train_loss: 13.9005, val_loss: 12.9119, lr: 0.003000, 20.05s
2024-04-23 00:02:02,233 - INFO - Saved model at 1
2024-04-23 00:02:02,233 - INFO - Val loss decrease from 17.5395 to 12.9119, saving to ./libcity/cache/1/model_cache/AGCRN_CHITaxi20190406_epoch1.tar
2024-04-23 00:02:21,379 - INFO - epoch complete!
2024-04-23 00:02:21,379 - INFO - evaluating now!
2024-04-23 00:02:22,528 - INFO - Epoch [2/5] train_loss: 10.8238, val_loss: 10.3781, lr: 0.003000, 20.30s
2024-04-23 00:02:22,551 - INFO - Saved model at 2
2024-04-23 00:02:22,551 - INFO - Val loss decrease from 12.9119 to 10.3781, saving to ./libcity/cache/1/model_cache/AGCRN_CHITaxi20190406_epoch2.tar
2024-04-23 00:02:41,862 - INFO - epoch complete!
2024-04-23 00:02:41,862 - INFO - evaluating now!
2024-04-23 00:02:43,017 - INFO - Epoch [3/5] train_loss: 9.0092, val_loss: 8.7503, lr: 0.003000, 20.47s
2024-04-23 00:02:43,039 - INFO - Saved model at 3
2024-04-23 00:02:43,039 - INFO - Val loss decrease from 10.3781 to 8.7503, saving to ./libcity/cache/1/model_cache/AGCRN_CHITaxi20190406_epoch3.tar
2024-04-23 00:03:02,340 - INFO - epoch complete!
2024-04-23 00:03:02,341 - INFO - evaluating now!
2024-04-23 00:03:03,485 - INFO - Epoch [4/5] train_loss: 7.8623, val_loss: 7.4847, lr: 0.003000, 20.45s
2024-04-23 00:03:03,508 - INFO - Saved model at 4
2024-04-23 00:03:03,508 - INFO - Val loss decrease from 8.7503 to 7.4847, saving to ./libcity/cache/1/model_cache/AGCRN_CHITaxi20190406_epoch4.tar
2024-04-23 00:03:03,508 - INFO - Trained totally 5 epochs, average train time is 19.164s, average eval time is 1.149s
2024-04-23 00:03:03,522 - INFO - Loaded model at 4
2024-04-23 00:03:03,523 - INFO - Saved model at ./libcity/cache/1/model_cache/AGCRN_CHITaxi20190406.m
2024-04-23 00:03:03,544 - INFO - Start evaluating ...
2024-04-23 00:03:05,950 - INFO - Note that you select the single mode to evaluate!
2024-04-23 00:03:05,953 - INFO - Evaluate result is saved at ./libcity/cache/1/evaluate_cache\AGCRN_CHITaxi20190406.csv
2024-04-23 00:03:05,957 - INFO - 
         MAE       RMSE
1   3.474685  13.225307
2   3.541245  13.792501
3   3.766147  14.782354
4   3.949644  15.814544
5   4.189106  16.836880
6   4.327647  17.794132
7   4.445180  18.538277
8   4.577007  19.284491
9   4.764943  20.190489
10  4.894429  21.059660
11  5.081182  21.806067
12  5.346325  23.024521
2024-04-23 00:03:05,972 - INFO - ----------------------------------------------------------------------------
2024-04-23 00:03:05,972 - INFO - Kownledge Graph Embedding: False, Experiment ids: [0, 1]
2024-04-23 00:03:05,977 - INFO - ----------------------------------------------------------------------------
2024-04-23 00:03:05,981 - INFO - Average: 
         MAE       RMSE
0   3.395016  13.288952
1   3.439560  13.685240
2   3.659597  14.555814
3   3.838763  15.441972
4   4.025750  16.469178
5   4.169904  17.190312
6   4.315034  18.028500
7   4.459427  18.617758
8   4.658513  19.605157
9   4.817666  20.508743
10  5.023746  21.335607
11  5.294938  22.687236 
2024-04-23 00:03:05,985 - INFO - Standard deviation: 
         MAE      RMSE
0   0.079669  0.063645
1   0.101686  0.107261
2   0.106551  0.226540
3   0.110881  0.372571
4   0.163356  0.367702
5   0.157743  0.603820
6   0.130146  0.509777
7   0.117580  0.666733
8   0.106429  0.585332
9   0.076764  0.550917
10  0.057436  0.470460
11  0.051387  0.337285
2024-04-23 00:03:05,989 - INFO - ----------------------------------------------------------------------------
2024-04-23 00:03:05,993 - INFO - 12 steps Average: 
        MAE       RMSE
0  4.258159  17.617872
2024-04-23 00:03:05,996 - INFO - 12 steps Standard deviation: 
        MAE     RMSE
0  0.104969  0.40517
