2024-04-24 16:34:16,271 - INFO - Log directory: ./libcity/log
2024-04-24 16:34:16,271 - INFO - Begin pipeline, task=traffic_state_pred, model_name=AGCRN, dataset_name=CHITaxi20190406, exp_id=1
2024-04-24 16:34:16,271 - INFO - {'task': 'traffic_state_pred', 'model': 'AGCRN', 'dataset': 'CHITaxi20190406', 'saved_model': True, 'train': True, 'embedding_model': 'TransE', 'seed': 1048116737, 'exp_id': 1, 'max_epoch': 200, 'patience': 15, 'output_window': 12, 'load_external': False, 'metrics': ['MAE', 'RMSE'], 'cache_dataset': False, 'dataset_class': 'TrafficStatePointDataset', 'executor': 'TrafficStateExecutor', 'evaluator': 'TrafficStateEvaluator', 'embed_dim': 10, 'rnn_units': 64, 'num_layers': 2, 'cheb_order': 2, 'bidir_adj_mx': True, 'scaler': 'standard', 'normal_external': False, 'ext_scaler': 'none', 'add_time_in_day': False, 'add_day_in_week': False, 'learner': 'adam', 'learning_rate': 0.003, 'lr_decay': False, 'clip_grad_norm': False, 'use_early_stop': True, 'batch_size': 64, 'num_workers': 0, 'pad_with_last_sample': True, 'train_rate': 0.7, 'eval_rate': 0.1, 'input_window': 12, 'gpu': True, 'gpu_id': 0, 'train_loss': 'none', 'epoch': 0, 'weight_decay': 0, 'lr_epsilon': 1e-08, 'lr_beta1': 0.9, 'lr_beta2': 0.999, 'lr_alpha': 0.99, 'lr_momentum': 0, 'lr_scheduler': 'multisteplr', 'lr_decay_ratio': 0.1, 'steps': [5, 20, 40, 70], 'step_size': 10, 'lr_T_max': 30, 'lr_eta_min': 0, 'lr_patience': 10, 'lr_threshold': 0.0001, 'max_grad_norm': 1.0, 'log_level': 'INFO', 'log_every': 1, 'load_best_epoch': True, 'hyper_tune': False, 'evaluator_mode': 'single', 'save_mode': ['csv'], 'geo': {'including_types': ['Point'], 'Point': {}}, 'rel': {'including_types': ['geo'], 'geo': {'cost': 'num'}}, 'dyna': {'including_types': ['state'], 'state': {'entity_id': 'geo_id', 'traffic_speed': 'num'}}, 'data_col': ['inflow', 'outflow'], 'weight_col': 'cost', 'data_files': ['CHITaxi20190406'], 'geo_file': 'CHITaxi20190406', 'rel_file': 'CHITaxi20190406', 'output_dim': 2, 'time_intervals': 4368, 'init_weight_inf_or_zero': 'inf', 'set_weight_link_or_dist': 'dist', 'calculate_weight_adj': True, 'weight_adj_epsilon': 0.1, 'embedding_type': 'area', 'device': device(type='cuda', index=0)}
2024-04-24 16:34:16,271 - INFO - Loaded file CHITaxi20190406.geo, num_nodes=77
2024-04-24 16:34:16,271 - INFO - set_weight_link_or_dist: dist
2024-04-24 16:34:16,271 - INFO - init_weight_inf_or_zero: inf
2024-04-24 16:34:16,287 - INFO - Loaded file CHITaxi20190406.rel, shape=(77, 77)
2024-04-24 16:34:16,287 - INFO - Start Calculate the weight by Gauss kernel!
2024-04-24 16:34:16,287 - INFO - Loading file CHITaxi20190406.dyna
2024-04-24 16:34:16,396 - INFO - Loaded file CHITaxi20190406.dyna, shape=(4368, 77, 2)
2024-04-24 16:34:16,568 - INFO - Dataset created
2024-04-24 16:34:16,568 - INFO - x shape: (4345, 12, 77, 2), y shape: (4345, 12, 77, 2)
2024-04-24 16:34:16,584 - INFO - train	x: (3042, 12, 77, 2), y: (3042, 12, 77, 2)
2024-04-24 16:34:16,584 - INFO - eval	x: (434, 12, 77, 2), y: (434, 12, 77, 2)
2024-04-24 16:34:16,584 - INFO - test	x: (869, 12, 77, 2), y: (869, 12, 77, 2)
2024-04-24 16:34:16,599 - INFO - StandardScaler mean: 11.137838123415046, std: 53.15358218315973
2024-04-24 16:34:16,599 - INFO - NoneScaler
2024-04-24 16:34:16,724 - INFO - AGCRN(
  (encoder): AVWDCRNN(
    (dcrnn_cells): ModuleList(
      (0): AGCRNCell(
        (gate): AVWGCN()
        (update): AVWGCN()
      )
      (1): AGCRNCell(
        (gate): AVWGCN()
        (update): AVWGCN()
      )
    )
  )
  (end_conv): Conv2d(1, 24, kernel_size=(1, 64), stride=(1, 1))
)
2024-04-24 16:34:16,724 - INFO - node_embeddings	torch.Size([77, 10])	cuda:0	True
2024-04-24 16:34:16,724 - INFO - encoder.dcrnn_cells.0.gate.weights_pool	torch.Size([10, 2, 66, 128])	cuda:0	True
2024-04-24 16:34:16,724 - INFO - encoder.dcrnn_cells.0.gate.bias_pool	torch.Size([10, 128])	cuda:0	True
2024-04-24 16:34:16,724 - INFO - encoder.dcrnn_cells.0.update.weights_pool	torch.Size([10, 2, 66, 64])	cuda:0	True
2024-04-24 16:34:16,724 - INFO - encoder.dcrnn_cells.0.update.bias_pool	torch.Size([10, 64])	cuda:0	True
2024-04-24 16:34:16,724 - INFO - encoder.dcrnn_cells.1.gate.weights_pool	torch.Size([10, 2, 128, 128])	cuda:0	True
2024-04-24 16:34:16,724 - INFO - encoder.dcrnn_cells.1.gate.bias_pool	torch.Size([10, 128])	cuda:0	True
2024-04-24 16:34:16,724 - INFO - encoder.dcrnn_cells.1.update.weights_pool	torch.Size([10, 2, 128, 64])	cuda:0	True
2024-04-24 16:34:16,724 - INFO - encoder.dcrnn_cells.1.update.bias_pool	torch.Size([10, 64])	cuda:0	True
2024-04-24 16:34:16,724 - INFO - end_conv.weight	torch.Size([24, 1, 1, 64])	cuda:0	True
2024-04-24 16:34:16,724 - INFO - end_conv.bias	torch.Size([24])	cuda:0	True
2024-04-24 16:34:16,724 - INFO - Total parameter numbers: 751130
2024-04-24 16:34:16,724 - INFO - You select `adam` optimizer.
2024-04-24 16:34:16,724 - WARNING - Received none train loss func and will use the loss func defined in the model.
2024-04-24 16:34:16,724 - INFO - Start training ...
2024-04-24 16:34:16,724 - INFO - num_batches:48
2024-04-24 16:34:20,975 - INFO - epoch complete!
2024-04-24 16:34:20,975 - INFO - evaluating now!
2024-04-24 16:34:21,194 - INFO - Epoch [0/200] train_loss: 24.6577, val_loss: 16.8327, lr: 0.003000, 4.47s
2024-04-24 16:34:21,194 - INFO - Saved model at 0
2024-04-24 16:34:21,194 - INFO - Val loss decrease from inf to 16.8327, saving to ./libcity/cache/1/model_cache/AGCRN_CHITaxi20190406_epoch0.tar
2024-04-24 16:34:25,460 - INFO - epoch complete!
2024-04-24 16:34:25,460 - INFO - evaluating now!
2024-04-24 16:34:25,678 - INFO - Epoch [1/200] train_loss: 13.6910, val_loss: 12.7754, lr: 0.003000, 4.48s
2024-04-24 16:34:25,694 - INFO - Saved model at 1
2024-04-24 16:34:25,694 - INFO - Val loss decrease from 16.8327 to 12.7754, saving to ./libcity/cache/1/model_cache/AGCRN_CHITaxi20190406_epoch1.tar
2024-04-24 16:34:29,939 - INFO - epoch complete!
2024-04-24 16:34:29,955 - INFO - evaluating now!
2024-04-24 16:34:30,174 - INFO - Epoch [2/200] train_loss: 10.4020, val_loss: 9.5307, lr: 0.003000, 4.48s
2024-04-24 16:34:30,189 - INFO - Saved model at 2
2024-04-24 16:34:30,189 - INFO - Val loss decrease from 12.7754 to 9.5307, saving to ./libcity/cache/1/model_cache/AGCRN_CHITaxi20190406_epoch2.tar
2024-04-24 16:34:34,416 - INFO - epoch complete!
2024-04-24 16:34:34,416 - INFO - evaluating now!
2024-04-24 16:34:34,635 - INFO - Epoch [3/200] train_loss: 8.3531, val_loss: 7.8708, lr: 0.003000, 4.45s
2024-04-24 16:34:34,650 - INFO - Saved model at 3
2024-04-24 16:34:34,650 - INFO - Val loss decrease from 9.5307 to 7.8708, saving to ./libcity/cache/1/model_cache/AGCRN_CHITaxi20190406_epoch3.tar
2024-04-24 16:34:38,913 - INFO - epoch complete!
2024-04-24 16:34:38,913 - INFO - evaluating now!
2024-04-24 16:34:39,147 - INFO - Epoch [4/200] train_loss: 7.3599, val_loss: 7.4099, lr: 0.003000, 4.50s
2024-04-24 16:34:39,163 - INFO - Saved model at 4
2024-04-24 16:34:39,163 - INFO - Val loss decrease from 7.8708 to 7.4099, saving to ./libcity/cache/1/model_cache/AGCRN_CHITaxi20190406_epoch4.tar
2024-04-24 16:34:43,404 - INFO - epoch complete!
2024-04-24 16:34:43,404 - INFO - evaluating now!
2024-04-24 16:34:43,638 - INFO - Epoch [5/200] train_loss: 6.6585, val_loss: 6.5378, lr: 0.003000, 4.48s
2024-04-24 16:34:43,685 - INFO - Saved model at 5
2024-04-24 16:34:43,701 - INFO - Val loss decrease from 7.4099 to 6.5378, saving to ./libcity/cache/1/model_cache/AGCRN_CHITaxi20190406_epoch5.tar
2024-04-24 16:34:47,938 - INFO - epoch complete!
2024-04-24 16:34:47,954 - INFO - evaluating now!
2024-04-24 16:34:48,173 - INFO - Epoch [6/200] train_loss: 6.2488, val_loss: 6.3042, lr: 0.003000, 4.46s
2024-04-24 16:34:48,173 - INFO - Saved model at 6
2024-04-24 16:34:48,173 - INFO - Val loss decrease from 6.5378 to 6.3042, saving to ./libcity/cache/1/model_cache/AGCRN_CHITaxi20190406_epoch6.tar
2024-04-24 16:34:52,439 - INFO - epoch complete!
2024-04-24 16:34:52,439 - INFO - evaluating now!
2024-04-24 16:34:52,658 - INFO - Epoch [7/200] train_loss: 5.9532, val_loss: 5.9752, lr: 0.003000, 4.49s
2024-04-24 16:34:52,674 - INFO - Saved model at 7
2024-04-24 16:34:52,674 - INFO - Val loss decrease from 6.3042 to 5.9752, saving to ./libcity/cache/1/model_cache/AGCRN_CHITaxi20190406_epoch7.tar
2024-04-24 16:34:56,925 - INFO - epoch complete!
2024-04-24 16:34:56,925 - INFO - evaluating now!
2024-04-24 16:34:57,144 - INFO - Epoch [8/200] train_loss: 5.7097, val_loss: 5.8551, lr: 0.003000, 4.47s
2024-04-24 16:34:57,160 - INFO - Saved model at 8
2024-04-24 16:34:57,160 - INFO - Val loss decrease from 5.9752 to 5.8551, saving to ./libcity/cache/1/model_cache/AGCRN_CHITaxi20190406_epoch8.tar
2024-04-24 16:35:01,452 - INFO - epoch complete!
2024-04-24 16:35:01,452 - INFO - evaluating now!
2024-04-24 16:35:01,692 - INFO - Epoch [9/200] train_loss: 5.5401, val_loss: 5.6761, lr: 0.003000, 4.53s
2024-04-24 16:35:01,707 - INFO - Saved model at 9
2024-04-24 16:35:01,707 - INFO - Val loss decrease from 5.8551 to 5.6761, saving to ./libcity/cache/1/model_cache/AGCRN_CHITaxi20190406_epoch9.tar
2024-04-24 16:35:06,020 - INFO - epoch complete!
2024-04-24 16:35:06,020 - INFO - evaluating now!
2024-04-24 16:35:06,239 - INFO - Epoch [10/200] train_loss: 5.3322, val_loss: 5.7351, lr: 0.003000, 4.53s
2024-04-24 16:35:10,492 - INFO - epoch complete!
2024-04-24 16:35:10,492 - INFO - evaluating now!
2024-04-24 16:35:10,711 - INFO - Epoch [11/200] train_loss: 5.2010, val_loss: 5.6614, lr: 0.003000, 4.47s
2024-04-24 16:35:10,727 - INFO - Saved model at 11
2024-04-24 16:35:10,727 - INFO - Val loss decrease from 5.6761 to 5.6614, saving to ./libcity/cache/1/model_cache/AGCRN_CHITaxi20190406_epoch11.tar
2024-04-24 16:35:14,980 - INFO - epoch complete!
2024-04-24 16:35:14,980 - INFO - evaluating now!
2024-04-24 16:35:15,199 - INFO - Epoch [12/200] train_loss: 5.2002, val_loss: 5.7780, lr: 0.003000, 4.47s
2024-04-24 16:35:19,498 - INFO - epoch complete!
2024-04-24 16:35:19,498 - INFO - evaluating now!
2024-04-24 16:35:19,716 - INFO - Epoch [13/200] train_loss: 5.0200, val_loss: 5.4023, lr: 0.003000, 4.52s
2024-04-24 16:35:19,732 - INFO - Saved model at 13
2024-04-24 16:35:19,732 - INFO - Val loss decrease from 5.6614 to 5.4023, saving to ./libcity/cache/1/model_cache/AGCRN_CHITaxi20190406_epoch13.tar
2024-04-24 16:35:23,985 - INFO - epoch complete!
2024-04-24 16:35:23,985 - INFO - evaluating now!
2024-04-24 16:35:24,204 - INFO - Epoch [14/200] train_loss: 4.9509, val_loss: 5.4041, lr: 0.003000, 4.47s
2024-04-24 16:35:28,443 - INFO - epoch complete!
2024-04-24 16:35:28,443 - INFO - evaluating now!
2024-04-24 16:35:28,661 - INFO - Epoch [15/200] train_loss: 4.8007, val_loss: 5.5016, lr: 0.003000, 4.46s
2024-04-24 16:35:32,945 - INFO - epoch complete!
2024-04-24 16:35:32,945 - INFO - evaluating now!
2024-04-24 16:35:33,159 - INFO - Epoch [16/200] train_loss: 4.7608, val_loss: 5.3084, lr: 0.003000, 4.50s
2024-04-24 16:35:33,175 - INFO - Saved model at 16
2024-04-24 16:35:33,175 - INFO - Val loss decrease from 5.4023 to 5.3084, saving to ./libcity/cache/1/model_cache/AGCRN_CHITaxi20190406_epoch16.tar
2024-04-24 16:35:37,457 - INFO - epoch complete!
2024-04-24 16:35:37,457 - INFO - evaluating now!
2024-04-24 16:35:37,676 - INFO - Epoch [17/200] train_loss: 4.7258, val_loss: 5.4115, lr: 0.003000, 4.50s
2024-04-24 16:35:41,935 - INFO - epoch complete!
2024-04-24 16:35:41,935 - INFO - evaluating now!
2024-04-24 16:35:42,185 - INFO - Epoch [18/200] train_loss: 4.6504, val_loss: 5.4723, lr: 0.003000, 4.51s
2024-04-24 16:35:46,497 - INFO - epoch complete!
2024-04-24 16:35:46,497 - INFO - evaluating now!
2024-04-24 16:35:46,716 - INFO - Epoch [19/200] train_loss: 4.5633, val_loss: 5.2380, lr: 0.003000, 4.53s
2024-04-24 16:35:46,731 - INFO - Saved model at 19
2024-04-24 16:35:46,731 - INFO - Val loss decrease from 5.3084 to 5.2380, saving to ./libcity/cache/1/model_cache/AGCRN_CHITaxi20190406_epoch19.tar
2024-04-24 16:35:50,997 - INFO - epoch complete!
2024-04-24 16:35:50,997 - INFO - evaluating now!
2024-04-24 16:35:51,215 - INFO - Epoch [20/200] train_loss: 4.4457, val_loss: 5.3721, lr: 0.003000, 4.48s
2024-04-24 16:35:55,480 - INFO - epoch complete!
2024-04-24 16:35:55,480 - INFO - evaluating now!
2024-04-24 16:35:55,699 - INFO - Epoch [21/200] train_loss: 4.4846, val_loss: 5.2530, lr: 0.003000, 4.48s
2024-04-24 16:35:59,923 - INFO - epoch complete!
2024-04-24 16:35:59,923 - INFO - evaluating now!
2024-04-24 16:36:00,164 - INFO - Epoch [22/200] train_loss: 4.4706, val_loss: 5.1563, lr: 0.003000, 4.47s
2024-04-24 16:36:00,180 - INFO - Saved model at 22
2024-04-24 16:36:00,180 - INFO - Val loss decrease from 5.2380 to 5.1563, saving to ./libcity/cache/1/model_cache/AGCRN_CHITaxi20190406_epoch22.tar
2024-04-24 16:36:04,499 - INFO - epoch complete!
2024-04-24 16:36:04,499 - INFO - evaluating now!
2024-04-24 16:36:04,720 - INFO - Epoch [23/200] train_loss: 4.3787, val_loss: 5.2548, lr: 0.003000, 4.54s
2024-04-24 16:36:08,940 - INFO - epoch complete!
2024-04-24 16:36:08,940 - INFO - evaluating now!
2024-04-24 16:36:09,144 - INFO - Epoch [24/200] train_loss: 4.2931, val_loss: 5.1963, lr: 0.003000, 4.42s
2024-04-24 16:36:13,472 - INFO - epoch complete!
2024-04-24 16:36:13,472 - INFO - evaluating now!
2024-04-24 16:36:13,691 - INFO - Epoch [25/200] train_loss: 4.2942, val_loss: 5.2074, lr: 0.003000, 4.55s
2024-04-24 16:36:17,948 - INFO - epoch complete!
2024-04-24 16:36:17,948 - INFO - evaluating now!
2024-04-24 16:36:18,174 - INFO - Epoch [26/200] train_loss: 4.2265, val_loss: 5.1293, lr: 0.003000, 4.48s
2024-04-24 16:36:18,174 - INFO - Saved model at 26
2024-04-24 16:36:18,174 - INFO - Val loss decrease from 5.1563 to 5.1293, saving to ./libcity/cache/1/model_cache/AGCRN_CHITaxi20190406_epoch26.tar
2024-04-24 16:36:22,441 - INFO - epoch complete!
2024-04-24 16:36:22,441 - INFO - evaluating now!
2024-04-24 16:36:22,660 - INFO - Epoch [27/200] train_loss: 4.1312, val_loss: 5.0972, lr: 0.003000, 4.49s
2024-04-24 16:36:22,676 - INFO - Saved model at 27
2024-04-24 16:36:22,676 - INFO - Val loss decrease from 5.1293 to 5.0972, saving to ./libcity/cache/1/model_cache/AGCRN_CHITaxi20190406_epoch27.tar
2024-04-24 16:36:26,897 - INFO - epoch complete!
2024-04-24 16:36:26,897 - INFO - evaluating now!
2024-04-24 16:36:27,116 - INFO - Epoch [28/200] train_loss: 4.0914, val_loss: 5.0714, lr: 0.003000, 4.44s
2024-04-24 16:36:27,131 - INFO - Saved model at 28
2024-04-24 16:36:27,131 - INFO - Val loss decrease from 5.0972 to 5.0714, saving to ./libcity/cache/1/model_cache/AGCRN_CHITaxi20190406_epoch28.tar
