2024-04-19 21:08:57,966 - INFO - Log directory: ./libcity/log
2024-04-19 21:08:57,967 - INFO - Begin pipeline, task=traffic_state_pred, model_name=AGCRN, dataset_name=CHITaxi20190406, exp_id=4
2024-04-19 21:08:57,967 - INFO - {'task': 'traffic_state_pred', 'model': 'AGCRN', 'dataset': 'CHITaxi20190406', 'saved_model': True, 'train': True, 'load_external': True, 'seed': 4, 'exp_id': 4, 'max_epoch': 1, 'metrics': ['MAE', 'RMSE'], 'cache_dataset': False, 'dataset_class': 'TrafficStatePointDataset', 'executor': 'TrafficStateExecutor', 'evaluator': 'TrafficStateEvaluator', 'embed_dim': 10, 'rnn_units': 64, 'num_layers': 2, 'cheb_order': 2, 'bidir_adj_mx': True, 'scaler': 'standard', 'normal_external': False, 'ext_scaler': 'none', 'add_time_in_day': False, 'add_day_in_week': False, 'learner': 'adam', 'learning_rate': 0.003, 'lr_decay': False, 'clip_grad_norm': False, 'use_early_stop': True, 'patience': 50, 'batch_size': 64, 'num_workers': 0, 'pad_with_last_sample': True, 'train_rate': 0.7, 'eval_rate': 0.1, 'input_window': 12, 'output_window': 12, 'gpu': True, 'gpu_id': 0, 'train_loss': 'none', 'epoch': 0, 'weight_decay': 0, 'lr_epsilon': 1e-08, 'lr_beta1': 0.9, 'lr_beta2': 0.999, 'lr_alpha': 0.99, 'lr_momentum': 0, 'lr_scheduler': 'multisteplr', 'lr_decay_ratio': 0.1, 'steps': [5, 20, 40, 70], 'step_size': 10, 'lr_T_max': 30, 'lr_eta_min': 0, 'lr_patience': 10, 'lr_threshold': 0.0001, 'max_grad_norm': 1.0, 'log_level': 'INFO', 'log_every': 1, 'load_best_epoch': True, 'hyper_tune': False, 'evaluator_mode': 'single', 'save_mode': ['csv'], 'geo': {'including_types': ['Point'], 'Point': {}}, 'rel': {'including_types': ['geo'], 'geo': {'cost': 'num'}}, 'dyna': {'including_types': ['state'], 'state': {'entity_id': 'geo_id', 'traffic_speed': 'num'}}, 'data_col': ['inflow', 'outflow'], 'weight_col': 'cost', 'data_files': ['CHITaxi20190406'], 'geo_file': 'CHITaxi20190406', 'rel_file': 'CHITaxi20190406', 'output_dim': 2, 'time_intervals': 4368, 'init_weight_inf_or_zero': 'inf', 'set_weight_link_or_dist': 'dist', 'calculate_weight_adj': True, 'weight_adj_epsilon': 0.1, 'device': device(type='cuda', index=0)}
2024-04-19 21:08:57,975 - INFO - Loaded file CHITaxi20190406.geo, num_nodes=77
2024-04-19 21:08:57,981 - INFO - set_weight_link_or_dist: dist
2024-04-19 21:08:57,981 - INFO - init_weight_inf_or_zero: inf
2024-04-19 21:08:57,998 - INFO - Loaded file CHITaxi20190406.rel, shape=(77, 77)
2024-04-19 21:08:57,999 - INFO - Start Calculate the weight by Gauss kernel!
2024-04-19 21:08:58,000 - INFO - Loading file CHITaxi20190406.dyna
2024-04-19 21:08:58,197 - INFO - Loaded file CHITaxi20190406.dyna, shape=(4368, 77, 2)
2024-04-19 21:09:00,572 - INFO - Dataset created
2024-04-19 21:09:00,572 - INFO - x shape: (4345, 12, 77, 34), y shape: (4345, 12, 77, 34)
2024-04-19 21:09:00,683 - INFO - train	x: (3042, 12, 77, 34), y: (3042, 12, 77, 34)
2024-04-19 21:09:00,684 - INFO - eval	x: (434, 12, 77, 34), y: (434, 12, 77, 34)
2024-04-19 21:09:00,684 - INFO - test	x: (869, 12, 77, 34), y: (869, 12, 77, 34)
2024-04-19 21:09:00,846 - INFO - StandardScaler mean: 11.137838123415046, std: 53.15358218315973
2024-04-19 21:09:00,847 - INFO - NoneScaler
2024-04-19 21:09:03,229 - INFO - AGCRN(
  (encoder): AVWDCRNN(
    (dcrnn_cells): ModuleList(
      (0): AGCRNCell(
        (gate): AVWGCN()
        (update): AVWGCN()
      )
      (1): AGCRNCell(
        (gate): AVWGCN()
        (update): AVWGCN()
      )
    )
  )
  (end_conv): Conv2d(1, 24, kernel_size=(1, 64), stride=(1, 1))
)
2024-04-19 21:09:03,231 - INFO - node_embeddings	torch.Size([77, 10])	cuda:0	True
2024-04-19 21:09:03,232 - INFO - encoder.dcrnn_cells.0.gate.weights_pool	torch.Size([10, 2, 98, 128])	cuda:0	True
2024-04-19 21:09:03,233 - INFO - encoder.dcrnn_cells.0.gate.bias_pool	torch.Size([10, 128])	cuda:0	True
2024-04-19 21:09:03,234 - INFO - encoder.dcrnn_cells.0.update.weights_pool	torch.Size([10, 2, 98, 64])	cuda:0	True
2024-04-19 21:09:03,235 - INFO - encoder.dcrnn_cells.0.update.bias_pool	torch.Size([10, 64])	cuda:0	True
2024-04-19 21:09:03,238 - INFO - encoder.dcrnn_cells.1.gate.weights_pool	torch.Size([10, 2, 128, 128])	cuda:0	True
2024-04-19 21:09:03,239 - INFO - encoder.dcrnn_cells.1.gate.bias_pool	torch.Size([10, 128])	cuda:0	True
2024-04-19 21:09:03,240 - INFO - encoder.dcrnn_cells.1.update.weights_pool	torch.Size([10, 2, 128, 64])	cuda:0	True
2024-04-19 21:09:03,241 - INFO - encoder.dcrnn_cells.1.update.bias_pool	torch.Size([10, 64])	cuda:0	True
2024-04-19 21:09:03,242 - INFO - end_conv.weight	torch.Size([24, 1, 1, 64])	cuda:0	True
2024-04-19 21:09:03,242 - INFO - end_conv.bias	torch.Size([24])	cuda:0	True
2024-04-19 21:09:03,243 - INFO - Total parameter numbers: 874010
2024-04-19 21:09:03,244 - INFO - You select `adam` optimizer.
2024-04-19 21:09:03,245 - WARNING - Received none train loss func and will use the loss func defined in the model.
2024-04-19 21:09:03,246 - INFO - Start training ...
2024-04-19 21:09:03,247 - INFO - num_batches:48
2024-04-19 21:09:24,773 - INFO - epoch complete!
2024-04-19 21:09:24,774 - INFO - evaluating now!
2024-04-19 21:09:26,207 - INFO - Epoch [0/1] train_loss: 24.1170, val_loss: 18.8063, lr: 0.003000, 22.96s
2024-04-19 21:09:26,237 - INFO - Saved model at 0
2024-04-19 21:09:26,237 - INFO - Val loss decrease from inf to 18.8063, saving to ./libcity/cache/4/model_cache/AGCRN_CHITaxi20190406_epoch0.tar
2024-04-19 21:09:26,237 - INFO - Trained totally 1 epochs, average train time is 21.525s, average eval time is 1.433s
2024-04-19 21:09:26,252 - INFO - Loaded model at 0
2024-04-19 21:09:26,253 - INFO - Saved model at ./libcity/cache/4/model_cache/AGCRN_CHITaxi20190406.m
2024-04-19 21:09:26,278 - INFO - Start evaluating ...
2024-04-19 21:09:29,589 - INFO - Note that you select the single mode to evaluate!
2024-04-19 21:09:29,596 - INFO - Evaluate result is saved at ./libcity/cache/4/evaluate_cache\AGCRN_CHITaxi20190406.csv
2024-04-19 21:09:29,601 - INFO - 
         MAE       RMSE
1   8.205466  38.537933
2   8.565104  41.712574
3   8.837801  43.315933
4   8.550087  40.433636
5   9.007196  40.846157
6   9.029905  43.856712
7   8.567472  39.190613
8   8.790156  37.291977
9   8.510937  39.134315
10  9.050856  40.949741
11  8.689763  40.513935
12  8.934200  42.671677
2024-04-19 21:09:29,742 - INFO - ----------------------------------------------------------------------------
2024-04-19 21:09:29,742 - INFO - Kownledge Graph Embedding: True, Experiment ids: [0, 1, 2, 3, 4]
2024-04-19 21:09:29,748 - INFO - ----------------------------------------------------------------------------
2024-04-19 21:09:29,752 - INFO - Average: 
         MAE       RMSE
0   8.663531  40.806272
1   8.444394  39.558096
2   8.458356  38.451278
3   8.589179  39.952715
4   8.779290  41.087427
5   8.719456  40.401916
6   8.856338  40.623521
7   8.965376  40.064422
8   8.843278  40.484621
9   8.790178  39.175848
10  8.965551  41.079037
11  8.971388  40.607204 
2024-04-19 21:09:29,756 - INFO - Standard deviation: 
         MAE      RMSE
0   0.377161  1.707538
1   0.336983  2.360618
2   0.230990  3.064402
3   0.237596  1.745215
4   0.192955  1.183845
5   0.204081  1.941614
6   0.290281  1.256541
7   0.357546  2.017846
8   0.182899  1.244041
9   0.143353  1.103232
10  0.214090  1.342760
11  0.258905  2.091451
2024-04-19 21:09:29,761 - INFO - ----------------------------------------------------------------------------
2024-04-19 21:09:29,764 - INFO - 12 steps Average: 
       MAE      RMSE
0  8.75386  40.19103
2024-04-19 21:09:29,768 - INFO - 12 steps Standard deviation: 
        MAE      RMSE
0  0.252237  1.754925
