2024-04-30 18:31:14,322 - INFO - Log directory: ./libcity/log
2024-04-30 18:31:14,322 - INFO - Begin pipeline, task=traffic_state_pred, model_name=AGCRN, dataset_name=CHITaxi20190406, exp_id=44
2024-04-30 18:31:14,322 - INFO - {'task': 'traffic_state_pred', 'model': 'AGCRN', 'dataset': 'CHITaxi20190406', 'saved_model': True, 'train': True, 'seed': 344773325, 'exp_id': 44, 'load_external': True, 'embedding_model': 'RefH', 'max_epoch': 200, 'patience': 15, 'cache_dataset': False, 'output_window': 12, 'metrics': ['MAE', 'RMSE'], 'dataset_class': 'TrafficStatePointDataset', 'executor': 'TrafficStateExecutor', 'evaluator': 'TrafficStateEvaluator', 'embed_dim': 10, 'rnn_units': 64, 'num_layers': 2, 'cheb_order': 2, 'bidir_adj_mx': True, 'scaler': 'standard', 'normal_external': False, 'ext_scaler': 'none', 'add_time_in_day': False, 'add_day_in_week': False, 'learner': 'adam', 'learning_rate': 0.003, 'lr_decay': False, 'clip_grad_norm': False, 'use_early_stop': True, 'batch_size': 64, 'num_workers': 0, 'pad_with_last_sample': True, 'train_rate': 0.7, 'eval_rate': 0.1, 'input_window': 12, 'gpu': True, 'gpu_id': 0, 'train_loss': 'none', 'epoch': 0, 'weight_decay': 0, 'lr_epsilon': 1e-08, 'lr_beta1': 0.9, 'lr_beta2': 0.999, 'lr_alpha': 0.99, 'lr_momentum': 0, 'lr_scheduler': 'multisteplr', 'lr_decay_ratio': 0.1, 'steps': [5, 20, 40, 70], 'step_size': 10, 'lr_T_max': 30, 'lr_eta_min': 0, 'lr_patience': 10, 'lr_threshold': 0.0001, 'max_grad_norm': 1.0, 'log_level': 'INFO', 'log_every': 1, 'load_best_epoch': True, 'hyper_tune': False, 'evaluator_mode': 'single', 'save_mode': ['csv'], 'geo': {'including_types': ['Point'], 'Point': {}}, 'rel': {'including_types': ['geo'], 'geo': {'cost': 'num'}}, 'dyna': {'including_types': ['state'], 'state': {'entity_id': 'geo_id', 'traffic_speed': 'num'}}, 'data_col': ['inflow', 'outflow'], 'weight_col': 'cost', 'data_files': ['CHITaxi20190406'], 'geo_file': 'CHITaxi20190406', 'rel_file': 'CHITaxi20190406', 'output_dim': 2, 'time_intervals': 4368, 'init_weight_inf_or_zero': 'inf', 'set_weight_link_or_dist': 'dist', 'calculate_weight_adj': True, 'weight_adj_epsilon': 0.1, 'embedding_type': 'area', 'device': device(type='cuda', index=0)}
2024-04-30 18:31:14,338 - INFO - Loaded file CHITaxi20190406.geo, num_nodes=77
2024-04-30 18:31:14,338 - INFO - set_weight_link_or_dist: dist
2024-04-30 18:31:14,338 - INFO - init_weight_inf_or_zero: inf
2024-04-30 18:31:14,353 - INFO - Loaded file CHITaxi20190406.rel, shape=(77, 77)
2024-04-30 18:31:14,353 - INFO - Start Calculate the weight by Gauss kernel!
2024-04-30 18:31:14,353 - INFO - Loading file CHITaxi20190406.dyna
2024-04-30 18:31:14,478 - INFO - Loaded file CHITaxi20190406.dyna, shape=(4368, 77, 2)
2024-04-30 18:31:17,507 - INFO - Dataset created
2024-04-30 18:31:17,507 - INFO - x shape: (4345, 12, 77, 34), y shape: (4345, 12, 77, 34)
2024-04-30 18:31:17,585 - INFO - train	x: (3042, 12, 77, 34), y: (3042, 12, 77, 34)
2024-04-30 18:31:17,585 - INFO - eval	x: (434, 12, 77, 34), y: (434, 12, 77, 34)
2024-04-30 18:31:17,585 - INFO - test	x: (869, 12, 77, 34), y: (869, 12, 77, 34)
2024-04-30 18:31:17,715 - INFO - StandardScaler mean: 11.137838123415046, std: 53.15358218315973
2024-04-30 18:31:17,715 - INFO - NoneScaler
2024-04-30 18:31:18,837 - INFO - AGCRN(
  (encoder): AVWDCRNN(
    (dcrnn_cells): ModuleList(
      (0): AGCRNCell(
        (gate): AVWGCN()
        (update): AVWGCN()
      )
      (1): AGCRNCell(
        (gate): AVWGCN()
        (update): AVWGCN()
      )
    )
  )
  (end_conv): Conv2d(1, 24, kernel_size=(1, 64), stride=(1, 1))
)
2024-04-30 18:31:18,837 - INFO - node_embeddings	torch.Size([77, 10])	cuda:0	True
2024-04-30 18:31:18,837 - INFO - encoder.dcrnn_cells.0.gate.weights_pool	torch.Size([10, 2, 98, 128])	cuda:0	True
2024-04-30 18:31:18,837 - INFO - encoder.dcrnn_cells.0.gate.bias_pool	torch.Size([10, 128])	cuda:0	True
2024-04-30 18:31:18,837 - INFO - encoder.dcrnn_cells.0.update.weights_pool	torch.Size([10, 2, 98, 64])	cuda:0	True
2024-04-30 18:31:18,837 - INFO - encoder.dcrnn_cells.0.update.bias_pool	torch.Size([10, 64])	cuda:0	True
2024-04-30 18:31:18,837 - INFO - encoder.dcrnn_cells.1.gate.weights_pool	torch.Size([10, 2, 128, 128])	cuda:0	True
2024-04-30 18:31:18,837 - INFO - encoder.dcrnn_cells.1.gate.bias_pool	torch.Size([10, 128])	cuda:0	True
2024-04-30 18:31:18,837 - INFO - encoder.dcrnn_cells.1.update.weights_pool	torch.Size([10, 2, 128, 64])	cuda:0	True
2024-04-30 18:31:18,837 - INFO - encoder.dcrnn_cells.1.update.bias_pool	torch.Size([10, 64])	cuda:0	True
2024-04-30 18:31:18,837 - INFO - end_conv.weight	torch.Size([24, 1, 1, 64])	cuda:0	True
2024-04-30 18:31:18,837 - INFO - end_conv.bias	torch.Size([24])	cuda:0	True
2024-04-30 18:31:18,837 - INFO - Total parameter numbers: 874010
2024-04-30 18:31:18,837 - INFO - You select `adam` optimizer.
2024-04-30 18:31:18,837 - WARNING - Received none train loss func and will use the loss func defined in the model.
2024-04-30 18:31:18,837 - INFO - Start training ...
2024-04-30 18:31:18,837 - INFO - num_batches:48
2024-04-30 18:31:23,884 - INFO - epoch complete!
2024-04-30 18:31:23,884 - INFO - evaluating now!
2024-04-30 18:31:24,196 - INFO - Epoch [0/200] train_loss: 24.6837, val_loss: 18.2082, lr: 0.003000, 5.36s
2024-04-30 18:31:24,227 - INFO - Saved model at 0
2024-04-30 18:31:24,227 - INFO - Val loss decrease from inf to 18.2082, saving to ./libcity/cache/44/model_cache/AGCRN_CHITaxi20190406_epoch0.tar
2024-04-30 18:31:29,010 - INFO - epoch complete!
2024-04-30 18:31:29,010 - INFO - evaluating now!
2024-04-30 18:31:29,323 - INFO - Epoch [1/200] train_loss: 14.6277, val_loss: 13.9058, lr: 0.003000, 5.10s
2024-04-30 18:31:29,338 - INFO - Saved model at 1
2024-04-30 18:31:29,338 - INFO - Val loss decrease from 18.2082 to 13.9058, saving to ./libcity/cache/44/model_cache/AGCRN_CHITaxi20190406_epoch1.tar
2024-04-30 18:31:34,121 - INFO - epoch complete!
2024-04-30 18:31:34,121 - INFO - evaluating now!
2024-04-30 18:31:34,433 - INFO - Epoch [2/200] train_loss: 11.3737, val_loss: 10.7968, lr: 0.003000, 5.09s
2024-04-30 18:31:34,449 - INFO - Saved model at 2
2024-04-30 18:31:34,449 - INFO - Val loss decrease from 13.9058 to 10.7968, saving to ./libcity/cache/44/model_cache/AGCRN_CHITaxi20190406_epoch2.tar
2024-04-30 18:31:39,244 - INFO - epoch complete!
2024-04-30 18:31:39,244 - INFO - evaluating now!
2024-04-30 18:31:39,556 - INFO - Epoch [3/200] train_loss: 9.2075, val_loss: 8.5659, lr: 0.003000, 5.11s
2024-04-30 18:31:39,572 - INFO - Saved model at 3
2024-04-30 18:31:39,572 - INFO - Val loss decrease from 10.7968 to 8.5659, saving to ./libcity/cache/44/model_cache/AGCRN_CHITaxi20190406_epoch3.tar
2024-04-30 18:31:44,366 - INFO - epoch complete!
2024-04-30 18:31:44,366 - INFO - evaluating now!
2024-04-30 18:31:44,678 - INFO - Epoch [4/200] train_loss: 7.9054, val_loss: 7.7549, lr: 0.003000, 5.11s
2024-04-30 18:31:44,694 - INFO - Saved model at 4
2024-04-30 18:31:44,694 - INFO - Val loss decrease from 8.5659 to 7.7549, saving to ./libcity/cache/44/model_cache/AGCRN_CHITaxi20190406_epoch4.tar
2024-04-30 18:31:49,490 - INFO - epoch complete!
2024-04-30 18:31:49,490 - INFO - evaluating now!
2024-04-30 18:31:49,803 - INFO - Epoch [5/200] train_loss: 7.0863, val_loss: 6.9981, lr: 0.003000, 5.11s
2024-04-30 18:31:49,818 - INFO - Saved model at 5
2024-04-30 18:31:49,818 - INFO - Val loss decrease from 7.7549 to 6.9981, saving to ./libcity/cache/44/model_cache/AGCRN_CHITaxi20190406_epoch5.tar
2024-04-30 18:31:54,616 - INFO - epoch complete!
2024-04-30 18:31:54,616 - INFO - evaluating now!
2024-04-30 18:31:54,929 - INFO - Epoch [6/200] train_loss: 6.6688, val_loss: 6.6303, lr: 0.003000, 5.11s
2024-04-30 18:31:54,944 - INFO - Saved model at 6
2024-04-30 18:31:54,944 - INFO - Val loss decrease from 6.9981 to 6.6303, saving to ./libcity/cache/44/model_cache/AGCRN_CHITaxi20190406_epoch6.tar
2024-04-30 18:31:59,742 - INFO - epoch complete!
2024-04-30 18:31:59,742 - INFO - evaluating now!
2024-04-30 18:32:00,054 - INFO - Epoch [7/200] train_loss: 6.1812, val_loss: 6.2599, lr: 0.003000, 5.11s
2024-04-30 18:32:00,070 - INFO - Saved model at 7
2024-04-30 18:32:00,070 - INFO - Val loss decrease from 6.6303 to 6.2599, saving to ./libcity/cache/44/model_cache/AGCRN_CHITaxi20190406_epoch7.tar
2024-04-30 18:32:04,853 - INFO - epoch complete!
2024-04-30 18:32:04,853 - INFO - evaluating now!
2024-04-30 18:32:05,181 - INFO - Epoch [8/200] train_loss: 6.1042, val_loss: 6.5144, lr: 0.003000, 5.11s
2024-04-30 18:32:09,977 - INFO - epoch complete!
2024-04-30 18:32:09,977 - INFO - evaluating now!
2024-04-30 18:32:10,290 - INFO - Epoch [9/200] train_loss: 5.7695, val_loss: 5.7850, lr: 0.003000, 5.11s
2024-04-30 18:32:10,305 - INFO - Saved model at 9
2024-04-30 18:32:10,305 - INFO - Val loss decrease from 6.2599 to 5.7850, saving to ./libcity/cache/44/model_cache/AGCRN_CHITaxi20190406_epoch9.tar
2024-04-30 18:32:15,100 - INFO - epoch complete!
2024-04-30 18:32:15,100 - INFO - evaluating now!
2024-04-30 18:32:15,413 - INFO - Epoch [10/200] train_loss: 5.5571, val_loss: 5.9416, lr: 0.003000, 5.11s
2024-04-30 18:32:20,192 - INFO - epoch complete!
2024-04-30 18:32:20,192 - INFO - evaluating now!
2024-04-30 18:32:20,520 - INFO - Epoch [11/200] train_loss: 5.5168, val_loss: 5.8181, lr: 0.003000, 5.11s
2024-04-30 18:32:25,301 - INFO - epoch complete!
2024-04-30 18:32:25,301 - INFO - evaluating now!
2024-04-30 18:32:25,613 - INFO - Epoch [12/200] train_loss: 5.3287, val_loss: 5.6684, lr: 0.003000, 5.09s
2024-04-30 18:32:25,629 - INFO - Saved model at 12
2024-04-30 18:32:25,629 - INFO - Val loss decrease from 5.7850 to 5.6684, saving to ./libcity/cache/44/model_cache/AGCRN_CHITaxi20190406_epoch12.tar
2024-04-30 18:32:30,408 - INFO - epoch complete!
2024-04-30 18:32:30,424 - INFO - evaluating now!
2024-04-30 18:32:30,737 - INFO - Epoch [13/200] train_loss: 5.2587, val_loss: 5.5782, lr: 0.003000, 5.11s
2024-04-30 18:32:30,752 - INFO - Saved model at 13
2024-04-30 18:32:30,752 - INFO - Val loss decrease from 5.6684 to 5.5782, saving to ./libcity/cache/44/model_cache/AGCRN_CHITaxi20190406_epoch13.tar
2024-04-30 18:32:35,550 - INFO - epoch complete!
2024-04-30 18:32:35,550 - INFO - evaluating now!
2024-04-30 18:32:35,862 - INFO - Epoch [14/200] train_loss: 5.1261, val_loss: 5.6693, lr: 0.003000, 5.11s
2024-04-30 18:32:40,643 - INFO - epoch complete!
2024-04-30 18:32:40,643 - INFO - evaluating now!
2024-04-30 18:32:40,971 - INFO - Epoch [15/200] train_loss: 5.0269, val_loss: 5.4021, lr: 0.003000, 5.11s
2024-04-30 18:32:40,987 - INFO - Saved model at 15
2024-04-30 18:32:40,987 - INFO - Val loss decrease from 5.5782 to 5.4021, saving to ./libcity/cache/44/model_cache/AGCRN_CHITaxi20190406_epoch15.tar
2024-04-30 18:32:45,779 - INFO - epoch complete!
2024-04-30 18:32:45,779 - INFO - evaluating now!
2024-04-30 18:32:46,096 - INFO - Epoch [16/200] train_loss: 4.9650, val_loss: 5.2672, lr: 0.003000, 5.11s
2024-04-30 18:32:46,096 - INFO - Saved model at 16
2024-04-30 18:32:46,112 - INFO - Val loss decrease from 5.4021 to 5.2672, saving to ./libcity/cache/44/model_cache/AGCRN_CHITaxi20190406_epoch16.tar
2024-04-30 18:32:50,893 - INFO - epoch complete!
2024-04-30 18:32:50,893 - INFO - evaluating now!
2024-04-30 18:32:51,222 - INFO - Epoch [17/200] train_loss: 4.8878, val_loss: 5.5493, lr: 0.003000, 5.11s
2024-04-30 18:32:56,002 - INFO - epoch complete!
2024-04-30 18:32:56,002 - INFO - evaluating now!
2024-04-30 18:32:56,315 - INFO - Epoch [18/200] train_loss: 4.8324, val_loss: 5.3535, lr: 0.003000, 5.09s
2024-04-30 18:33:01,096 - INFO - epoch complete!
2024-04-30 18:33:01,096 - INFO - evaluating now!
2024-04-30 18:33:01,423 - INFO - Epoch [19/200] train_loss: 4.7062, val_loss: 5.2374, lr: 0.003000, 5.11s
2024-04-30 18:33:01,439 - INFO - Saved model at 19
2024-04-30 18:33:01,439 - INFO - Val loss decrease from 5.2672 to 5.2374, saving to ./libcity/cache/44/model_cache/AGCRN_CHITaxi20190406_epoch19.tar
2024-04-30 18:33:06,219 - INFO - epoch complete!
2024-04-30 18:33:06,219 - INFO - evaluating now!
2024-04-30 18:33:06,547 - INFO - Epoch [20/200] train_loss: 4.6099, val_loss: 5.4321, lr: 0.003000, 5.11s
2024-04-30 18:33:11,327 - INFO - epoch complete!
2024-04-30 18:33:11,327 - INFO - evaluating now!
2024-04-30 18:33:11,639 - INFO - Epoch [21/200] train_loss: 4.6264, val_loss: 5.4734, lr: 0.003000, 5.09s
2024-04-30 18:33:16,434 - INFO - epoch complete!
2024-04-30 18:33:16,434 - INFO - evaluating now!
2024-04-30 18:33:16,762 - INFO - Epoch [22/200] train_loss: 4.5335, val_loss: 5.1881, lr: 0.003000, 5.12s
2024-04-30 18:33:16,778 - INFO - Saved model at 22
2024-04-30 18:33:16,778 - INFO - Val loss decrease from 5.2374 to 5.1881, saving to ./libcity/cache/44/model_cache/AGCRN_CHITaxi20190406_epoch22.tar
2024-04-30 18:33:21,574 - INFO - epoch complete!
2024-04-30 18:33:21,574 - INFO - evaluating now!
2024-04-30 18:33:21,887 - INFO - Epoch [23/200] train_loss: 4.4937, val_loss: 5.4169, lr: 0.003000, 5.11s
2024-04-30 18:33:26,666 - INFO - epoch complete!
2024-04-30 18:33:26,666 - INFO - evaluating now!
2024-04-30 18:33:26,978 - INFO - Epoch [24/200] train_loss: 4.4336, val_loss: 5.2147, lr: 0.003000, 5.09s
2024-04-30 18:33:31,760 - INFO - epoch complete!
2024-04-30 18:33:31,760 - INFO - evaluating now!
2024-04-30 18:33:32,105 - INFO - Epoch [25/200] train_loss: 4.3671, val_loss: 5.2796, lr: 0.003000, 5.13s
2024-04-30 18:33:36,881 - INFO - epoch complete!
2024-04-30 18:33:36,881 - INFO - evaluating now!
2024-04-30 18:33:37,209 - INFO - Epoch [26/200] train_loss: 4.3445, val_loss: 5.0900, lr: 0.003000, 5.10s
2024-04-30 18:33:37,209 - INFO - Saved model at 26
2024-04-30 18:33:37,209 - INFO - Val loss decrease from 5.1881 to 5.0900, saving to ./libcity/cache/44/model_cache/AGCRN_CHITaxi20190406_epoch26.tar
2024-04-30 18:33:41,991 - INFO - epoch complete!
2024-04-30 18:33:41,991 - INFO - evaluating now!
2024-04-30 18:33:42,319 - INFO - Epoch [27/200] train_loss: 4.2608, val_loss: 5.3199, lr: 0.003000, 5.11s
2024-04-30 18:33:47,098 - INFO - epoch complete!
2024-04-30 18:33:47,098 - INFO - evaluating now!
2024-04-30 18:33:47,427 - INFO - Epoch [28/200] train_loss: 4.1921, val_loss: 5.3500, lr: 0.003000, 5.11s
2024-04-30 18:33:52,206 - INFO - epoch complete!
2024-04-30 18:33:52,206 - INFO - evaluating now!
2024-04-30 18:33:52,519 - INFO - Epoch [29/200] train_loss: 4.2212, val_loss: 5.1690, lr: 0.003000, 5.09s
2024-04-30 18:33:57,300 - INFO - epoch complete!
2024-04-30 18:33:57,300 - INFO - evaluating now!
2024-04-30 18:33:57,628 - INFO - Epoch [30/200] train_loss: 4.2243, val_loss: 5.2520, lr: 0.003000, 5.11s
2024-04-30 18:34:02,407 - INFO - epoch complete!
2024-04-30 18:34:02,407 - INFO - evaluating now!
2024-04-30 18:34:02,720 - INFO - Epoch [31/200] train_loss: 4.1201, val_loss: 5.1236, lr: 0.003000, 5.09s
2024-04-30 18:34:07,518 - INFO - epoch complete!
2024-04-30 18:34:07,518 - INFO - evaluating now!
2024-04-30 18:34:07,831 - INFO - Epoch [32/200] train_loss: 4.0188, val_loss: 5.1961, lr: 0.003000, 5.11s
2024-04-30 18:34:12,627 - INFO - epoch complete!
2024-04-30 18:34:12,627 - INFO - evaluating now!
2024-04-30 18:34:12,940 - INFO - Epoch [33/200] train_loss: 4.0815, val_loss: 5.1851, lr: 0.003000, 5.11s
2024-04-30 18:34:17,721 - INFO - epoch complete!
2024-04-30 18:34:17,721 - INFO - evaluating now!
2024-04-30 18:34:18,035 - INFO - Epoch [34/200] train_loss: 4.0449, val_loss: 5.2971, lr: 0.003000, 5.10s
2024-04-30 18:34:22,832 - INFO - epoch complete!
2024-04-30 18:34:22,832 - INFO - evaluating now!
2024-04-30 18:34:23,160 - INFO - Epoch [35/200] train_loss: 3.9997, val_loss: 5.2194, lr: 0.003000, 5.13s
2024-04-30 18:34:27,941 - INFO - epoch complete!
2024-04-30 18:34:27,941 - INFO - evaluating now!
2024-04-30 18:34:28,253 - INFO - Epoch [36/200] train_loss: 3.9325, val_loss: 5.2632, lr: 0.003000, 5.09s
2024-04-30 18:34:33,049 - INFO - epoch complete!
2024-04-30 18:34:33,049 - INFO - evaluating now!
2024-04-30 18:34:33,378 - INFO - Epoch [37/200] train_loss: 3.8927, val_loss: 5.2186, lr: 0.003000, 5.12s
2024-04-30 18:34:38,177 - INFO - epoch complete!
2024-04-30 18:34:38,177 - INFO - evaluating now!
2024-04-30 18:34:38,487 - INFO - Epoch [38/200] train_loss: 3.8942, val_loss: 5.2785, lr: 0.003000, 5.11s
2024-04-30 18:34:43,282 - INFO - epoch complete!
2024-04-30 18:34:43,282 - INFO - evaluating now!
2024-04-30 18:34:43,594 - INFO - Epoch [39/200] train_loss: 3.8905, val_loss: 5.1783, lr: 0.003000, 5.11s
2024-04-30 18:34:48,393 - INFO - epoch complete!
2024-04-30 18:34:48,393 - INFO - evaluating now!
2024-04-30 18:34:48,705 - INFO - Epoch [40/200] train_loss: 3.8114, val_loss: 5.0187, lr: 0.003000, 5.11s
2024-04-30 18:34:48,721 - INFO - Saved model at 40
2024-04-30 18:34:48,721 - INFO - Val loss decrease from 5.0900 to 5.0187, saving to ./libcity/cache/44/model_cache/AGCRN_CHITaxi20190406_epoch40.tar
2024-04-30 18:34:53,501 - INFO - epoch complete!
2024-04-30 18:34:53,501 - INFO - evaluating now!
2024-04-30 18:34:53,828 - INFO - Epoch [41/200] train_loss: 3.7876, val_loss: 5.1396, lr: 0.003000, 5.11s
2024-04-30 18:34:58,623 - INFO - epoch complete!
2024-04-30 18:34:58,623 - INFO - evaluating now!
2024-04-30 18:34:58,935 - INFO - Epoch [42/200] train_loss: 3.8334, val_loss: 5.0433, lr: 0.003000, 5.11s
2024-04-30 18:35:03,717 - INFO - epoch complete!
2024-04-30 18:35:03,717 - INFO - evaluating now!
2024-04-30 18:35:04,045 - INFO - Epoch [43/200] train_loss: 3.7595, val_loss: 5.1797, lr: 0.003000, 5.11s
2024-04-30 18:35:08,826 - INFO - epoch complete!
2024-04-30 18:35:08,826 - INFO - evaluating now!
2024-04-30 18:35:09,154 - INFO - Epoch [44/200] train_loss: 3.7746, val_loss: 5.2303, lr: 0.003000, 5.11s
2024-04-30 18:35:13,949 - INFO - epoch complete!
2024-04-30 18:35:13,949 - INFO - evaluating now!
2024-04-30 18:35:14,262 - INFO - Epoch [45/200] train_loss: 3.6997, val_loss: 5.0671, lr: 0.003000, 5.11s
2024-04-30 18:35:19,058 - INFO - epoch complete!
2024-04-30 18:35:19,058 - INFO - evaluating now!
2024-04-30 18:35:19,386 - INFO - Epoch [46/200] train_loss: 3.6788, val_loss: 5.2461, lr: 0.003000, 5.12s
2024-04-30 18:35:24,167 - INFO - epoch complete!
2024-04-30 18:35:24,167 - INFO - evaluating now!
2024-04-30 18:35:24,496 - INFO - Epoch [47/200] train_loss: 3.6428, val_loss: 5.1043, lr: 0.003000, 5.11s
2024-04-30 18:35:29,276 - INFO - epoch complete!
2024-04-30 18:35:29,276 - INFO - evaluating now!
2024-04-30 18:35:29,589 - INFO - Epoch [48/200] train_loss: 3.6464, val_loss: 5.3215, lr: 0.003000, 5.09s
2024-04-30 18:35:34,385 - INFO - epoch complete!
2024-04-30 18:35:34,385 - INFO - evaluating now!
2024-04-30 18:35:34,697 - INFO - Epoch [49/200] train_loss: 3.6185, val_loss: 5.3161, lr: 0.003000, 5.11s
2024-04-30 18:35:39,509 - INFO - epoch complete!
2024-04-30 18:35:39,509 - INFO - evaluating now!
2024-04-30 18:35:39,832 - INFO - Epoch [50/200] train_loss: 3.5983, val_loss: 5.1855, lr: 0.003000, 5.13s
2024-04-30 18:35:44,616 - INFO - epoch complete!
2024-04-30 18:35:44,616 - INFO - evaluating now!
2024-04-30 18:35:44,928 - INFO - Epoch [51/200] train_loss: 3.5880, val_loss: 5.2428, lr: 0.003000, 5.10s
2024-04-30 18:35:49,710 - INFO - epoch complete!
2024-04-30 18:35:49,710 - INFO - evaluating now!
2024-04-30 18:35:50,038 - INFO - Epoch [52/200] train_loss: 3.5466, val_loss: 5.2069, lr: 0.003000, 5.11s
2024-04-30 18:35:54,819 - INFO - epoch complete!
2024-04-30 18:35:54,819 - INFO - evaluating now!
2024-04-30 18:35:55,132 - INFO - Epoch [53/200] train_loss: 3.5510, val_loss: 5.1345, lr: 0.003000, 5.09s
2024-04-30 18:35:59,927 - INFO - epoch complete!
2024-04-30 18:35:59,927 - INFO - evaluating now!
2024-04-30 18:36:00,239 - INFO - Epoch [54/200] train_loss: 3.5210, val_loss: 5.2116, lr: 0.003000, 5.11s
2024-04-30 18:36:05,035 - INFO - epoch complete!
2024-04-30 18:36:05,035 - INFO - evaluating now!
2024-04-30 18:36:05,348 - INFO - Epoch [55/200] train_loss: 3.4808, val_loss: 5.1434, lr: 0.003000, 5.11s
2024-04-30 18:36:05,348 - WARNING - Early stopping at epoch: 55
2024-04-30 18:36:05,348 - INFO - Trained totally 56 epochs, average train time is 4.793s, average eval time is 0.318s
2024-04-30 18:36:05,363 - INFO - Loaded model at 40
2024-04-30 18:36:05,363 - INFO - Saved model at ./libcity/cache/44/model_cache/AGCRN_CHITaxi20190406.m
2024-04-30 18:36:05,379 - INFO - Start evaluating ...
2024-04-30 18:36:06,410 - INFO - Note that you select the single mode to evaluate!
2024-04-30 18:36:06,426 - INFO - Evaluate result is saved at ./libcity/cache/44/evaluate_cache\AGCRN_CHITaxi20190406.csv
2024-04-30 18:36:06,426 - INFO - 
         MAE       RMSE
1   2.406233   7.135493
2   2.498693   7.702673
3   2.675142   8.632474
4   2.821384   9.421627
5   2.916282  10.367039
6   3.083922  11.495551
7   3.227572  12.612457
8   3.309599  13.435930
9   3.353821  13.849436
10  3.410387  13.996819
11  3.489072  14.163952
12  3.578362  14.583655
2024-04-30 18:36:06,488 - INFO - ----------------------------------------------------------------------------
2024-04-30 18:36:06,488 - INFO - Kownledge Graph Embedding: RefH, Experiment ids: [40, 41, 42, 43, 44]
2024-04-30 18:36:06,504 - INFO - ----------------------------------------------------------------------------
2024-04-30 18:36:06,504 - INFO - Average: 
         MAE       RMSE
0   2.365371   7.381979
1   2.459580   7.813558
2   2.653365   8.696595
3   2.800234   9.495565
4   2.964323  10.474227
5   3.080273  11.503688
6   3.174756  12.478843
7   3.253134  13.033038
8   3.288522  13.319004
9   3.333809  13.409646
10  3.374682  13.621185
11  3.505495  14.099585 
2024-04-30 18:36:06,504 - INFO - Standard deviation: 
         MAE      RMSE
0   0.102761  0.507930
1   0.086065  0.271695
2   0.042902  0.170415
3   0.051891  0.157594
4   0.053609  0.256167
5   0.058251  0.442850
6   0.072670  0.430838
7   0.063144  0.495592
8   0.046851  0.506007
9   0.064488  0.432871
10  0.072473  0.475247
11  0.079091  0.449293
2024-04-30 18:36:06,504 - INFO - ----------------------------------------------------------------------------
2024-04-30 18:36:06,519 - INFO - 12 steps Average: 
        MAE       RMSE
0  3.021129  11.277243
2024-04-30 18:36:06,519 - INFO - 12 steps Standard deviation: 
        MAE      RMSE
0  0.066183  0.383042
