2024-04-30 13:51:59,086 - INFO - Log directory: ./libcity/log
2024-04-30 13:51:59,086 - INFO - Begin pipeline, task=traffic_state_pred, model_name=AGCRN, dataset_name=CHITaxi20190406, exp_id=64
2024-04-30 13:51:59,086 - INFO - {'task': 'traffic_state_pred', 'model': 'AGCRN', 'dataset': 'CHITaxi20190406', 'saved_model': True, 'train': True, 'seed': 861339244, 'exp_id': 64, 'load_external': True, 'embedding_model': 'RandomE', 'max_epoch': 200, 'patience': 15, 'cache_dataset': False, 'output_window': 12, 'metrics': ['MAE', 'RMSE'], 'dataset_class': 'TrafficStatePointDataset', 'executor': 'TrafficStateExecutor', 'evaluator': 'TrafficStateEvaluator', 'embed_dim': 10, 'rnn_units': 64, 'num_layers': 2, 'cheb_order': 2, 'bidir_adj_mx': True, 'scaler': 'standard', 'normal_external': False, 'ext_scaler': 'none', 'add_time_in_day': False, 'add_day_in_week': False, 'learner': 'adam', 'learning_rate': 0.003, 'lr_decay': False, 'clip_grad_norm': False, 'use_early_stop': True, 'batch_size': 64, 'num_workers': 0, 'pad_with_last_sample': True, 'train_rate': 0.7, 'eval_rate': 0.1, 'input_window': 12, 'gpu': True, 'gpu_id': 0, 'train_loss': 'none', 'epoch': 0, 'weight_decay': 0, 'lr_epsilon': 1e-08, 'lr_beta1': 0.9, 'lr_beta2': 0.999, 'lr_alpha': 0.99, 'lr_momentum': 0, 'lr_scheduler': 'multisteplr', 'lr_decay_ratio': 0.1, 'steps': [5, 20, 40, 70], 'step_size': 10, 'lr_T_max': 30, 'lr_eta_min': 0, 'lr_patience': 10, 'lr_threshold': 0.0001, 'max_grad_norm': 1.0, 'log_level': 'INFO', 'log_every': 1, 'load_best_epoch': True, 'hyper_tune': False, 'evaluator_mode': 'single', 'save_mode': ['csv'], 'geo': {'including_types': ['Point'], 'Point': {}}, 'rel': {'including_types': ['geo'], 'geo': {'cost': 'num'}}, 'dyna': {'including_types': ['state'], 'state': {'entity_id': 'geo_id', 'traffic_speed': 'num'}}, 'data_col': ['inflow', 'outflow'], 'weight_col': 'cost', 'data_files': ['CHITaxi20190406'], 'geo_file': 'CHITaxi20190406', 'rel_file': 'CHITaxi20190406', 'output_dim': 2, 'time_intervals': 4368, 'init_weight_inf_or_zero': 'inf', 'set_weight_link_or_dist': 'dist', 'calculate_weight_adj': True, 'weight_adj_epsilon': 0.1, 'embedding_type': 'area', 'device': device(type='cuda', index=0)}
2024-04-30 13:51:59,086 - INFO - Loaded file CHITaxi20190406.geo, num_nodes=77
2024-04-30 13:51:59,090 - INFO - set_weight_link_or_dist: dist
2024-04-30 13:51:59,090 - INFO - init_weight_inf_or_zero: inf
2024-04-30 13:51:59,102 - INFO - Loaded file CHITaxi20190406.rel, shape=(77, 77)
2024-04-30 13:51:59,102 - INFO - Start Calculate the weight by Gauss kernel!
2024-04-30 13:51:59,106 - INFO - Loading file CHITaxi20190406.dyna
2024-04-30 13:51:59,233 - INFO - Loaded file CHITaxi20190406.dyna, shape=(4368, 77, 2)
2024-04-30 13:52:00,963 - INFO - Dataset created
2024-04-30 13:52:00,963 - INFO - x shape: (4345, 12, 77, 34), y shape: (4345, 12, 77, 34)
2024-04-30 13:52:01,052 - INFO - train	x: (3042, 12, 77, 34), y: (3042, 12, 77, 34)
2024-04-30 13:52:01,052 - INFO - eval	x: (434, 12, 77, 34), y: (434, 12, 77, 34)
2024-04-30 13:52:01,052 - INFO - test	x: (869, 12, 77, 34), y: (869, 12, 77, 34)
2024-04-30 13:52:01,180 - INFO - StandardScaler mean: 11.137838123415046, std: 53.15358218315973
2024-04-30 13:52:01,180 - INFO - NoneScaler
2024-04-30 13:52:02,731 - INFO - AGCRN(
  (encoder): AVWDCRNN(
    (dcrnn_cells): ModuleList(
      (0): AGCRNCell(
        (gate): AVWGCN()
        (update): AVWGCN()
      )
      (1): AGCRNCell(
        (gate): AVWGCN()
        (update): AVWGCN()
      )
    )
  )
  (end_conv): Conv2d(1, 24, kernel_size=(1, 64), stride=(1, 1))
)
2024-04-30 13:52:02,732 - INFO - node_embeddings	torch.Size([77, 10])	cuda:0	True
2024-04-30 13:52:02,733 - INFO - encoder.dcrnn_cells.0.gate.weights_pool	torch.Size([10, 2, 98, 128])	cuda:0	True
2024-04-30 13:52:02,733 - INFO - encoder.dcrnn_cells.0.gate.bias_pool	torch.Size([10, 128])	cuda:0	True
2024-04-30 13:52:02,733 - INFO - encoder.dcrnn_cells.0.update.weights_pool	torch.Size([10, 2, 98, 64])	cuda:0	True
2024-04-30 13:52:02,733 - INFO - encoder.dcrnn_cells.0.update.bias_pool	torch.Size([10, 64])	cuda:0	True
2024-04-30 13:52:02,734 - INFO - encoder.dcrnn_cells.1.gate.weights_pool	torch.Size([10, 2, 128, 128])	cuda:0	True
2024-04-30 13:52:02,734 - INFO - encoder.dcrnn_cells.1.gate.bias_pool	torch.Size([10, 128])	cuda:0	True
2024-04-30 13:52:02,734 - INFO - encoder.dcrnn_cells.1.update.weights_pool	torch.Size([10, 2, 128, 64])	cuda:0	True
2024-04-30 13:52:02,734 - INFO - encoder.dcrnn_cells.1.update.bias_pool	torch.Size([10, 64])	cuda:0	True
2024-04-30 13:52:02,734 - INFO - end_conv.weight	torch.Size([24, 1, 1, 64])	cuda:0	True
2024-04-30 13:52:02,734 - INFO - end_conv.bias	torch.Size([24])	cuda:0	True
2024-04-30 13:52:02,734 - INFO - Total parameter numbers: 874010
2024-04-30 13:52:02,734 - INFO - You select `adam` optimizer.
2024-04-30 13:52:02,734 - WARNING - Received none train loss func and will use the loss func defined in the model.
2024-04-30 13:52:02,734 - INFO - Start training ...
2024-04-30 13:52:02,734 - INFO - num_batches:48
2024-04-30 13:52:07,910 - INFO - epoch complete!
2024-04-30 13:52:07,910 - INFO - evaluating now!
2024-04-30 13:52:08,230 - INFO - Epoch [0/200] train_loss: 25.7553, val_loss: 17.8452, lr: 0.003000, 5.50s
2024-04-30 13:52:08,246 - INFO - Saved model at 0
2024-04-30 13:52:08,246 - INFO - Val loss decrease from inf to 17.8452, saving to ./libcity/cache/64/model_cache/AGCRN_CHITaxi20190406_epoch0.tar
2024-04-30 13:52:13,106 - INFO - epoch complete!
2024-04-30 13:52:13,106 - INFO - evaluating now!
2024-04-30 13:52:13,426 - INFO - Epoch [1/200] train_loss: 14.6429, val_loss: 13.7092, lr: 0.003000, 5.18s
2024-04-30 13:52:13,442 - INFO - Saved model at 1
2024-04-30 13:52:13,442 - INFO - Val loss decrease from 17.8452 to 13.7092, saving to ./libcity/cache/64/model_cache/AGCRN_CHITaxi20190406_epoch1.tar
2024-04-30 13:52:18,495 - INFO - epoch complete!
2024-04-30 13:52:18,495 - INFO - evaluating now!
2024-04-30 13:52:18,823 - INFO - Epoch [2/200] train_loss: 11.0693, val_loss: 10.1163, lr: 0.003000, 5.38s
2024-04-30 13:52:18,835 - INFO - Saved model at 2
2024-04-30 13:52:18,835 - INFO - Val loss decrease from 13.7092 to 10.1163, saving to ./libcity/cache/64/model_cache/AGCRN_CHITaxi20190406_epoch2.tar
2024-04-30 13:52:23,874 - INFO - epoch complete!
2024-04-30 13:52:23,874 - INFO - evaluating now!
2024-04-30 13:52:24,194 - INFO - Epoch [3/200] train_loss: 8.8199, val_loss: 8.3338, lr: 0.003000, 5.36s
2024-04-30 13:52:24,210 - INFO - Saved model at 3
2024-04-30 13:52:24,210 - INFO - Val loss decrease from 10.1163 to 8.3338, saving to ./libcity/cache/64/model_cache/AGCRN_CHITaxi20190406_epoch3.tar
2024-04-30 13:52:29,211 - INFO - epoch complete!
2024-04-30 13:52:29,211 - INFO - evaluating now!
2024-04-30 13:52:29,561 - INFO - Epoch [4/200] train_loss: 7.8022, val_loss: 7.3965, lr: 0.003000, 5.35s
2024-04-30 13:52:29,577 - INFO - Saved model at 4
2024-04-30 13:52:29,578 - INFO - Val loss decrease from 8.3338 to 7.3965, saving to ./libcity/cache/64/model_cache/AGCRN_CHITaxi20190406_epoch4.tar
2024-04-30 13:52:34,537 - INFO - epoch complete!
2024-04-30 13:52:34,541 - INFO - evaluating now!
2024-04-30 13:52:34,857 - INFO - Epoch [5/200] train_loss: 7.0418, val_loss: 6.7413, lr: 0.003000, 5.28s
2024-04-30 13:52:34,873 - INFO - Saved model at 5
2024-04-30 13:52:34,873 - INFO - Val loss decrease from 7.3965 to 6.7413, saving to ./libcity/cache/64/model_cache/AGCRN_CHITaxi20190406_epoch5.tar
2024-04-30 13:52:39,771 - INFO - epoch complete!
2024-04-30 13:52:39,771 - INFO - evaluating now!
2024-04-30 13:52:40,091 - INFO - Epoch [6/200] train_loss: 6.6157, val_loss: 6.4332, lr: 0.003000, 5.22s
2024-04-30 13:52:40,103 - INFO - Saved model at 6
2024-04-30 13:52:40,103 - INFO - Val loss decrease from 6.7413 to 6.4332, saving to ./libcity/cache/64/model_cache/AGCRN_CHITaxi20190406_epoch6.tar
2024-04-30 13:52:45,011 - INFO - epoch complete!
2024-04-30 13:52:45,011 - INFO - evaluating now!
2024-04-30 13:52:45,325 - INFO - Epoch [7/200] train_loss: 6.2604, val_loss: 6.2132, lr: 0.003000, 5.22s
2024-04-30 13:52:45,341 - INFO - Saved model at 7
2024-04-30 13:52:45,341 - INFO - Val loss decrease from 6.4332 to 6.2132, saving to ./libcity/cache/64/model_cache/AGCRN_CHITaxi20190406_epoch7.tar
2024-04-30 13:52:50,234 - INFO - epoch complete!
2024-04-30 13:52:50,234 - INFO - evaluating now!
2024-04-30 13:52:50,551 - INFO - Epoch [8/200] train_loss: 6.0588, val_loss: 6.0614, lr: 0.003000, 5.21s
2024-04-30 13:52:50,567 - INFO - Saved model at 8
2024-04-30 13:52:50,567 - INFO - Val loss decrease from 6.2132 to 6.0614, saving to ./libcity/cache/64/model_cache/AGCRN_CHITaxi20190406_epoch8.tar
2024-04-30 13:52:55,560 - INFO - epoch complete!
2024-04-30 13:52:55,560 - INFO - evaluating now!
2024-04-30 13:52:55,883 - INFO - Epoch [9/200] train_loss: 5.7737, val_loss: 5.8112, lr: 0.003000, 5.32s
2024-04-30 13:52:55,899 - INFO - Saved model at 9
2024-04-30 13:52:55,899 - INFO - Val loss decrease from 6.0614 to 5.8112, saving to ./libcity/cache/64/model_cache/AGCRN_CHITaxi20190406_epoch9.tar
2024-04-30 13:53:00,760 - INFO - epoch complete!
2024-04-30 13:53:00,760 - INFO - evaluating now!
2024-04-30 13:53:01,080 - INFO - Epoch [10/200] train_loss: 5.5944, val_loss: 5.7126, lr: 0.003000, 5.18s
2024-04-30 13:53:01,096 - INFO - Saved model at 10
2024-04-30 13:53:01,096 - INFO - Val loss decrease from 5.8112 to 5.7126, saving to ./libcity/cache/64/model_cache/AGCRN_CHITaxi20190406_epoch10.tar
2024-04-30 13:53:06,012 - INFO - epoch complete!
2024-04-30 13:53:06,012 - INFO - evaluating now!
2024-04-30 13:53:06,333 - INFO - Epoch [11/200] train_loss: 5.4443, val_loss: 5.7148, lr: 0.003000, 5.24s
2024-04-30 13:53:11,202 - INFO - epoch complete!
2024-04-30 13:53:11,202 - INFO - evaluating now!
2024-04-30 13:53:11,520 - INFO - Epoch [12/200] train_loss: 5.3293, val_loss: 5.6139, lr: 0.003000, 5.19s
2024-04-30 13:53:11,536 - INFO - Saved model at 12
2024-04-30 13:53:11,536 - INFO - Val loss decrease from 5.7126 to 5.6139, saving to ./libcity/cache/64/model_cache/AGCRN_CHITaxi20190406_epoch12.tar
2024-04-30 13:53:16,391 - INFO - epoch complete!
2024-04-30 13:53:16,395 - INFO - evaluating now!
2024-04-30 13:53:16,717 - INFO - Epoch [13/200] train_loss: 5.1830, val_loss: 5.5727, lr: 0.003000, 5.18s
2024-04-30 13:53:16,732 - INFO - Saved model at 13
2024-04-30 13:53:16,732 - INFO - Val loss decrease from 5.6139 to 5.5727, saving to ./libcity/cache/64/model_cache/AGCRN_CHITaxi20190406_epoch13.tar
2024-04-30 13:53:21,754 - INFO - epoch complete!
2024-04-30 13:53:21,754 - INFO - evaluating now!
2024-04-30 13:53:22,078 - INFO - Epoch [14/200] train_loss: 5.1097, val_loss: 5.2621, lr: 0.003000, 5.35s
2024-04-30 13:53:22,114 - INFO - Saved model at 14
2024-04-30 13:53:22,114 - INFO - Val loss decrease from 5.5727 to 5.2621, saving to ./libcity/cache/64/model_cache/AGCRN_CHITaxi20190406_epoch14.tar
2024-04-30 13:53:26,991 - INFO - epoch complete!
2024-04-30 13:53:26,991 - INFO - evaluating now!
2024-04-30 13:53:27,309 - INFO - Epoch [15/200] train_loss: 5.0361, val_loss: 5.3328, lr: 0.003000, 5.20s
2024-04-30 13:53:32,349 - INFO - epoch complete!
2024-04-30 13:53:32,349 - INFO - evaluating now!
2024-04-30 13:53:32,685 - INFO - Epoch [16/200] train_loss: 4.8962, val_loss: 5.2524, lr: 0.003000, 5.38s
2024-04-30 13:53:32,701 - INFO - Saved model at 16
2024-04-30 13:53:32,701 - INFO - Val loss decrease from 5.2621 to 5.2524, saving to ./libcity/cache/64/model_cache/AGCRN_CHITaxi20190406_epoch16.tar
2024-04-30 13:53:37,636 - INFO - epoch complete!
2024-04-30 13:53:37,636 - INFO - evaluating now!
2024-04-30 13:53:37,955 - INFO - Epoch [17/200] train_loss: 4.8553, val_loss: 5.2408, lr: 0.003000, 5.25s
2024-04-30 13:53:37,975 - INFO - Saved model at 17
2024-04-30 13:53:37,975 - INFO - Val loss decrease from 5.2524 to 5.2408, saving to ./libcity/cache/64/model_cache/AGCRN_CHITaxi20190406_epoch17.tar
2024-04-30 13:53:42,929 - INFO - epoch complete!
2024-04-30 13:53:42,930 - INFO - evaluating now!
2024-04-30 13:53:43,258 - INFO - Epoch [18/200] train_loss: 4.7024, val_loss: 5.2960, lr: 0.003000, 5.28s
2024-04-30 13:53:48,530 - INFO - epoch complete!
2024-04-30 13:53:48,530 - INFO - evaluating now!
2024-04-30 13:53:48,856 - INFO - Epoch [19/200] train_loss: 4.6448, val_loss: 5.1879, lr: 0.003000, 5.60s
2024-04-30 13:53:48,872 - INFO - Saved model at 19
2024-04-30 13:53:48,872 - INFO - Val loss decrease from 5.2408 to 5.1879, saving to ./libcity/cache/64/model_cache/AGCRN_CHITaxi20190406_epoch19.tar
2024-04-30 13:53:53,838 - INFO - epoch complete!
2024-04-30 13:53:53,838 - INFO - evaluating now!
2024-04-30 13:53:54,154 - INFO - Epoch [20/200] train_loss: 4.6554, val_loss: 5.3300, lr: 0.003000, 5.28s
2024-04-30 13:53:59,021 - INFO - epoch complete!
2024-04-30 13:53:59,021 - INFO - evaluating now!
2024-04-30 13:53:59,338 - INFO - Epoch [21/200] train_loss: 4.5827, val_loss: 5.5254, lr: 0.003000, 5.18s
2024-04-30 13:54:04,324 - INFO - epoch complete!
2024-04-30 13:54:04,324 - INFO - evaluating now!
2024-04-30 13:54:04,644 - INFO - Epoch [22/200] train_loss: 4.5774, val_loss: 5.0595, lr: 0.003000, 5.31s
2024-04-30 13:54:04,656 - INFO - Saved model at 22
2024-04-30 13:54:04,659 - INFO - Val loss decrease from 5.1879 to 5.0595, saving to ./libcity/cache/64/model_cache/AGCRN_CHITaxi20190406_epoch22.tar
2024-04-30 13:54:09,514 - INFO - epoch complete!
2024-04-30 13:54:09,514 - INFO - evaluating now!
2024-04-30 13:54:09,838 - INFO - Epoch [23/200] train_loss: 4.4496, val_loss: 4.9836, lr: 0.003000, 5.18s
2024-04-30 13:54:09,854 - INFO - Saved model at 23
2024-04-30 13:54:09,854 - INFO - Val loss decrease from 5.0595 to 4.9836, saving to ./libcity/cache/64/model_cache/AGCRN_CHITaxi20190406_epoch23.tar
2024-04-30 13:54:14,703 - INFO - epoch complete!
2024-04-30 13:54:14,703 - INFO - evaluating now!
2024-04-30 13:54:15,030 - INFO - Epoch [24/200] train_loss: 4.4906, val_loss: 5.0728, lr: 0.003000, 5.18s
2024-04-30 13:54:20,040 - INFO - epoch complete!
2024-04-30 13:54:20,040 - INFO - evaluating now!
2024-04-30 13:54:20,388 - INFO - Epoch [25/200] train_loss: 4.3672, val_loss: 5.0255, lr: 0.003000, 5.36s
2024-04-30 13:54:25,506 - INFO - epoch complete!
2024-04-30 13:54:25,506 - INFO - evaluating now!
2024-04-30 13:54:25,830 - INFO - Epoch [26/200] train_loss: 4.3205, val_loss: 5.1157, lr: 0.003000, 5.44s
2024-04-30 13:54:30,803 - INFO - epoch complete!
2024-04-30 13:54:30,803 - INFO - evaluating now!
2024-04-30 13:54:31,164 - INFO - Epoch [27/200] train_loss: 4.2893, val_loss: 5.0476, lr: 0.003000, 5.33s
2024-04-30 13:54:36,153 - INFO - epoch complete!
2024-04-30 13:54:36,154 - INFO - evaluating now!
2024-04-30 13:54:36,486 - INFO - Epoch [28/200] train_loss: 4.2461, val_loss: 4.9864, lr: 0.003000, 5.32s
2024-04-30 13:54:41,392 - INFO - epoch complete!
2024-04-30 13:54:41,392 - INFO - evaluating now!
2024-04-30 13:54:41,712 - INFO - Epoch [29/200] train_loss: 4.2191, val_loss: 5.0418, lr: 0.003000, 5.23s
2024-04-30 13:54:46,569 - INFO - epoch complete!
2024-04-30 13:54:46,569 - INFO - evaluating now!
2024-04-30 13:54:46,901 - INFO - Epoch [30/200] train_loss: 4.1891, val_loss: 5.1414, lr: 0.003000, 5.19s
2024-04-30 13:54:51,997 - INFO - epoch complete!
2024-04-30 13:54:51,997 - INFO - evaluating now!
2024-04-30 13:54:52,332 - INFO - Epoch [31/200] train_loss: 4.1543, val_loss: 5.1197, lr: 0.003000, 5.43s
2024-04-30 13:54:57,249 - INFO - epoch complete!
2024-04-30 13:54:57,249 - INFO - evaluating now!
2024-04-30 13:54:57,593 - INFO - Epoch [32/200] train_loss: 4.1024, val_loss: 4.9585, lr: 0.003000, 5.26s
2024-04-30 13:54:57,609 - INFO - Saved model at 32
2024-04-30 13:54:57,609 - INFO - Val loss decrease from 4.9836 to 4.9585, saving to ./libcity/cache/64/model_cache/AGCRN_CHITaxi20190406_epoch32.tar
2024-04-30 13:55:02,659 - INFO - epoch complete!
2024-04-30 13:55:02,659 - INFO - evaluating now!
2024-04-30 13:55:02,979 - INFO - Epoch [33/200] train_loss: 4.0924, val_loss: 5.0005, lr: 0.003000, 5.37s
2024-04-30 13:55:07,858 - INFO - epoch complete!
2024-04-30 13:55:07,858 - INFO - evaluating now!
2024-04-30 13:55:08,178 - INFO - Epoch [34/200] train_loss: 4.0441, val_loss: 5.2202, lr: 0.003000, 5.20s
2024-04-30 13:55:13,118 - INFO - epoch complete!
2024-04-30 13:55:13,118 - INFO - evaluating now!
2024-04-30 13:55:13,438 - INFO - Epoch [35/200] train_loss: 4.0206, val_loss: 5.1102, lr: 0.003000, 5.26s
2024-04-30 13:55:18,343 - INFO - epoch complete!
2024-04-30 13:55:18,347 - INFO - evaluating now!
2024-04-30 13:55:18,677 - INFO - Epoch [36/200] train_loss: 3.9921, val_loss: 5.0658, lr: 0.003000, 5.24s
2024-04-30 13:55:23,597 - INFO - epoch complete!
2024-04-30 13:55:23,597 - INFO - evaluating now!
2024-04-30 13:55:23,914 - INFO - Epoch [37/200] train_loss: 3.9566, val_loss: 5.0747, lr: 0.003000, 5.24s
2024-04-30 13:55:28,863 - INFO - epoch complete!
2024-04-30 13:55:28,863 - INFO - evaluating now!
2024-04-30 13:55:29,247 - INFO - Epoch [38/200] train_loss: 3.9387, val_loss: 5.0504, lr: 0.003000, 5.33s
2024-04-30 13:55:34,346 - INFO - epoch complete!
2024-04-30 13:55:34,346 - INFO - evaluating now!
2024-04-30 13:55:34,670 - INFO - Epoch [39/200] train_loss: 3.8835, val_loss: 5.1756, lr: 0.003000, 5.42s
2024-04-30 13:55:39,593 - INFO - epoch complete!
2024-04-30 13:55:39,593 - INFO - evaluating now!
2024-04-30 13:55:39,934 - INFO - Epoch [40/200] train_loss: 3.8607, val_loss: 4.9411, lr: 0.003000, 5.26s
2024-04-30 13:55:39,950 - INFO - Saved model at 40
2024-04-30 13:55:39,950 - INFO - Val loss decrease from 4.9585 to 4.9411, saving to ./libcity/cache/64/model_cache/AGCRN_CHITaxi20190406_epoch40.tar
2024-04-30 13:55:44,953 - INFO - epoch complete!
2024-04-30 13:55:44,953 - INFO - evaluating now!
2024-04-30 13:55:45,285 - INFO - Epoch [41/200] train_loss: 3.8617, val_loss: 5.1295, lr: 0.003000, 5.34s
2024-04-30 13:55:50,227 - INFO - epoch complete!
2024-04-30 13:55:50,227 - INFO - evaluating now!
2024-04-30 13:55:50,539 - INFO - Epoch [42/200] train_loss: 3.8492, val_loss: 5.1279, lr: 0.003000, 5.25s
2024-04-30 13:55:55,432 - INFO - epoch complete!
2024-04-30 13:55:55,432 - INFO - evaluating now!
2024-04-30 13:55:55,750 - INFO - Epoch [43/200] train_loss: 3.8059, val_loss: 5.0498, lr: 0.003000, 5.21s
2024-04-30 13:56:00,603 - INFO - epoch complete!
2024-04-30 13:56:00,603 - INFO - evaluating now!
2024-04-30 13:56:00,938 - INFO - Epoch [44/200] train_loss: 3.7883, val_loss: 4.9662, lr: 0.003000, 5.19s
2024-04-30 13:56:05,904 - INFO - epoch complete!
2024-04-30 13:56:05,904 - INFO - evaluating now!
2024-04-30 13:56:06,243 - INFO - Epoch [45/200] train_loss: 3.7545, val_loss: 5.0079, lr: 0.003000, 5.31s
2024-04-30 13:56:11,238 - INFO - epoch complete!
2024-04-30 13:56:11,239 - INFO - evaluating now!
2024-04-30 13:56:11,557 - INFO - Epoch [46/200] train_loss: 3.7283, val_loss: 5.1201, lr: 0.003000, 5.31s
2024-04-30 13:56:16,396 - INFO - epoch complete!
2024-04-30 13:56:16,396 - INFO - evaluating now!
2024-04-30 13:56:16,708 - INFO - Epoch [47/200] train_loss: 3.7242, val_loss: 4.9715, lr: 0.003000, 5.15s
2024-04-30 13:56:21,597 - INFO - epoch complete!
2024-04-30 13:56:21,598 - INFO - evaluating now!
2024-04-30 13:56:21,920 - INFO - Epoch [48/200] train_loss: 3.6936, val_loss: 5.0705, lr: 0.003000, 5.21s
2024-04-30 13:56:27,077 - INFO - epoch complete!
2024-04-30 13:56:27,078 - INFO - evaluating now!
2024-04-30 13:56:27,424 - INFO - Epoch [49/200] train_loss: 3.6879, val_loss: 4.9793, lr: 0.003000, 5.50s
2024-04-30 13:56:32,494 - INFO - epoch complete!
2024-04-30 13:56:32,494 - INFO - evaluating now!
2024-04-30 13:56:32,817 - INFO - Epoch [50/200] train_loss: 3.6600, val_loss: 4.9965, lr: 0.003000, 5.39s
2024-04-30 13:56:37,648 - INFO - epoch complete!
2024-04-30 13:56:37,648 - INFO - evaluating now!
2024-04-30 13:56:37,964 - INFO - Epoch [51/200] train_loss: 3.6257, val_loss: 5.1832, lr: 0.003000, 5.15s
2024-04-30 13:56:42,820 - INFO - epoch complete!
2024-04-30 13:56:42,821 - INFO - evaluating now!
2024-04-30 13:56:43,138 - INFO - Epoch [52/200] train_loss: 3.6507, val_loss: 5.1357, lr: 0.003000, 5.17s
2024-04-30 13:56:47,975 - INFO - epoch complete!
2024-04-30 13:56:47,976 - INFO - evaluating now!
2024-04-30 13:56:48,290 - INFO - Epoch [53/200] train_loss: 3.5969, val_loss: 5.1253, lr: 0.003000, 5.15s
2024-04-30 13:56:53,132 - INFO - epoch complete!
2024-04-30 13:56:53,133 - INFO - evaluating now!
2024-04-30 13:56:53,447 - INFO - Epoch [54/200] train_loss: 3.6001, val_loss: 5.0595, lr: 0.003000, 5.16s
2024-04-30 13:56:58,280 - INFO - epoch complete!
2024-04-30 13:56:58,280 - INFO - evaluating now!
2024-04-30 13:56:58,597 - INFO - Epoch [55/200] train_loss: 3.5583, val_loss: 5.1001, lr: 0.003000, 5.15s
2024-04-30 13:56:58,597 - WARNING - Early stopping at epoch: 55
2024-04-30 13:56:58,597 - INFO - Trained totally 56 epochs, average train time is 4.950s, average eval time is 0.326s
2024-04-30 13:56:58,606 - INFO - Loaded model at 40
2024-04-30 13:56:58,606 - INFO - Saved model at ./libcity/cache/64/model_cache/AGCRN_CHITaxi20190406.m
2024-04-30 13:56:58,636 - INFO - Start evaluating ...
2024-04-30 13:56:59,689 - INFO - Note that you select the single mode to evaluate!
2024-04-30 13:56:59,693 - INFO - Evaluate result is saved at ./libcity/cache/64/evaluate_cache\AGCRN_CHITaxi20190406.csv
2024-04-30 13:56:59,696 - INFO - 
         MAE       RMSE
1   2.324439   7.068739
2   2.406960   7.577626
3   2.645696   8.612447
4   2.859747   9.585836
5   3.012558  10.567939
6   3.109751  11.437161
7   3.180910  12.157609
8   3.213002  12.686480
9   3.234504  12.946233
10  3.290901  13.180164
11  3.287098  13.208997
12  3.428070  13.600412
2024-04-30 13:56:59,759 - INFO - ----------------------------------------------------------------------------
2024-04-30 13:56:59,759 - INFO - Kownledge Graph Embedding: RandomE, Experiment ids: [60, 61, 62, 63, 64]
2024-04-30 13:56:59,765 - INFO - ----------------------------------------------------------------------------
2024-04-30 13:56:59,767 - INFO - Average: 
         MAE       RMSE
0   2.348369   7.350126
1   2.459799   7.915213
2   2.643444   8.888180
3   2.829751   9.760631
4   2.962718  10.702956
5   3.071199  11.550785
6   3.145853  12.314554
7   3.215151  12.844245
8   3.260177  13.062296
9   3.307553  13.176170
10  3.345571  13.317908
11  3.452502  13.692047 
2024-04-30 13:56:59,769 - INFO - Standard deviation: 
         MAE      RMSE
0   0.043893  0.462137
1   0.071354  0.292490
2   0.048967  0.172939
3   0.039962  0.125933
4   0.044114  0.177631
5   0.039665  0.316191
6   0.062876  0.453035
7   0.095536  0.519015
8   0.097251  0.482886
9   0.091480  0.413679
10  0.101677  0.506243
11  0.068751  0.571770
2024-04-30 13:56:59,775 - INFO - ----------------------------------------------------------------------------
2024-04-30 13:56:59,777 - INFO - 12 steps Average: 
        MAE       RMSE
0  3.003507  11.214593
2024-04-30 13:56:59,779 - INFO - 12 steps Standard deviation: 
        MAE      RMSE
0  0.067127  0.374496
