2024-04-22 09:28:51 INFO     Saving logs in: ./logs\CHI\04_22\MuRE_09_28_51
2024-04-22 09:28:52 INFO     	 (140602, 26, 140602)
2024-04-22 09:28:53 INFO     Total number of parameters 4782132
2024-04-22 09:28:53 INFO     	 Start training
2024-04-22 09:29:02 INFO     	 Epoch 0 | average train loss: 0.3307
2024-04-22 09:29:02 INFO     	 Epoch 0 | average valid loss: 0.1104
2024-04-22 09:29:10 INFO     	 Epoch 1 | average train loss: 0.0909
2024-04-22 09:29:10 INFO     	 Epoch 1 | average valid loss: 0.0718
2024-04-22 09:29:17 INFO     	 Epoch 2 | average train loss: 0.0780
2024-04-22 09:29:17 INFO     	 Epoch 2 | average valid loss: 0.0577
2024-04-22 09:29:58 INFO     	 valid MR: 37962.66 | MRR: 0.171 | H@1: 0.122 | H@3: 0.190 | H@10: 0.276
2024-04-22 09:29:58 INFO     	 Saving model at epoch 2 in ./logs\CHI\04_22\MuRE_09_28_51
2024-04-22 09:30:05 INFO     	 Epoch 3 | average train loss: 0.0714
2024-04-22 09:30:05 INFO     	 Epoch 3 | average valid loss: 0.0498
2024-04-22 09:30:13 INFO     	 Epoch 4 | average train loss: 0.0667
2024-04-22 09:30:13 INFO     	 Epoch 4 | average valid loss: 0.0445
2024-04-22 09:30:20 INFO     	 Epoch 5 | average train loss: 0.0630
2024-04-22 09:30:21 INFO     	 Epoch 5 | average valid loss: 0.0408
2024-04-22 09:30:59 INFO     	 valid MR: 27776.42 | MRR: 0.155 | H@1: 0.092 | H@3: 0.191 | H@10: 0.278
2024-04-22 09:31:07 INFO     	 Epoch 6 | average train loss: 0.0600
2024-04-22 09:31:07 INFO     	 Epoch 6 | average valid loss: 0.0385
2024-04-22 09:31:14 INFO     	 Epoch 7 | average train loss: 0.0579
2024-04-22 09:31:14 INFO     	 Epoch 7 | average valid loss: 0.0370
2024-04-22 09:31:22 INFO     	 Epoch 8 | average train loss: 0.0564
2024-04-22 09:31:22 INFO     	 Epoch 8 | average valid loss: 0.0361
2024-04-22 09:32:01 INFO     	 valid MR: 24611.70 | MRR: 0.134 | H@1: 0.069 | H@3: 0.164 | H@10: 0.278
2024-04-22 09:32:08 INFO     	 Epoch 9 | average train loss: 0.0554
2024-04-22 09:32:08 INFO     	 Epoch 9 | average valid loss: 0.0356
2024-04-22 09:32:16 INFO     	 Epoch 10 | average train loss: 0.0548
2024-04-22 09:32:16 INFO     	 Epoch 10 | average valid loss: 0.0353
2024-04-22 09:32:23 INFO     	 Epoch 11 | average train loss: 0.0544
2024-04-22 09:32:23 INFO     	 Epoch 11 | average valid loss: 0.0351
2024-04-22 09:33:03 INFO     	 valid MR: 24671.39 | MRR: 0.120 | H@1: 0.051 | H@3: 0.147 | H@10: 0.270
2024-04-22 09:33:10 INFO     	 Epoch 12 | average train loss: 0.0541
2024-04-22 09:33:10 INFO     	 Epoch 12 | average valid loss: 0.0350
2024-04-22 09:33:18 INFO     	 Epoch 13 | average train loss: 0.0538
2024-04-22 09:33:18 INFO     	 Epoch 13 | average valid loss: 0.0350
2024-04-22 09:33:25 INFO     	 Epoch 14 | average train loss: 0.0536
2024-04-22 09:33:25 INFO     	 Epoch 14 | average valid loss: 0.0349
2024-04-22 09:34:06 INFO     	 valid MR: 24718.14 | MRR: 0.120 | H@1: 0.045 | H@3: 0.163 | H@10: 0.267
2024-04-22 09:34:13 INFO     	 Epoch 15 | average train loss: 0.0534
2024-04-22 09:34:13 INFO     	 Epoch 15 | average valid loss: 0.0349
2024-04-22 09:34:21 INFO     	 Epoch 16 | average train loss: 0.0531
2024-04-22 09:34:21 INFO     	 Epoch 16 | average valid loss: 0.0348
2024-04-22 09:34:28 INFO     	 Epoch 17 | average train loss: 0.0527
2024-04-22 09:34:28 INFO     	 Epoch 17 | average valid loss: 0.0347
2024-04-22 09:35:11 INFO     	 valid MR: 24323.59 | MRR: 0.137 | H@1: 0.067 | H@3: 0.179 | H@10: 0.267
2024-04-22 09:35:19 INFO     	 Epoch 18 | average train loss: 0.0521
2024-04-22 09:35:19 INFO     	 Epoch 18 | average valid loss: 0.0346
2024-04-22 09:35:26 INFO     	 Epoch 19 | average train loss: 0.0513
2024-04-22 09:35:26 INFO     	 Epoch 19 | average valid loss: 0.0343
2024-04-22 09:35:34 INFO     	 Epoch 20 | average train loss: 0.0502
2024-04-22 09:35:34 INFO     	 Epoch 20 | average valid loss: 0.0339
2024-04-22 09:36:21 INFO     	 valid MR: 21054.88 | MRR: 0.148 | H@1: 0.082 | H@3: 0.186 | H@10: 0.272
2024-04-22 09:36:28 INFO     	 Epoch 21 | average train loss: 0.0491
2024-04-22 09:36:28 INFO     	 Epoch 21 | average valid loss: 0.0334
2024-04-22 09:36:36 INFO     	 Epoch 22 | average train loss: 0.0479
2024-04-22 09:36:36 INFO     	 Epoch 22 | average valid loss: 0.0329
2024-04-22 09:36:44 INFO     	 Epoch 23 | average train loss: 0.0470
2024-04-22 09:36:44 INFO     	 Epoch 23 | average valid loss: 0.0326
2024-04-22 09:37:29 INFO     	 valid MR: 17357.24 | MRR: 0.169 | H@1: 0.108 | H@3: 0.205 | H@10: 0.282
2024-04-22 09:37:36 INFO     	 Epoch 24 | average train loss: 0.0459
2024-04-22 09:37:37 INFO     	 Epoch 24 | average valid loss: 0.0323
2024-04-22 09:37:44 INFO     	 Epoch 25 | average train loss: 0.0449
2024-04-22 09:37:44 INFO     	 Epoch 25 | average valid loss: 0.0320
2024-04-22 09:37:51 INFO     	 Epoch 26 | average train loss: 0.0438
2024-04-22 09:37:51 INFO     	 Epoch 26 | average valid loss: 0.0316
2024-04-22 09:38:37 INFO     	 valid MR: 13801.59 | MRR: 0.198 | H@1: 0.145 | H@3: 0.226 | H@10: 0.303
2024-04-22 09:38:37 INFO     	 Saving model at epoch 26 in ./logs\CHI\04_22\MuRE_09_28_51
2024-04-22 09:38:44 INFO     	 Epoch 27 | average train loss: 0.0427
2024-04-22 09:38:44 INFO     	 Epoch 27 | average valid loss: 0.0312
2024-04-22 09:38:52 INFO     	 Epoch 28 | average train loss: 0.0415
2024-04-22 09:38:52 INFO     	 Epoch 28 | average valid loss: 0.0306
2024-04-22 09:38:59 INFO     	 Epoch 29 | average train loss: 0.0403
2024-04-22 09:38:59 INFO     	 Epoch 29 | average valid loss: 0.0300
2024-04-22 09:39:46 INFO     	 valid MR: 8824.21 | MRR: 0.232 | H@1: 0.177 | H@3: 0.266 | H@10: 0.335
2024-04-22 09:39:46 INFO     	 Saving model at epoch 29 in ./logs\CHI\04_22\MuRE_09_28_51
2024-04-22 09:39:54 INFO     	 Epoch 30 | average train loss: 0.0392
2024-04-22 09:39:54 INFO     	 Epoch 30 | average valid loss: 0.0293
2024-04-22 09:40:01 INFO     	 Epoch 31 | average train loss: 0.0382
2024-04-22 09:40:02 INFO     	 Epoch 31 | average valid loss: 0.0286
2024-04-22 09:40:09 INFO     	 Epoch 32 | average train loss: 0.0373
2024-04-22 09:40:09 INFO     	 Epoch 32 | average valid loss: 0.0280
2024-04-22 09:40:59 INFO     	 valid MR: 6205.76 | MRR: 0.265 | H@1: 0.213 | H@3: 0.298 | H@10: 0.364
2024-04-22 09:40:59 INFO     	 Saving model at epoch 32 in ./logs\CHI\04_22\MuRE_09_28_51
2024-04-22 09:41:06 INFO     	 Epoch 33 | average train loss: 0.0365
2024-04-22 09:41:06 INFO     	 Epoch 33 | average valid loss: 0.0274
2024-04-22 09:41:14 INFO     	 Epoch 34 | average train loss: 0.0357
2024-04-22 09:41:14 INFO     	 Epoch 34 | average valid loss: 0.0269
2024-04-22 09:41:21 INFO     	 Epoch 35 | average train loss: 0.0350
2024-04-22 09:41:21 INFO     	 Epoch 35 | average valid loss: 0.0265
2024-04-22 09:42:12 INFO     	 valid MR: 4814.01 | MRR: 0.287 | H@1: 0.235 | H@3: 0.317 | H@10: 0.387
2024-04-22 09:42:12 INFO     	 Saving model at epoch 35 in ./logs\CHI\04_22\MuRE_09_28_51
2024-04-22 09:42:20 INFO     	 Epoch 36 | average train loss: 0.0344
2024-04-22 09:42:20 INFO     	 Epoch 36 | average valid loss: 0.0261
2024-04-22 09:42:27 INFO     	 Epoch 37 | average train loss: 0.0338
2024-04-22 09:42:27 INFO     	 Epoch 37 | average valid loss: 0.0256
2024-04-22 09:42:35 INFO     	 Epoch 38 | average train loss: 0.0333
2024-04-22 09:42:35 INFO     	 Epoch 38 | average valid loss: 0.0253
2024-04-22 09:43:26 INFO     	 valid MR: 3980.54 | MRR: 0.308 | H@1: 0.254 | H@3: 0.337 | H@10: 0.411
2024-04-22 09:43:26 INFO     	 Saving model at epoch 38 in ./logs\CHI\04_22\MuRE_09_28_51
2024-04-22 09:43:34 INFO     	 Epoch 39 | average train loss: 0.0328
2024-04-22 09:43:34 INFO     	 Epoch 39 | average valid loss: 0.0250
2024-04-22 09:43:41 INFO     	 Epoch 40 | average train loss: 0.0324
2024-04-22 09:43:41 INFO     	 Epoch 40 | average valid loss: 0.0246
2024-04-22 09:43:49 INFO     	 Epoch 41 | average train loss: 0.0320
2024-04-22 09:43:49 INFO     	 Epoch 41 | average valid loss: 0.0243
2024-04-22 09:44:42 INFO     	 valid MR: 3418.63 | MRR: 0.329 | H@1: 0.273 | H@3: 0.358 | H@10: 0.437
2024-04-22 09:44:42 INFO     	 Saving model at epoch 41 in ./logs\CHI\04_22\MuRE_09_28_51
2024-04-22 09:44:50 INFO     	 Epoch 42 | average train loss: 0.0317
2024-04-22 09:44:50 INFO     	 Epoch 42 | average valid loss: 0.0240
2024-04-22 09:44:57 INFO     	 Epoch 43 | average train loss: 0.0313
2024-04-22 09:44:57 INFO     	 Epoch 43 | average valid loss: 0.0237
2024-04-22 09:45:05 INFO     	 Epoch 44 | average train loss: 0.0310
2024-04-22 09:45:05 INFO     	 Epoch 44 | average valid loss: 0.0234
2024-04-22 09:45:59 INFO     	 valid MR: 2974.54 | MRR: 0.351 | H@1: 0.295 | H@3: 0.378 | H@10: 0.460
2024-04-22 09:45:59 INFO     	 Saving model at epoch 44 in ./logs\CHI\04_22\MuRE_09_28_51
2024-04-22 09:46:06 INFO     	 Epoch 45 | average train loss: 0.0308
2024-04-22 09:46:06 INFO     	 Epoch 45 | average valid loss: 0.0232
2024-04-22 09:46:14 INFO     	 Epoch 46 | average train loss: 0.0305
2024-04-22 09:46:14 INFO     	 Epoch 46 | average valid loss: 0.0229
2024-04-22 09:46:21 INFO     	 Epoch 47 | average train loss: 0.0303
2024-04-22 09:46:21 INFO     	 Epoch 47 | average valid loss: 0.0227
2024-04-22 09:47:17 INFO     	 valid MR: 2672.89 | MRR: 0.373 | H@1: 0.317 | H@3: 0.399 | H@10: 0.482
2024-04-22 09:47:17 INFO     	 Saving model at epoch 47 in ./logs\CHI\04_22\MuRE_09_28_51
2024-04-22 09:47:24 INFO     	 Epoch 48 | average train loss: 0.0301
2024-04-22 09:47:24 INFO     	 Epoch 48 | average valid loss: 0.0224
2024-04-22 09:47:32 INFO     	 Epoch 49 | average train loss: 0.0299
2024-04-22 09:47:32 INFO     	 Epoch 49 | average valid loss: 0.0222
2024-04-22 09:47:39 INFO     	 Epoch 50 | average train loss: 0.0297
2024-04-22 09:47:39 INFO     	 Epoch 50 | average valid loss: 0.0220
2024-04-22 09:48:36 INFO     	 valid MR: 2507.57 | MRR: 0.394 | H@1: 0.339 | H@3: 0.418 | H@10: 0.502
2024-04-22 09:48:36 INFO     	 Saving model at epoch 50 in ./logs\CHI\04_22\MuRE_09_28_51
2024-04-22 09:48:44 INFO     	 Epoch 51 | average train loss: 0.0296
2024-04-22 09:48:44 INFO     	 Epoch 51 | average valid loss: 0.0218
2024-04-22 09:48:51 INFO     	 Epoch 52 | average train loss: 0.0294
2024-04-22 09:48:51 INFO     	 Epoch 52 | average valid loss: 0.0215
2024-04-22 09:48:59 INFO     	 Epoch 53 | average train loss: 0.0293
2024-04-22 09:48:59 INFO     	 Epoch 53 | average valid loss: 0.0214
2024-04-22 09:50:00 INFO     	 valid MR: 2396.00 | MRR: 0.409 | H@1: 0.353 | H@3: 0.432 | H@10: 0.518
2024-04-22 09:50:00 INFO     	 Saving model at epoch 53 in ./logs\CHI\04_22\MuRE_09_28_51
2024-04-22 09:50:07 INFO     	 Epoch 54 | average train loss: 0.0292
2024-04-22 09:50:07 INFO     	 Epoch 54 | average valid loss: 0.0212
2024-04-22 09:50:15 INFO     	 Epoch 55 | average train loss: 0.0291
2024-04-22 09:50:15 INFO     	 Epoch 55 | average valid loss: 0.0210
2024-04-22 09:50:22 INFO     	 Epoch 56 | average train loss: 0.0290
2024-04-22 09:50:22 INFO     	 Epoch 56 | average valid loss: 0.0208
2024-04-22 09:51:23 INFO     	 valid MR: 2312.11 | MRR: 0.426 | H@1: 0.369 | H@3: 0.451 | H@10: 0.536
2024-04-22 09:51:23 INFO     	 Saving model at epoch 56 in ./logs\CHI\04_22\MuRE_09_28_51
2024-04-22 09:51:30 INFO     	 Epoch 57 | average train loss: 0.0289
2024-04-22 09:51:30 INFO     	 Epoch 57 | average valid loss: 0.0206
2024-04-22 09:51:38 INFO     	 Epoch 58 | average train loss: 0.0288
2024-04-22 09:51:38 INFO     	 Epoch 58 | average valid loss: 0.0205
2024-04-22 09:51:45 INFO     	 Epoch 59 | average train loss: 0.0287
2024-04-22 09:51:45 INFO     	 Epoch 59 | average valid loss: 0.0203
2024-04-22 09:52:47 INFO     	 valid MR: 2231.90 | MRR: 0.442 | H@1: 0.386 | H@3: 0.464 | H@10: 0.551
2024-04-22 09:52:47 INFO     	 Saving model at epoch 59 in ./logs\CHI\04_22\MuRE_09_28_51
2024-04-22 09:52:55 INFO     	 Epoch 60 | average train loss: 0.0287
2024-04-22 09:52:55 INFO     	 Epoch 60 | average valid loss: 0.0202
2024-04-22 09:53:02 INFO     	 Epoch 61 | average train loss: 0.0286
2024-04-22 09:53:02 INFO     	 Epoch 61 | average valid loss: 0.0200
2024-04-22 09:53:10 INFO     	 Epoch 62 | average train loss: 0.0285
2024-04-22 09:53:10 INFO     	 Epoch 62 | average valid loss: 0.0199
2024-04-22 09:54:13 INFO     	 valid MR: 2199.65 | MRR: 0.454 | H@1: 0.398 | H@3: 0.476 | H@10: 0.567
2024-04-22 09:54:13 INFO     	 Saving model at epoch 62 in ./logs\CHI\04_22\MuRE_09_28_51
2024-04-22 09:54:21 INFO     	 Epoch 63 | average train loss: 0.0285
2024-04-22 09:54:21 INFO     	 Epoch 63 | average valid loss: 0.0197
2024-04-22 09:54:29 INFO     	 Epoch 64 | average train loss: 0.0284
2024-04-22 09:54:29 INFO     	 Epoch 64 | average valid loss: 0.0196
2024-04-22 09:54:36 INFO     	 Epoch 65 | average train loss: 0.0284
2024-04-22 09:54:36 INFO     	 Epoch 65 | average valid loss: 0.0195
2024-04-22 09:55:41 INFO     	 valid MR: 2164.99 | MRR: 0.473 | H@1: 0.417 | H@3: 0.496 | H@10: 0.586
2024-04-22 09:55:41 INFO     	 Saving model at epoch 65 in ./logs\CHI\04_22\MuRE_09_28_51
2024-04-22 09:55:49 INFO     	 Epoch 66 | average train loss: 0.0283
2024-04-22 09:55:49 INFO     	 Epoch 66 | average valid loss: 0.0194
2024-04-22 09:55:56 INFO     	 Epoch 67 | average train loss: 0.0283
2024-04-22 09:55:56 INFO     	 Epoch 67 | average valid loss: 0.0192
2024-04-22 09:56:04 INFO     	 Epoch 68 | average train loss: 0.0282
2024-04-22 09:56:04 INFO     	 Epoch 68 | average valid loss: 0.0192
2024-04-22 09:57:10 INFO     	 valid MR: 2123.40 | MRR: 0.488 | H@1: 0.431 | H@3: 0.513 | H@10: 0.600
2024-04-22 09:57:10 INFO     	 Saving model at epoch 68 in ./logs\CHI\04_22\MuRE_09_28_51
2024-04-22 09:57:17 INFO     	 Epoch 69 | average train loss: 0.0282
2024-04-22 09:57:17 INFO     	 Epoch 69 | average valid loss: 0.0190
2024-04-22 09:57:25 INFO     	 Epoch 70 | average train loss: 0.0281
2024-04-22 09:57:25 INFO     	 Epoch 70 | average valid loss: 0.0190
2024-04-22 09:57:32 INFO     	 Epoch 71 | average train loss: 0.0281
2024-04-22 09:57:32 INFO     	 Epoch 71 | average valid loss: 0.0188
2024-04-22 09:58:41 INFO     	 valid MR: 2063.29 | MRR: 0.499 | H@1: 0.441 | H@3: 0.524 | H@10: 0.612
2024-04-22 09:58:41 INFO     	 Saving model at epoch 71 in ./logs\CHI\04_22\MuRE_09_28_51
2024-04-22 09:58:48 INFO     	 Epoch 72 | average train loss: 0.0281
2024-04-22 09:58:48 INFO     	 Epoch 72 | average valid loss: 0.0188
2024-04-22 09:58:56 INFO     	 Epoch 73 | average train loss: 0.0280
2024-04-22 09:58:56 INFO     	 Epoch 73 | average valid loss: 0.0187
2024-04-22 09:59:03 INFO     	 Epoch 74 | average train loss: 0.0280
2024-04-22 09:59:03 INFO     	 Epoch 74 | average valid loss: 0.0186
2024-04-22 10:00:13 INFO     	 valid MR: 2041.25 | MRR: 0.510 | H@1: 0.455 | H@3: 0.534 | H@10: 0.622
2024-04-22 10:00:13 INFO     	 Saving model at epoch 74 in ./logs\CHI\04_22\MuRE_09_28_51
2024-04-22 10:00:21 INFO     	 Epoch 75 | average train loss: 0.0280
2024-04-22 10:00:21 INFO     	 Epoch 75 | average valid loss: 0.0185
2024-04-22 10:00:29 INFO     	 Epoch 76 | average train loss: 0.0280
2024-04-22 10:00:29 INFO     	 Epoch 76 | average valid loss: 0.0184
2024-04-22 10:00:36 INFO     	 Epoch 77 | average train loss: 0.0279
2024-04-22 10:00:36 INFO     	 Epoch 77 | average valid loss: 0.0184
2024-04-22 10:01:48 INFO     	 valid MR: 2024.82 | MRR: 0.517 | H@1: 0.461 | H@3: 0.540 | H@10: 0.629
2024-04-22 10:01:48 INFO     	 Saving model at epoch 77 in ./logs\CHI\04_22\MuRE_09_28_51
2024-04-22 10:01:55 INFO     	 Epoch 78 | average train loss: 0.0279
2024-04-22 10:01:55 INFO     	 Epoch 78 | average valid loss: 0.0183
2024-04-22 10:02:03 INFO     	 Epoch 79 | average train loss: 0.0279
2024-04-22 10:02:03 INFO     	 Epoch 79 | average valid loss: 0.0182
2024-04-22 10:02:10 INFO     	 Epoch 80 | average train loss: 0.0279
2024-04-22 10:02:10 INFO     	 Epoch 80 | average valid loss: 0.0182
2024-04-22 10:03:22 INFO     	 valid MR: 1986.86 | MRR: 0.523 | H@1: 0.468 | H@3: 0.547 | H@10: 0.634
2024-04-22 10:03:22 INFO     	 Saving model at epoch 80 in ./logs\CHI\04_22\MuRE_09_28_51
2024-04-22 10:03:30 INFO     	 Epoch 81 | average train loss: 0.0278
2024-04-22 10:03:30 INFO     	 Epoch 81 | average valid loss: 0.0181
2024-04-22 10:03:37 INFO     	 Epoch 82 | average train loss: 0.0278
2024-04-22 10:03:37 INFO     	 Epoch 82 | average valid loss: 0.0181
2024-04-22 10:03:45 INFO     	 Epoch 83 | average train loss: 0.0278
2024-04-22 10:03:45 INFO     	 Epoch 83 | average valid loss: 0.0180
2024-04-22 10:04:58 INFO     	 valid MR: 1954.13 | MRR: 0.529 | H@1: 0.474 | H@3: 0.554 | H@10: 0.640
2024-04-22 10:04:58 INFO     	 Saving model at epoch 83 in ./logs\CHI\04_22\MuRE_09_28_51
2024-04-22 10:05:06 INFO     	 Epoch 84 | average train loss: 0.0278
2024-04-22 10:05:06 INFO     	 Epoch 84 | average valid loss: 0.0180
2024-04-22 10:05:13 INFO     	 Epoch 85 | average train loss: 0.0278
2024-04-22 10:05:13 INFO     	 Epoch 85 | average valid loss: 0.0179
2024-04-22 10:05:21 INFO     	 Epoch 86 | average train loss: 0.0278
2024-04-22 10:05:21 INFO     	 Epoch 86 | average valid loss: 0.0179
2024-04-22 10:06:37 INFO     	 valid MR: 1945.46 | MRR: 0.533 | H@1: 0.480 | H@3: 0.555 | H@10: 0.642
2024-04-22 10:06:37 INFO     	 Saving model at epoch 86 in ./logs\CHI\04_22\MuRE_09_28_51
2024-04-22 10:06:44 INFO     	 Epoch 87 | average train loss: 0.0277
2024-04-22 10:06:44 INFO     	 Epoch 87 | average valid loss: 0.0179
2024-04-22 10:06:52 INFO     	 Epoch 88 | average train loss: 0.0277
2024-04-22 10:06:52 INFO     	 Epoch 88 | average valid loss: 0.0178
2024-04-22 10:06:59 INFO     	 Epoch 89 | average train loss: 0.0277
2024-04-22 10:07:00 INFO     	 Epoch 89 | average valid loss: 0.0178
2024-04-22 10:08:16 INFO     	 valid MR: 1935.34 | MRR: 0.534 | H@1: 0.480 | H@3: 0.558 | H@10: 0.643
2024-04-22 10:08:16 INFO     	 Saving model at epoch 89 in ./logs\CHI\04_22\MuRE_09_28_51
2024-04-22 10:08:24 INFO     	 Epoch 90 | average train loss: 0.0277
2024-04-22 10:08:24 INFO     	 Epoch 90 | average valid loss: 0.0178
2024-04-22 10:08:32 INFO     	 Epoch 91 | average train loss: 0.0277
2024-04-22 10:08:32 INFO     	 Epoch 91 | average valid loss: 0.0177
2024-04-22 10:08:39 INFO     	 Epoch 92 | average train loss: 0.0277
2024-04-22 10:08:39 INFO     	 Epoch 92 | average valid loss: 0.0177
2024-04-22 10:09:58 INFO     	 valid MR: 1912.48 | MRR: 0.535 | H@1: 0.480 | H@3: 0.559 | H@10: 0.644
2024-04-22 10:09:58 INFO     	 Saving model at epoch 92 in ./logs\CHI\04_22\MuRE_09_28_51
2024-04-22 10:10:06 INFO     	 Epoch 93 | average train loss: 0.0276
2024-04-22 10:10:06 INFO     	 Epoch 93 | average valid loss: 0.0176
2024-04-22 10:10:13 INFO     	 Epoch 94 | average train loss: 0.0276
2024-04-22 10:10:13 INFO     	 Epoch 94 | average valid loss: 0.0176
2024-04-22 10:10:21 INFO     	 Epoch 95 | average train loss: 0.0276
2024-04-22 10:10:21 INFO     	 Epoch 95 | average valid loss: 0.0176
2024-04-22 10:11:37 INFO     	 valid MR: 1864.11 | MRR: 0.538 | H@1: 0.485 | H@3: 0.561 | H@10: 0.647
2024-04-22 10:11:37 INFO     	 Saving model at epoch 95 in ./logs\CHI\04_22\MuRE_09_28_51
2024-04-22 10:11:45 INFO     	 Epoch 96 | average train loss: 0.0276
2024-04-22 10:11:45 INFO     	 Epoch 96 | average valid loss: 0.0176
2024-04-22 10:11:52 INFO     	 Epoch 97 | average train loss: 0.0276
2024-04-22 10:11:52 INFO     	 Epoch 97 | average valid loss: 0.0175
2024-04-22 10:11:59 INFO     	 Epoch 98 | average train loss: 0.0276
2024-04-22 10:12:00 INFO     	 Epoch 98 | average valid loss: 0.0175
2024-04-22 10:13:17 INFO     	 valid MR: 1853.40 | MRR: 0.536 | H@1: 0.482 | H@3: 0.560 | H@10: 0.646
2024-04-22 10:13:25 INFO     	 Epoch 99 | average train loss: 0.0276
2024-04-22 10:13:25 INFO     	 Epoch 99 | average valid loss: 0.0175
2024-04-22 10:13:32 INFO     	 Epoch 100 | average train loss: 0.0276
2024-04-22 10:13:32 INFO     	 Epoch 100 | average valid loss: 0.0174
2024-04-22 10:13:39 INFO     	 Epoch 101 | average train loss: 0.0276
2024-04-22 10:13:39 INFO     	 Epoch 101 | average valid loss: 0.0174
2024-04-22 10:14:59 INFO     	 valid MR: 1824.84 | MRR: 0.538 | H@1: 0.483 | H@3: 0.561 | H@10: 0.648
2024-04-22 10:15:06 INFO     	 Epoch 102 | average train loss: 0.0275
2024-04-22 10:15:06 INFO     	 Epoch 102 | average valid loss: 0.0174
2024-04-22 10:15:13 INFO     	 Epoch 103 | average train loss: 0.0275
2024-04-22 10:15:13 INFO     	 Epoch 103 | average valid loss: 0.0174
2024-04-22 10:15:21 INFO     	 Epoch 104 | average train loss: 0.0275
2024-04-22 10:15:21 INFO     	 Epoch 104 | average valid loss: 0.0174
2024-04-22 10:16:44 INFO     	 valid MR: 1806.78 | MRR: 0.538 | H@1: 0.484 | H@3: 0.562 | H@10: 0.645
2024-04-22 10:16:52 INFO     	 Epoch 105 | average train loss: 0.0275
2024-04-22 10:16:52 INFO     	 Epoch 105 | average valid loss: 0.0174
2024-04-22 10:16:59 INFO     	 Epoch 106 | average train loss: 0.0275
2024-04-22 10:16:59 INFO     	 Epoch 106 | average valid loss: 0.0173
2024-04-22 10:17:06 INFO     	 Epoch 107 | average train loss: 0.0275
2024-04-22 10:17:06 INFO     	 Epoch 107 | average valid loss: 0.0173
2024-04-22 10:18:30 INFO     	 valid MR: 1784.88 | MRR: 0.538 | H@1: 0.484 | H@3: 0.559 | H@10: 0.646
2024-04-22 10:18:38 INFO     	 Epoch 108 | average train loss: 0.0275
2024-04-22 10:18:38 INFO     	 Epoch 108 | average valid loss: 0.0173
2024-04-22 10:18:45 INFO     	 Epoch 109 | average train loss: 0.0275
2024-04-22 10:18:45 INFO     	 Epoch 109 | average valid loss: 0.0173
2024-04-22 10:18:52 INFO     	 Epoch 110 | average train loss: 0.0275
2024-04-22 10:18:52 INFO     	 Epoch 110 | average valid loss: 0.0173
2024-04-22 10:20:18 INFO     	 valid MR: 1789.52 | MRR: 0.536 | H@1: 0.482 | H@3: 0.559 | H@10: 0.646
2024-04-22 10:20:25 INFO     	 Epoch 111 | average train loss: 0.0275
2024-04-22 10:20:25 INFO     	 Epoch 111 | average valid loss: 0.0172
2024-04-22 10:20:33 INFO     	 Epoch 112 | average train loss: 0.0275
2024-04-22 10:20:33 INFO     	 Epoch 112 | average valid loss: 0.0173
2024-04-22 10:20:40 INFO     	 Epoch 113 | average train loss: 0.0275
2024-04-22 10:20:40 INFO     	 Epoch 113 | average valid loss: 0.0172
2024-04-22 10:22:08 INFO     	 valid MR: 1778.30 | MRR: 0.538 | H@1: 0.484 | H@3: 0.560 | H@10: 0.646
2024-04-22 10:22:16 INFO     	 Epoch 114 | average train loss: 0.0275
2024-04-22 10:22:16 INFO     	 Epoch 114 | average valid loss: 0.0172
2024-04-22 10:22:23 INFO     	 Epoch 115 | average train loss: 0.0274
2024-04-22 10:22:23 INFO     	 Epoch 115 | average valid loss: 0.0172
2024-04-22 10:22:30 INFO     	 Epoch 116 | average train loss: 0.0275
2024-04-22 10:22:31 INFO     	 Epoch 116 | average valid loss: 0.0172
2024-04-22 10:23:59 INFO     	 valid MR: 1750.50 | MRR: 0.539 | H@1: 0.485 | H@3: 0.560 | H@10: 0.645
2024-04-22 10:23:59 INFO     	 Saving model at epoch 116 in ./logs\CHI\04_22\MuRE_09_28_51
2024-04-22 10:24:07 INFO     	 Epoch 117 | average train loss: 0.0275
2024-04-22 10:24:07 INFO     	 Epoch 117 | average valid loss: 0.0172
2024-04-22 10:24:14 INFO     	 Epoch 118 | average train loss: 0.0274
2024-04-22 10:24:14 INFO     	 Epoch 118 | average valid loss: 0.0172
2024-04-22 10:24:22 INFO     	 Epoch 119 | average train loss: 0.0274
2024-04-22 10:24:22 INFO     	 Epoch 119 | average valid loss: 0.0172
2024-04-22 10:25:54 INFO     	 valid MR: 1741.22 | MRR: 0.539 | H@1: 0.486 | H@3: 0.561 | H@10: 0.646
2024-04-22 10:25:54 INFO     	 Saving model at epoch 119 in ./logs\CHI\04_22\MuRE_09_28_51
2024-04-22 10:26:01 INFO     	 Epoch 120 | average train loss: 0.0274
2024-04-22 10:26:01 INFO     	 Epoch 120 | average valid loss: 0.0172
2024-04-22 10:26:09 INFO     	 Epoch 121 | average train loss: 0.0274
2024-04-22 10:26:09 INFO     	 Epoch 121 | average valid loss: 0.0172
2024-04-22 10:26:16 INFO     	 Epoch 122 | average train loss: 0.0274
2024-04-22 10:26:16 INFO     	 Epoch 122 | average valid loss: 0.0171
2024-04-22 10:27:51 INFO     	 valid MR: 1726.98 | MRR: 0.537 | H@1: 0.485 | H@3: 0.559 | H@10: 0.644
2024-04-22 10:27:58 INFO     	 Epoch 123 | average train loss: 0.0274
2024-04-22 10:27:58 INFO     	 Epoch 123 | average valid loss: 0.0171
2024-04-22 10:28:06 INFO     	 Epoch 124 | average train loss: 0.0274
2024-04-22 10:28:06 INFO     	 Epoch 124 | average valid loss: 0.0171
2024-04-22 10:28:13 INFO     	 Epoch 125 | average train loss: 0.0274
2024-04-22 10:28:13 INFO     	 Epoch 125 | average valid loss: 0.0171
2024-04-22 10:29:49 INFO     	 valid MR: 1713.90 | MRR: 0.538 | H@1: 0.486 | H@3: 0.558 | H@10: 0.642
2024-04-22 10:29:57 INFO     	 Epoch 126 | average train loss: 0.0274
2024-04-22 10:29:57 INFO     	 Epoch 126 | average valid loss: 0.0171
2024-04-22 10:30:04 INFO     	 Epoch 127 | average train loss: 0.0274
2024-04-22 10:30:04 INFO     	 Epoch 127 | average valid loss: 0.0171
2024-04-22 10:30:12 INFO     	 Epoch 128 | average train loss: 0.0274
2024-04-22 10:30:12 INFO     	 Epoch 128 | average valid loss: 0.0171
2024-04-22 10:31:52 INFO     	 valid MR: 1706.82 | MRR: 0.538 | H@1: 0.487 | H@3: 0.557 | H@10: 0.642
2024-04-22 10:32:00 INFO     	 Epoch 129 | average train loss: 0.0274
2024-04-22 10:32:00 INFO     	 Epoch 129 | average valid loss: 0.0171
2024-04-22 10:32:07 INFO     	 Epoch 130 | average train loss: 0.0274
2024-04-22 10:32:07 INFO     	 Epoch 130 | average valid loss: 0.0171
2024-04-22 10:32:15 INFO     	 Epoch 131 | average train loss: 0.0274
2024-04-22 10:32:15 INFO     	 Epoch 131 | average valid loss: 0.0171
2024-04-22 10:33:51 INFO     	 valid MR: 1695.30 | MRR: 0.537 | H@1: 0.486 | H@3: 0.556 | H@10: 0.642
2024-04-22 10:33:58 INFO     	 Epoch 132 | average train loss: 0.0274
2024-04-22 10:33:58 INFO     	 Epoch 132 | average valid loss: 0.0171
2024-04-22 10:34:06 INFO     	 Epoch 133 | average train loss: 0.0274
2024-04-22 10:34:06 INFO     	 Epoch 133 | average valid loss: 0.0171
2024-04-22 10:34:14 INFO     	 Epoch 134 | average train loss: 0.0274
2024-04-22 10:34:14 INFO     	 Epoch 134 | average valid loss: 0.0171
2024-04-22 10:35:57 INFO     	 valid MR: 1666.76 | MRR: 0.537 | H@1: 0.486 | H@3: 0.557 | H@10: 0.641
2024-04-22 10:36:05 INFO     	 Epoch 135 | average train loss: 0.0274
2024-04-22 10:36:05 INFO     	 Epoch 135 | average valid loss: 0.0171
2024-04-22 10:36:12 INFO     	 Epoch 136 | average train loss: 0.0274
2024-04-22 10:36:12 INFO     	 Epoch 136 | average valid loss: 0.0171
2024-04-22 10:36:20 INFO     	 Epoch 137 | average train loss: 0.0274
2024-04-22 10:36:20 INFO     	 Epoch 137 | average valid loss: 0.0170
2024-04-22 10:38:03 INFO     	 valid MR: 1663.53 | MRR: 0.538 | H@1: 0.489 | H@3: 0.556 | H@10: 0.641
2024-04-22 10:38:11 INFO     	 Epoch 138 | average train loss: 0.0274
2024-04-22 10:38:11 INFO     	 Epoch 138 | average valid loss: 0.0170
2024-04-22 10:38:18 INFO     	 Epoch 139 | average train loss: 0.0274
2024-04-22 10:38:18 INFO     	 Epoch 139 | average valid loss: 0.0170
2024-04-22 10:38:26 INFO     	 Epoch 140 | average train loss: 0.0274
2024-04-22 10:38:26 INFO     	 Epoch 140 | average valid loss: 0.0170
2024-04-22 10:40:10 INFO     	 valid MR: 1674.41 | MRR: 0.535 | H@1: 0.485 | H@3: 0.553 | H@10: 0.639
2024-04-22 10:40:18 INFO     	 Epoch 141 | average train loss: 0.0274
2024-04-22 10:40:18 INFO     	 Epoch 141 | average valid loss: 0.0170
2024-04-22 10:40:25 INFO     	 Epoch 142 | average train loss: 0.0274
2024-04-22 10:40:26 INFO     	 Epoch 142 | average valid loss: 0.0170
2024-04-22 10:40:33 INFO     	 Epoch 143 | average train loss: 0.0274
2024-04-22 10:40:33 INFO     	 Epoch 143 | average valid loss: 0.0170
2024-04-22 10:42:17 INFO     	 valid MR: 1665.84 | MRR: 0.537 | H@1: 0.487 | H@3: 0.554 | H@10: 0.638
2024-04-22 10:42:24 INFO     	 Epoch 144 | average train loss: 0.0274
2024-04-22 10:42:24 INFO     	 Epoch 144 | average valid loss: 0.0170
2024-04-22 10:42:32 INFO     	 Epoch 145 | average train loss: 0.0274
2024-04-22 10:42:32 INFO     	 Epoch 145 | average valid loss: 0.0170
2024-04-22 10:42:39 INFO     	 Epoch 146 | average train loss: 0.0273
2024-04-22 10:42:39 INFO     	 Epoch 146 | average valid loss: 0.0170
2024-04-22 10:44:26 INFO     	 valid MR: 1642.94 | MRR: 0.536 | H@1: 0.486 | H@3: 0.555 | H@10: 0.639
2024-04-22 10:44:33 INFO     	 Epoch 147 | average train loss: 0.0273
2024-04-22 10:44:34 INFO     	 Epoch 147 | average valid loss: 0.0170
2024-04-22 10:44:41 INFO     	 Epoch 148 | average train loss: 0.0274
2024-04-22 10:44:41 INFO     	 Epoch 148 | average valid loss: 0.0170
2024-04-22 10:44:49 INFO     	 Epoch 149 | average train loss: 0.0273
2024-04-22 10:44:49 INFO     	 Epoch 149 | average valid loss: 0.0170
2024-04-22 10:46:35 INFO     	 valid MR: 1634.64 | MRR: 0.536 | H@1: 0.488 | H@3: 0.553 | H@10: 0.636
2024-04-22 10:46:35 INFO     	 Early stopping
2024-04-22 10:46:35 INFO     	 Optimization finished
2024-04-22 10:46:35 INFO     	 Loading best model saved at epoch 119
2024-04-22 10:48:26 INFO     	 valid MR: 1741.22 | MRR: 0.539 | H@1: 0.486 | H@3: 0.561 | H@10: 0.646
2024-04-22 10:50:15 INFO     	 test MR: 1751.28 | MRR: 0.533 | H@1: 0.480 | H@3: 0.555 | H@10: 0.641
