2024-04-15 13:36:59 INFO     Saving logs in: ./logs\CHI\04_15\CP_13_36_59
2024-04-15 13:37:00 INFO     	 (140602, 26, 140602)
2024-04-15 13:37:01 INFO     Total number of parameters 4781300
2024-04-15 13:37:01 INFO     	 Start training
2024-04-15 13:37:07 INFO     	 Epoch 0 | average train loss: 0.6930
2024-04-15 13:37:08 INFO     	 Epoch 0 | average valid loss: 0.6924
2024-04-15 13:37:13 INFO     	 Epoch 1 | average train loss: 0.5058
2024-04-15 13:37:13 INFO     	 Epoch 1 | average valid loss: 0.3027
2024-04-15 13:37:18 INFO     	 Epoch 2 | average train loss: 0.1482
2024-04-15 13:37:18 INFO     	 Epoch 2 | average valid loss: 0.0932
2024-04-15 13:37:58 INFO     	 valid MR: 64170.91 | MRR: 0.050 | H@1: 0.029 | H@3: 0.033 | H@10: 0.114
2024-04-15 13:37:58 INFO     	 Saving model at epoch 2 in ./logs\CHI\04_15\CP_13_36_59
2024-04-15 13:38:03 INFO     	 Epoch 3 | average train loss: 0.0858
2024-04-15 13:38:03 INFO     	 Epoch 3 | average valid loss: 0.0529
2024-04-15 13:38:09 INFO     	 Epoch 4 | average train loss: 0.0715
2024-04-15 13:38:09 INFO     	 Epoch 4 | average valid loss: 0.0380
2024-04-15 13:38:14 INFO     	 Epoch 5 | average train loss: 0.0664
2024-04-15 13:38:14 INFO     	 Epoch 5 | average valid loss: 0.0326
2024-04-15 13:38:54 INFO     	 valid MR: 49480.67 | MRR: 0.105 | H@1: 0.029 | H@3: 0.153 | H@10: 0.230
2024-04-15 13:38:54 INFO     	 Saving model at epoch 5 in ./logs\CHI\04_15\CP_13_36_59
2024-04-15 13:38:59 INFO     	 Epoch 6 | average train loss: 0.0643
2024-04-15 13:38:59 INFO     	 Epoch 6 | average valid loss: 0.0305
2024-04-15 13:39:04 INFO     	 Epoch 7 | average train loss: 0.0630
2024-04-15 13:39:05 INFO     	 Epoch 7 | average valid loss: 0.0294
2024-04-15 13:39:10 INFO     	 Epoch 8 | average train loss: 0.0611
2024-04-15 13:39:10 INFO     	 Epoch 8 | average valid loss: 0.0286
2024-04-15 13:39:49 INFO     	 valid MR: 39577.48 | MRR: 0.102 | H@1: 0.029 | H@3: 0.142 | H@10: 0.230
2024-04-15 13:39:55 INFO     	 Epoch 9 | average train loss: 0.0591
2024-04-15 13:39:55 INFO     	 Epoch 9 | average valid loss: 0.0280
2024-04-15 13:40:00 INFO     	 Epoch 10 | average train loss: 0.0570
2024-04-15 13:40:00 INFO     	 Epoch 10 | average valid loss: 0.0274
2024-04-15 13:40:05 INFO     	 Epoch 11 | average train loss: 0.0548
2024-04-15 13:40:05 INFO     	 Epoch 11 | average valid loss: 0.0269
2024-04-15 13:40:46 INFO     	 valid MR: 24018.91 | MRR: 0.103 | H@1: 0.029 | H@3: 0.153 | H@10: 0.226
2024-04-15 13:40:51 INFO     	 Epoch 12 | average train loss: 0.0528
2024-04-15 13:40:51 INFO     	 Epoch 12 | average valid loss: 0.0263
2024-04-15 13:40:56 INFO     	 Epoch 13 | average train loss: 0.0512
2024-04-15 13:40:56 INFO     	 Epoch 13 | average valid loss: 0.0259
2024-04-15 13:41:02 INFO     	 Epoch 14 | average train loss: 0.0498
2024-04-15 13:41:02 INFO     	 Epoch 14 | average valid loss: 0.0253
2024-04-15 13:41:44 INFO     	 valid MR: 14644.84 | MRR: 0.113 | H@1: 0.043 | H@3: 0.160 | H@10: 0.229
2024-04-15 13:41:44 INFO     	 Saving model at epoch 14 in ./logs\CHI\04_15\CP_13_36_59
2024-04-15 13:41:49 INFO     	 Epoch 15 | average train loss: 0.0486
2024-04-15 13:41:49 INFO     	 Epoch 15 | average valid loss: 0.0249
2024-04-15 13:41:55 INFO     	 Epoch 16 | average train loss: 0.0475
2024-04-15 13:41:55 INFO     	 Epoch 16 | average valid loss: 0.0244
2024-04-15 13:42:00 INFO     	 Epoch 17 | average train loss: 0.0465
2024-04-15 13:42:00 INFO     	 Epoch 17 | average valid loss: 0.0239
2024-04-15 13:42:45 INFO     	 valid MR: 10688.64 | MRR: 0.127 | H@1: 0.063 | H@3: 0.160 | H@10: 0.233
2024-04-15 13:42:45 INFO     	 Saving model at epoch 17 in ./logs\CHI\04_15\CP_13_36_59
2024-04-15 13:42:51 INFO     	 Epoch 18 | average train loss: 0.0455
2024-04-15 13:42:51 INFO     	 Epoch 18 | average valid loss: 0.0234
2024-04-15 13:42:56 INFO     	 Epoch 19 | average train loss: 0.0444
2024-04-15 13:42:56 INFO     	 Epoch 19 | average valid loss: 0.0229
2024-04-15 13:43:02 INFO     	 Epoch 20 | average train loss: 0.0430
2024-04-15 13:43:02 INFO     	 Epoch 20 | average valid loss: 0.0224
2024-04-15 13:43:46 INFO     	 valid MR: 8190.63 | MRR: 0.150 | H@1: 0.098 | H@3: 0.165 | H@10: 0.241
2024-04-15 13:43:46 INFO     	 Saving model at epoch 20 in ./logs\CHI\04_15\CP_13_36_59
2024-04-15 13:43:52 INFO     	 Epoch 21 | average train loss: 0.0416
2024-04-15 13:43:52 INFO     	 Epoch 21 | average valid loss: 0.0218
2024-04-15 13:43:57 INFO     	 Epoch 22 | average train loss: 0.0401
2024-04-15 13:43:57 INFO     	 Epoch 22 | average valid loss: 0.0213
2024-04-15 13:44:02 INFO     	 Epoch 23 | average train loss: 0.0387
2024-04-15 13:44:02 INFO     	 Epoch 23 | average valid loss: 0.0207
2024-04-15 13:44:48 INFO     	 valid MR: 5924.97 | MRR: 0.163 | H@1: 0.110 | H@3: 0.177 | H@10: 0.268
2024-04-15 13:44:48 INFO     	 Saving model at epoch 23 in ./logs\CHI\04_15\CP_13_36_59
2024-04-15 13:44:53 INFO     	 Epoch 24 | average train loss: 0.0374
2024-04-15 13:44:53 INFO     	 Epoch 24 | average valid loss: 0.0203
2024-04-15 13:44:58 INFO     	 Epoch 25 | average train loss: 0.0363
2024-04-15 13:44:58 INFO     	 Epoch 25 | average valid loss: 0.0198
2024-04-15 13:45:03 INFO     	 Epoch 26 | average train loss: 0.0350
2024-04-15 13:45:03 INFO     	 Epoch 26 | average valid loss: 0.0193
2024-04-15 13:45:49 INFO     	 valid MR: 4868.33 | MRR: 0.173 | H@1: 0.116 | H@3: 0.187 | H@10: 0.304
2024-04-15 13:45:49 INFO     	 Saving model at epoch 26 in ./logs\CHI\04_15\CP_13_36_59
2024-04-15 13:45:55 INFO     	 Epoch 27 | average train loss: 0.0336
2024-04-15 13:45:55 INFO     	 Epoch 27 | average valid loss: 0.0187
2024-04-15 13:46:00 INFO     	 Epoch 28 | average train loss: 0.0320
2024-04-15 13:46:00 INFO     	 Epoch 28 | average valid loss: 0.0181
2024-04-15 13:46:05 INFO     	 Epoch 29 | average train loss: 0.0305
2024-04-15 13:46:05 INFO     	 Epoch 29 | average valid loss: 0.0172
2024-04-15 13:46:52 INFO     	 valid MR: 3765.48 | MRR: 0.189 | H@1: 0.125 | H@3: 0.204 | H@10: 0.346
2024-04-15 13:46:52 INFO     	 Saving model at epoch 29 in ./logs\CHI\04_15\CP_13_36_59
2024-04-15 13:46:58 INFO     	 Epoch 30 | average train loss: 0.0291
2024-04-15 13:46:58 INFO     	 Epoch 30 | average valid loss: 0.0166
2024-04-15 13:47:03 INFO     	 Epoch 31 | average train loss: 0.0280
2024-04-15 13:47:03 INFO     	 Epoch 31 | average valid loss: 0.0160
2024-04-15 13:47:09 INFO     	 Epoch 32 | average train loss: 0.0270
2024-04-15 13:47:09 INFO     	 Epoch 32 | average valid loss: 0.0155
2024-04-15 13:47:58 INFO     	 valid MR: 3294.83 | MRR: 0.210 | H@1: 0.145 | H@3: 0.230 | H@10: 0.364
2024-04-15 13:47:58 INFO     	 Saving model at epoch 32 in ./logs\CHI\04_15\CP_13_36_59
2024-04-15 13:48:04 INFO     	 Epoch 33 | average train loss: 0.0260
2024-04-15 13:48:04 INFO     	 Epoch 33 | average valid loss: 0.0150
2024-04-15 13:48:09 INFO     	 Epoch 34 | average train loss: 0.0252
2024-04-15 13:48:09 INFO     	 Epoch 34 | average valid loss: 0.0146
2024-04-15 13:48:15 INFO     	 Epoch 35 | average train loss: 0.0245
2024-04-15 13:48:15 INFO     	 Epoch 35 | average valid loss: 0.0141
2024-04-15 13:49:06 INFO     	 valid MR: 3078.43 | MRR: 0.227 | H@1: 0.163 | H@3: 0.253 | H@10: 0.370
2024-04-15 13:49:06 INFO     	 Saving model at epoch 35 in ./logs\CHI\04_15\CP_13_36_59
2024-04-15 13:49:11 INFO     	 Epoch 36 | average train loss: 0.0239
2024-04-15 13:49:11 INFO     	 Epoch 36 | average valid loss: 0.0138
2024-04-15 13:49:17 INFO     	 Epoch 37 | average train loss: 0.0234
2024-04-15 13:49:17 INFO     	 Epoch 37 | average valid loss: 0.0135
2024-04-15 13:49:22 INFO     	 Epoch 38 | average train loss: 0.0229
2024-04-15 13:49:22 INFO     	 Epoch 38 | average valid loss: 0.0133
2024-04-15 13:50:16 INFO     	 valid MR: 2974.96 | MRR: 0.246 | H@1: 0.182 | H@3: 0.281 | H@10: 0.373
2024-04-15 13:50:16 INFO     	 Saving model at epoch 38 in ./logs\CHI\04_15\CP_13_36_59
2024-04-15 13:50:22 INFO     	 Epoch 39 | average train loss: 0.0224
2024-04-15 13:50:22 INFO     	 Epoch 39 | average valid loss: 0.0131
2024-04-15 13:50:27 INFO     	 Epoch 40 | average train loss: 0.0220
2024-04-15 13:50:27 INFO     	 Epoch 40 | average valid loss: 0.0128
2024-04-15 13:50:32 INFO     	 Epoch 41 | average train loss: 0.0217
2024-04-15 13:50:32 INFO     	 Epoch 41 | average valid loss: 0.0127
2024-04-15 13:51:26 INFO     	 valid MR: 2911.46 | MRR: 0.267 | H@1: 0.209 | H@3: 0.299 | H@10: 0.374
2024-04-15 13:51:26 INFO     	 Saving model at epoch 41 in ./logs\CHI\04_15\CP_13_36_59
2024-04-15 13:51:31 INFO     	 Epoch 42 | average train loss: 0.0214
2024-04-15 13:51:31 INFO     	 Epoch 42 | average valid loss: 0.0126
2024-04-15 13:51:37 INFO     	 Epoch 43 | average train loss: 0.0211
2024-04-15 13:51:37 INFO     	 Epoch 43 | average valid loss: 0.0126
2024-04-15 13:51:42 INFO     	 Epoch 44 | average train loss: 0.0208
2024-04-15 13:51:42 INFO     	 Epoch 44 | average valid loss: 0.0125
2024-04-15 13:52:38 INFO     	 valid MR: 2875.52 | MRR: 0.282 | H@1: 0.231 | H@3: 0.308 | H@10: 0.375
2024-04-15 13:52:38 INFO     	 Saving model at epoch 44 in ./logs\CHI\04_15\CP_13_36_59
2024-04-15 13:52:43 INFO     	 Epoch 45 | average train loss: 0.0206
2024-04-15 13:52:43 INFO     	 Epoch 45 | average valid loss: 0.0124
2024-04-15 13:52:48 INFO     	 Epoch 46 | average train loss: 0.0204
2024-04-15 13:52:48 INFO     	 Epoch 46 | average valid loss: 0.0124
2024-04-15 13:52:54 INFO     	 Epoch 47 | average train loss: 0.0202
2024-04-15 13:52:54 INFO     	 Epoch 47 | average valid loss: 0.0125
2024-04-15 13:53:50 INFO     	 valid MR: 2848.50 | MRR: 0.290 | H@1: 0.241 | H@3: 0.315 | H@10: 0.377
2024-04-15 13:53:50 INFO     	 Saving model at epoch 47 in ./logs\CHI\04_15\CP_13_36_59
2024-04-15 13:53:56 INFO     	 Epoch 48 | average train loss: 0.0200
2024-04-15 13:53:56 INFO     	 Epoch 48 | average valid loss: 0.0125
2024-04-15 13:54:01 INFO     	 Epoch 49 | average train loss: 0.0198
2024-04-15 13:54:01 INFO     	 Epoch 49 | average valid loss: 0.0125
2024-04-15 13:54:07 INFO     	 Epoch 50 | average train loss: 0.0196
2024-04-15 13:54:07 INFO     	 Epoch 50 | average valid loss: 0.0126
2024-04-15 13:55:05 INFO     	 valid MR: 2843.93 | MRR: 0.294 | H@1: 0.246 | H@3: 0.319 | H@10: 0.377
2024-04-15 13:55:05 INFO     	 Saving model at epoch 50 in ./logs\CHI\04_15\CP_13_36_59
2024-04-15 13:55:11 INFO     	 Epoch 51 | average train loss: 0.0195
2024-04-15 13:55:11 INFO     	 Epoch 51 | average valid loss: 0.0126
2024-04-15 13:55:16 INFO     	 Epoch 52 | average train loss: 0.0193
2024-04-15 13:55:16 INFO     	 Epoch 52 | average valid loss: 0.0128
2024-04-15 13:55:22 INFO     	 Epoch 53 | average train loss: 0.0192
2024-04-15 13:55:22 INFO     	 Epoch 53 | average valid loss: 0.0129
2024-04-15 13:56:19 INFO     	 valid MR: 2835.25 | MRR: 0.297 | H@1: 0.250 | H@3: 0.322 | H@10: 0.377
2024-04-15 13:56:19 INFO     	 Saving model at epoch 53 in ./logs\CHI\04_15\CP_13_36_59
2024-04-15 13:56:25 INFO     	 Epoch 54 | average train loss: 0.0190
2024-04-15 13:56:25 INFO     	 Epoch 54 | average valid loss: 0.0129
2024-04-15 13:56:30 INFO     	 Epoch 55 | average train loss: 0.0189
2024-04-15 13:56:30 INFO     	 Epoch 55 | average valid loss: 0.0129
2024-04-15 13:56:35 INFO     	 Epoch 56 | average train loss: 0.0188
2024-04-15 13:56:35 INFO     	 Epoch 56 | average valid loss: 0.0133
2024-04-15 13:57:35 INFO     	 valid MR: 2841.83 | MRR: 0.299 | H@1: 0.253 | H@3: 0.325 | H@10: 0.375
2024-04-15 13:57:35 INFO     	 Saving model at epoch 56 in ./logs\CHI\04_15\CP_13_36_59
2024-04-15 13:57:40 INFO     	 Epoch 57 | average train loss: 0.0187
2024-04-15 13:57:40 INFO     	 Epoch 57 | average valid loss: 0.0133
2024-04-15 13:57:46 INFO     	 Epoch 58 | average train loss: 0.0186
2024-04-15 13:57:46 INFO     	 Epoch 58 | average valid loss: 0.0135
2024-04-15 13:57:51 INFO     	 Epoch 59 | average train loss: 0.0185
2024-04-15 13:57:51 INFO     	 Epoch 59 | average valid loss: 0.0137
2024-04-15 13:58:56 INFO     	 valid MR: 2848.10 | MRR: 0.301 | H@1: 0.256 | H@3: 0.326 | H@10: 0.376
2024-04-15 13:58:56 INFO     	 Saving model at epoch 59 in ./logs\CHI\04_15\CP_13_36_59
2024-04-15 13:59:02 INFO     	 Epoch 60 | average train loss: 0.0184
2024-04-15 13:59:02 INFO     	 Epoch 60 | average valid loss: 0.0140
2024-04-15 13:59:07 INFO     	 Epoch 61 | average train loss: 0.0183
2024-04-15 13:59:07 INFO     	 Epoch 61 | average valid loss: 0.0140
2024-04-15 13:59:13 INFO     	 Epoch 62 | average train loss: 0.0182
2024-04-15 13:59:13 INFO     	 Epoch 62 | average valid loss: 0.0142
2024-04-15 14:00:18 INFO     	 valid MR: 2839.48 | MRR: 0.301 | H@1: 0.256 | H@3: 0.327 | H@10: 0.375
2024-04-15 14:00:18 INFO     	 Saving model at epoch 62 in ./logs\CHI\04_15\CP_13_36_59
2024-04-15 14:00:24 INFO     	 Epoch 63 | average train loss: 0.0182
2024-04-15 14:00:24 INFO     	 Epoch 63 | average valid loss: 0.0145
2024-04-15 14:00:29 INFO     	 Epoch 64 | average train loss: 0.0181
2024-04-15 14:00:29 INFO     	 Epoch 64 | average valid loss: 0.0147
2024-04-15 14:00:34 INFO     	 Epoch 65 | average train loss: 0.0180
2024-04-15 14:00:34 INFO     	 Epoch 65 | average valid loss: 0.0149
2024-04-15 14:01:39 INFO     	 valid MR: 2839.57 | MRR: 0.301 | H@1: 0.255 | H@3: 0.328 | H@10: 0.375
2024-04-15 14:01:44 INFO     	 Epoch 66 | average train loss: 0.0179
2024-04-15 14:01:44 INFO     	 Epoch 66 | average valid loss: 0.0152
2024-04-15 14:01:50 INFO     	 Epoch 67 | average train loss: 0.0179
2024-04-15 14:01:50 INFO     	 Epoch 67 | average valid loss: 0.0154
2024-04-15 14:01:55 INFO     	 Epoch 68 | average train loss: 0.0178
2024-04-15 14:01:55 INFO     	 Epoch 68 | average valid loss: 0.0157
2024-04-15 14:03:01 INFO     	 valid MR: 2849.79 | MRR: 0.301 | H@1: 0.256 | H@3: 0.328 | H@10: 0.374
2024-04-15 14:03:01 INFO     	 Saving model at epoch 68 in ./logs\CHI\04_15\CP_13_36_59
2024-04-15 14:03:07 INFO     	 Epoch 69 | average train loss: 0.0177
2024-04-15 14:03:07 INFO     	 Epoch 69 | average valid loss: 0.0158
2024-04-15 14:03:12 INFO     	 Epoch 70 | average train loss: 0.0177
2024-04-15 14:03:12 INFO     	 Epoch 70 | average valid loss: 0.0162
2024-04-15 14:03:17 INFO     	 Epoch 71 | average train loss: 0.0176
2024-04-15 14:03:17 INFO     	 Epoch 71 | average valid loss: 0.0164
2024-04-15 14:04:25 INFO     	 valid MR: 2864.74 | MRR: 0.302 | H@1: 0.257 | H@3: 0.329 | H@10: 0.374
2024-04-15 14:04:25 INFO     	 Saving model at epoch 71 in ./logs\CHI\04_15\CP_13_36_59
2024-04-15 14:04:31 INFO     	 Epoch 72 | average train loss: 0.0176
2024-04-15 14:04:31 INFO     	 Epoch 72 | average valid loss: 0.0167
2024-04-15 14:04:37 INFO     	 Epoch 73 | average train loss: 0.0175
2024-04-15 14:04:37 INFO     	 Epoch 73 | average valid loss: 0.0170
2024-04-15 14:04:42 INFO     	 Epoch 74 | average train loss: 0.0175
2024-04-15 14:04:42 INFO     	 Epoch 74 | average valid loss: 0.0173
2024-04-15 14:05:52 INFO     	 valid MR: 2857.95 | MRR: 0.302 | H@1: 0.257 | H@3: 0.329 | H@10: 0.374
2024-04-15 14:05:58 INFO     	 Epoch 75 | average train loss: 0.0174
2024-04-15 14:05:58 INFO     	 Epoch 75 | average valid loss: 0.0177
2024-04-15 14:06:03 INFO     	 Epoch 76 | average train loss: 0.0174
2024-04-15 14:06:03 INFO     	 Epoch 76 | average valid loss: 0.0179
2024-04-15 14:06:08 INFO     	 Epoch 77 | average train loss: 0.0173
2024-04-15 14:06:09 INFO     	 Epoch 77 | average valid loss: 0.0182
2024-04-15 14:07:21 INFO     	 valid MR: 2872.12 | MRR: 0.301 | H@1: 0.256 | H@3: 0.330 | H@10: 0.373
2024-04-15 14:07:26 INFO     	 Epoch 78 | average train loss: 0.0173
2024-04-15 14:07:27 INFO     	 Epoch 78 | average valid loss: 0.0182
2024-04-15 14:07:32 INFO     	 Epoch 79 | average train loss: 0.0172
2024-04-15 14:07:32 INFO     	 Epoch 79 | average valid loss: 0.0187
2024-04-15 14:07:37 INFO     	 Epoch 80 | average train loss: 0.0172
2024-04-15 14:07:37 INFO     	 Epoch 80 | average valid loss: 0.0190
2024-04-15 14:08:51 INFO     	 valid MR: 2892.03 | MRR: 0.302 | H@1: 0.256 | H@3: 0.330 | H@10: 0.374
2024-04-15 14:08:57 INFO     	 Epoch 81 | average train loss: 0.0171
2024-04-15 14:08:57 INFO     	 Epoch 81 | average valid loss: 0.0192
2024-04-15 14:09:02 INFO     	 Epoch 82 | average train loss: 0.0171
2024-04-15 14:09:02 INFO     	 Epoch 82 | average valid loss: 0.0197
2024-04-15 14:09:07 INFO     	 Epoch 83 | average train loss: 0.0171
2024-04-15 14:09:07 INFO     	 Epoch 83 | average valid loss: 0.0198
2024-04-15 14:10:20 INFO     	 valid MR: 2908.73 | MRR: 0.301 | H@1: 0.255 | H@3: 0.329 | H@10: 0.374
2024-04-15 14:10:26 INFO     	 Epoch 84 | average train loss: 0.0170
2024-04-15 14:10:26 INFO     	 Epoch 84 | average valid loss: 0.0203
2024-04-15 14:10:32 INFO     	 Epoch 85 | average train loss: 0.0170
2024-04-15 14:10:32 INFO     	 Epoch 85 | average valid loss: 0.0205
2024-04-15 14:10:37 INFO     	 Epoch 86 | average train loss: 0.0170
2024-04-15 14:10:37 INFO     	 Epoch 86 | average valid loss: 0.0209
2024-04-15 14:11:54 INFO     	 valid MR: 2918.21 | MRR: 0.301 | H@1: 0.255 | H@3: 0.329 | H@10: 0.373
2024-04-15 14:12:00 INFO     	 Epoch 87 | average train loss: 0.0169
2024-04-15 14:12:00 INFO     	 Epoch 87 | average valid loss: 0.0210
2024-04-15 14:12:05 INFO     	 Epoch 88 | average train loss: 0.0169
2024-04-15 14:12:05 INFO     	 Epoch 88 | average valid loss: 0.0212
2024-04-15 14:12:11 INFO     	 Epoch 89 | average train loss: 0.0169
2024-04-15 14:12:11 INFO     	 Epoch 89 | average valid loss: 0.0216
2024-04-15 14:13:28 INFO     	 valid MR: 2934.91 | MRR: 0.300 | H@1: 0.254 | H@3: 0.329 | H@10: 0.374
2024-04-15 14:13:33 INFO     	 Epoch 90 | average train loss: 0.0168
2024-04-15 14:13:33 INFO     	 Epoch 90 | average valid loss: 0.0219
2024-04-15 14:13:38 INFO     	 Epoch 91 | average train loss: 0.0168
2024-04-15 14:13:38 INFO     	 Epoch 91 | average valid loss: 0.0221
2024-04-15 14:13:43 INFO     	 Epoch 92 | average train loss: 0.0168
2024-04-15 14:13:44 INFO     	 Epoch 92 | average valid loss: 0.0226
2024-04-15 14:15:02 INFO     	 valid MR: 2944.33 | MRR: 0.301 | H@1: 0.255 | H@3: 0.330 | H@10: 0.375
2024-04-15 14:15:07 INFO     	 Epoch 93 | average train loss: 0.0167
2024-04-15 14:15:07 INFO     	 Epoch 93 | average valid loss: 0.0229
2024-04-15 14:15:13 INFO     	 Epoch 94 | average train loss: 0.0167
2024-04-15 14:15:13 INFO     	 Epoch 94 | average valid loss: 0.0234
2024-04-15 14:15:18 INFO     	 Epoch 95 | average train loss: 0.0167
2024-04-15 14:15:18 INFO     	 Epoch 95 | average valid loss: 0.0236
2024-04-15 14:16:38 INFO     	 valid MR: 2976.76 | MRR: 0.300 | H@1: 0.253 | H@3: 0.330 | H@10: 0.374
2024-04-15 14:16:43 INFO     	 Epoch 96 | average train loss: 0.0167
2024-04-15 14:16:43 INFO     	 Epoch 96 | average valid loss: 0.0240
2024-04-15 14:16:48 INFO     	 Epoch 97 | average train loss: 0.0166
2024-04-15 14:16:48 INFO     	 Epoch 97 | average valid loss: 0.0244
2024-04-15 14:16:54 INFO     	 Epoch 98 | average train loss: 0.0166
2024-04-15 14:16:54 INFO     	 Epoch 98 | average valid loss: 0.0247
2024-04-15 14:18:15 INFO     	 valid MR: 3003.89 | MRR: 0.300 | H@1: 0.254 | H@3: 0.329 | H@10: 0.373
2024-04-15 14:18:21 INFO     	 Epoch 99 | average train loss: 0.0166
2024-04-15 14:18:21 INFO     	 Epoch 99 | average valid loss: 0.0249
2024-04-15 14:18:26 INFO     	 Epoch 100 | average train loss: 0.0166
2024-04-15 14:18:26 INFO     	 Epoch 100 | average valid loss: 0.0253
2024-04-15 14:18:32 INFO     	 Epoch 101 | average train loss: 0.0165
2024-04-15 14:18:32 INFO     	 Epoch 101 | average valid loss: 0.0257
2024-04-15 14:19:56 INFO     	 valid MR: 3008.36 | MRR: 0.300 | H@1: 0.253 | H@3: 0.329 | H@10: 0.375
2024-04-15 14:19:56 INFO     	 Early stopping
2024-04-15 14:19:56 INFO     	 Optimization finished
2024-04-15 14:19:56 INFO     	 Loading best model saved at epoch 71
2024-04-15 14:21:21 INFO     	 valid MR: 2864.74 | MRR: 0.302 | H@1: 0.257 | H@3: 0.329 | H@10: 0.374
2024-04-15 14:22:48 INFO     	 test MR: 2897.15 | MRR: 0.302 | H@1: 0.257 | H@3: 0.329 | H@10: 0.373
