2024-04-28 00:45:00 INFO     Saving logs in: ./logs/CHI/04_28/AttE_00_45_00
2024-04-28 00:45:02 INFO     	 (140602, 26, 140602)
2024-04-28 00:45:04 INFO     Total number of parameters 4783796
2024-04-28 00:45:04 INFO     	 Start training
2024-04-28 00:45:38 INFO     	 Epoch 0 | average train loss: 0.3296
2024-04-28 00:45:39 INFO     	 Epoch 0 | average valid loss: 0.1121
2024-04-28 00:46:13 INFO     	 Epoch 1 | average train loss: 0.0926
2024-04-28 00:46:14 INFO     	 Epoch 1 | average valid loss: 0.0751
2024-04-28 00:46:47 INFO     	 Epoch 2 | average train loss: 0.0795
2024-04-28 00:46:48 INFO     	 Epoch 2 | average valid loss: 0.0593
2024-04-28 00:47:29 INFO     	 valid MR: 35287.12 | MRR: 0.168 | H@1: 0.115 | H@3: 0.194 | H@10: 0.280
2024-04-28 00:47:29 INFO     	 Saving model at epoch 2 in ./logs/CHI/04_28/AttE_00_45_00
2024-04-28 00:48:03 INFO     	 Epoch 3 | average train loss: 0.0715
2024-04-28 00:48:03 INFO     	 Epoch 3 | average valid loss: 0.0496
2024-04-28 00:48:37 INFO     	 Epoch 4 | average train loss: 0.0657
2024-04-28 00:48:38 INFO     	 Epoch 4 | average valid loss: 0.0433
2024-04-28 00:49:12 INFO     	 Epoch 5 | average train loss: 0.0614
2024-04-28 00:49:12 INFO     	 Epoch 5 | average valid loss: 0.0395
2024-04-28 00:49:54 INFO     	 valid MR: 24019.92 | MRR: 0.159 | H@1: 0.100 | H@3: 0.191 | H@10: 0.279
2024-04-28 00:50:27 INFO     	 Epoch 6 | average train loss: 0.0585
2024-04-28 00:50:28 INFO     	 Epoch 6 | average valid loss: 0.0372
2024-04-28 00:51:02 INFO     	 Epoch 7 | average train loss: 0.0568
2024-04-28 00:51:03 INFO     	 Epoch 7 | average valid loss: 0.0361
2024-04-28 00:51:36 INFO     	 Epoch 8 | average train loss: 0.0557
2024-04-28 00:51:37 INFO     	 Epoch 8 | average valid loss: 0.0354
2024-04-28 00:52:20 INFO     	 valid MR: 24282.08 | MRR: 0.144 | H@1: 0.081 | H@3: 0.168 | H@10: 0.282
2024-04-28 00:52:54 INFO     	 Epoch 9 | average train loss: 0.0550
2024-04-28 00:52:54 INFO     	 Epoch 9 | average valid loss: 0.0351
2024-04-28 00:53:29 INFO     	 Epoch 10 | average train loss: 0.0546
2024-04-28 00:53:30 INFO     	 Epoch 10 | average valid loss: 0.0349
2024-04-28 00:54:04 INFO     	 Epoch 11 | average train loss: 0.0542
2024-04-28 00:54:04 INFO     	 Epoch 11 | average valid loss: 0.0348
2024-04-28 00:54:50 INFO     	 valid MR: 24525.97 | MRR: 0.136 | H@1: 0.074 | H@3: 0.155 | H@10: 0.277
2024-04-28 00:55:24 INFO     	 Epoch 12 | average train loss: 0.0540
2024-04-28 00:55:24 INFO     	 Epoch 12 | average valid loss: 0.0348
2024-04-28 00:55:58 INFO     	 Epoch 13 | average train loss: 0.0538
2024-04-28 00:55:59 INFO     	 Epoch 13 | average valid loss: 0.0347
2024-04-28 00:56:33 INFO     	 Epoch 14 | average train loss: 0.0537
2024-04-28 00:56:33 INFO     	 Epoch 14 | average valid loss: 0.0348
2024-04-28 00:57:22 INFO     	 valid MR: 24661.92 | MRR: 0.140 | H@1: 0.078 | H@3: 0.159 | H@10: 0.276
2024-04-28 00:57:56 INFO     	 Epoch 15 | average train loss: 0.0535
2024-04-28 00:57:57 INFO     	 Epoch 15 | average valid loss: 0.0348
2024-04-28 00:58:31 INFO     	 Epoch 16 | average train loss: 0.0533
2024-04-28 00:58:31 INFO     	 Epoch 16 | average valid loss: 0.0348
2024-04-28 00:59:05 INFO     	 Epoch 17 | average train loss: 0.0532
2024-04-28 00:59:06 INFO     	 Epoch 17 | average valid loss: 0.0349
2024-04-28 00:59:55 INFO     	 valid MR: 24628.60 | MRR: 0.147 | H@1: 0.086 | H@3: 0.173 | H@10: 0.278
2024-04-28 01:00:29 INFO     	 Epoch 18 | average train loss: 0.0530
2024-04-28 01:00:30 INFO     	 Epoch 18 | average valid loss: 0.0349
2024-04-28 01:01:04 INFO     	 Epoch 19 | average train loss: 0.0528
2024-04-28 01:01:04 INFO     	 Epoch 19 | average valid loss: 0.0350
2024-04-28 01:01:38 INFO     	 Epoch 20 | average train loss: 0.0524
2024-04-28 01:01:39 INFO     	 Epoch 20 | average valid loss: 0.0351
2024-04-28 01:02:32 INFO     	 valid MR: 24289.46 | MRR: 0.156 | H@1: 0.091 | H@3: 0.194 | H@10: 0.283
2024-04-28 01:03:05 INFO     	 Epoch 21 | average train loss: 0.0520
2024-04-28 01:03:06 INFO     	 Epoch 21 | average valid loss: 0.0351
2024-04-28 01:03:40 INFO     	 Epoch 22 | average train loss: 0.0516
2024-04-28 01:03:40 INFO     	 Epoch 22 | average valid loss: 0.0352
2024-04-28 01:04:14 INFO     	 Epoch 23 | average train loss: 0.0509
2024-04-28 01:04:15 INFO     	 Epoch 23 | average valid loss: 0.0352
2024-04-28 01:05:10 INFO     	 valid MR: 22473.06 | MRR: 0.170 | H@1: 0.104 | H@3: 0.214 | H@10: 0.287
2024-04-28 01:05:10 INFO     	 Saving model at epoch 23 in ./logs/CHI/04_28/AttE_00_45_00
2024-04-28 01:05:44 INFO     	 Epoch 24 | average train loss: 0.0501
2024-04-28 01:05:45 INFO     	 Epoch 24 | average valid loss: 0.0352
2024-04-28 01:06:19 INFO     	 Epoch 25 | average train loss: 0.0491
2024-04-28 01:06:19 INFO     	 Epoch 25 | average valid loss: 0.0350
2024-04-28 01:06:53 INFO     	 Epoch 26 | average train loss: 0.0480
2024-04-28 01:06:54 INFO     	 Epoch 26 | average valid loss: 0.0348
2024-04-28 01:07:50 INFO     	 valid MR: 17001.98 | MRR: 0.189 | H@1: 0.126 | H@3: 0.232 | H@10: 0.296
2024-04-28 01:07:50 INFO     	 Saving model at epoch 26 in ./logs/CHI/04_28/AttE_00_45_00
2024-04-28 01:08:24 INFO     	 Epoch 27 | average train loss: 0.0468
2024-04-28 01:08:25 INFO     	 Epoch 27 | average valid loss: 0.0345
2024-04-28 01:08:58 INFO     	 Epoch 28 | average train loss: 0.0456
2024-04-28 01:08:59 INFO     	 Epoch 28 | average valid loss: 0.0342
2024-04-28 01:09:33 INFO     	 Epoch 29 | average train loss: 0.0444
2024-04-28 01:09:33 INFO     	 Epoch 29 | average valid loss: 0.0338
2024-04-28 01:10:31 INFO     	 valid MR: 12513.69 | MRR: 0.212 | H@1: 0.157 | H@3: 0.248 | H@10: 0.309
2024-04-28 01:10:31 INFO     	 Saving model at epoch 29 in ./logs/CHI/04_28/AttE_00_45_00
2024-04-28 01:11:05 INFO     	 Epoch 30 | average train loss: 0.0432
2024-04-28 01:11:06 INFO     	 Epoch 30 | average valid loss: 0.0335
2024-04-28 01:11:40 INFO     	 Epoch 31 | average train loss: 0.0420
2024-04-28 01:11:40 INFO     	 Epoch 31 | average valid loss: 0.0330
2024-04-28 01:12:14 INFO     	 Epoch 32 | average train loss: 0.0409
2024-04-28 01:12:15 INFO     	 Epoch 32 | average valid loss: 0.0326
2024-04-28 01:13:13 INFO     	 valid MR: 9497.19 | MRR: 0.229 | H@1: 0.176 | H@3: 0.260 | H@10: 0.323
2024-04-28 01:13:13 INFO     	 Saving model at epoch 32 in ./logs/CHI/04_28/AttE_00_45_00
2024-04-28 01:13:46 INFO     	 Epoch 33 | average train loss: 0.0399
2024-04-28 01:13:47 INFO     	 Epoch 33 | average valid loss: 0.0322
2024-04-28 01:14:21 INFO     	 Epoch 34 | average train loss: 0.0389
2024-04-28 01:14:21 INFO     	 Epoch 34 | average valid loss: 0.0319
2024-04-28 01:14:55 INFO     	 Epoch 35 | average train loss: 0.0380
2024-04-28 01:14:56 INFO     	 Epoch 35 | average valid loss: 0.0315
2024-04-28 01:15:57 INFO     	 valid MR: 7466.81 | MRR: 0.241 | H@1: 0.191 | H@3: 0.270 | H@10: 0.335
2024-04-28 01:15:57 INFO     	 Saving model at epoch 35 in ./logs/CHI/04_28/AttE_00_45_00
2024-04-28 01:16:32 INFO     	 Epoch 36 | average train loss: 0.0372
2024-04-28 01:16:32 INFO     	 Epoch 36 | average valid loss: 0.0311
2024-04-28 01:17:06 INFO     	 Epoch 37 | average train loss: 0.0365
2024-04-28 01:17:07 INFO     	 Epoch 37 | average valid loss: 0.0307
2024-04-28 01:17:41 INFO     	 Epoch 38 | average train loss: 0.0359
2024-04-28 01:17:41 INFO     	 Epoch 38 | average valid loss: 0.0304
2024-04-28 01:18:44 INFO     	 valid MR: 6049.63 | MRR: 0.252 | H@1: 0.203 | H@3: 0.279 | H@10: 0.346
2024-04-28 01:18:44 INFO     	 Saving model at epoch 38 in ./logs/CHI/04_28/AttE_00_45_00
2024-04-28 01:19:18 INFO     	 Epoch 39 | average train loss: 0.0353
2024-04-28 01:19:19 INFO     	 Epoch 39 | average valid loss: 0.0301
2024-04-28 01:19:53 INFO     	 Epoch 40 | average train loss: 0.0348
2024-04-28 01:19:53 INFO     	 Epoch 40 | average valid loss: 0.0299
2024-04-28 01:20:27 INFO     	 Epoch 41 | average train loss: 0.0343
2024-04-28 01:20:28 INFO     	 Epoch 41 | average valid loss: 0.0296
2024-04-28 01:21:41 INFO     	 valid MR: 5007.13 | MRR: 0.263 | H@1: 0.214 | H@3: 0.290 | H@10: 0.359
2024-04-28 01:21:41 INFO     	 Saving model at epoch 41 in ./logs/CHI/04_28/AttE_00_45_00
2024-04-28 01:22:15 INFO     	 Epoch 42 | average train loss: 0.0339
2024-04-28 01:22:16 INFO     	 Epoch 42 | average valid loss: 0.0295
2024-04-28 01:22:49 INFO     	 Epoch 43 | average train loss: 0.0335
2024-04-28 01:22:50 INFO     	 Epoch 43 | average valid loss: 0.0293
2024-04-28 01:23:24 INFO     	 Epoch 44 | average train loss: 0.0332
2024-04-28 01:23:24 INFO     	 Epoch 44 | average valid loss: 0.0291
2024-04-28 01:24:31 INFO     	 valid MR: 4285.48 | MRR: 0.276 | H@1: 0.226 | H@3: 0.303 | H@10: 0.371
2024-04-28 01:24:31 INFO     	 Saving model at epoch 44 in ./logs/CHI/04_28/AttE_00_45_00
2024-04-28 01:25:05 INFO     	 Epoch 45 | average train loss: 0.0329
2024-04-28 01:25:06 INFO     	 Epoch 45 | average valid loss: 0.0289
2024-04-28 01:25:40 INFO     	 Epoch 46 | average train loss: 0.0327
2024-04-28 01:25:40 INFO     	 Epoch 46 | average valid loss: 0.0288
2024-04-28 01:26:14 INFO     	 Epoch 47 | average train loss: 0.0325
2024-04-28 01:26:15 INFO     	 Epoch 47 | average valid loss: 0.0286
2024-04-28 01:27:25 INFO     	 valid MR: 3794.45 | MRR: 0.291 | H@1: 0.240 | H@3: 0.318 | H@10: 0.387
2024-04-28 01:27:25 INFO     	 Saving model at epoch 47 in ./logs/CHI/04_28/AttE_00_45_00
2024-04-28 01:27:59 INFO     	 Epoch 48 | average train loss: 0.0323
2024-04-28 01:28:00 INFO     	 Epoch 48 | average valid loss: 0.0284
2024-04-28 01:28:33 INFO     	 Epoch 49 | average train loss: 0.0321
2024-04-28 01:28:34 INFO     	 Epoch 49 | average valid loss: 0.0282
2024-04-28 01:29:08 INFO     	 Epoch 50 | average train loss: 0.0319
2024-04-28 01:29:08 INFO     	 Epoch 50 | average valid loss: 0.0280
2024-04-28 01:30:19 INFO     	 valid MR: 3442.79 | MRR: 0.307 | H@1: 0.255 | H@3: 0.336 | H@10: 0.401
2024-04-28 01:30:19 INFO     	 Saving model at epoch 50 in ./logs/CHI/04_28/AttE_00_45_00
2024-04-28 01:30:52 INFO     	 Epoch 51 | average train loss: 0.0317
2024-04-28 01:30:53 INFO     	 Epoch 51 | average valid loss: 0.0279
2024-04-28 01:31:27 INFO     	 Epoch 52 | average train loss: 0.0316
2024-04-28 01:31:28 INFO     	 Epoch 52 | average valid loss: 0.0277
2024-04-28 01:32:02 INFO     	 Epoch 53 | average train loss: 0.0315
2024-04-28 01:32:02 INFO     	 Epoch 53 | average valid loss: 0.0275
2024-04-28 01:33:18 INFO     	 valid MR: 3160.37 | MRR: 0.322 | H@1: 0.270 | H@3: 0.351 | H@10: 0.416
2024-04-28 01:33:18 INFO     	 Saving model at epoch 53 in ./logs/CHI/04_28/AttE_00_45_00
2024-04-28 01:33:52 INFO     	 Epoch 54 | average train loss: 0.0313
2024-04-28 01:33:53 INFO     	 Epoch 54 | average valid loss: 0.0274
2024-04-28 01:34:27 INFO     	 Epoch 55 | average train loss: 0.0312
2024-04-28 01:34:27 INFO     	 Epoch 55 | average valid loss: 0.0272
2024-04-28 01:35:02 INFO     	 Epoch 56 | average train loss: 0.0311
2024-04-28 01:35:02 INFO     	 Epoch 56 | average valid loss: 0.0270
2024-04-28 01:36:17 INFO     	 valid MR: 2969.15 | MRR: 0.336 | H@1: 0.283 | H@3: 0.365 | H@10: 0.430
2024-04-28 01:36:17 INFO     	 Saving model at epoch 56 in ./logs/CHI/04_28/AttE_00_45_00
2024-04-28 01:36:51 INFO     	 Epoch 57 | average train loss: 0.0310
2024-04-28 01:36:51 INFO     	 Epoch 57 | average valid loss: 0.0268
2024-04-28 01:37:25 INFO     	 Epoch 58 | average train loss: 0.0309
2024-04-28 01:37:26 INFO     	 Epoch 58 | average valid loss: 0.0267
2024-04-28 01:38:00 INFO     	 Epoch 59 | average train loss: 0.0308
2024-04-28 01:38:00 INFO     	 Epoch 59 | average valid loss: 0.0265
2024-04-28 01:39:32 INFO     	 valid MR: 2837.67 | MRR: 0.350 | H@1: 0.297 | H@3: 0.378 | H@10: 0.444
2024-04-28 01:39:32 INFO     	 Saving model at epoch 59 in ./logs/CHI/04_28/AttE_00_45_00
2024-04-28 01:40:06 INFO     	 Epoch 60 | average train loss: 0.0307
2024-04-28 01:40:07 INFO     	 Epoch 60 | average valid loss: 0.0263
2024-04-28 01:40:40 INFO     	 Epoch 61 | average train loss: 0.0306
2024-04-28 01:40:41 INFO     	 Epoch 61 | average valid loss: 0.0262
2024-04-28 01:41:15 INFO     	 Epoch 62 | average train loss: 0.0305
2024-04-28 01:41:16 INFO     	 Epoch 62 | average valid loss: 0.0260
2024-04-28 01:42:35 INFO     	 valid MR: 2696.06 | MRR: 0.359 | H@1: 0.305 | H@3: 0.388 | H@10: 0.457
2024-04-28 01:42:35 INFO     	 Saving model at epoch 62 in ./logs/CHI/04_28/AttE_00_45_00
2024-04-28 01:43:10 INFO     	 Epoch 63 | average train loss: 0.0305
2024-04-28 01:43:10 INFO     	 Epoch 63 | average valid loss: 0.0259
2024-04-28 01:43:44 INFO     	 Epoch 64 | average train loss: 0.0304
2024-04-28 01:43:45 INFO     	 Epoch 64 | average valid loss: 0.0258
2024-04-28 01:44:19 INFO     	 Epoch 65 | average train loss: 0.0303
2024-04-28 01:44:19 INFO     	 Epoch 65 | average valid loss: 0.0256
2024-04-28 01:45:58 INFO     	 valid MR: 2547.55 | MRR: 0.370 | H@1: 0.315 | H@3: 0.399 | H@10: 0.467
2024-04-28 01:45:58 INFO     	 Saving model at epoch 65 in ./logs/CHI/04_28/AttE_00_45_00
2024-04-28 01:46:32 INFO     	 Epoch 66 | average train loss: 0.0303
2024-04-28 01:46:33 INFO     	 Epoch 66 | average valid loss: 0.0255
2024-04-28 01:47:07 INFO     	 Epoch 67 | average train loss: 0.0302
2024-04-28 01:47:08 INFO     	 Epoch 67 | average valid loss: 0.0253
2024-04-28 01:47:42 INFO     	 Epoch 68 | average train loss: 0.0301
2024-04-28 01:47:43 INFO     	 Epoch 68 | average valid loss: 0.0252
2024-04-28 01:49:06 INFO     	 valid MR: 2492.82 | MRR: 0.380 | H@1: 0.324 | H@3: 0.409 | H@10: 0.480
2024-04-28 01:49:06 INFO     	 Saving model at epoch 68 in ./logs/CHI/04_28/AttE_00_45_00
2024-04-28 01:49:40 INFO     	 Epoch 69 | average train loss: 0.0301
2024-04-28 01:49:41 INFO     	 Epoch 69 | average valid loss: 0.0250
2024-04-28 01:50:15 INFO     	 Epoch 70 | average train loss: 0.0300
2024-04-28 01:50:16 INFO     	 Epoch 70 | average valid loss: 0.0249
2024-04-28 01:50:50 INFO     	 Epoch 71 | average train loss: 0.0299
2024-04-28 01:50:50 INFO     	 Epoch 71 | average valid loss: 0.0248
2024-04-28 01:52:16 INFO     	 valid MR: 2423.15 | MRR: 0.392 | H@1: 0.337 | H@3: 0.421 | H@10: 0.491
2024-04-28 01:52:16 INFO     	 Saving model at epoch 71 in ./logs/CHI/04_28/AttE_00_45_00
2024-04-28 01:52:50 INFO     	 Epoch 72 | average train loss: 0.0299
2024-04-28 01:52:51 INFO     	 Epoch 72 | average valid loss: 0.0246
2024-04-28 01:53:25 INFO     	 Epoch 73 | average train loss: 0.0298
2024-04-28 01:53:25 INFO     	 Epoch 73 | average valid loss: 0.0246
2024-04-28 01:53:59 INFO     	 Epoch 74 | average train loss: 0.0298
2024-04-28 01:54:00 INFO     	 Epoch 74 | average valid loss: 0.0244
2024-04-28 01:55:28 INFO     	 valid MR: 2409.71 | MRR: 0.401 | H@1: 0.346 | H@3: 0.428 | H@10: 0.502
2024-04-28 01:55:28 INFO     	 Saving model at epoch 74 in ./logs/CHI/04_28/AttE_00_45_00
2024-04-28 01:56:02 INFO     	 Epoch 75 | average train loss: 0.0297
2024-04-28 01:56:03 INFO     	 Epoch 75 | average valid loss: 0.0243
2024-04-28 01:56:37 INFO     	 Epoch 76 | average train loss: 0.0297
2024-04-28 01:56:37 INFO     	 Epoch 76 | average valid loss: 0.0242
2024-04-28 01:57:11 INFO     	 Epoch 77 | average train loss: 0.0296
2024-04-28 01:57:12 INFO     	 Epoch 77 | average valid loss: 0.0241
2024-04-28 01:58:43 INFO     	 valid MR: 2280.27 | MRR: 0.413 | H@1: 0.357 | H@3: 0.444 | H@10: 0.513
2024-04-28 01:58:43 INFO     	 Saving model at epoch 77 in ./logs/CHI/04_28/AttE_00_45_00
2024-04-28 01:59:17 INFO     	 Epoch 78 | average train loss: 0.0296
2024-04-28 01:59:17 INFO     	 Epoch 78 | average valid loss: 0.0240
2024-04-28 01:59:51 INFO     	 Epoch 79 | average train loss: 0.0295
2024-04-28 01:59:52 INFO     	 Epoch 79 | average valid loss: 0.0239
2024-04-28 02:00:26 INFO     	 Epoch 80 | average train loss: 0.0295
2024-04-28 02:00:26 INFO     	 Epoch 80 | average valid loss: 0.0238
2024-04-28 02:02:25 INFO     	 valid MR: 2241.23 | MRR: 0.425 | H@1: 0.369 | H@3: 0.454 | H@10: 0.523
2024-04-28 02:02:25 INFO     	 Saving model at epoch 80 in ./logs/CHI/04_28/AttE_00_45_00
2024-04-28 02:02:59 INFO     	 Epoch 81 | average train loss: 0.0294
2024-04-28 02:03:00 INFO     	 Epoch 81 | average valid loss: 0.0237
2024-04-28 02:03:34 INFO     	 Epoch 82 | average train loss: 0.0294
2024-04-28 02:03:35 INFO     	 Epoch 82 | average valid loss: 0.0236
2024-04-28 02:04:09 INFO     	 Epoch 83 | average train loss: 0.0294
2024-04-28 02:04:09 INFO     	 Epoch 83 | average valid loss: 0.0236
2024-04-28 02:06:10 INFO     	 valid MR: 2193.32 | MRR: 0.437 | H@1: 0.382 | H@3: 0.464 | H@10: 0.536
2024-04-28 02:06:10 INFO     	 Saving model at epoch 83 in ./logs/CHI/04_28/AttE_00_45_00
2024-04-28 02:06:44 INFO     	 Epoch 84 | average train loss: 0.0294
2024-04-28 02:06:44 INFO     	 Epoch 84 | average valid loss: 0.0235
2024-04-28 02:07:18 INFO     	 Epoch 85 | average train loss: 0.0293
2024-04-28 02:07:19 INFO     	 Epoch 85 | average valid loss: 0.0234
2024-04-28 02:07:53 INFO     	 Epoch 86 | average train loss: 0.0293
2024-04-28 02:07:54 INFO     	 Epoch 86 | average valid loss: 0.0234
2024-04-28 02:10:00 INFO     	 valid MR: 2113.58 | MRR: 0.449 | H@1: 0.396 | H@3: 0.475 | H@10: 0.545
2024-04-28 02:10:00 INFO     	 Saving model at epoch 86 in ./logs/CHI/04_28/AttE_00_45_00
2024-04-28 02:10:34 INFO     	 Epoch 87 | average train loss: 0.0293
2024-04-28 02:10:34 INFO     	 Epoch 87 | average valid loss: 0.0232
2024-04-28 02:11:08 INFO     	 Epoch 88 | average train loss: 0.0292
2024-04-28 02:11:09 INFO     	 Epoch 88 | average valid loss: 0.0232
2024-04-28 02:11:43 INFO     	 Epoch 89 | average train loss: 0.0292
2024-04-28 02:11:43 INFO     	 Epoch 89 | average valid loss: 0.0231
2024-04-28 02:13:21 INFO     	 valid MR: 2143.21 | MRR: 0.457 | H@1: 0.404 | H@3: 0.483 | H@10: 0.554
2024-04-28 02:13:21 INFO     	 Saving model at epoch 89 in ./logs/CHI/04_28/AttE_00_45_00
2024-04-28 02:13:55 INFO     	 Epoch 90 | average train loss: 0.0292
2024-04-28 02:13:56 INFO     	 Epoch 90 | average valid loss: 0.0231
2024-04-28 02:14:29 INFO     	 Epoch 91 | average train loss: 0.0292
2024-04-28 02:14:30 INFO     	 Epoch 91 | average valid loss: 0.0230
2024-04-28 02:15:04 INFO     	 Epoch 92 | average train loss: 0.0292
2024-04-28 02:15:05 INFO     	 Epoch 92 | average valid loss: 0.0230
2024-04-28 02:17:10 INFO     	 valid MR: 2087.72 | MRR: 0.466 | H@1: 0.413 | H@3: 0.492 | H@10: 0.564
2024-04-28 02:17:10 INFO     	 Saving model at epoch 92 in ./logs/CHI/04_28/AttE_00_45_00
2024-04-28 02:17:44 INFO     	 Epoch 93 | average train loss: 0.0291
2024-04-28 02:17:45 INFO     	 Epoch 93 | average valid loss: 0.0229
2024-04-28 02:18:19 INFO     	 Epoch 94 | average train loss: 0.0291
2024-04-28 02:18:19 INFO     	 Epoch 94 | average valid loss: 0.0229
2024-04-28 02:18:53 INFO     	 Epoch 95 | average train loss: 0.0291
2024-04-28 02:18:53 INFO     	 Epoch 95 | average valid loss: 0.0228
2024-04-28 02:21:08 INFO     	 valid MR: 2072.33 | MRR: 0.472 | H@1: 0.419 | H@3: 0.497 | H@10: 0.571
2024-04-28 02:21:08 INFO     	 Saving model at epoch 95 in ./logs/CHI/04_28/AttE_00_45_00
2024-04-28 02:21:42 INFO     	 Epoch 96 | average train loss: 0.0290
2024-04-28 02:21:42 INFO     	 Epoch 96 | average valid loss: 0.0228
2024-04-28 02:22:16 INFO     	 Epoch 97 | average train loss: 0.0290
2024-04-28 02:22:17 INFO     	 Epoch 97 | average valid loss: 0.0227
2024-04-28 02:22:51 INFO     	 Epoch 98 | average train loss: 0.0290
2024-04-28 02:22:51 INFO     	 Epoch 98 | average valid loss: 0.0227
2024-04-28 02:24:40 INFO     	 valid MR: 2017.69 | MRR: 0.480 | H@1: 0.427 | H@3: 0.506 | H@10: 0.577
2024-04-28 02:24:40 INFO     	 Saving model at epoch 98 in ./logs/CHI/04_28/AttE_00_45_00
2024-04-28 02:25:14 INFO     	 Epoch 99 | average train loss: 0.0290
2024-04-28 02:25:15 INFO     	 Epoch 99 | average valid loss: 0.0227
2024-04-28 02:25:49 INFO     	 Epoch 100 | average train loss: 0.0290
2024-04-28 02:25:50 INFO     	 Epoch 100 | average valid loss: 0.0226
2024-04-28 02:26:24 INFO     	 Epoch 101 | average train loss: 0.0290
2024-04-28 02:26:24 INFO     	 Epoch 101 | average valid loss: 0.0226
2024-04-28 02:28:19 INFO     	 valid MR: 2059.53 | MRR: 0.486 | H@1: 0.434 | H@3: 0.512 | H@10: 0.583
2024-04-28 02:28:19 INFO     	 Saving model at epoch 101 in ./logs/CHI/04_28/AttE_00_45_00
2024-04-28 02:28:53 INFO     	 Epoch 102 | average train loss: 0.0289
2024-04-28 02:28:53 INFO     	 Epoch 102 | average valid loss: 0.0225
2024-04-28 02:29:27 INFO     	 Epoch 103 | average train loss: 0.0289
2024-04-28 02:29:28 INFO     	 Epoch 103 | average valid loss: 0.0225
2024-04-28 02:30:02 INFO     	 Epoch 104 | average train loss: 0.0289
2024-04-28 02:30:02 INFO     	 Epoch 104 | average valid loss: 0.0225
2024-04-28 02:31:54 INFO     	 valid MR: 2031.26 | MRR: 0.489 | H@1: 0.438 | H@3: 0.514 | H@10: 0.585
2024-04-28 02:31:54 INFO     	 Saving model at epoch 104 in ./logs/CHI/04_28/AttE_00_45_00
2024-04-28 02:32:28 INFO     	 Epoch 105 | average train loss: 0.0289
2024-04-28 02:32:29 INFO     	 Epoch 105 | average valid loss: 0.0224
2024-04-28 02:33:03 INFO     	 Epoch 106 | average train loss: 0.0289
2024-04-28 02:33:04 INFO     	 Epoch 106 | average valid loss: 0.0224
2024-04-28 02:33:38 INFO     	 Epoch 107 | average train loss: 0.0288
2024-04-28 02:33:38 INFO     	 Epoch 107 | average valid loss: 0.0224
2024-04-28 02:35:36 INFO     	 valid MR: 2025.69 | MRR: 0.495 | H@1: 0.443 | H@3: 0.521 | H@10: 0.590
2024-04-28 02:35:36 INFO     	 Saving model at epoch 107 in ./logs/CHI/04_28/AttE_00_45_00
2024-04-28 02:36:10 INFO     	 Epoch 108 | average train loss: 0.0288
2024-04-28 02:36:11 INFO     	 Epoch 108 | average valid loss: 0.0223
2024-04-28 02:36:45 INFO     	 Epoch 109 | average train loss: 0.0288
2024-04-28 02:36:45 INFO     	 Epoch 109 | average valid loss: 0.0223
2024-04-28 02:37:19 INFO     	 Epoch 110 | average train loss: 0.0288
2024-04-28 02:37:20 INFO     	 Epoch 110 | average valid loss: 0.0223
2024-04-28 02:39:51 INFO     	 valid MR: 1988.52 | MRR: 0.496 | H@1: 0.443 | H@3: 0.522 | H@10: 0.592
2024-04-28 02:39:51 INFO     	 Saving model at epoch 110 in ./logs/CHI/04_28/AttE_00_45_00
2024-04-28 02:40:25 INFO     	 Epoch 111 | average train loss: 0.0288
2024-04-28 02:40:26 INFO     	 Epoch 111 | average valid loss: 0.0222
2024-04-28 02:41:00 INFO     	 Epoch 112 | average train loss: 0.0288
2024-04-28 02:41:00 INFO     	 Epoch 112 | average valid loss: 0.0222
2024-04-28 02:41:34 INFO     	 Epoch 113 | average train loss: 0.0288
2024-04-28 02:41:35 INFO     	 Epoch 113 | average valid loss: 0.0222
2024-04-28 02:44:12 INFO     	 valid MR: 1994.90 | MRR: 0.499 | H@1: 0.447 | H@3: 0.524 | H@10: 0.595
2024-04-28 02:44:12 INFO     	 Saving model at epoch 113 in ./logs/CHI/04_28/AttE_00_45_00
2024-04-28 02:44:46 INFO     	 Epoch 114 | average train loss: 0.0287
2024-04-28 02:44:46 INFO     	 Epoch 114 | average valid loss: 0.0222
2024-04-28 02:45:20 INFO     	 Epoch 115 | average train loss: 0.0288
2024-04-28 02:45:21 INFO     	 Epoch 115 | average valid loss: 0.0221
2024-04-28 02:45:55 INFO     	 Epoch 116 | average train loss: 0.0287
2024-04-28 02:45:55 INFO     	 Epoch 116 | average valid loss: 0.0221
2024-04-28 02:47:57 INFO     	 valid MR: 1949.61 | MRR: 0.502 | H@1: 0.450 | H@3: 0.529 | H@10: 0.598
2024-04-28 02:47:57 INFO     	 Saving model at epoch 116 in ./logs/CHI/04_28/AttE_00_45_00
2024-04-28 02:48:31 INFO     	 Epoch 117 | average train loss: 0.0287
2024-04-28 02:48:31 INFO     	 Epoch 117 | average valid loss: 0.0221
2024-04-28 02:49:05 INFO     	 Epoch 118 | average train loss: 0.0287
2024-04-28 02:49:06 INFO     	 Epoch 118 | average valid loss: 0.0221
2024-04-28 02:49:39 INFO     	 Epoch 119 | average train loss: 0.0287
2024-04-28 02:49:40 INFO     	 Epoch 119 | average valid loss: 0.0220
2024-04-28 02:51:43 INFO     	 valid MR: 1966.40 | MRR: 0.507 | H@1: 0.456 | H@3: 0.532 | H@10: 0.600
2024-04-28 02:51:43 INFO     	 Saving model at epoch 119 in ./logs/CHI/04_28/AttE_00_45_00
2024-04-28 02:52:17 INFO     	 Epoch 120 | average train loss: 0.0287
2024-04-28 02:52:18 INFO     	 Epoch 120 | average valid loss: 0.0220
2024-04-28 02:52:52 INFO     	 Epoch 121 | average train loss: 0.0287
2024-04-28 02:52:53 INFO     	 Epoch 121 | average valid loss: 0.0220
2024-04-28 02:53:27 INFO     	 Epoch 122 | average train loss: 0.0287
2024-04-28 02:53:27 INFO     	 Epoch 122 | average valid loss: 0.0219
2024-04-28 02:55:36 INFO     	 valid MR: 1900.00 | MRR: 0.507 | H@1: 0.457 | H@3: 0.531 | H@10: 0.599
2024-04-28 02:56:09 INFO     	 Epoch 123 | average train loss: 0.0287
2024-04-28 02:56:10 INFO     	 Epoch 123 | average valid loss: 0.0220
2024-04-28 02:56:44 INFO     	 Epoch 124 | average train loss: 0.0286
2024-04-28 02:56:45 INFO     	 Epoch 124 | average valid loss: 0.0219
2024-04-28 02:57:18 INFO     	 Epoch 125 | average train loss: 0.0286
2024-04-28 02:57:19 INFO     	 Epoch 125 | average valid loss: 0.0219
2024-04-28 03:00:01 INFO     	 valid MR: 1918.96 | MRR: 0.510 | H@1: 0.459 | H@3: 0.534 | H@10: 0.601
2024-04-28 03:00:01 INFO     	 Saving model at epoch 125 in ./logs/CHI/04_28/AttE_00_45_00
2024-04-28 03:00:35 INFO     	 Epoch 126 | average train loss: 0.0286
2024-04-28 03:00:35 INFO     	 Epoch 126 | average valid loss: 0.0219
2024-04-28 03:01:09 INFO     	 Epoch 127 | average train loss: 0.0286
2024-04-28 03:01:10 INFO     	 Epoch 127 | average valid loss: 0.0219
2024-04-28 03:01:43 INFO     	 Epoch 128 | average train loss: 0.0286
2024-04-28 03:01:44 INFO     	 Epoch 128 | average valid loss: 0.0219
2024-04-28 03:04:14 INFO     	 valid MR: 1911.93 | MRR: 0.511 | H@1: 0.461 | H@3: 0.537 | H@10: 0.602
2024-04-28 03:04:14 INFO     	 Saving model at epoch 128 in ./logs/CHI/04_28/AttE_00_45_00
2024-04-28 03:04:48 INFO     	 Epoch 129 | average train loss: 0.0286
2024-04-28 03:04:48 INFO     	 Epoch 129 | average valid loss: 0.0218
2024-04-28 03:05:23 INFO     	 Epoch 130 | average train loss: 0.0286
2024-04-28 03:05:23 INFO     	 Epoch 130 | average valid loss: 0.0218
2024-04-28 03:05:57 INFO     	 Epoch 131 | average train loss: 0.0286
2024-04-28 03:05:58 INFO     	 Epoch 131 | average valid loss: 0.0218
2024-04-28 03:08:51 INFO     	 valid MR: 1893.40 | MRR: 0.515 | H@1: 0.466 | H@3: 0.539 | H@10: 0.603
2024-04-28 03:08:51 INFO     	 Saving model at epoch 131 in ./logs/CHI/04_28/AttE_00_45_00
2024-04-28 03:09:25 INFO     	 Epoch 132 | average train loss: 0.0286
2024-04-28 03:09:26 INFO     	 Epoch 132 | average valid loss: 0.0217
2024-04-28 03:10:00 INFO     	 Epoch 133 | average train loss: 0.0285
2024-04-28 03:10:01 INFO     	 Epoch 133 | average valid loss: 0.0218
2024-04-28 03:10:35 INFO     	 Epoch 134 | average train loss: 0.0286
2024-04-28 03:10:35 INFO     	 Epoch 134 | average valid loss: 0.0217
2024-04-28 03:13:01 INFO     	 valid MR: 1866.94 | MRR: 0.512 | H@1: 0.462 | H@3: 0.536 | H@10: 0.604
2024-04-28 03:13:35 INFO     	 Epoch 135 | average train loss: 0.0285
2024-04-28 03:13:36 INFO     	 Epoch 135 | average valid loss: 0.0217
2024-04-28 03:14:10 INFO     	 Epoch 136 | average train loss: 0.0285
2024-04-28 03:14:10 INFO     	 Epoch 136 | average valid loss: 0.0217
2024-04-28 03:14:44 INFO     	 Epoch 137 | average train loss: 0.0285
2024-04-28 03:14:45 INFO     	 Epoch 137 | average valid loss: 0.0217
2024-04-28 03:17:06 INFO     	 valid MR: 1840.37 | MRR: 0.514 | H@1: 0.465 | H@3: 0.539 | H@10: 0.602
2024-04-28 03:17:40 INFO     	 Epoch 138 | average train loss: 0.0285
2024-04-28 03:17:40 INFO     	 Epoch 138 | average valid loss: 0.0217
2024-04-28 03:18:14 INFO     	 Epoch 139 | average train loss: 0.0285
2024-04-28 03:18:15 INFO     	 Epoch 139 | average valid loss: 0.0216
2024-04-28 03:18:49 INFO     	 Epoch 140 | average train loss: 0.0285
2024-04-28 03:18:49 INFO     	 Epoch 140 | average valid loss: 0.0216
2024-04-28 03:21:56 INFO     	 valid MR: 1864.16 | MRR: 0.515 | H@1: 0.465 | H@3: 0.541 | H@10: 0.604
2024-04-28 03:21:56 INFO     	 Saving model at epoch 140 in ./logs/CHI/04_28/AttE_00_45_00
2024-04-28 03:22:30 INFO     	 Epoch 141 | average train loss: 0.0285
2024-04-28 03:22:31 INFO     	 Epoch 141 | average valid loss: 0.0216
2024-04-28 03:23:04 INFO     	 Epoch 142 | average train loss: 0.0285
2024-04-28 03:23:05 INFO     	 Epoch 142 | average valid loss: 0.0216
2024-04-28 03:23:39 INFO     	 Epoch 143 | average train loss: 0.0285
2024-04-28 03:23:40 INFO     	 Epoch 143 | average valid loss: 0.0216
2024-04-28 03:26:50 INFO     	 valid MR: 1858.15 | MRR: 0.513 | H@1: 0.463 | H@3: 0.538 | H@10: 0.604
2024-04-28 03:27:24 INFO     	 Epoch 144 | average train loss: 0.0285
2024-04-28 03:27:24 INFO     	 Epoch 144 | average valid loss: 0.0216
2024-04-28 03:27:58 INFO     	 Epoch 145 | average train loss: 0.0285
2024-04-28 03:27:59 INFO     	 Epoch 145 | average valid loss: 0.0216
2024-04-28 03:28:33 INFO     	 Epoch 146 | average train loss: 0.0284
2024-04-28 03:28:33 INFO     	 Epoch 146 | average valid loss: 0.0215
2024-04-28 03:31:41 INFO     	 valid MR: 1781.66 | MRR: 0.518 | H@1: 0.470 | H@3: 0.542 | H@10: 0.604
2024-04-28 03:31:41 INFO     	 Saving model at epoch 146 in ./logs/CHI/04_28/AttE_00_45_00
2024-04-28 03:32:15 INFO     	 Epoch 147 | average train loss: 0.0284
2024-04-28 03:32:16 INFO     	 Epoch 147 | average valid loss: 0.0215
2024-04-28 03:32:49 INFO     	 Epoch 148 | average train loss: 0.0284
2024-04-28 03:32:50 INFO     	 Epoch 148 | average valid loss: 0.0215
2024-04-28 03:33:23 INFO     	 Epoch 149 | average train loss: 0.0284
2024-04-28 03:33:23 INFO     	 Epoch 149 | average valid loss: 0.0215
2024-04-28 03:36:08 INFO     	 valid MR: 1826.50 | MRR: 0.518 | H@1: 0.471 | H@3: 0.541 | H@10: 0.603
2024-04-28 03:36:08 INFO     	 Saving model at epoch 149 in ./logs/CHI/04_28/AttE_00_45_00
2024-04-28 03:36:41 INFO     	 Epoch 150 | average train loss: 0.0284
2024-04-28 03:36:42 INFO     	 Epoch 150 | average valid loss: 0.0215
2024-04-28 03:37:14 INFO     	 Epoch 151 | average train loss: 0.0284
2024-04-28 03:37:15 INFO     	 Epoch 151 | average valid loss: 0.0215
2024-04-28 03:37:48 INFO     	 Epoch 152 | average train loss: 0.0284
2024-04-28 03:37:48 INFO     	 Epoch 152 | average valid loss: 0.0215
2024-04-28 03:40:36 INFO     	 valid MR: 1832.68 | MRR: 0.517 | H@1: 0.469 | H@3: 0.541 | H@10: 0.602
2024-04-28 03:41:08 INFO     	 Epoch 153 | average train loss: 0.0284
2024-04-28 03:41:09 INFO     	 Epoch 153 | average valid loss: 0.0214
2024-04-28 03:41:41 INFO     	 Epoch 154 | average train loss: 0.0284
2024-04-28 03:41:42 INFO     	 Epoch 154 | average valid loss: 0.0214
2024-04-28 03:42:15 INFO     	 Epoch 155 | average train loss: 0.0284
2024-04-28 03:42:16 INFO     	 Epoch 155 | average valid loss: 0.0214
2024-04-28 03:45:16 INFO     	 valid MR: 1835.90 | MRR: 0.519 | H@1: 0.471 | H@3: 0.542 | H@10: 0.602
2024-04-28 03:45:16 INFO     	 Saving model at epoch 155 in ./logs/CHI/04_28/AttE_00_45_00
2024-04-28 03:45:49 INFO     	 Epoch 156 | average train loss: 0.0284
2024-04-28 03:45:50 INFO     	 Epoch 156 | average valid loss: 0.0214
2024-04-28 03:46:22 INFO     	 Epoch 157 | average train loss: 0.0284
2024-04-28 03:46:23 INFO     	 Epoch 157 | average valid loss: 0.0214
2024-04-28 03:46:56 INFO     	 Epoch 158 | average train loss: 0.0284
2024-04-28 03:46:56 INFO     	 Epoch 158 | average valid loss: 0.0214
2024-04-28 03:49:16 INFO     	 valid MR: 1843.59 | MRR: 0.518 | H@1: 0.471 | H@3: 0.542 | H@10: 0.601
2024-04-28 03:49:48 INFO     	 Epoch 159 | average train loss: 0.0284
2024-04-28 03:49:49 INFO     	 Epoch 159 | average valid loss: 0.0214
2024-04-28 03:50:22 INFO     	 Epoch 160 | average train loss: 0.0284
2024-04-28 03:50:22 INFO     	 Epoch 160 | average valid loss: 0.0213
2024-04-28 03:50:55 INFO     	 Epoch 161 | average train loss: 0.0284
2024-04-28 03:50:56 INFO     	 Epoch 161 | average valid loss: 0.0213
2024-04-28 03:53:16 INFO     	 valid MR: 1745.43 | MRR: 0.519 | H@1: 0.472 | H@3: 0.541 | H@10: 0.601
2024-04-28 03:53:16 INFO     	 Saving model at epoch 161 in ./logs/CHI/04_28/AttE_00_45_00
2024-04-28 03:53:49 INFO     	 Epoch 162 | average train loss: 0.0284
2024-04-28 03:53:50 INFO     	 Epoch 162 | average valid loss: 0.0213
2024-04-28 03:54:23 INFO     	 Epoch 163 | average train loss: 0.0284
2024-04-28 03:54:23 INFO     	 Epoch 163 | average valid loss: 0.0213
2024-04-28 03:54:56 INFO     	 Epoch 164 | average train loss: 0.0283
2024-04-28 03:54:57 INFO     	 Epoch 164 | average valid loss: 0.0213
2024-04-28 03:57:16 INFO     	 valid MR: 1767.22 | MRR: 0.520 | H@1: 0.474 | H@3: 0.542 | H@10: 0.600
2024-04-28 03:57:16 INFO     	 Saving model at epoch 164 in ./logs/CHI/04_28/AttE_00_45_00
2024-04-28 03:57:49 INFO     	 Epoch 165 | average train loss: 0.0284
2024-04-28 03:57:50 INFO     	 Epoch 165 | average valid loss: 0.0213
2024-04-28 03:58:22 INFO     	 Epoch 166 | average train loss: 0.0283
2024-04-28 03:58:23 INFO     	 Epoch 166 | average valid loss: 0.0213
2024-04-28 03:58:55 INFO     	 Epoch 167 | average train loss: 0.0283
2024-04-28 03:58:56 INFO     	 Epoch 167 | average valid loss: 0.0212
2024-04-28 04:02:02 INFO     	 valid MR: 1843.96 | MRR: 0.519 | H@1: 0.472 | H@3: 0.542 | H@10: 0.601
2024-04-28 04:02:35 INFO     	 Epoch 168 | average train loss: 0.0283
2024-04-28 04:02:35 INFO     	 Epoch 168 | average valid loss: 0.0212
2024-04-28 04:03:08 INFO     	 Epoch 169 | average train loss: 0.0283
2024-04-28 04:03:09 INFO     	 Epoch 169 | average valid loss: 0.0212
2024-04-28 04:03:41 INFO     	 Epoch 170 | average train loss: 0.0283
2024-04-28 04:03:42 INFO     	 Epoch 170 | average valid loss: 0.0212
2024-04-28 04:06:51 INFO     	 valid MR: 1762.66 | MRR: 0.520 | H@1: 0.474 | H@3: 0.540 | H@10: 0.600
2024-04-28 04:06:51 INFO     	 Saving model at epoch 170 in ./logs/CHI/04_28/AttE_00_45_00
2024-04-28 04:07:24 INFO     	 Epoch 171 | average train loss: 0.0283
2024-04-28 04:07:25 INFO     	 Epoch 171 | average valid loss: 0.0212
2024-04-28 04:07:57 INFO     	 Epoch 172 | average train loss: 0.0283
2024-04-28 04:07:58 INFO     	 Epoch 172 | average valid loss: 0.0211
2024-04-28 04:08:31 INFO     	 Epoch 173 | average train loss: 0.0283
2024-04-28 04:08:31 INFO     	 Epoch 173 | average valid loss: 0.0212
2024-04-28 04:11:43 INFO     	 valid MR: 1759.84 | MRR: 0.520 | H@1: 0.474 | H@3: 0.542 | H@10: 0.599
2024-04-28 04:11:43 INFO     	 Saving model at epoch 173 in ./logs/CHI/04_28/AttE_00_45_00
2024-04-28 04:12:16 INFO     	 Epoch 174 | average train loss: 0.0283
2024-04-28 04:12:16 INFO     	 Epoch 174 | average valid loss: 0.0212
2024-04-28 04:12:49 INFO     	 Epoch 175 | average train loss: 0.0283
2024-04-28 04:12:50 INFO     	 Epoch 175 | average valid loss: 0.0211
2024-04-28 04:13:22 INFO     	 Epoch 176 | average train loss: 0.0283
2024-04-28 04:13:23 INFO     	 Epoch 176 | average valid loss: 0.0211
2024-04-28 04:16:34 INFO     	 valid MR: 1766.60 | MRR: 0.520 | H@1: 0.474 | H@3: 0.542 | H@10: 0.599
2024-04-28 04:16:34 INFO     	 Saving model at epoch 176 in ./logs/CHI/04_28/AttE_00_45_00
2024-04-28 04:17:07 INFO     	 Epoch 177 | average train loss: 0.0283
2024-04-28 04:17:08 INFO     	 Epoch 177 | average valid loss: 0.0211
2024-04-28 04:17:40 INFO     	 Epoch 178 | average train loss: 0.0283
2024-04-28 04:17:41 INFO     	 Epoch 178 | average valid loss: 0.0211
2024-04-28 04:18:14 INFO     	 Epoch 179 | average train loss: 0.0283
2024-04-28 04:18:14 INFO     	 Epoch 179 | average valid loss: 0.0211
2024-04-28 04:20:42 INFO     	 valid MR: 1773.40 | MRR: 0.519 | H@1: 0.473 | H@3: 0.543 | H@10: 0.600
2024-04-28 04:21:15 INFO     	 Epoch 180 | average train loss: 0.0283
2024-04-28 04:21:15 INFO     	 Epoch 180 | average valid loss: 0.0211
2024-04-28 04:21:48 INFO     	 Epoch 181 | average train loss: 0.0283
2024-04-28 04:21:48 INFO     	 Epoch 181 | average valid loss: 0.0210
2024-04-28 04:22:21 INFO     	 Epoch 182 | average train loss: 0.0283
2024-04-28 04:22:21 INFO     	 Epoch 182 | average valid loss: 0.0211
2024-04-28 04:24:48 INFO     	 valid MR: 1760.98 | MRR: 0.521 | H@1: 0.475 | H@3: 0.543 | H@10: 0.600
2024-04-28 04:24:48 INFO     	 Saving model at epoch 182 in ./logs/CHI/04_28/AttE_00_45_00
2024-04-28 04:25:21 INFO     	 Epoch 183 | average train loss: 0.0283
2024-04-28 04:25:22 INFO     	 Epoch 183 | average valid loss: 0.0210
2024-04-28 04:25:55 INFO     	 Epoch 184 | average train loss: 0.0283
2024-04-28 04:25:55 INFO     	 Epoch 184 | average valid loss: 0.0211
2024-04-28 04:26:28 INFO     	 Epoch 185 | average train loss: 0.0282
2024-04-28 04:26:29 INFO     	 Epoch 185 | average valid loss: 0.0210
2024-04-28 04:28:58 INFO     	 valid MR: 1754.87 | MRR: 0.522 | H@1: 0.478 | H@3: 0.544 | H@10: 0.599
2024-04-28 04:28:58 INFO     	 Saving model at epoch 185 in ./logs/CHI/04_28/AttE_00_45_00
2024-04-28 04:29:31 INFO     	 Epoch 186 | average train loss: 0.0283
2024-04-28 04:29:32 INFO     	 Epoch 186 | average valid loss: 0.0210
2024-04-28 04:30:04 INFO     	 Epoch 187 | average train loss: 0.0282
2024-04-28 04:30:05 INFO     	 Epoch 187 | average valid loss: 0.0210
2024-04-28 04:30:37 INFO     	 Epoch 188 | average train loss: 0.0282
2024-04-28 04:30:38 INFO     	 Epoch 188 | average valid loss: 0.0210
2024-04-28 04:33:11 INFO     	 valid MR: 1704.30 | MRR: 0.523 | H@1: 0.479 | H@3: 0.544 | H@10: 0.599
2024-04-28 04:33:11 INFO     	 Saving model at epoch 188 in ./logs/CHI/04_28/AttE_00_45_00
2024-04-28 04:33:44 INFO     	 Epoch 189 | average train loss: 0.0282
2024-04-28 04:33:45 INFO     	 Epoch 189 | average valid loss: 0.0210
2024-04-28 04:34:18 INFO     	 Epoch 190 | average train loss: 0.0282
2024-04-28 04:34:18 INFO     	 Epoch 190 | average valid loss: 0.0210
2024-04-28 04:34:51 INFO     	 Epoch 191 | average train loss: 0.0282
2024-04-28 04:34:51 INFO     	 Epoch 191 | average valid loss: 0.0210
2024-04-28 04:37:30 INFO     	 valid MR: 1759.04 | MRR: 0.522 | H@1: 0.477 | H@3: 0.544 | H@10: 0.598
2024-04-28 04:38:02 INFO     	 Epoch 192 | average train loss: 0.0282
2024-04-28 04:38:03 INFO     	 Epoch 192 | average valid loss: 0.0210
2024-04-28 04:38:36 INFO     	 Epoch 193 | average train loss: 0.0282
2024-04-28 04:38:36 INFO     	 Epoch 193 | average valid loss: 0.0209
2024-04-28 04:39:09 INFO     	 Epoch 194 | average train loss: 0.0282
2024-04-28 04:39:10 INFO     	 Epoch 194 | average valid loss: 0.0209
2024-04-28 04:42:34 INFO     	 valid MR: 1760.15 | MRR: 0.523 | H@1: 0.478 | H@3: 0.545 | H@10: 0.599
2024-04-28 04:43:06 INFO     	 Epoch 195 | average train loss: 0.0282
2024-04-28 04:43:07 INFO     	 Epoch 195 | average valid loss: 0.0209
2024-04-28 04:43:39 INFO     	 Epoch 196 | average train loss: 0.0282
2024-04-28 04:43:40 INFO     	 Epoch 196 | average valid loss: 0.0209
2024-04-28 04:44:12 INFO     	 Epoch 197 | average train loss: 0.0282
2024-04-28 04:44:13 INFO     	 Epoch 197 | average valid loss: 0.0209
2024-04-28 04:47:44 INFO     	 valid MR: 1724.12 | MRR: 0.522 | H@1: 0.478 | H@3: 0.546 | H@10: 0.599
2024-04-28 04:48:16 INFO     	 Epoch 198 | average train loss: 0.0282
2024-04-28 04:48:17 INFO     	 Epoch 198 | average valid loss: 0.0209
2024-04-28 04:48:49 INFO     	 Epoch 199 | average train loss: 0.0282
2024-04-28 04:48:50 INFO     	 Epoch 199 | average valid loss: 0.0209
2024-04-28 04:49:23 INFO     	 Epoch 200 | average train loss: 0.0282
2024-04-28 04:49:23 INFO     	 Epoch 200 | average valid loss: 0.0209
2024-04-28 04:52:56 INFO     	 valid MR: 1689.16 | MRR: 0.522 | H@1: 0.477 | H@3: 0.545 | H@10: 0.599
2024-04-28 04:53:28 INFO     	 Epoch 201 | average train loss: 0.0282
2024-04-28 04:53:29 INFO     	 Epoch 201 | average valid loss: 0.0209
2024-04-28 04:54:01 INFO     	 Epoch 202 | average train loss: 0.0282
2024-04-28 04:54:02 INFO     	 Epoch 202 | average valid loss: 0.0209
2024-04-28 04:54:35 INFO     	 Epoch 203 | average train loss: 0.0282
2024-04-28 04:54:35 INFO     	 Epoch 203 | average valid loss: 0.0209
2024-04-28 04:58:11 INFO     	 valid MR: 1688.95 | MRR: 0.522 | H@1: 0.477 | H@3: 0.545 | H@10: 0.598
2024-04-28 04:58:43 INFO     	 Epoch 204 | average train loss: 0.0282
2024-04-28 04:58:44 INFO     	 Epoch 204 | average valid loss: 0.0208
2024-04-28 04:59:17 INFO     	 Epoch 205 | average train loss: 0.0282
2024-04-28 04:59:17 INFO     	 Epoch 205 | average valid loss: 0.0209
2024-04-28 04:59:50 INFO     	 Epoch 206 | average train loss: 0.0282
2024-04-28 04:59:50 INFO     	 Epoch 206 | average valid loss: 0.0208
2024-04-28 05:03:28 INFO     	 valid MR: 1684.91 | MRR: 0.521 | H@1: 0.477 | H@3: 0.544 | H@10: 0.595
2024-04-28 05:04:01 INFO     	 Epoch 207 | average train loss: 0.0282
2024-04-28 05:04:01 INFO     	 Epoch 207 | average valid loss: 0.0208
2024-04-28 05:04:34 INFO     	 Epoch 208 | average train loss: 0.0282
2024-04-28 05:04:34 INFO     	 Epoch 208 | average valid loss: 0.0208
2024-04-28 05:05:07 INFO     	 Epoch 209 | average train loss: 0.0282
2024-04-28 05:05:08 INFO     	 Epoch 209 | average valid loss: 0.0208
2024-04-28 05:08:01 INFO     	 valid MR: 1677.04 | MRR: 0.520 | H@1: 0.474 | H@3: 0.544 | H@10: 0.597
2024-04-28 05:08:34 INFO     	 Epoch 210 | average train loss: 0.0282
2024-04-28 05:08:34 INFO     	 Epoch 210 | average valid loss: 0.0208
2024-04-28 05:09:07 INFO     	 Epoch 211 | average train loss: 0.0281
2024-04-28 05:09:08 INFO     	 Epoch 211 | average valid loss: 0.0208
2024-04-28 05:09:40 INFO     	 Epoch 212 | average train loss: 0.0282
2024-04-28 05:09:41 INFO     	 Epoch 212 | average valid loss: 0.0208
2024-04-28 05:12:36 INFO     	 valid MR: 1676.51 | MRR: 0.520 | H@1: 0.473 | H@3: 0.544 | H@10: 0.597
2024-04-28 05:13:09 INFO     	 Epoch 213 | average train loss: 0.0282
2024-04-28 05:13:09 INFO     	 Epoch 213 | average valid loss: 0.0208
2024-04-28 05:13:42 INFO     	 Epoch 214 | average train loss: 0.0281
2024-04-28 05:13:42 INFO     	 Epoch 214 | average valid loss: 0.0208
2024-04-28 05:14:15 INFO     	 Epoch 215 | average train loss: 0.0281
2024-04-28 05:14:16 INFO     	 Epoch 215 | average valid loss: 0.0208
2024-04-28 05:17:13 INFO     	 valid MR: 1653.07 | MRR: 0.521 | H@1: 0.475 | H@3: 0.544 | H@10: 0.596
2024-04-28 05:17:45 INFO     	 Epoch 216 | average train loss: 0.0281
2024-04-28 05:17:46 INFO     	 Epoch 216 | average valid loss: 0.0208
2024-04-28 05:18:19 INFO     	 Epoch 217 | average train loss: 0.0281
2024-04-28 05:18:19 INFO     	 Epoch 217 | average valid loss: 0.0208
2024-04-28 05:18:52 INFO     	 Epoch 218 | average train loss: 0.0281
2024-04-28 05:18:53 INFO     	 Epoch 218 | average valid loss: 0.0207
2024-04-28 05:21:49 INFO     	 valid MR: 1693.62 | MRR: 0.521 | H@1: 0.476 | H@3: 0.544 | H@10: 0.597
2024-04-28 05:21:49 INFO     	 Early stopping
2024-04-28 05:21:49 INFO     	 Optimization finished
2024-04-28 05:21:49 INFO     	 Loading best model saved at epoch 188
2024-04-28 05:24:50 INFO     	 valid MR: 1704.30 | MRR: 0.523 | H@1: 0.479 | H@3: 0.544 | H@10: 0.599
2024-04-28 05:27:51 INFO     	 test MR: 1732.13 | MRR: 0.517 | H@1: 0.472 | H@3: 0.539 | H@10: 0.594
